reading  from file input/AML-17-001_input.csv
rows: 6624
cols: 3
input zeros:4120
input ones:15361
input missing:391
total fp flips allowed:0
adding objective
 ! ----------------------------------------------------------------------------
 ! Minimization problem - 19876 variables, 77547 constraints, 1 phase
 ! Presolve      : 2 extractables eliminated
 ! TimeLimit            = 900
 ! Workers              = 1
 ! LogPeriod            = 10000
 ! Initial process time : 0.89s (0.88s extraction + 0.00s propagation)
 !  . Log search space  : 4124.8 (before), 4124.8 (after)
 !  . Memory usage      : 20.5 MB (before), 20.5 MB (after)
 ! Using sequential search.
 ! ----------------------------------------------------------------------------
 !          Best Branches  Non-fixed            Branch decision
 ! ----------------------------------------------------------------------------
 ! Minimization problem - 19876 variables, 77547 constraints, 1 phase
 ! Presolve      : 2 extractables eliminated
 ! TimeLimit            = 900
 ! Workers              = 1
 ! LogPeriod            = 10000
 ! Initial process time : 0.05s (0.03s extraction + 0.01s propagation)
 !  . Log search space  : 4124.8 (before), 4124.8 (after)
 !  . Memory usage      : 20.5 MB (before), 20.5 MB (after)
 ! Using sequential search.
 ! ----------------------------------------------------------------------------
 !          Best Branches  Non-fixed            Branch decision
                        0      19876                 -
 + New bound is 0
                        4          3        F     2  = _int19872
 + New bound is 1
 *          2035     1592  0.19s               (gap is 99.95%)
            2035    10000          1              1  = _int5739
 *          1370    12332  0.58s               (gap is 99.93%)
            1370    17079          1        F     2  = _int19872
 + New bound is 686 (gap is 49.93%)
            1370    17087          1        F     2  = _int19872
 + New bound is 1029 (gap is 24.89%)
            1370    17095          1        F     2  = _int19873
 + New bound is 1201 (gap is 12.34%)
            1370    17103          1        F     2  = _int19873
 + New bound is 1287 (gap is 6.06%)
            1370    17111          1        F     2  = _int19872
 + New bound is 1330 (gap is 2.92%)
            1370    17119          1        F     2  = _int19873
 + New bound is 1351 (gap is 1.39%)
            1370    17127          1        F     2  = _int19872
 + New bound is 1362 (gap is 0.58%)
            1370    17135          1        F     2  = _int19873
 + New bound is 1367 (gap is 0.22%)
            1370    17143          1        F     2  = _int19872
 + New bound is 1370 (gap is 0%)
 ! ----------------------------------------------------------------------------
 ! Search completed, 2 solutions found.
 ! Best objective         : 1370 (optimal - effective tol. is 0)
 ! Best bound             : 1370
 ! Number of branches     : 17143
 ! Number of fails        : 52
 ! Total memory usage     : 131.0 MB (104.7 MB CP Optimizer + 26.3 MB Concert)
 ! Time spent in solve    : 0.97s (0.93s engine + 0.03s extraction)
 ! Search speed (br. / s) : 18433.3
 ! ----------------------------------------------------------------------------
solve:1
Flips: 1370
Log Likelihood: -nan
