reading  from file input/AML-15-001_input.csv
rows: 5871
cols: 2
input zeros:2409
input ones:9089
input missing:244
total fp flips allowed:25
adding objective
 ! ----------------------------------------------------------------------------
 ! Minimization problem - 11745 variables, 34496 constraints, 1 phase
 ! Presolve      : 2 extractables eliminated
 ! TimeLimit            = 900
 ! Workers              = 1
 ! LogPeriod            = 10000
 ! Initial process time : 0.39s (0.39s extraction + 0.00s propagation)
 !  . Log search space  : 11504.7 (before), 11504.7 (after)
 !  . Memory usage      : 13.4 MB (before), 13.4 MB (after)
 ! Using sequential search.
 ! ----------------------------------------------------------------------------
 !          Best Branches  Non-fixed            Branch decision
 ! ----------------------------------------------------------------------------
 ! Minimization problem - 11745 variables, 34496 constraints, 1 phase
 ! Presolve      : 2 extractables eliminated
 ! TimeLimit            = 900
 ! Workers              = 1
 ! LogPeriod            = 10000
 ! Initial process time : 0.01s (0.01s extraction + 0.00s propagation)
 !  . Log search space  : 11504.7 (before), 11504.7 (after)
 !  . Memory usage      : 13.4 MB (before), 13.4 MB (after)
 ! Using sequential search.
 ! ----------------------------------------------------------------------------
 !          Best Branches  Non-fixed            Branch decision
                        0      11745                 -
 + New bound is 0
                        2       9092        F     1  = _int11742
 + New bound is 1
 *           216     2004  0.20s               (gap is 99.54%)
             216    10000          1              1  = _int4609
             216    20000          1              0  = _int11475
             216    30000          1              1  = _int126
 *           210    36599  17.03s              (gap is 99.52%)
             210    40000        309              1  = _int2768
             210    50000       6192              1  = _int4677
             210    60000       2779              1  = _int2889
 *           197    67228  34.18s              (gap is 99.49%)
             197    70000        290              0  = _int8632
             197    80000       4476        F     0  = _int10965
             197    90000       2125              1  = _int2648
             197     100k       1928              1  = _int6015
             197     110k       1871              1  = _int5929
 *           196     118k  59.59s              (gap is 99.49%)
             196     120k        258              0  = _int8277
 *           195     120k  60.26s              (gap is 99.49%)
 *           194     123k  61.16s              (gap is 99.48%)
 ! Time = 61.16s, Average fail depth = 791, Memory usage = 74.1 MB
 ! Current bound is 1 (gap is 99.48%)
 !          Best Branches  Non-fixed            Branch decision
 *           193     125k  61.57s              (gap is 99.48%)
             193     130k        236              1  = _int7324
 *           192     133k  64.58s              (gap is 99.48%)
             192     140k       1869              1  = _int4372
             192     150k       1867              0  = _int6934
             192     160k       4747              1  = _int6052
             192     170k       2055              1  = _int4116
             192     180k       2044              0  = _int9072
             192     190k       5989              1  = _int11447
             192     200k       2173              1  = _int11244
             192     210k       2078              1  = _int1252
             192     220k       2090              1  = _int3845
             192     230k       2065              1  = _int2224
             192     240k       2007              1  = _int8607
             192     250k       1912        F     0  = _int1907
             192     260k       1995              1  = _int4987
             192     270k       1847              0  = _int8416
             192     280k       3117              1  = _int2106
             192     290k       1751              0  = _int7707
             192     300k       4197              1  = _int10672
 ! Time = 155.41s, Average fail depth = 1000, Memory usage = 74.3 MB
 ! Current bound is 1 (gap is 99.48%)
 !          Best Branches  Non-fixed            Branch decision
             192     310k       1645              0  = _int5528
             192     320k      10333              1  = _int8234
             192     330k       6426              1  = _int11675
             192     340k       1843              0  = _int6715
             192     350k       1790              1  = _int453
             192     360k       1846              1  = _int3427
             192     370k       1462              0  = _int3216
             192     380k       1801              0  = _int2983
             192     390k       9861              0  = _int10146
             192     400k       1439              0  = _int6876
             192     410k       9706              0  = _int10522
             192     420k       2602              1  = _int3866
             192     430k       1942              0  = _int3761
             192     440k       1946              1  = _int8820
             192     450k       1898              1  = _int10455
             192     460k       1951              0  = _int4194
             192     470k       3469              1  = _int3306
             192     480k       1989              1  = _int5871
             192     490k       2008              1  = _int3948
             192     500k       5524        F     0  = _int6798
 ! Time = 273.26s, Average fail depth = 1015, Memory usage = 74.3 MB
 ! Current bound is 1 (gap is 99.48%)
 !          Best Branches  Non-fixed            Branch decision
             192     510k       2084        F     0  = _int7806
             192     520k       2075              0  = _int8561
             192     530k       5427              0  = _int8815
             192     540k       2182              1  = _int9264
             192     550k       2270              0  = _int4954
             192     560k       2372              1  = _int3606
             192     570k       2187              0  = _int2318
             192     580k       2204              1  = _int2148
             192     590k       5430              1  = _int6682
             192     600k       3620              1  = _int9586
             192     610k       2276        F     0  = _int6516
             192     620k       9977              1  = _int2779
             192     630k       2246              1  = _int5898
             192     640k       2273              0  = _int9608
             192     650k       2224              0  = _int1511
             192     660k       2187              1  = _int4521
             192     670k       2201              1  = _int11336
             192     680k       2149              1  = _int1901
             192     690k       2275              1  = _int11525
             192     700k       2174              0  = _int6969
 ! Time = 387.02s, Average fail depth = 1030, Memory usage = 74.3 MB
 ! Current bound is 1 (gap is 99.48%)
 !          Best Branches  Non-fixed            Branch decision
             192     710k       5819              1  = _int7119
             192     720k       2246        F     0  = _int1864
             192     730k       2278              1  = _int637
             192     740k       2306              1  = _int7737
             192     750k       1949              1  = _int11243
             192     760k       2315              0  = _int9455
             192     770k       8100              1  = _int9579
             192     780k       2323              0  = _int8265
             192     790k       2351              0  = _int8092
             192     800k       3782              1  = _int10776
             192     810k       2399              0  = _int10313
             192     820k       2287              1  = _int5941
             192     830k       2407              1  = _int4709
             192     840k       2263              1  = _int2602
             192     850k       5312        F     1  = _int1440
             192     860k       5312              1  = _int4405
             192     870k       2518              1  = _int7477
             192     880k       2400              1  = _int621
             192     890k       2443              1  = _int3413
             192     900k       2462              1  = _int2243
 ! Time = 512.00s, Average fail depth = 986, Memory usage = 74.3 MB
 ! Current bound is 1 (gap is 99.48%)
 !          Best Branches  Non-fixed            Branch decision
             192     910k       2365              1  = _int10930
             192     920k       2545              1  = _int2807
             192     930k       2430              1  = _int7643
             192     940k       2512              1  = _int9232
             192     950k       2480        F     0  = _int4812
             192     960k       9794              1  = _int4199
             192     970k       4343              1  = _int5074
             192     980k       2554              1  = _int7295
             192     990k       2547              1  = _int2777
             192    1000k       2570              1  = _int3507
             192    1010k       2519              0  = _int1835
             192    1020k       2506              0  = _int3961
             192    1030k       2611              1  = _int7213
             192    1040k       2519              1  = _int9361
             192    1050k       5276              1  = _int11049
             192    1060k       2589              1  = _int9678
             192    1070k       2615              0  = _int5334
             192    1080k       2570              1  = _int6420
             192    1090k       3159              0  = _int2997
             192    1100k       2658              0  = _int8979
 ! Time = 626.75s, Average fail depth = 992, Memory usage = 74.3 MB
 ! Current bound is 1 (gap is 99.48%)
 !          Best Branches  Non-fixed            Branch decision
             192    1110k      10812              1  = _int7728
             192    1120k       9842        F     0  = _int5632
             192    1130k       5402              1  = _int2801
             192    1140k       2605              1  = _int984
             192    1150k       2682              1  = _int3657
             192    1160k       2602              1  = _int1822
             192    1170k       2601              1  = _int1967
             192    1180k       2691              1  = _int8011
             192    1190k       2671              1  = _int4987
             192    1200k       5186              1  = _int10924
             192    1210k       2763              1  = _int1748
             192    1220k       2823              1  = _int937
             192    1230k       5127              1  = _int7271
             192    1240k       2850        F     0  = _int1014
             192    1250k       2804              0  = _int3181
             192    1260k       2849              0  = _int4937
             192    1270k       2834              0  = _int6308
             192    1280k       2816              1  = _int2561
             192    1290k       2785              1  = _int9419
             192    1300k       2814              1  = _int6365
 ! Time = 747.31s, Average fail depth = 986, Memory usage = 74.3 MB
 ! Current bound is 1 (gap is 99.48%)
 !          Best Branches  Non-fixed            Branch decision
             192    1310k       2858              1  = _int2921
             192    1320k       2850              0  = _int2847
             192    1330k       2809              1  = _int11031
             192    1340k       2843        F     0  = _int6138
             192    1350k       9790        F     0  = _int2720
             192    1360k       2888              1  = _int6138
             192    1370k       2878              1  = _int10296
             192    1380k      10033              0  = _int1734
             192    1390k       2878              0  = _int8343
             192    1400k       2900              0  = _int1109
             192    1410k       2874              1  = _int5191
             192    1420k       2824              1  = _int2009
             192    1430k       2857              1  = _int2357
             192    1440k       2825        F     0  = _int5334
             192    1450k       3692              1  = _int3529
             192    1460k       2837        F     0  = _int2430
             192    1470k       2840        F     1  = _int4928
 ! ----------------------------------------------------------------------------
 ! Search terminated by limit, 8 solutions found.
 ! Best objective         : 192 (gap is 99.48%)
 ! Best bound             : 1
 ! Number of branches     : 1473975
 ! Number of fails        : 127843
 ! Total memory usage     : 86.4 MB (74.4 MB CP Optimizer + 12.0 MB Concert)
 ! Time spent in solve    : 900.00s (899.98s engine + 0.01s extraction)
 ! Search speed (br. / s) : 1637.8
 ! ----------------------------------------------------------------------------
solve:1
Flips: 192
Log Likelihood: -1238.42
