reading  from file input/AML-89-001_input.csv
rows: 5875
cols: 3
input zeros:12254
input ones:4319
input missing:1052
total fp flips allowed:0
adding objective
 ! ----------------------------------------------------------------------------
 ! Minimization problem - 17629 variables, 65328 constraints, 1 phase
 ! Presolve      : 2 extractables eliminated
 ! TimeLimit            = 900
 ! Workers              = 1
 ! LogPeriod            = 10000
 ! Initial process time : 0.71s (0.71s extraction + 0.00s propagation)
 !  . Log search space  : 12258.8 (before), 12258.8 (after)
 !  . Memory usage      : 26.6 MB (before), 26.6 MB (after)
 ! Using sequential search.
 ! ----------------------------------------------------------------------------
 !          Best Branches  Non-fixed            Branch decision
 ! ----------------------------------------------------------------------------
 ! Minimization problem - 17629 variables, 65328 constraints, 1 phase
 ! Presolve      : 2 extractables eliminated
 ! TimeLimit            = 900
 ! Workers              = 1
 ! LogPeriod            = 10000
 ! Initial process time : 0.03s (0.02s extraction + 0.00s propagation)
 !  . Log search space  : 12258.8 (before), 12258.8 (after)
 !  . Memory usage      : 26.6 MB (before), 26.6 MB (after)
 ! Using sequential search.
 ! ----------------------------------------------------------------------------
 !          Best Branches  Non-fixed            Branch decision
                        0      17629                 -
 + New bound is 0
                        4          3        F     2  = _int17625
 + New bound is 1
 *          5306     4671  0.83s               (gap is 99.98%)
            5306    10000          1              1  = _int17487
            5306    20000          1              0  = _int2948
 *          2843    27589  5.78s               (gap is 99.96%)
            2843    30000          1              0  = _int2049
            2843    40000          1              0  = _int4577
            2843    50000          1              1  = _int14085
            2843    60000          1              1  = _int15066
 *          1144    68549  13.01s              (gap is 99.91%)
            1144    68555          1        F     2  = _int17625
 + New bound is 573 (gap is 49.91%)
            1144    68561          1        F     2  = _int17625
 + New bound is 860 (gap is 24.83%)
            1144    70000          1              0  = _int1519
 *           911    76665  15.31s              (gap is 5.60%)
             911    76671          1        F     2  = _int17625
 + New bound is 886 (gap is 2.74%)
             911    76677          1        F     2  = _int17625
 + New bound is 900 (gap is 1.21%)
             911    76685          1        F     1  = _int17625
 + New bound is 907 (gap is 0.44%)
             911    76691          1        F     2  = _int17625
 + New bound is 910 (gap is 0.11%)
             911    80000          1        F     0  = _int17627
 ! Time = 37.14s, Average fail depth = 14, Memory usage = 119.0 MB
 ! Current bound is 910 (gap is 0.11%)
 !          Best Branches  Non-fixed            Branch decision
             911    82903      11628        F     2  = _int17625
 + New bound is 911 (gap is 0%)
 ! ----------------------------------------------------------------------------
 ! Search completed, 4 solutions found.
 ! Best objective         : 911 (optimal - effective tol. is 0)
 ! Best bound             : 911
 ! Number of branches     : 82903
 ! Number of fails        : 4141
 ! Total memory usage     : 138.3 MB (119.2 MB CP Optimizer + 19.1 MB Concert)
 ! Time spent in solve    : 54.85s (54.83s engine + 0.02s extraction)
 ! Search speed (br. / s) : 1512.0
 ! ----------------------------------------------------------------------------
solve:1
Flips: 911
Log Likelihood: -nan
