reading  from file input/AML-33-001_input.csv
rows: 8120
cols: 3
input zeros:13288
input ones:8019
input missing:3053
total fp flips allowed:14
adding objective
 ! ----------------------------------------------------------------------------
 ! Minimization problem - 24364 variables, 82849 constraints, 1 phase
 ! Presolve      : 2 extractables eliminated
 ! TimeLimit            = 900
 ! Workers              = 1
 ! LogPeriod            = 10000
 ! Initial process time : 1.00s (1.00s extraction + 0.00s propagation)
 !  . Log search space  : 21315.7 (before), 21315.7 (after)
 !  . Memory usage      : 37.2 MB (before), 37.2 MB (after)
 ! Using sequential search.
 ! ----------------------------------------------------------------------------
 !          Best Branches  Non-fixed            Branch decision
 ! ----------------------------------------------------------------------------
 ! Minimization problem - 24364 variables, 82849 constraints, 1 phase
 ! Presolve      : 2 extractables eliminated
 ! TimeLimit            = 900
 ! Workers              = 1
 ! LogPeriod            = 10000
 ! Initial process time : 0.07s (0.06s extraction + 0.00s propagation)
 !  . Log search space  : 21315.7 (before), 21315.7 (after)
 !  . Memory usage      : 37.2 MB (before), 37.2 MB (after)
 ! Using sequential search.
 ! ----------------------------------------------------------------------------
 !          Best Branches  Non-fixed            Branch decision
                        0      24364                 -
 + New bound is 0
                        6       8022        F     2  = _int24360
 + New bound is 1
 *          2830     7482  2.57s               (gap is 99.96%)
            2830    10000          1              1  = _int11447
            2830    20000          1              0  = _int13720
            2830    30000          1              0  = _int3050
 *          2498    34146  17.00s              (gap is 99.96%)
            2498    40000          1              0  = _int7360
 *          1900    42494  17.96s              (gap is 99.95%)
            1900    50000          1              1  = _int4934
            1900    60000          1              0  = _int16053
            1900    70000          1              0  = _int17574
            1900    80000          1              0  = _int6502
 *           950    81775  30.06s              (gap is 99.89%)
             950    90000          1              0  = _int4527
             950     100k       2254              0  = _int19015
 *           891     102k  67.38s              (gap is 99.89%)
             891     110k         60              0  = _int9093
 *           780     112k  91.95s              (gap is 99.87%)
             780     120k      11955              0  = _int11558
 ! Time = 110.94s, Average fail depth = 338, Memory usage = 164.7 MB
 ! Current bound is 1 (gap is 99.87%)
 !          Best Branches  Non-fixed            Branch decision
             780     130k      15614              1  = _int21541
             780     140k      14407              2  = _int24361
 *           768     145k  165.55s             (gap is 99.87%)
             768     150k      14943              1  = _int14031
             768     160k      13012              0  = _int15071
             768     170k      12756              0  = _int4838
             768     180k      12463              1  = _int10303
 *           767     189k  258.98s             (gap is 99.87%)
 *           766     189k  259.10s             (gap is 99.87%)
             766     190k      12519              1  = _int15725
 *           765     190k  261.72s             (gap is 99.87%)
 *           764     198k  268.63s             (gap is 99.87%)
             764     200k        197              0  = _int5449
 *           763     206k  274.86s             (gap is 99.87%)
             763     210k        196              0  = _int6384
 *           762     217k  286.28s             (gap is 99.87%)
             762     220k        188              1  = _int22885
             762     230k      11851              0  = _int18879
 *           761     237k  315.82s             (gap is 99.87%)
             761     240k        172              0  = _int13458
 ! Time = 320.66s, Average fail depth = 684, Memory usage = 166.4 MB
 ! Current bound is 1 (gap is 99.87%)
 !          Best Branches  Non-fixed            Branch decision
 *           760     246k  323.05s             (gap is 99.87%)
             760     250k        159              0  = _int14520
 *           759     255k  333.05s             (gap is 99.87%)
             759     260k        165              1  = _int20614
 *           758     268k  350.13s             (gap is 99.87%)
             758     270k        159              1  = _int21616
             758     280k      11048              0  = _int4614
 *           757     285k  368.53s             (gap is 99.87%)
             757     290k        141              1  = _int8281
             757     300k       1616              0  = _int7157
 *           756     301k  385.30s             (gap is 99.87%)
             756     310k        138              0  = _int6613
 *           755     314k  400.79s             (gap is 99.87%)
             755     320k        134              0  = _int7437
 *           754     325k  416.35s             (gap is 99.87%)
             754     330k        135              0  = _int15491
 *           753     334k  422.38s             (gap is 99.87%)
             753     340k        129              0  = _int9601
 *           752     343k  428.99s             (gap is 99.87%)
             752     350k        126              0  = _int9500
 ! Time = 436.11s, Average fail depth = 713, Memory usage = 168.1 MB
 ! Current bound is 1 (gap is 99.87%)
 !          Best Branches  Non-fixed            Branch decision
 *           751     352k  436.23s             (gap is 99.87%)
             751     360k        123              0  = _int8033
 *           750     360k  442.44s             (gap is 99.87%)
 *           749     369k  448.31s             (gap is 99.87%)
             749     370k        121        F     0  = _int4819
 *           748     372k  456.79s             (gap is 99.87%)
             748     380k      12492              0  = _int2637
             748     390k      13699              0  = _int3311
             748     400k      13715              0  = _int16877
             748     410k      12484              0  = _int4262
 *           747     413k  527.64s             (gap is 99.87%)
             747     420k      14319              0  = _int9951
             747     430k      12183              0  = _int12871
             747     440k      12211              0  = _int16949
             747     450k      12166              0  = _int1191
             747     460k      13811              0  = _int5813
             747     470k      12152              0  = _int14517
             747     480k      12199              0  = _int398
             747     490k      12196              0  = _int17981
             747     500k      12235              0  = _int18081
 ! Time = 671.89s, Average fail depth = 1126, Memory usage = 169.1 MB
 ! Current bound is 1 (gap is 99.87%)
 !          Best Branches  Non-fixed            Branch decision
             747     510k      13841              0  = _int2911
             747     520k      12012              0  = _int3331
             747     530k      12390              0  = _int13174
             747     540k      12354              0  = _int10762
             747     550k      12366              0  = _int4479
             747     560k      13789              0  = _int8320
             747     570k      12300              0  = _int15663
             747     580k      12176              0  = _int5914
             747     590k      12174              0  = _int23147
             747     600k      12300              0  = _int8604
             747     610k      12303              0  = _int2235
             747     620k      13692              0  = _int23965
             747     630k      12524              0  = _int12449
 ! ----------------------------------------------------------------------------
 ! Search terminated by limit, 28 solutions found.
 ! Best objective         : 747 (gap is 99.87%)
 ! Best bound             : 1
 ! Number of branches     : 639666
 ! Number of fails        : 22390
 ! Total memory usage     : 195.6 MB (169.1 MB CP Optimizer + 26.5 MB Concert)
 ! Time spent in solve    : 900.03s (899.97s engine + 0.06s extraction)
 ! Search speed (br. / s) : 710.8
 ! ----------------------------------------------------------------------------
solve:1
Flips: 747
Log Likelihood: -2706.19
