reading  from file input/AML-01-001_input.csv
rows: 11371
cols: 4
input zeros:16410
input ones:28082
input missing:992
total fp flips allowed:166
adding objective
 ! ----------------------------------------------------------------------------
 ! Minimization problem - 45489 variables, 220530 constraints, 1 phase
 ! Presolve      : 2 extractables eliminated
 ! TimeLimit            = 900
 ! Workers              = 1
 ! LogPeriod            = 10000
 ! Initial process time : 3.16s (3.14s extraction + 0.02s propagation)
 !  . Log search space  : 44507.4 (before), 44507.4 (after)
 !  . Memory usage      : 112.5 MB (before), 112.5 MB (after)
 ! Using sequential search.
 ! ----------------------------------------------------------------------------
 !          Best Branches  Non-fixed            Branch decision
 ! ----------------------------------------------------------------------------
 ! Minimization problem - 45489 variables, 220530 constraints, 1 phase
 ! Presolve      : 2 extractables eliminated
 ! TimeLimit            = 900
 ! Workers              = 1
 ! LogPeriod            = 10000
 ! Initial process time : 0.15s (0.13s extraction + 0.01s propagation)
 !  . Log search space  : 44507.4 (before), 44507.4 (after)
 !  . Memory usage      : 112.5 MB (before), 112.5 MB (after)
 ! Using sequential search.
 ! ----------------------------------------------------------------------------
 !          Best Branches  Non-fixed            Branch decision
                        0      45489                 -
 + New bound is 0
                       20      27992        F     3  = _int45486
 + New bound is 1
                    10000       3553              0  = _int4133
 *           764    13393  11.97s              (gap is 99.87%)
             764    20000          1              0  = _int2399
             764    30000          1              0  = _int31553
             764    40000          1              1  = _int997
             764    50000      10144              1  = _int21000
             764    60000          1              0  = _int11773
             764    70000          1              0  = _int8654
             764    80000          1        F     0  = _int13885
             764    90000      41731              0  = _int23756
             764     100k          1              0  = _int5640
             764     110k          1              0  = _int15664
             764     120k          1              0  = _int813
             764     130k          1              0  = _int8974
             764     140k          1              0  = _int9032
             764     150k         21              0  = _int18261
             764     160k         16              0  = _int21949
             764     170k          1              0  = _int12648
 ! Time = 308.37s, Average fail depth = 294, Memory usage = 447.6 MB
 ! Current bound is 1 (gap is 99.87%)
 !          Best Branches  Non-fixed            Branch decision
             764     180k          1              1  = _int22501
             764     190k       6120              0  = _int44992
             764     200k          1              0  = _int39530
             764     210k          1              1  = _int25143
             764     220k       5066              0  = _int5157
             764     230k          1              0  = _int1337
             764     240k        777              0  = _int31800
             764     250k          1              0  = _int24825
             764     260k         19              0  = _int37533
             764     270k       1173              0  = _int42761
 *           717     271k  451.13s             (gap is 99.86%)
             717     280k          1              0  = _int22877
 *           710     284k  467.39s             (gap is 99.86%)
             710     290k          1              0  = _int20872
 *           696     297k  485.66s             (gap is 99.86%)
             696     300k          1              0  = _int31040
             696     310k       2901              0  = _int23129
 *           695     312k  516.46s             (gap is 99.86%)
             695     320k          5              0  = _int7857
             695     330k      10014              0  = _int7233
 ! Time = 622.69s, Average fail depth = 423, Memory usage = 452.3 MB
 ! Current bound is 1 (gap is 99.86%)
 !          Best Branches  Non-fixed            Branch decision
 *           470     339k  625.16s             (gap is 99.79%)
             470     340k          1              0  = _int29473
             470     350k       6338              0  = _int37645
 *           469     355k  668.22s             (gap is 99.79%)
             469     360k          2              0  = _int24148
             469     370k      40138              0  = _int9398
             469     380k       2500              0  = _int40621
 *           465     382k  774.38s             (gap is 99.78%)
             465     390k          1              0  = _int22576
 *           464     395k  791.25s             (gap is 99.78%)
 *           463     399k  821.41s             (gap is 99.78%)
             463     400k          1              0  = _int15855
 *           462     408k  875.27s             (gap is 99.78%)
             462     410k      39987              0  = _int22636
 ! ----------------------------------------------------------------------------
 ! Search terminated by limit, 11 solutions found.
 ! Best objective         : 462 (gap is 99.78%)
 ! Best bound             : 1
 ! Number of branches     : 412523
 ! Number of fails        : 12005
 ! Total memory usage     : 520.1 MB (454.5 MB CP Optimizer + 65.6 MB Concert)
 ! Time spent in solve    : 900.08s (899.95s engine + 0.13s extraction)
 ! Search speed (br. / s) : 458.4
 ! ----------------------------------------------------------------------------
solve:1
Flips: 462
Log Likelihood: -3951.85
