reading  from file input/AML-64-001_input.csv
rows: 4999
cols: 5
input zeros:14067
input ones:10111
input missing:817
total fp flips allowed:0
adding objective
 ! ----------------------------------------------------------------------------
 ! Minimization problem - 25001 variables, 142629 constraints, 1 phase
 ! Presolve      : 2 extractables eliminated
 ! TimeLimit            = 900
 ! Workers              = 1
 ! LogPeriod            = 10000
 ! Initial process time : 1.53s (1.50s extraction + 0.02s propagation)
 !  . Log search space  : 14078.6 (before), 14078.6 (after)
 !  . Memory usage      : 60.7 MB (before), 60.7 MB (after)
 ! Using sequential search.
 ! ----------------------------------------------------------------------------
 !          Best Branches  Non-fixed            Branch decision
 ! ----------------------------------------------------------------------------
 ! Minimization problem - 25001 variables, 142629 constraints, 1 phase
 ! Presolve      : 2 extractables eliminated
 ! TimeLimit            = 900
 ! Workers              = 1
 ! LogPeriod            = 10000
 ! Initial process time : 0.08s (0.08s extraction + 0.00s propagation)
 !  . Log search space  : 14078.6 (before), 14078.6 (after)
 !  . Memory usage      : 60.7 MB (before), 60.7 MB (after)
 ! Using sequential search.
 ! ----------------------------------------------------------------------------
 !          Best Branches  Non-fixed            Branch decision
                        0      25001                 -
 + New bound is 0
                        8          5        F     4  = _int24996
 + New bound is 1
 *          2201     7869  2.30s               (gap is 99.95%)
            2201    10000          1              1  = _int13597
            2201    20000          1              0  = _int16904
            2201    30000          1              0  = _int1038
            2201    40000          1              0  = _int19407
            2201    50000          1              0  = _int5722
 *          1028    50020  8.64s               (gap is 99.90%)
            1028    50066          1        F     4  = _int24996
 + New bound is 515 (gap is 49.90%)
 *           708    58519  11.94s              (gap is 27.26%)
             708    58565          1        F     4  = _int24999
 + New bound is 612 (gap is 13.56%)
             708    58611          1        F     3  = _int24996
 + New bound is 661 (gap is 6.64%)
             708    58639          1        F     4  = _int24999
 + New bound is 686 (gap is 3.11%)
             708    58685          1        F     3  = _int24996
 + New bound is 698 (gap is 1.41%)
             708    58713          1        F     4  = _int24999
 + New bound is 704 (gap is 0.56%)
             708    58759          1        F     3  = _int24999
 + New bound is 707 (gap is 0.14%)
             708    60000          1              2 != _int24995
             708    70000      13374              3 != _int24999
             708    80000      13374              2 != _int24995
 ! Time = 173.09s, Average fail depth = 9, Memory usage = 235.6 MB
 ! Current bound is 707 (gap is 0.14%)
 !          Best Branches  Non-fixed            Branch decision
             708    90000      13374              2 != _int24997
             708     100k      13374        F     0  = _int24995
             708     103k      13374        F     4  = _int24999
 + New bound is 708 (gap is 0%)
 ! ----------------------------------------------------------------------------
 ! Search completed, 3 solutions found.
 ! Best objective         : 708 (optimal - effective tol. is 0)
 ! Best bound             : 708
 ! Number of branches     : 103815
 ! Number of fails        : 23700
 ! Total memory usage     : 274.8 MB (235.8 MB CP Optimizer + 39.0 MB Concert)
 ! Time spent in solve    : 346.29s (346.21s engine + 0.08s extraction)
 ! Search speed (br. / s) : 299.9
 ! ----------------------------------------------------------------------------
solve:1
Flips: 708
Log Likelihood: -nan
