reading  from file input/AML-56-001_input.csv
rows: 6804
cols: 1
input zeros:361
input ones:6440
input missing:3
total fp flips allowed:0
adding objective
 ! ----------------------------------------------------------------------------
 ! Minimization problem - 6806 variables, 13607 constraints, 1 phase
 ! Presolve      : 2 extractables eliminated
 ! TimeLimit            = 900
 ! Workers              = 1
 ! LogPeriod            = 10000
 ! Initial process time : 0.10s (0.10s extraction + 0.00s propagation)
 !  . Log search space  : 361.0 (before), 361.0 (after)
 !  . Memory usage      : 3.3 MB (before), 3.3 MB (after)
 ! Using sequential search.
 ! ----------------------------------------------------------------------------
 !          Best Branches  Non-fixed            Branch decision
 ! ----------------------------------------------------------------------------
 ! Minimization problem - 6806 variables, 13607 constraints, 1 phase
 ! Presolve      : 2 extractables eliminated
 ! TimeLimit            = 900
 ! Workers              = 1
 ! LogPeriod            = 10000
 ! Initial process time : 0.00s (0.00s extraction + 0.00s propagation)
 !  . Log search space  : 361.0 (before), 361.0 (after)
 !  . Memory usage      : 3.3 MB (before), 3.3 MB (after)
 ! Using sequential search.
 ! ----------------------------------------------------------------------------
 !          Best Branches  Non-fixed            Branch decision
                        0       6806                 -
 + New bound is 0
 *             0        0  0.00s               (gap is 0%)
 ! ----------------------------------------------------------------------------
 ! Search completed, 1 solution found.
 ! Best objective         : 0 (optimal - effective tol. is 0)
 ! Best bound             : 0
 ! Number of branches     : 0
 ! Number of fails        : 4
 ! Total memory usage     : 22.3 MB (16.3 MB CP Optimizer + 6.1 MB Concert)
 ! Time spent in solve    : 0.01s (0.00s engine + 0.00s extraction)
 ! Search speed (br. / s) : 0
 ! ----------------------------------------------------------------------------
solve:1
Flips: 0
Log Likelihood: -nan
