reading  from file input/AML-31-001_input.csv
rows: 10223
cols: 5
input zeros:44005
input ones:6679
input missing:431
total fp flips allowed:445
adding objective
 ! ----------------------------------------------------------------------------
 ! Minimization problem - 51121 variables, 302839 constraints, 1 phase
 ! Presolve      : 2 extractables eliminated
 ! TimeLimit            = 900
 ! Workers              = 1
 ! LogPeriod            = 10000
 ! Initial process time : 3.83s (3.80s extraction + 0.02s propagation)
 !  . Log search space  : 50704.4 (before), 50704.4 (after)
 !  . Memory usage      : 170.3 MB (before), 170.3 MB (after)
 ! Using sequential search.
 ! ----------------------------------------------------------------------------
 !          Best Branches  Non-fixed            Branch decision
 ! ----------------------------------------------------------------------------
 ! Minimization problem - 51121 variables, 302839 constraints, 1 phase
 ! Presolve      : 2 extractables eliminated
 ! TimeLimit            = 900
 ! Workers              = 1
 ! LogPeriod            = 10000
 ! Initial process time : 0.21s (0.19s extraction + 0.01s propagation)
 !  . Log search space  : 50704.4 (before), 50704.4 (after)
 !  . Memory usage      : 170.3 MB (before), 170.3 MB (after)
 ! Using sequential search.
 ! ----------------------------------------------------------------------------
 !          Best Branches  Non-fixed            Branch decision
                        0      51121                 -
 + New bound is 0
                       36       6311        F     4  = _int51117
 + New bound is 1
                    10000       6311              0  = _int44781
 *          9329    17779  41.19s              (gap is 99.99%)
            9329    20000          1              1  = _int34789
            9329    30000       4465              1  = _int34199
            9329    40000          1              0  = _int27458
            9329    50000       1686              0  = _int4841
            9329    60000          1              0  = _int17211
            9329    70000       1558              0  = _int14766
 *          9033    71461  126.80s             (gap is 99.99%)
            9033    80000          1              0  = _int20765
            9033    90000          1              1  = _int47029
            9033     100k      15006              1  = _int2292
            9033     110k          1              0  = _int29326
            9033     120k      10276              0  = _int183
            9033     130k          1              1  = _int12960
            9033     140k       5934              0  = _int34992
            9033     150k          1              0  = _int47752
            9033     160k      10795              0  = _int2720
 ! Time = 271.72s, Average fail depth = 1522, Memory usage = 589.8 MB
 ! Current bound is 1 (gap is 99.99%)
 !          Best Branches  Non-fixed            Branch decision
            9033     170k          1              0  = _int29656
            9033     180k       6893              0  = _int46068
            9033     190k          1              1  = _int30811
 *          4517     190k  349.38s             (gap is 99.98%)
            4517     200k      37678              0  = _int32941
            4517     210k      36423              0  = _int32916
            4517     220k      37689              0  = _int39970
 *          4235     228k  599.43s             (gap is 99.98%)
            4235     230k      35642        F     0  = _int1116
            4235     240k      38061              0  = _int17570
            4235     250k      36035              0  = _int7258
            4235     260k      39423              0  = _int17127
            4235     270k      38604              0  = _int40150
 ! ----------------------------------------------------------------------------
 ! Search terminated by limit, 4 solutions found.
 ! Best objective         : 4235 (gap is 99.98%)
 ! Best bound             : 1
 ! Number of branches     : 275352
 ! Number of fails        : 4409
 ! Total memory usage     : 671.0 MB (592.1 MB CP Optimizer + 79.0 MB Concert)
 ! Time spent in solve    : 900.13s (899.93s engine + 0.19s extraction)
 ! Search speed (br. / s) : 306.0
 ! ----------------------------------------------------------------------------
solve:1
Flips: 4235
Log Likelihood: -14749.5
