reading  from file input/AML-01-001_input.csv
rows: 11371
cols: 4
input zeros:16410
input ones:28082
input missing:992
total fp flips allowed:0
adding objective
 ! ----------------------------------------------------------------------------
 ! Minimization problem - 45489 variables, 220530 constraints, 1 phase
 ! Presolve      : 2 extractables eliminated
 ! TimeLimit            = 900
 ! Workers              = 1
 ! LogPeriod            = 10000
 ! Initial process time : 2.96s (2.93s extraction + 0.02s propagation)
 !  . Log search space  : 16418.0 (before), 16418.0 (after)
 !  . Memory usage      : 73.1 MB (before), 73.1 MB (after)
 ! Using sequential search.
 ! ----------------------------------------------------------------------------
 !          Best Branches  Non-fixed            Branch decision
 ! ----------------------------------------------------------------------------
 ! Minimization problem - 45489 variables, 220530 constraints, 1 phase
 ! Presolve      : 2 extractables eliminated
 ! TimeLimit            = 900
 ! Workers              = 1
 ! LogPeriod            = 10000
 ! Initial process time : 0.14s (0.14s extraction + 0.00s propagation)
 !  . Log search space  : 16418.0 (before), 16418.0 (after)
 !  . Memory usage      : 73.1 MB (before), 73.1 MB (after)
 ! Using sequential search.
 ! ----------------------------------------------------------------------------
 !          Best Branches  Non-fixed            Branch decision
                        0      45489                 -
 + New bound is 0
                        6          4        F     3  = _int45484
 + New bound is 1
                    10000          4              0  = _int31134
 *          3881    11855  5.41s               (gap is 99.97%)
            3881    20000          1              0  = _int40439
            3881    30000          1              1  = _int17768
            3881    40000          1              0  = _int18288
 *          3868    48672  14.16s              (gap is 99.97%)
            3868    50000          1              0  = _int10377
            3868    60000       2275              0  = _int24705
 *           536    62213  21.79s              (gap is 99.81%)
             536    62229          1        F     3  = _int45484
 + New bound is 269 (gap is 49.81%)
             536    62251          1        F     3  = _int45484
 + New bound is 404 (gap is 24.63%)
             536    62273          1        F     1  = _int45487
 + New bound is 471 (gap is 12.13%)
             536    62297          1        F     3  = _int45487
 + New bound is 505 (gap is 5.78%)
             536    62313          1        F     3  = _int45484
 + New bound is 522 (gap is 2.61%)
             536    62335          1        F     3  = _int45484
 + New bound is 530 (gap is 1.12%)
             536    62357          1        F     1  = _int45487
 + New bound is 534 (gap is 0.37%)
             536    62381          1        F     3  = _int45487
 + New bound is 536 (gap is 0%)
 ! ----------------------------------------------------------------------------
 ! Search completed, 3 solutions found.
 ! Best objective         : 536 (optimal - effective tol. is 0)
 ! Best bound             : 536
 ! Number of branches     : 62381
 ! Number of fails        : 105
 ! Total memory usage     : 403.0 MB (337.4 MB CP Optimizer + 65.6 MB Concert)
 ! Time spent in solve    : 24.05s (23.91s engine + 0.14s extraction)
 ! Search speed (br. / s) : 2607.9
 ! ----------------------------------------------------------------------------
solve:1
Flips: 536
Log Likelihood: -nan
