reading  from file input/AML-37-001_input.csv
rows: 6244
cols: 3
input zeros:3103
input ones:15402
input missing:227
total fp flips allowed:0
adding objective
 ! ----------------------------------------------------------------------------
 ! Minimization problem - 18736 variables, 73803 constraints, 1 phase
 ! Presolve      : 2 extractables eliminated
 ! TimeLimit            = 900
 ! Workers              = 1
 ! LogPeriod            = 10000
 ! Initial process time : 0.85s (0.84s extraction + 0.00s propagation)
 !  . Log search space  : 3107.8 (before), 3107.8 (after)
 !  . Memory usage      : 18.6 MB (before), 18.6 MB (after)
 ! Using sequential search.
 ! ----------------------------------------------------------------------------
 !          Best Branches  Non-fixed            Branch decision
 ! ----------------------------------------------------------------------------
 ! Minimization problem - 18736 variables, 73803 constraints, 1 phase
 ! Presolve      : 2 extractables eliminated
 ! TimeLimit            = 900
 ! Workers              = 1
 ! LogPeriod            = 10000
 ! Initial process time : 0.06s (0.05s extraction + 0.00s propagation)
 !  . Log search space  : 3107.8 (before), 3107.8 (after)
 !  . Memory usage      : 18.6 MB (before), 18.6 MB (after)
 ! Using sequential search.
 ! ----------------------------------------------------------------------------
 !          Best Branches  Non-fixed            Branch decision
                        0      18736                 -
 + New bound is 0
                        4          3        F     2  = _int18732
 + New bound is 1
 *          1632     1066  0.16s               (gap is 99.94%)
 *          1580     4948  0.30s               (gap is 99.94%)
 *           828     6822  0.36s               (gap is 99.88%)
             828    10000          1              0  = _int15408
             828    14799          1        F     2  = _int18732
 + New bound is 415 (gap is 49.88%)
             828    14807          1        F     2  = _int18732
 + New bound is 623 (gap is 24.76%)
             828    14815          1        F     2  = _int18733
 + New bound is 727 (gap is 12.20%)
             828    14823          1        F     2  = _int18733
 + New bound is 779 (gap is 5.92%)
             828    14831          1        F     2  = _int18732
 + New bound is 805 (gap is 2.78%)
             828    14839          1        F     2  = _int18733
 + New bound is 818 (gap is 1.21%)
             828    14847          1        F     2  = _int18732
 + New bound is 824 (gap is 0.48%)
             828    14855          1        F     2  = _int18733
 + New bound is 827 (gap is 0.12%)
             828    20000          1              1  = _int18732
             828    21897       2430        F     2  = _int18732
 + New bound is 828 (gap is 0%)
 ! ----------------------------------------------------------------------------
 ! Search completed, 3 solutions found.
 ! Best objective         : 828 (optimal - effective tol. is 0)
 ! Best bound             : 828
 ! Number of branches     : 21897
 ! Number of fails        : 4566
 ! Total memory usage     : 120.2 MB (96.9 MB CP Optimizer + 23.2 MB Concert)
 ! Time spent in solve    : 9.94s (9.89s engine + 0.05s extraction)
 ! Search speed (br. / s) : 2214.1
 ! ----------------------------------------------------------------------------
solve:1
Flips: 828
Log Likelihood: -nan
