reading  from file input/AML-43-001_input.csv
rows: 11706
cols: 3
input zeros:3642
input ones:31442
input missing:34
total fp flips allowed:4
adding objective
 ! ----------------------------------------------------------------------------
 ! Minimization problem - 35122 variables, 140322 constraints, 1 phase
 ! Presolve      : 2 extractables eliminated
 ! TimeLimit            = 900
 ! Workers              = 1
 ! LogPeriod            = 10000
 ! Initial process time : 1.95s (1.94s extraction + 0.00s propagation)
 !  . Log search space  : 35091.1 (before), 35091.1 (after)
 !  . Memory usage      : 63.8 MB (before), 63.8 MB (after)
 ! Using sequential search.
 ! ----------------------------------------------------------------------------
 !          Best Branches  Non-fixed            Branch decision
 ! ----------------------------------------------------------------------------
 ! Minimization problem - 35122 variables, 140322 constraints, 1 phase
 ! Presolve      : 2 extractables eliminated
 ! TimeLimit            = 900
 ! Workers              = 1
 ! LogPeriod            = 10000
 ! Initial process time : 0.08s (0.07s extraction + 0.00s propagation)
 !  . Log search space  : 35091.1 (before), 35091.1 (after)
 !  . Memory usage      : 63.8 MB (before), 63.8 MB (after)
 ! Using sequential search.
 ! ----------------------------------------------------------------------------
 !          Best Branches  Non-fixed            Branch decision
                        0      35122                 -
 + New bound is 0
                        6      31445        F     2  = _int35118
 + New bound is 1
 *          1092     2017  0.71s               (gap is 99.91%)
            1092    10000          1              1  = _int30161
            1092    20000      13616              1  = _int2326
            1092    30000          1              0  = _int2202
            1092    40000          1              1  = _int34075
 *           956    48757  33.86s              (gap is 99.90%)
             956    50000       1738              1  = _int5473
             956    60000      28718        F     0  = _int26005
             956    70000      26582              1  = _int31227
 *           927    72171  79.02s              (gap is 99.89%)
             927    80000       1947              1  = _int17970
             927    90000      27659              1  = _int15477
 *           899    94972  127.04s             (gap is 99.89%)
             899     100k      27093              0  = _int950
             899     110k      26874              1  = _int21412
             899     120k      26603              1  = _int5713
             899     130k      26443              1  = _int7350
             899     140k      24926              1  = _int28227
 ! Time = 202.96s, Average fail depth = 675, Memory usage = 280.6 MB
 ! Current bound is 1 (gap is 99.89%)
 !          Best Branches  Non-fixed            Branch decision
 *           898     143k  206.25s             (gap is 99.89%)
 *           897     145k  212.17s             (gap is 99.89%)
             897     150k        310              1  = _int34322
             897     160k      24666              1  = _int368
             897     170k       8421              1  = _int4426
             897     180k       5913              1  = _int1901
             897     190k       5875              1  = _int26908
 *           896     194k  258.16s             (gap is 99.89%)
             896     200k        218              1  = _int23705
             896     210k       5877              1  = _int22498
 *           895     212k  272.93s             (gap is 99.89%)
             895     220k       3314              1  = _int13364
             895     230k      11655        F     0  = _int14823
             895     240k      33307              0  = _int12224
             895     250k      17020              1  = _int18648
             895     260k      12901              1  = _int17494
             895     270k      14279              1  = _int33677
             895     280k       4543        F     0  = _int32579
             895     290k      14601              1  = _int19182
             895     300k       4200              1  = _int17371
 ! Time = 389.91s, Average fail depth = 1391, Memory usage = 282.9 MB
 ! Current bound is 1 (gap is 99.89%)
 !          Best Branches  Non-fixed            Branch decision
             895     310k      15284              1  = _int848
             895     320k      12275              1  = _int33357
             895     330k       3785              0  = _int23955
             895     340k      13109              1  = _int22983
             895     350k       6004              1  = _int9067
             895     360k       6183              1  = _int23083
             895     370k       3836              1  = _int8778
             895     380k      25199              1  = _int20770
             895     390k      18543              1  = _int33111
             895     400k      15289              0  = _int24239
             895     410k      19743              1  = _int19129
             895     420k      14700              1  = _int1093
             895     430k       6833              1  = _int24805
             895     440k       5112              1  = _int7922
             895     450k       3273              0  = _int25474
             895     460k      18047              1  = _int13927
             895     470k       7309              0  = _int12197
             895     480k      10456              1  = _int5747
             895     490k       6118              1  = _int15283
             895     500k       4858              1  = _int4786
 ! Time = 655.11s, Average fail depth = 1889, Memory usage = 282.9 MB
 ! Current bound is 1 (gap is 99.89%)
 !          Best Branches  Non-fixed            Branch decision
             895     510k       3310              1  = _int30446
             895     520k       6042              0  = _int6627
             895     530k      12962              1  = _int9581
             895     540k       8161              0  = _int17440
             895     550k      25856              1  = _int1106
             895     560k      25641              1  = _int29304
             895     570k      26883              0  = _int9401
             895     580k      25496              0  = _int33466
             895     590k      11876              1  = _int13310
             895     600k       4213              0  = _int27448
             895     610k      33254              0  = _int27550
             895     620k      27406              1  = _int15239
             895     630k      13358        F     0  = _int957
             895     640k      13424              1  = _int34195
             895     650k      10873              1  = _int24403
             895     660k       4329              1  = _int29002
 ! ----------------------------------------------------------------------------
 ! Search terminated by limit, 8 solutions found.
 ! Best objective         : 895 (gap is 99.89%)
 ! Best bound             : 1
 ! Number of branches     : 662971
 ! Number of fails        : 25578
 ! Total memory usage     : 327.7 MB (282.9 MB CP Optimizer + 44.7 MB Concert)
 ! Time spent in solve    : 900.07s (900.00s engine + 0.07s extraction)
 ! Search speed (br. / s) : 736.6
 ! ----------------------------------------------------------------------------
solve:1
Flips: 895
Log Likelihood: -4493.62
