reading  from file input/AML-54-001_input.csv
rows: 7816
cols: 3
input zeros:9562
input ones:11499
input missing:2387
total fp flips allowed:0
adding objective
 ! ----------------------------------------------------------------------------
 ! Minimization problem - 23452 variables, 81883 constraints, 1 phase
 ! Presolve      : 2 extractables eliminated
 ! TimeLimit            = 900
 ! Workers              = 1
 ! LogPeriod            = 10000
 ! Initial process time : 0.83s (0.81s extraction + 0.01s propagation)
 !  . Log search space  : 9566.8 (before), 9566.8 (after)
 !  . Memory usage      : 26.5 MB (before), 26.5 MB (after)
 ! Using sequential search.
 ! ----------------------------------------------------------------------------
 !          Best Branches  Non-fixed            Branch decision
 ! ----------------------------------------------------------------------------
 ! Minimization problem - 23452 variables, 81883 constraints, 1 phase
 ! Presolve      : 2 extractables eliminated
 ! TimeLimit            = 900
 ! Workers              = 1
 ! LogPeriod            = 10000
 ! Initial process time : 0.04s (0.03s extraction + 0.00s propagation)
 !  . Log search space  : 9566.8 (before), 9566.8 (after)
 !  . Memory usage      : 26.5 MB (before), 26.5 MB (after)
 ! Using sequential search.
 ! ----------------------------------------------------------------------------
 !          Best Branches  Non-fixed            Branch decision
                        0      23452                 -
 + New bound is 0
                        4          3        F     2  = _int23448
 + New bound is 1
 *          1583     6508  1.25s               (gap is 99.94%)
            1583    10000          1              0  = _int17945
            1583    20000          1              1  = _int6548
            1583    30000          1              1  = _int4028
            1583    40000          1              0  = _int22244
            1583    50000          1              0  = _int23224
            1583    53303          1        F     2  = _int23448
 + New bound is 793 (gap is 49.91%)
            1583    53311          1        F     2  = _int23448
 + New bound is 1189 (gap is 24.89%)
            1583    53317          1        F     2  = _int23449
 + New bound is 1387 (gap is 12.38%)
            1583    53323          1        F     2  = _int23449
 + New bound is 1486 (gap is 6.13%)
            1583    53331          1        F     2  = _int23448
 + New bound is 1536 (gap is 2.97%)
            1583    53337          1        F     2  = _int23449
 + New bound is 1561 (gap is 1.39%)
            1583    53343          1        F     2  = _int23449
 + New bound is 1573 (gap is 0.63%)
            1583    53349          1        F     2  = _int23449
 + New bound is 1579 (gap is 0.25%)
            1583    53355          1        F     2  = _int23449
 + New bound is 1582 (gap is 0.063%)
            1583    59529          1        F     2  = _int23449
 + New bound is 1583 (gap is 0%)
 ! ----------------------------------------------------------------------------
 ! Search completed, 1 solution found.
 ! Best objective         : 1583 (optimal - effective tol. is 0)
 ! Best bound             : 1583
 ! Number of branches     : 59529
 ! Number of fails        : 4130
 ! Total memory usage     : 157.3 MB (130.4 MB CP Optimizer + 26.9 MB Concert)
 ! Time spent in solve    : 29.83s (29.80s engine + 0.03s extraction)
 ! Search speed (br. / s) : 1997.6
 ! ----------------------------------------------------------------------------
solve:1
Flips: 1583
Log Likelihood: -nan
