reading  from file input/AML-78-001_input.csv
rows: 4131
cols: 3
input zeros:8094
input ones:4229
input missing:70
total fp flips allowed:9
adding objective
 ! ----------------------------------------------------------------------------
 ! Minimization problem - 12397 variables, 49226 constraints, 1 phase
 ! Presolve      : 2 extractables eliminated
 ! TimeLimit            = 900
 ! Workers              = 1
 ! LogPeriod            = 10000
 ! Initial process time : 0.57s (0.56s extraction + 0.00s propagation)
 !  . Log search space  : 12331.1 (before), 12331.1 (after)
 !  . Memory usage      : 23.9 MB (before), 23.9 MB (after)
 ! Using sequential search.
 ! ----------------------------------------------------------------------------
 !          Best Branches  Non-fixed            Branch decision
 ! ----------------------------------------------------------------------------
 ! Minimization problem - 12397 variables, 49226 constraints, 1 phase
 ! Presolve      : 2 extractables eliminated
 ! TimeLimit            = 900
 ! Workers              = 1
 ! LogPeriod            = 10000
 ! Initial process time : 0.03s (0.03s extraction + 0.00s propagation)
 !  . Log search space  : 12331.1 (before), 12331.1 (after)
 !  . Memory usage      : 23.9 MB (before), 23.9 MB (after)
 ! Using sequential search.
 ! ----------------------------------------------------------------------------
 !          Best Branches  Non-fixed            Branch decision
                        0      12397                 -
 + New bound is 0
                        6       4232        F     2  = _int12393
 + New bound is 1
 *          6360     1277  0.26s               (gap is 99.98%)
 *          4741     6692  1.07s               (gap is 99.98%)
            4741    10000          1              0  = _int9933
 *          3719    15734  1.74s               (gap is 99.97%)
            3719    20000          1              1  = _int4362
            3719    30000          1              0  = _int11718
 *           963    35247  3.83s               (gap is 99.90%)
             963    40000          1        F     0  = _int479
 *           843    48453  21.58s              (gap is 99.88%)
             843    50000        162              0  = _int10887
             843    60000       1454              0  = _int9414
 *           633    61215  35.20s              (gap is 99.84%)
             633    70000         60              1  = _int2857
             633    80000        452              0  = _int11301
 *           594    80418  60.13s              (gap is 99.83%)
             594    90000         18              1  = _int2929
             594     100k       9378              1  = _int7117
 *           576     105k  85.27s              (gap is 99.83%)
 ! Time = 85.27s, Average fail depth = 301, Memory usage = 100.4 MB
 ! Current bound is 1 (gap is 99.83%)
 !          Best Branches  Non-fixed            Branch decision
             576     110k        333        F     0  = _int1350
             576     120k      10988              1  = _int4940
 *           575     127k  118.96s             (gap is 99.83%)
 *           574     127k  119.57s             (gap is 99.83%)
 *           573     127k  119.86s             (gap is 99.83%)
             573     130k       4718              0  = _int7415
 *           572     133k  121.82s             (gap is 99.83%)
 *           571     139k  123.79s             (gap is 99.82%)
             571     140k        304              0  = _int3348
 *           570     140k  125.08s             (gap is 99.82%)
             570     150k       8667              1  = _int8729
 *           569     157k  139.55s             (gap is 99.82%)
             569     160k        274              1  = _int6553
 *           568     166k  142.15s             (gap is 99.82%)
             568     170k        275        F     0  = _int8703
 *           567     175k  149.98s             (gap is 99.82%)
 *           566     178k  152.37s             (gap is 99.82%)
             566     180k       7948              1  = _int7247
             566     190k       8333              0  = _int8300
             566     200k       8573              0  = _int10764
 ! Time = 173.25s, Average fail depth = 383, Memory usage = 101.4 MB
 ! Current bound is 1 (gap is 99.82%)
 !          Best Branches  Non-fixed            Branch decision
             566     210k       8475              0  = _int10446
 *           565     210k  182.12s             (gap is 99.82%)
             565     220k       8330              1  = _int3092
             565     230k       8075              0  = _int5739
             565     240k       7983        F     0  = _int4537
             565     250k       8153        F     0  = _int7993
             565     260k       8019              1  = _int9439
             565     270k       8625              1  = _int4952
             565     280k       8551              0  = _int726
             565     290k       8635              0  = _int4329
             565     300k       8541              0  = _int8307
             565     310k       8740              0  = _int4001
             565     320k       8329              0  = _int12092
             565     330k       8245              1  = _int2534
             565     340k       8341              1  = _int6427
             565     350k       8212              0  = _int12039
             565     360k       8188              0  = _int10934
 *           564     360k  310.13s             (gap is 99.82%)
             564     370k       8787              0  = _int6851
             564     380k       8764              0  = _int4368
 ! Time = 327.75s, Average fail depth = 538, Memory usage = 101.6 MB
 ! Current bound is 1 (gap is 99.82%)
 !          Best Branches  Non-fixed            Branch decision
             564     390k       8735              0  = _int1919
             564     400k       8169              0  = _int3059
             564     410k       8746              1  = _int11587
             564     420k       8433              1  = _int3933
             564     430k       8081              1  = _int6249
             564     440k       8634              1  = _int5317
             564     450k       8040              0  = _int945
             564     460k       8762              0  = _int858
             564     470k       8830              0  = _int5874
             564     480k       8690        F     0  = _int5349
             564     490k       8651        F     0  = _int10559
             564     500k       8519              0  = _int11627
             564     510k       8544        F     0  = _int5203
             564     520k       8587              1  = _int2721
             564     530k       8798        F     0  = _int4415
             564     540k       8904              0  = _int10952
             564     550k       8600              1  = _int7766
             564     560k       8628        F     0  = _int9612
             564     570k       8856              0  = _int11231
             564     580k       8885              0  = _int6948
 ! Time = 508.90s, Average fail depth = 601, Memory usage = 101.6 MB
 ! Current bound is 1 (gap is 99.82%)
 !          Best Branches  Non-fixed            Branch decision
             564     590k       8625              0  = _int7139
             564     600k       7694              1  = _int9586
             564     610k       8775              0  = _int10190
             564     620k       9071              1  = _int11360
             564     630k       9101              0  = _int638
             564     640k       8768              0  = _int9331
             564     650k       8571              0  = _int1275
             564     660k       8533              0  = _int5012
             564     670k       8606              0  = _int11534
             564     680k       8629              1  = _int2999
             564     690k       8613        F     0  = _int8908
             564     700k       8711              1  = _int11536
             564     710k       9000        F     0  = _int5710
             564     720k       8613              0  = _int8720
             564     730k       8549              0  = _int360
             564     740k       8456        F     0  = _int9900
             564     750k       8615              0  = _int10658
             564     760k       9555              0  = _int10032
             564     770k       8632              1  = _int10358
             564     780k       8918              0  = _int686
 ! Time = 686.69s, Average fail depth = 618, Memory usage = 101.6 MB
 ! Current bound is 1 (gap is 99.82%)
 !          Best Branches  Non-fixed            Branch decision
             564     790k       8622              0  = _int9317
             564     800k       8470              0  = _int5384
             564     810k       8597              0  = _int6933
             564     820k       8899              0  = _int2525
             564     830k       8758              0  = _int2540
             564     840k       8598              0  = _int3011
             564     850k       8553              0  = _int2419
             564     860k       8663              0  = _int10197
             564     870k       8761              0  = _int3835
             564     880k       8751              0  = _int723
             564     890k       8700              0  = _int6686
             564     900k       8600              0  = _int9830
             564     910k       8618              0  = _int4886
             564     920k       8604              1  = _int3543
             564     930k       8736              0  = _int10478
             564     940k       8602              0  = _int2663
             564     950k       8706              1  = _int1296
             564     960k       8555              0  = _int7161
             564     970k       8620              0  = _int8870
             564     980k       8719              0  = _int8474
 ! Time = 860.66s, Average fail depth = 652, Memory usage = 101.6 MB
 ! Current bound is 1 (gap is 99.82%)
 !          Best Branches  Non-fixed            Branch decision
             564     990k       8711        F     0  = _int4608
             564    1000k       8710              0  = _int3032
             564    1010k       8697        F     0  = _int6436
             564    1020k       8671              0  = _int6293
 ! ----------------------------------------------------------------------------
 ! Search terminated by limit, 20 solutions found.
 ! Best objective         : 564 (gap is 99.82%)
 ! Best bound             : 1
 ! Number of branches     : 1025666
 ! Number of fails        : 86264
 ! Total memory usage     : 116.5 MB (101.6 MB CP Optimizer + 15.0 MB Concert)
 ! Time spent in solve    : 900.01s (899.98s engine + 0.03s extraction)
 ! Search speed (br. / s) : 1139.7
 ! ----------------------------------------------------------------------------
solve:1
Flips: 564
Log Likelihood: -1917.58
