reading  from file input/AML-05-001_input.csv
rows: 2600
cols: 5
input zeros:8258
input ones:4585
input missing:157
total fp flips allowed:0
adding objective
 ! ----------------------------------------------------------------------------
 ! Minimization problem - 13006 variables, 76663 constraints, 1 phase
 ! Presolve      : 2 extractables eliminated
 ! TimeLimit            = 900
 ! Workers              = 1
 ! LogPeriod            = 10000
 ! Initial process time : 0.89s (0.88s extraction + 0.00s propagation)
 !  . Log search space  : 8269.6 (before), 8269.6 (after)
 !  . Memory usage      : 34.5 MB (before), 34.5 MB (after)
 ! Using sequential search.
 ! ----------------------------------------------------------------------------
 !          Best Branches  Non-fixed            Branch decision
 ! ----------------------------------------------------------------------------
 ! Minimization problem - 13006 variables, 76663 constraints, 1 phase
 ! Presolve      : 2 extractables eliminated
 ! TimeLimit            = 900
 ! Workers              = 1
 ! LogPeriod            = 10000
 ! Initial process time : 0.05s (0.04s extraction + 0.00s propagation)
 !  . Log search space  : 8269.6 (before), 8269.6 (after)
 !  . Memory usage      : 34.5 MB (before), 34.5 MB (after)
 ! Using sequential search.
 ! ----------------------------------------------------------------------------
 !          Best Branches  Non-fixed            Branch decision
                        0      13006                 -
 + New bound is 0
                        8          5        F     4  = _int13001
 + New bound is 1
 *          5994     1555  0.35s               (gap is 99.98%)
 *          4153     8657  0.88s               (gap is 99.98%)
            4153    10000          1              0  = _int7452
 *          3921    16144  1.37s               (gap is 99.97%)
            3921    20000          1              0  = _int9839
 *          2254    26194  2.23s               (gap is 99.96%)
            2254    26264          1        F     4  = _int13001
 + New bound is 1128 (gap is 49.96%)
            2254    30000          1              0  = _int11718
 *          1536    30573  3.69s               (gap is 26.56%)
            1536    30639          1        F     2  = _int13000
 + New bound is 1333 (gap is 13.22%)
            1536    30717          1        F     2  = _int13000
 + New bound is 1436 (gap is 6.51%)
            1536    30811          1        F     4  = _int13001
 + New bound is 1487 (gap is 3.19%)
 *          1499    35151  6.40s               (gap is 0.8%)
            1499    35229          1        F     2  = _int13000
 + New bound is 1494 (gap is 0.33%)
            1499    35311          1        F     4  = _int13001
 + New bound is 1498 (gap is 0.067%)
            1499    40000          1        F     4  = _int13004
            1499    50000       6776        F     1  = _int13004
            1499    60000       6776              2  = _int13004
 ! Time = 157.99s, Average fail depth = 8, Memory usage = 130.0 MB
 ! Current bound is 1498 (gap is 0.067%)
 !          Best Branches  Non-fixed            Branch decision
            1499    70000       6776              2  = _int13000
            1499    80000       6776              2  = _int13004
            1499    90000       6776              4  = _int13004
            1499     100k       6776        F     2  = _int13001
            1499     106k       6776        F     4  = _int13000
 + New bound is 1499 (gap is 0%)
 ! ----------------------------------------------------------------------------
 ! Search completed, 6 solutions found.
 ! Best objective         : 1499 (optimal - effective tol. is 0)
 ! Best bound             : 1499
 ! Number of branches     : 106636
 ! Number of fails        : 36960
 ! Total memory usage     : 150.7 MB (130.1 MB CP Optimizer + 20.6 MB Concert)
 ! Time spent in solve    : 437.81s (437.76s engine + 0.04s extraction)
 ! Search speed (br. / s) : 243.6
 ! ----------------------------------------------------------------------------
solve:1
Flips: 1499
Log Likelihood: -nan
