reading  from file input/AML-24-001_input.csv
rows: 4529
cols: 4
input zeros:17620
input ones:289
input missing:207
total fp flips allowed:178
adding objective
 ! ----------------------------------------------------------------------------
 ! Minimization problem - 18121 variables, 89141 constraints, 1 phase
 ! Presolve      : 2 extractables eliminated
 ! TimeLimit            = 900
 ! Workers              = 1
 ! LogPeriod            = 10000
 ! Initial process time : 1.00s (0.99s extraction + 0.00s propagation)
 !  . Log search space  : 17924.5 (before), 17924.5 (after)
 !  . Memory usage      : 47.8 MB (before), 47.8 MB (after)
 ! Using sequential search.
 ! ----------------------------------------------------------------------------
 !          Best Branches  Non-fixed            Branch decision
 ! ----------------------------------------------------------------------------
 ! Minimization problem - 18121 variables, 89141 constraints, 1 phase
 ! Presolve      : 2 extractables eliminated
 ! TimeLimit            = 900
 ! Workers              = 1
 ! LogPeriod            = 10000
 ! Initial process time : 0.04s (0.04s extraction + 0.00s propagation)
 !  . Log search space  : 17924.5 (before), 17924.5 (after)
 !  . Memory usage      : 47.8 MB (before), 47.8 MB (after)
 ! Using sequential search.
 ! ----------------------------------------------------------------------------
 !          Best Branches  Non-fixed            Branch decision
                        0      18121                 -
 + New bound is 0
 *             0      117  0.37s               (gap is 0%)
 ! ----------------------------------------------------------------------------
 ! Search completed, 1 solution found.
 ! Best objective         : 0 (optimal - effective tol. is 0)
 ! Best bound             : 0
 ! Number of branches     : 117
 ! Number of fails        : 4
 ! Total memory usage     : 186.0 MB (160.9 MB CP Optimizer + 25.1 MB Concert)
 ! Time spent in solve    : 0.39s (0.34s engine + 0.04s extraction)
 ! Search speed (br. / s) : 334.3
 ! ----------------------------------------------------------------------------
solve:1
Flips: 0
Log Likelihood: -1003.68
