reading  from file input/AML-47-001_input.csv
rows: 6497
cols: 3
input zeros:3943
input ones:15342
input missing:206
total fp flips allowed:0
adding objective
 ! ----------------------------------------------------------------------------
 ! Minimization problem - 19495 variables, 76940 constraints, 1 phase
 ! Presolve      : 2 extractables eliminated
 ! TimeLimit            = 900
 ! Workers              = 1
 ! LogPeriod            = 10000
 ! Initial process time : 0.86s (0.86s extraction + 0.00s propagation)
 !  . Log search space  : 3947.8 (before), 3947.8 (after)
 !  . Memory usage      : 20.1 MB (before), 20.1 MB (after)
 ! Using sequential search.
 ! ----------------------------------------------------------------------------
 !          Best Branches  Non-fixed            Branch decision
 ! ----------------------------------------------------------------------------
 ! Minimization problem - 19495 variables, 76940 constraints, 1 phase
 ! Presolve      : 2 extractables eliminated
 ! TimeLimit            = 900
 ! Workers              = 1
 ! LogPeriod            = 10000
 ! Initial process time : 0.06s (0.05s extraction + 0.00s propagation)
 !  . Log search space  : 3947.8 (before), 3947.8 (after)
 !  . Memory usage      : 20.1 MB (before), 20.1 MB (after)
 ! Using sequential search.
 ! ----------------------------------------------------------------------------
 !          Best Branches  Non-fixed            Branch decision
                        0      19495                 -
 + New bound is 0
                        4          3        F     2  = _int19491
 + New bound is 1
 *          2287     1078  0.18s               (gap is 99.96%)
 *          1881     5871  0.36s               (gap is 99.95%)
            1881    10000          1              0  = _int17961
 *          1815    11070  0.54s               (gap is 99.94%)
 *           858    17708  0.85s               (gap is 99.88%)
             858    17714          1        F     2  = _int19491
 + New bound is 430 (gap is 49.88%)
             858    17722          1        F     1  = _int19492
 + New bound is 645 (gap is 24.83%)
             858    20000          1              0  = _int10518
 *           704    20327  1.07s               (gap is 8.38%)
             704    20335          1        F     2  = _int19492
 + New bound is 675 (gap is 4.12%)
             704    20343          1        F     1  = _int19492
 + New bound is 691 (gap is 1.85%)
             704    20351          1        F     2  = _int19492
 + New bound is 699 (gap is 0.71%)
             704    20359          1        F     1  = _int19492
 + New bound is 703 (gap is 0.14%)
             704    27155          1        F     2  = _int19493
 + New bound is 704 (gap is 0%)
 ! ----------------------------------------------------------------------------
 ! Search completed, 5 solutions found.
 ! Best objective         : 704 (optimal - effective tol. is 0)
 ! Best bound             : 704
 ! Number of branches     : 27155
 ! Number of fails        : 4436
 ! Total memory usage     : 128.3 MB (104.3 MB CP Optimizer + 24.0 MB Concert)
 ! Time spent in solve    : 13.10s (13.05s engine + 0.05s extraction)
 ! Search speed (br. / s) : 2080.8
 ! ----------------------------------------------------------------------------
solve:1
Flips: 704
Log Likelihood: -nan
