reading  from file input/AML-116-001_input.csv
rows: 1669
cols: 3
input zeros:3378
input ones:1421
input missing:208
total fp flips allowed:0
adding objective
 ! ----------------------------------------------------------------------------
 ! Minimization problem - 5011 variables, 19000 constraints, 1 phase
 ! Presolve      : 2 extractables eliminated
 ! TimeLimit            = 900
 ! Workers              = 1
 ! LogPeriod            = 10000
 ! Initial process time : 0.16s (0.16s extraction + 0.00s propagation)
 !  . Log search space  : 3382.8 (before), 3382.8 (after)
 !  . Memory usage      : 7.8 MB (before), 7.8 MB (after)
 ! Using sequential search.
 ! ----------------------------------------------------------------------------
 !          Best Branches  Non-fixed            Branch decision
 ! ----------------------------------------------------------------------------
 ! Minimization problem - 5011 variables, 19000 constraints, 1 phase
 ! Presolve      : 2 extractables eliminated
 ! TimeLimit            = 900
 ! Workers              = 1
 ! LogPeriod            = 10000
 ! Initial process time : 0.00s (0.00s extraction + 0.00s propagation)
 !  . Log search space  : 3382.8 (before), 3382.8 (after)
 !  . Memory usage      : 7.8 MB (before), 7.8 MB (after)
 ! Using sequential search.
 ! ----------------------------------------------------------------------------
 !          Best Branches  Non-fixed            Branch decision
                        0       5011                 -
 + New bound is 0
                        4          3        F     2  = _int5007
 + New bound is 1
 *           302     1947  0.13s               (gap is 99.67%)
             302    10000          1              1  = _int4624
 *            65    14180  0.61s               (gap is 98.46%)
              65    20000          1              0  = _int1011
              65    20588          1        F     2  = _int5007
 + New bound is 34 (gap is 47.69%)
              65    20594          1        F     2  = _int5008
 + New bound is 51 (gap is 21.54%)
              65    20600          1        F     2  = _int5008
 + New bound is 59 (gap is 9.23%)
              65    20606          1        F     2  = _int5008
 + New bound is 63 (gap is 3.08%)
              65    20614          1        F     2  = _int5008
 + New bound is 65 (gap is 0%)
 ! ----------------------------------------------------------------------------
 ! Search completed, 2 solutions found.
 ! Best objective         : 65 (optimal - effective tol. is 0)
 ! Best bound             : 65
 ! Number of branches     : 20614
 ! Number of fails        : 29
 ! Total memory usage     : 39.6 MB (34.1 MB CP Optimizer + 5.5 MB Concert)
 ! Time spent in solve    : 0.93s (0.93s engine + 0.00s extraction)
 ! Search speed (br. / s) : 22165.6
 ! ----------------------------------------------------------------------------
solve:1
Flips: 65
Log Likelihood: -nan
