reading  from file input/AML-98-001_input.csv
rows: 5310
cols: 6
input zeros:16589
input ones:15126
input missing:145
total fp flips allowed:0
adding objective
 ! ----------------------------------------------------------------------------
 ! Minimization problem - 31867 variables, 221495 constraints, 1 phase
 ! Presolve      : 2 extractables eliminated
 ! TimeLimit            = 900
 ! Workers              = 1
 ! LogPeriod            = 10000
 ! Initial process time : 2.99s (2.96s extraction + 0.02s propagation)
 !  . Log search space  : 16604.5 (before), 16604.5 (after)
 !  . Memory usage      : 91.0 MB (before), 91.0 MB (after)
 ! Using sequential search.
 ! ----------------------------------------------------------------------------
 !          Best Branches  Non-fixed            Branch decision
 ! ----------------------------------------------------------------------------
 ! Minimization problem - 31867 variables, 221495 constraints, 1 phase
 ! Presolve      : 2 extractables eliminated
 ! TimeLimit            = 900
 ! Workers              = 1
 ! LogPeriod            = 10000
 ! Initial process time : 0.15s (0.13s extraction + 0.01s propagation)
 !  . Log search space  : 16604.5 (before), 16604.5 (after)
 !  . Memory usage      : 91.0 MB (before), 91.0 MB (after)
 ! Using sequential search.
 ! ----------------------------------------------------------------------------
 !          Best Branches  Non-fixed            Branch decision
                        0      31867                 -
 + New bound is 0
                       10          6        F     5  = _int31861
 + New bound is 1
 *         15198      655  0.85s               (gap is 99.99%)
 *         13482     6708  1.75s               (gap is 99.99%)
           13482    10000          1              1  = _int13375
 *          8201    14086  3.19s               (gap is 99.99%)
            8201    20000          1              1  = _int18976
            8201    30000          1              0  = _int6721
 *          3716    36151  8.96s               (gap is 99.97%)
            3716    40000          1              0  = _int15643
 *          1090    45434  16.18s              (gap is 99.91%)
            1090    45490          1        F     5  = _int31864
 + New bound is 546 (gap is 49.91%)
            1090    45618          1        F     5  = _int31863
 + New bound is 819 (gap is 24.86%)
            1090    45766          1        F     3  = _int31863
 + New bound is 956 (gap is 12.29%)
            1090    50000          1              0  = _int19569
 *          1011    54946  26.76s              (gap is 5.44%)
            1011    55044          1        F     5  = _int31863
 + New bound is 984 (gap is 2.67%)
            1011    55202          1        F     3  = _int31862
 + New bound is 999 (gap is 1.19%)
            1011    55318          1        F     5  = _int31863
 + New bound is 1006 (gap is 0.49%)
            1011    55472          1        F     2  = _int31865
 + New bound is 1010 (gap is 0.099%)
 ! Time = 34.91s, Average fail depth = 78, Memory usage = 351.5 MB
 ! Current bound is 1010 (gap is 0.099%)
 !          Best Branches  Non-fixed            Branch decision
            1011    60000          1        F     0  = _int31863
            1011    70000      15601        F     5  = _int31862
            1011    80000      15591        F     5  = _int31860
            1011    90000      15601        F     5  = _int31861
            1011     100k      15591              1  = _int31860
            1011     110k      15591              2 != _int31863
            1011     120k      15591        F     4  = _int31863
            1011     130k      15591        F     1  = _int31860
 ! ----------------------------------------------------------------------------
 ! Search terminated by limit, 6 solutions found.
 ! Best objective         : 1011 (gap is 0.099%)
 ! Best bound             : 1010
 ! Number of branches     : 132978
 ! Number of fails        : 39838
 ! Total memory usage     : 414.0 MB (353.0 MB CP Optimizer + 60.9 MB Concert)
 ! Time spent in solve    : 900.03s (899.90s engine + 0.13s extraction)
 ! Search speed (br. / s) : 147.8
 ! ----------------------------------------------------------------------------
solve:1
Flips: 1011
Log Likelihood: -nan
