reading  from file input/AML-59-001_input.csv
rows: 2662
cols: 4
input zeros:4402
input ones:6054
input missing:192
total fp flips allowed:45
adding objective
 ! ----------------------------------------------------------------------------
 ! Minimization problem - 10653 variables, 51940 constraints, 1 phase
 ! Presolve      : 2 extractables eliminated
 ! TimeLimit            = 900
 ! Workers              = 1
 ! LogPeriod            = 10000
 ! Initial process time : 0.51s (0.51s extraction + 0.00s propagation)
 !  . Log search space  : 10469.5 (before), 10469.5 (after)
 !  . Memory usage      : 27.0 MB (before), 27.0 MB (after)
 ! Using sequential search.
 ! ----------------------------------------------------------------------------
 !          Best Branches  Non-fixed            Branch decision
 ! ----------------------------------------------------------------------------
 ! Minimization problem - 10653 variables, 51940 constraints, 1 phase
 ! Presolve      : 2 extractables eliminated
 ! TimeLimit            = 900
 ! Workers              = 1
 ! LogPeriod            = 10000
 ! Initial process time : 0.02s (0.02s extraction + 0.00s propagation)
 !  . Log search space  : 10469.5 (before), 10469.5 (after)
 !  . Memory usage      : 27.0 MB (before), 27.0 MB (after)
 ! Using sequential search.
 ! ----------------------------------------------------------------------------
 !          Best Branches  Non-fixed            Branch decision
                        0      10653                 -
 + New bound is 0
                       12       6058        F     3  = _int10651
 + New bound is 1
 *          3377      586  0.26s               (gap is 99.97%)
 *          2750     3674  0.50s               (gap is 99.96%)
 *          2406     6758  0.69s               (gap is 99.96%)
            2406    10000          1              1  = _int9457
 *          1285    17092  1.62s               (gap is 99.92%)
            1285    20000          1        F     0  = _int1024
 *          1022    28517  10.12s              (gap is 99.90%)
            1022    30000          1        F     0  = _int2117
 *           895    34453  16.06s              (gap is 99.89%)
             895    40000       3065              1  = _int4915
 *           784    43405  23.23s              (gap is 99.87%)
             784    50000        184              0  = _int4041
             784    60000       8138              0  = _int8397
 *           772    62916  38.62s              (gap is 99.87%)
             772    70000         98              0  = _int2244
 *           609    73549  46.70s              (gap is 99.84%)
             609    80000          1              1  = _int7509
             609    90000       5615        F     1  = _int6537
 ! Time = 60.24s, Average fail depth = 256, Memory usage = 106.7 MB
 ! Current bound is 1 (gap is 99.84%)
 !          Best Branches  Non-fixed            Branch decision
 *           608    97224  64.93s              (gap is 99.84%)
             608     100k       5919              1  = _int2585
 *           607     103k  66.68s              (gap is 99.84%)
 *           606     107k  68.60s              (gap is 99.83%)
             606     110k        194              0  = _int994
 *           605     111k  69.78s              (gap is 99.83%)
 *           604     114k  70.09s              (gap is 99.83%)
 *           603     119k  71.42s              (gap is 99.83%)
             603     120k         96              0  = _int2225
 *           602     122k  71.73s              (gap is 99.83%)
 *           601     125k  72.05s              (gap is 99.83%)
             601     130k         48              0  = _int178
 *           600     130k  74.10s              (gap is 99.83%)
 *           581     134k  75.04s              (gap is 99.83%)
 *           573     138k  75.97s              (gap is 99.83%)
             573     140k          1              1  = _int8248
 *           560     149k  79.02s              (gap is 99.82%)
             560     150k          1              0  = _int10071
 *           559     153k  79.97s              (gap is 99.82%)
 *           556     156k  80.31s              (gap is 99.82%)
 ! Time = 80.31s, Average fail depth = 323, Memory usage = 107.9 MB
 ! Current bound is 1 (gap is 99.82%)
 !          Best Branches  Non-fixed            Branch decision
 *           555     156k  80.55s              (gap is 99.82%)
             555     160k          1              0  = _int4684
 *           554     168k  87.91s              (gap is 99.82%)
             554     170k       4355              0  = _int5256
 *           547     174k  90.51s              (gap is 99.82%)
 *           546     176k  92.19s              (gap is 99.82%)
 *           545     179k  93.22s              (gap is 99.82%)
             545     180k          1              1  = _int5484
 *           544     181k  94.12s              (gap is 99.82%)
 *           543     182k  94.67s              (gap is 99.82%)
 *           542     186k  97.07s              (gap is 99.82%)
             542     190k       4657              1  = _int5632
 *           541     197k  104.13s             (gap is 99.82%)
             541     200k       4844              0  = _int6831
 *           540     209k  111.84s             (gap is 99.81%)
             540     210k       4988              0  = _int294
             540     220k       5034              0  = _int8530
             540     230k       6386              0  = _int1800
             540     240k       5122              0  = _int4169
 *           537     249k  138.12s             (gap is 99.81%)
 ! Time = 138.12s, Average fail depth = 453, Memory usage = 108.9 MB
 ! Current bound is 1 (gap is 99.81%)
 !          Best Branches  Non-fixed            Branch decision
             537     250k          1              0  = _int8855
             537     260k       5158              0  = _int2554
 *           536     267k  148.81s             (gap is 99.81%)
 *           535     268k  149.40s             (gap is 99.81%)
             535     270k          1        F     0  = _int7715
 *           534     271k  151.87s             (gap is 99.81%)
             534     280k       7568              1  = _int9140
             534     290k       5231              0  = _int1410
             534     300k       5222              0  = _int3742
             534     310k       5250              0  = _int3606
             534     320k       8477              0  = _int4350
             534     330k       5434              1  = _int9777
             534     340k       5206              1  = _int5476
             534     350k       5165              0  = _int4488
             534     360k       8784              0  = _int5206
             534     370k       5292              0  = _int2118
             534     380k       5194              0  = _int1604
             534     390k       5147              0  = _int8586
             534     400k       5196              0  = _int3500
             534     410k       5378              0  = _int4705
 ! Time = 252.55s, Average fail depth = 534, Memory usage = 109.1 MB
 ! Current bound is 1 (gap is 99.81%)
 !          Best Branches  Non-fixed            Branch decision
             534     420k       5916              1  = _int5501
             534     430k       5397              0  = _int1895
             534     440k       8378              1  = _int5489
             534     450k       7565              1  = _int1423
 *           533     454k  282.27s             (gap is 99.81%)
             533     460k       5265              1  = _int1571
             533     470k       5272              0  = _int3491
             533     480k       5066              0  = _int5001
             533     490k       5197              0  = _int4590
             533     500k       7968              1  = _int9083
             533     510k       7356              1  = _int6302
             533     520k       5106              0  = _int4046
 *           532     520k  331.36s             (gap is 99.81%)
 *           531     521k  331.72s             (gap is 99.81%)
             531     530k       8703              0  = _int3770
             531     540k       4999              0  = _int6170
             531     550k       8785              0  = _int5866
             531     560k       8753              1  = _int4270
             531     570k       5179              1  = _int5644
             531     580k       5307              0  = _int6426
 ! Time = 371.14s, Average fail depth = 601, Memory usage = 109.4 MB
 ! Current bound is 1 (gap is 99.81%)
 !          Best Branches  Non-fixed            Branch decision
             531     590k       5427              0  = _int6558
             531     600k       8614              1  = _int6843
             531     610k       6060        F     0  = _int5950
             531     620k       4849              1  = _int4616
             531     630k       4849        F     0  = _int7841
             531     640k       8640              0  = _int5198
             531     650k       8640              0  = _int2390
             531     660k       5320              0  = _int8484
             531     670k       5311              1  = _int2216
             531     680k       5304              0  = _int5194
             531     690k       8760              0  = _int3154
             531     700k       5301              0  = _int7806
             531     710k       5303              0  = _int4584
             531     720k       8410              0  = _int2866
             531     730k       8723              0  = _int5062
             531     740k       8720              0  = _int3358
             531     750k       7458              0  = _int2226
             531     760k       5263              0  = _int9298
             531     770k       8503              0  = _int9973
             531     780k       5445              1  = _int1027
 ! Time = 509.11s, Average fail depth = 655, Memory usage = 109.4 MB
 ! Current bound is 1 (gap is 99.81%)
 !          Best Branches  Non-fixed            Branch decision
             531     790k       8714              0  = _int10110
             531     800k       5186              0  = _int2540
             531     810k       8702              0  = _int9394
             531     820k       8696              0  = _int9858
             531     830k       5238              1  = _int3724
             531     840k       5192              0  = _int114
             531     850k       5205              0  = _int8191
             531     860k       8675        F     0  = _int10071
             531     870k       5544              1  = _int2259
             531     880k       5688              0  = _int9190
             531     890k       8685              0  = _int3150
             531     900k       8685              0  = _int5710
             531     910k       8684              1  = _int4408
             531     920k       5264              0  = _int492
             531     930k       8424              1  = _int8804
             531     940k       8645              0  = _int2834
             531     950k       8055              1  = _int855
             531     960k       5238              0  = _int9190
             531     970k       8440              0  = _int4071
             531     980k       5289        F     0  = _int9303
 ! Time = 649.97s, Average fail depth = 692, Memory usage = 109.4 MB
 ! Current bound is 1 (gap is 99.81%)
 !          Best Branches  Non-fixed            Branch decision
             531     990k       8640              1  = _int9818
             531    1000k       8477              1  = _int9124
             531    1010k       5335              0  = _int3555
             531    1020k       8642              0  = _int6170
             531    1030k       5476              0  = _int9218
             531    1040k       8635        F     0  = _int6010
             531    1050k       5835              1  = _int5052
             531    1060k       5083              0  = _int6810
             531    1070k       8338              0  = _int4040
             531    1080k       8576              0  = _int802
             531    1090k       8619              0  = _int780
             531    1100k       5173              1  = _int4419
             531    1110k       8621              0  = _int1364
             531    1120k       8621              0  = _int8404
             531    1130k       8622              0  = _int3414
             531    1140k       5164              0  = _int9899
             531    1150k       5232              0  = _int10370
             531    1160k       5584              0  = _int4778
             531    1170k       6914              0  = _int9262
             531    1180k       6324              0  = _int4590
 ! Time = 793.47s, Average fail depth = 712, Memory usage = 109.4 MB
 ! Current bound is 1 (gap is 99.81%)
 !          Best Branches  Non-fixed            Branch decision
             531    1190k       5443              0  = _int3567
             531    1200k       4850              0  = _int9222
             531    1210k       8621              0  = _int8563
             531    1220k       5059              0  = _int8422
             531    1230k       8621              0  = _int6674
             531    1240k       8507              0  = _int7510
             531    1250k       5566              0  = _int8640
             531    1260k       8611              0  = _int4138
             531    1270k       4970              0  = _int2772
             531    1280k       5456              1  = _int667
             531    1290k       4978        F     0  = _int2301
             531    1300k       8608              0  = _int3489
             531    1310k       8608              0  = _int2772
             531    1320k       8609              0  = _int2528
             531    1330k       7646              0  = _int9284
 ! ----------------------------------------------------------------------------
 ! Search terminated by limit, 40 solutions found.
 ! Best objective         : 531 (gap is 99.81%)
 ! Best bound             : 1
 ! Number of branches     : 1334374
 ! Number of fails        : 125320
 ! Total memory usage     : 124.8 MB (109.4 MB CP Optimizer + 15.5 MB Concert)
 ! Time spent in solve    : 900.01s (899.99s engine + 0.02s extraction)
 ! Search speed (br. / s) : 1482.7
 ! ----------------------------------------------------------------------------
solve:1
Flips: 531
Log Likelihood: -2111.87
