reading  from file input/AML-15-001_input.csv
rows: 5871
cols: 2
input zeros:2409
input ones:9089
input missing:244
total fp flips allowed:0
adding objective
 ! ----------------------------------------------------------------------------
 ! Minimization problem - 11745 variables, 34496 constraints, 1 phase
 ! Presolve      : 2 extractables eliminated
 ! TimeLimit            = 900
 ! Workers              = 1
 ! LogPeriod            = 10000
 ! Initial process time : 0.63s (0.63s extraction + 0.00s propagation)
 !  . Log search space  : 2411.0 (before), 2411.0 (after)
 !  . Memory usage      : 8.5 MB (before), 8.5 MB (after)
 ! Using sequential search.
 ! ----------------------------------------------------------------------------
 !          Best Branches  Non-fixed            Branch decision
 ! ----------------------------------------------------------------------------
 ! Minimization problem - 11745 variables, 34496 constraints, 1 phase
 ! Presolve      : 2 extractables eliminated
 ! TimeLimit            = 900
 ! Workers              = 1
 ! LogPeriod            = 10000
 ! Initial process time : 0.03s (0.03s extraction + 0.00s propagation)
 !  . Log search space  : 2411.0 (before), 2411.0 (after)
 !  . Memory usage      : 8.5 MB (before), 8.5 MB (after)
 ! Using sequential search.
 ! ----------------------------------------------------------------------------
 !          Best Branches  Non-fixed            Branch decision
                        0      11745                 -
 + New bound is 0
                        2          2        F     1  = _int11742
 + New bound is 1
 *           217     1987  0.14s               (gap is 99.54%)
             217    10000          1              0  = _int5585
             217    16340          1        F     1  = _int11742
 + New bound is 110 (gap is 49.31%)
             217    16342          1        F     1  = _int11742
 + New bound is 165 (gap is 23.96%)
             217    16344          1        F     1  = _int11742
 + New bound is 192 (gap is 11.52%)
             217    16346          1        F     1  = _int11742
 + New bound is 206 (gap is 5.07%)
             217    16348          1        F     1  = _int11742
 + New bound is 213 (gap is 1.84%)
             217    16350          1        F     1  = _int11742
 + New bound is 216 (gap is 0.46%)
             217    17986          1        F     1  = _int11743
 + New bound is 217 (gap is 0%)
 ! ----------------------------------------------------------------------------
 ! Search completed, 1 solution found.
 ! Best objective         : 217 (optimal - effective tol. is 0)
 ! Best bound             : 217
 ! Number of branches     : 17986
 ! Number of fails        : 1836
 ! Total memory usage     : 63.2 MB (51.2 MB CP Optimizer + 12.0 MB Concert)
 ! Time spent in solve    : 1.88s (1.84s engine + 0.03s extraction)
 ! Search speed (br. / s) : 9722.2
 ! ----------------------------------------------------------------------------
solve:1
Flips: 217
Log Likelihood: -nan
