reading  from file input/AML-10-001_input.csv
rows: 2734
cols: 4
input zeros:2479
input ones:3906
input missing:4551
total fp flips allowed:0
adding objective
 ! ----------------------------------------------------------------------------
 ! Minimization problem - 10941 variables, 27581 constraints, 1 phase
 ! Presolve      : 2 extractables eliminated
 ! TimeLimit            = 900
 ! Workers              = 1
 ! LogPeriod            = 10000
 ! Initial process time : 0.26s (0.26s extraction + 0.00s propagation)
 !  . Log search space  : 2487.0 (before), 2487.0 (after)
 !  . Memory usage      : 8.1 MB (before), 8.1 MB (after)
 ! Using sequential search.
 ! ----------------------------------------------------------------------------
 !          Best Branches  Non-fixed            Branch decision
 ! ----------------------------------------------------------------------------
 ! Minimization problem - 10941 variables, 27581 constraints, 1 phase
 ! Presolve      : 2 extractables eliminated
 ! TimeLimit            = 900
 ! Workers              = 1
 ! LogPeriod            = 10000
 ! Initial process time : 0.01s (0.01s extraction + 0.00s propagation)
 !  . Log search space  : 2487.0 (before), 2487.0 (after)
 !  . Memory usage      : 8.1 MB (before), 8.1 MB (after)
 ! Using sequential search.
 ! ----------------------------------------------------------------------------
 !          Best Branches  Non-fixed            Branch decision
                        0      10941                 -
 + New bound is 0
                        6          4        F     3  = _int10938
 + New bound is 1
 *           958     1261  0.08s               (gap is 99.90%)
 *           669     6536  0.22s               (gap is 99.85%)
             669    10000          1              1  = _int1543
             669    13187          1        F     3  = _int10938
 + New bound is 336 (gap is 49.78%)
             669    13209          1        F     3  = _int10936
 + New bound is 504 (gap is 24.66%)
             669    13243          1        F     1  = _int10936
 + New bound is 588 (gap is 12.11%)
             669    13271          1        F     3  = _int10936
 + New bound is 630 (gap is 5.83%)
 *           643    14809  0.51s               (gap is 2.02%)
             643    14837          1        F     3  = _int10936
 + New bound is 637 (gap is 0.93%)
             643    14873          1        F     2  = _int10936
 + New bound is 641 (gap is 0.31%)
             643    14903          1        F     3  = _int10936
 + New bound is 643 (gap is 0%)
 ! ----------------------------------------------------------------------------
 ! Search completed, 3 solutions found.
 ! Best objective         : 643 (optimal - effective tol. is 0)
 ! Best bound             : 643
 ! Number of branches     : 14903
 ! Number of fails        : 122
 ! Total memory usage     : 52.4 MB (43.5 MB CP Optimizer + 9.0 MB Concert)
 ! Time spent in solve    : 0.57s (0.55s engine + 0.01s extraction)
 ! Search speed (br. / s) : 26612.5
 ! ----------------------------------------------------------------------------
solve:1
Flips: 643
Log Likelihood: -nan
