reading  from file input/AML-30-001_input.csv
rows: 6668
cols: 4
input zeros:23347
input ones:3221
input missing:104
total fp flips allowed:236
adding objective
 ! ----------------------------------------------------------------------------
 ! Minimization problem - 26677 variables, 132648 constraints, 1 phase
 ! Presolve      : 2 extractables eliminated
 ! TimeLimit            = 900
 ! Workers              = 1
 ! LogPeriod            = 10000
 ! Initial process time : 1.35s (1.34s extraction + 0.00s propagation)
 !  . Log search space  : 26583.9 (before), 26583.9 (after)
 !  . Memory usage      : 69.6 MB (before), 69.6 MB (after)
 ! Using sequential search.
 ! ----------------------------------------------------------------------------
 !          Best Branches  Non-fixed            Branch decision
 ! ----------------------------------------------------------------------------
 ! Minimization problem - 26677 variables, 132648 constraints, 1 phase
 ! Presolve      : 2 extractables eliminated
 ! TimeLimit            = 900
 ! Workers              = 1
 ! LogPeriod            = 10000
 ! Initial process time : 0.08s (0.06s extraction + 0.01s propagation)
 !  . Log search space  : 26583.9 (before), 26583.9 (after)
 !  . Memory usage      : 69.6 MB (before), 69.6 MB (after)
 ! Using sequential search.
 ! ----------------------------------------------------------------------------
 !          Best Branches  Non-fixed            Branch decision
                        0      26677                 -
 + New bound is 0
 *             0       82  0.59s               (gap is 0%)
 ! ----------------------------------------------------------------------------
 ! Search completed, 1 solution found.
 ! Best objective         : 0 (optimal - effective tol. is 0)
 ! Best bound             : 0
 ! Number of branches     : 82
 ! Number of fails        : 10
 ! Total memory usage     : 275.2 MB (239.4 MB CP Optimizer + 35.8 MB Concert)
 ! Time spent in solve    : 0.64s (0.58s engine + 0.06s extraction)
 ! Search speed (br. / s) : 141.4
 ! ----------------------------------------------------------------------------
solve:1
Flips: 0
Log Likelihood: -1506.16
