reading  from file input/AML-78-001_input.csv
rows: 4131
cols: 3
input zeros:8094
input ones:4229
input missing:70
total fp flips allowed:0
adding objective
 ! ----------------------------------------------------------------------------
 ! Minimization problem - 12397 variables, 49226 constraints, 1 phase
 ! Presolve      : 2 extractables eliminated
 ! TimeLimit            = 900
 ! Workers              = 1
 ! LogPeriod            = 10000
 ! Initial process time : 0.55s (0.54s extraction + 0.00s propagation)
 !  . Log search space  : 8098.8 (before), 8098.8 (after)
 !  . Memory usage      : 19.7 MB (before), 19.7 MB (after)
 ! Using sequential search.
 ! ----------------------------------------------------------------------------
 !          Best Branches  Non-fixed            Branch decision
 ! ----------------------------------------------------------------------------
 ! Minimization problem - 12397 variables, 49226 constraints, 1 phase
 ! Presolve      : 2 extractables eliminated
 ! TimeLimit            = 900
 ! Workers              = 1
 ! LogPeriod            = 10000
 ! Initial process time : 0.03s (0.03s extraction + 0.00s propagation)
 !  . Log search space  : 8098.8 (before), 8098.8 (after)
 !  . Memory usage      : 19.7 MB (before), 19.7 MB (after)
 ! Using sequential search.
 ! ----------------------------------------------------------------------------
 !          Best Branches  Non-fixed            Branch decision
                        0      12397                 -
 + New bound is 0
                        4          3        F     2  = _int12393
 + New bound is 1
 *          6224     1331  0.19s               (gap is 99.98%)
 *          4759     6884  1.03s               (gap is 99.98%)
            4759    10000          1              1  = _int8988
 *          2186    16404  2.07s               (gap is 99.95%)
            2186    20000          1              0  = _int5070
 *           579    21988  2.44s               (gap is 99.83%)
             579    30000          1              0  = _int8147
             579    35012          1        F     2  = _int12393
 + New bound is 291 (gap is 49.74%)
             579    35018          1        F     2  = _int12393
 + New bound is 436 (gap is 24.70%)
             579    35024          1        F     2  = _int12393
 + New bound is 509 (gap is 12.09%)
             579    35030          1        F     2  = _int12393
 + New bound is 545 (gap is 5.87%)
             579    35036          1        F     2  = _int12393
 + New bound is 563 (gap is 2.76%)
             579    35044          1        F     1  = _int12393
 + New bound is 572 (gap is 1.21%)
             579    35050          1        F     2  = _int12393
 + New bound is 577 (gap is 0.35%)
             579    35056          1        F     2  = _int12393
 + New bound is 579 (gap is 0%)
 ! ----------------------------------------------------------------------------
 ! Search completed, 4 solutions found.
 ! Best objective         : 579 (optimal - effective tol. is 0)
 ! Best bound             : 579
 ! Number of branches     : 35056
 ! Number of fails        : 43
 ! Total memory usage     : 101.3 MB (86.3 MB CP Optimizer + 15.0 MB Concert)
 ! Time spent in solve    : 3.90s (3.86s engine + 0.03s extraction)
 ! Search speed (br. / s) : 9058.4
 ! ----------------------------------------------------------------------------
solve:1
Flips: 579
Log Likelihood: -nan
