reading  from file input/AML-77-001_input.csv
rows: 5907
cols: 8
input zeros:11627
input ones:32322
input missing:3307
total fp flips allowed:12
adding objective
 ! ----------------------------------------------------------------------------
 ! Minimization problem - 47265 variables, 376677 constraints, 1 phase
 ! Presolve      : 2 extractables eliminated
 ! TimeLimit            = 900
 ! Workers              = 1
 ! LogPeriod            = 10000
 ! Initial process time : 6.36s (6.31s extraction + 0.05s propagation)
 !  . Log search space  : 43976.7 (before), 43976.7 (after)
 !  . Memory usage      : 220.7 MB (before), 220.7 MB (after)
 ! Using sequential search.
 ! ----------------------------------------------------------------------------
 !          Best Branches  Non-fixed            Branch decision
 ! ----------------------------------------------------------------------------
 ! Minimization problem - 47265 variables, 376677 constraints, 1 phase
 ! Presolve      : 2 extractables eliminated
 ! TimeLimit            = 900
 ! Workers              = 1
 ! LogPeriod            = 10000
 ! Initial process time : 0.29s (0.25s extraction + 0.03s propagation)
 !  . Log search space  : 43976.7 (before), 43976.7 (after)
 !  . Memory usage      : 220.7 MB (before), 220.7 MB (after)
 ! Using sequential search.
 ! ----------------------------------------------------------------------------
 !          Best Branches  Non-fixed            Branch decision
                        0      47265                 -
 + New bound is 0
                       40      32330        F     7  = _int47257
 + New bound is 1
 *         10376     1048  2.86s               (gap is 99.99%)
 *          8451     8968  5.05s               (gap is 99.99%)
            8451    10000          1              0  = _int27865
            8451    20000          1              1  = _int19014
            8451    30000          1        F     0  = _int18686
            8451    40000       2317              0  = _int45400
 *          5019    42274  49.22s              (gap is 99.98%)
            5019    50000          1              1  = _int17617
            5019    60000      20383              1  = _int22232
            5019    70000      26883        F     0  = _int11861
 *          5018    76070  165.77s             (gap is 99.98%)
            5018    80000      28201              1  = _int34823
 *          5017    82209  175.23s             (gap is 99.98%)
 *          5016    88216  188.50s             (gap is 99.98%)
            5016    90000       1545              0  = _int2704
 *          4999    95060  197.00s             (gap is 99.98%)
 *          4998    95251  198.81s             (gap is 99.98%)
            4998     100k          1              0  = _int8680
 ! Time = 208.53s, Average fail depth = 528, Memory usage = 708.2 MB
 ! Current bound is 1 (gap is 99.98%)
 !          Best Branches  Non-fixed            Branch decision
 *          4997     101k  208.71s             (gap is 99.98%)
 *          4996     101k  210.88s             (gap is 99.98%)
 *          4995     102k  211.57s             (gap is 99.98%)
 *          4994     103k  212.55s             (gap is 99.98%)
 *          4993     106k  214.73s             (gap is 99.98%)
            4993     110k       1333              0  = _int28824
 *          4716     112k  216.70s             (gap is 99.98%)
 *          3853     119k  222.25s             (gap is 99.97%)
            3853     120k          1              1  = _int19401
            3853     130k      21274              1  = _int22622
 *          3852     139k  265.57s             (gap is 99.97%)
            3852     140k        606              0  = _int9184
 *          3851     145k  267.39s             (gap is 99.97%)
            3851     150k        588              1  = _int4941
 *          3850     158k  302.23s             (gap is 99.97%)
            3850     160k        492              1  = _int34720
            3850     170k        470              1  = _int35936
 *          3849     170k  331.97s             (gap is 99.97%)
 *          3848     178k  353.61s             (gap is 99.97%)
            3848     180k        409              0  = _int15046
 ! Time = 356.49s, Average fail depth = 475, Memory usage = 712.8 MB
 ! Current bound is 1 (gap is 99.97%)
 !          Best Branches  Non-fixed            Branch decision
 *          3847     184k  357.21s             (gap is 99.97%)
            3847     190k        418              0  = _int24608
 *          3846     192k  370.75s             (gap is 99.97%)
            3846     200k        387              0  = _int10133
 *          3845     201k  396.87s             (gap is 99.97%)
            3845     210k        370              1  = _int39868
            3845     220k      13768              1  = _int36197
            3845     230k      13247              1  = _int33957
            3845     240k      13201              1  = _int25566
            3845     250k      21478              1  = _int21651
            3845     260k       1571              0  = _int34887
 *          3844     261k  633.88s             (gap is 99.97%)
            3844     270k        332        F     0  = _int12837
            3844     280k      18679              1  = _int16506
            3844     290k      14962              1  = _int3626
            3844     300k       2573              0  = _int29224
 *          3843     302k  782.06s             (gap is 99.97%)
            3843     310k        321              1  = _int42266
            3843     320k       5221              0  = _int40640
 *          3842     324k  846.75s             (gap is 99.97%)
 ! Time = 846.75s, Average fail depth = 746, Memory usage = 715.5 MB
 ! Current bound is 1 (gap is 99.97%)
 !          Best Branches  Non-fixed            Branch decision
            3842     330k        292              0  = _int27192
 *          3841     331k  853.78s             (gap is 99.97%)
 *          3840     339k  874.29s             (gap is 99.97%)
            3840     340k        252              1  = _int29218
 ! ----------------------------------------------------------------------------
 ! Search terminated by limit, 28 solutions found.
 ! Best objective         : 3840 (gap is 99.97%)
 ! Best bound             : 1
 ! Number of branches     : 347523
 ! Number of fails        : 19084
 ! Total memory usage     : 822.1 MB (716.2 MB CP Optimizer + 105.8 MB Concert)
 ! Time spent in solve    : 900.16s (899.90s engine + 0.25s extraction)
 ! Search speed (br. / s) : 386.2
 ! ----------------------------------------------------------------------------
solve:1
Flips: 3840
Log Likelihood: -12893.4
