reading  from file input/AML-23-001_input.csv
rows: 2065
cols: 2
input zeros:2045
input ones:2033
input missing:52
total fp flips allowed:0
adding objective
 ! ----------------------------------------------------------------------------
 ! Minimization problem - 4133 variables, 12240 constraints, 1 phase
 ! Presolve      : 2 extractables eliminated
 ! TimeLimit            = 900
 ! Workers              = 1
 ! LogPeriod            = 10000
 ! Initial process time : 0.08s (0.08s extraction + 0.00s propagation)
 !  . Log search space  : 2047.0 (before), 2047.0 (after)
 !  . Memory usage      : 3.9 MB (before), 3.9 MB (after)
 ! Using sequential search.
 ! ----------------------------------------------------------------------------
 !          Best Branches  Non-fixed            Branch decision
 ! ----------------------------------------------------------------------------
 ! Minimization problem - 4133 variables, 12240 constraints, 1 phase
 ! Presolve      : 2 extractables eliminated
 ! TimeLimit            = 900
 ! Workers              = 1
 ! LogPeriod            = 10000
 ! Initial process time : 0.00s (0.00s extraction + 0.00s propagation)
 !  . Log search space  : 2047.0 (before), 2047.0 (after)
 !  . Memory usage      : 3.9 MB (before), 3.9 MB (after)
 ! Using sequential search.
 ! ----------------------------------------------------------------------------
 !          Best Branches  Non-fixed            Branch decision
                        0       4133                 -
 + New bound is 0
                        2          2        F     1  = _int4130
 + New bound is 1
 *           794      938  0.04s               (gap is 99.87%)
 *           428     5315  0.16s               (gap is 99.77%)
             428    10000          1              0  = _int1116
 *            46    14452  0.38s               (gap is 97.83%)
              46    14454          1        F     1  = _int4130
 + New bound is 24 (gap is 47.83%)
              46    14456          1        F     1  = _int4130
 + New bound is 36 (gap is 21.74%)
 *            36    16177  0.43s               (gap is 0%)
 ! ----------------------------------------------------------------------------
 ! Search completed, 4 solutions found.
 ! Best objective         : 36 (optimal - effective tol. is 0)
 ! Best bound             : 36
 ! Number of branches     : 16177
 ! Number of fails        : 14
 ! Total memory usage     : 26.2 MB (22.0 MB CP Optimizer + 4.2 MB Concert)
 ! Time spent in solve    : 0.44s (0.44s engine + 0.00s extraction)
 ! Search speed (br. / s) : 36765.9
 ! ----------------------------------------------------------------------------
solve:1
Flips: 36
Log Likelihood: -nan
