reading  from file input/AML-79-001_input.csv
rows: 2632
cols: 3
input zeros:5081
input ones:2708
input missing:107
total fp flips allowed:6
adding objective
 ! ----------------------------------------------------------------------------
 ! Minimization problem - 7900 variables, 31097 constraints, 1 phase
 ! Presolve      : 2 extractables eliminated
 ! TimeLimit            = 900
 ! Workers              = 1
 ! LogPeriod            = 10000
 ! Initial process time : 0.32s (0.32s extraction + 0.00s propagation)
 !  . Log search space  : 7796.6 (before), 7796.6 (after)
 !  . Memory usage      : 15.0 MB (before), 15.0 MB (after)
 ! Using sequential search.
 ! ----------------------------------------------------------------------------
 !          Best Branches  Non-fixed            Branch decision
 ! ----------------------------------------------------------------------------
 ! Minimization problem - 7900 variables, 31097 constraints, 1 phase
 ! Presolve      : 2 extractables eliminated
 ! TimeLimit            = 900
 ! Workers              = 1
 ! LogPeriod            = 10000
 ! Initial process time : 0.00s (0.00s extraction + 0.00s propagation)
 !  . Log search space  : 7796.6 (before), 7796.6 (after)
 !  . Memory usage      : 15.0 MB (before), 15.0 MB (after)
 ! Using sequential search.
 ! ----------------------------------------------------------------------------
 !          Best Branches  Non-fixed            Branch decision
                        0       7900                 -
 + New bound is 0
                        6       2711        F     2  = _int7896
 + New bound is 1
 *          3200     1747  0.19s               (gap is 99.97%)
            3200    10000          1              0  = _int944
 *          1463    11929  0.74s               (gap is 99.93%)
            1463    20000          1              0  = _int434
            1463    30000          1              0  = _int7567
 *          1098    32181  9.52s               (gap is 99.91%)
            1098    40000        188        F     1  = _int1654
 *           961    45357  21.37s              (gap is 99.90%)
             961    50000         51              1  = _int3128
 *           946    58400  36.41s              (gap is 99.89%)
             946    60000       4109              1  = _int4746
             946    70000       6192              1  = _int519
 *           932    76485  52.82s              (gap is 99.89%)
             932    80000         42              0  = _int189
             932    90000       6191        F     1  = _int911
 *           931    93892  69.82s              (gap is 99.89%)
 *           911    97349  70.07s              (gap is 99.89%)
 *           910    97526  70.14s              (gap is 99.89%)
 ! Time = 70.14s, Average fail depth = 221, Memory usage = 63.2 MB
 ! Current bound is 1 (gap is 99.89%)
 !          Best Branches  Non-fixed            Branch decision
             910     100k          1        F     0  = _int3096
 *           909     102k  76.06s              (gap is 99.89%)
 *           908     105k  79.05s              (gap is 99.89%)
 *           907     109k  81.41s              (gap is 99.89%)
             907     110k       3953        F     0  = _int4395
             907     120k       3728              1  = _int6729
             907     130k       3606              1  = _int3973
             907     140k       3474              0  = _int2673
             907     150k       3688        F     0  = _int483
             907     160k       3752              1  = _int1225
             907     170k       3461              1  = _int981
             907     180k       3666              1  = _int2058
             907     190k       3548              1  = _int6699
             907     200k       3504              1  = _int3873
 *           906     203k  129.63s             (gap is 99.89%)
             906     210k       3798              0  = _int781
             906     220k       3874              1  = _int3388
             906     230k       3818              1  = _int3246
             906     240k       3668        F     0  = _int2166
             906     250k       3336        F     0  = _int2166
 ! Time = 154.45s, Average fail depth = 447, Memory usage = 63.4 MB
 ! Current bound is 1 (gap is 99.89%)
 !          Best Branches  Non-fixed            Branch decision
             906     260k       3894              1  = _int5970
             906     270k       4156              1  = _int3541
             906     280k       4025              1  = _int7834
             906     290k       4024              1  = _int2145
             906     300k       4108              1  = _int2883
             906     310k       4311              1  = _int3609
             906     320k       4490              1  = _int6181
             906     330k       4064              1  = _int7345
             906     340k       4480              1  = _int7222
             906     350k       4661              1  = _int1955
             906     360k       3779        F     0  = _int7830
             906     370k       3806              0  = _int1768
             906     380k       4002              1  = _int1543
             906     390k       3967              1  = _int756
             906     400k       4713              1  = _int736
             906     410k       4706              1  = _int5617
             906     420k       4700        F     1  = _int352
             906     430k       4920        F     1  = _int4999
             906     440k       4733              1  = _int2260
             906     450k       4736              1  = _int3036
 ! Time = 260.08s, Average fail depth = 557, Memory usage = 63.4 MB
 ! Current bound is 1 (gap is 99.89%)
 !          Best Branches  Non-fixed            Branch decision
             906     460k       5178              1  = _int5007
             906     470k       5239              1  = _int2304
             906     480k       4702              1  = _int4117
             906     490k       5387              0  = _int5129
             906     500k       5257              0  = _int608
             906     510k       6180              0  = _int5597
             906     520k       4712              1  = _int1393
             906     530k       5557        F     0  = _int7026
             906     540k       4708              1  = _int2845
             906     550k       4709              1  = _int4993
             906     560k       5525              1  = _int3168
             906     570k       4702              1  = _int5384
             906     580k       5545              1  = _int5065
             906     590k       4705              1  = _int6055
             906     600k       4732              1  = _int1996
             906     610k       5151              0  = _int5312
             906     620k       4893              1  = _int2521
             906     630k       5122              1  = _int5824
             906     640k       4735              1  = _int6492
             906     650k       5288        F     0  = _int6816
 ! Time = 387.37s, Average fail depth = 565, Memory usage = 63.4 MB
 ! Current bound is 1 (gap is 99.89%)
 !          Best Branches  Non-fixed            Branch decision
             906     660k       4715              1  = _int3103
             906     670k       5189              0  = _int6143
             906     680k       5238              1  = _int5317
             906     690k       5404              1  = _int95
             906     700k       5204              0  = _int3788
             906     710k       5205              1  = _int4716
             906     720k       5290              0  = _int2252
             906     730k       5480              1  = _int793
             906     740k       4733              1  = _int1321
             906     750k       5559              1  = _int370
             906     760k       5621              1  = _int5461
             906     770k       4734        F     0  = _int195
             906     780k       5633              1  = _int1910
             906     790k       5290        F     0  = _int5434
             906     800k       5644              0  = _int2249
             906     810k       5634              1  = _int2476
             906     820k       4749        F     0  = _int1440
             906     830k       5626              1  = _int3849
             906     840k       5626              0  = _int4568
             906     850k       4742              1  = _int424
 ! Time = 513.03s, Average fail depth = 570, Memory usage = 63.4 MB
 ! Current bound is 1 (gap is 99.89%)
 !          Best Branches  Non-fixed            Branch decision
             906     860k       5291              1  = _int2110
             906     870k       5292              1  = _int4267
             906     880k       5635              1  = _int451
             906     890k       5294              0  = _int5054
             906     900k       5632              1  = _int2836
             906     910k       5626              1  = _int814
             906     920k       5638              0  = _int5648
             906     930k       5638              0  = _int553
             906     940k       5631              0  = _int3389
             906     950k       5649              0  = _int1040
             906     960k       5620        F     1  = _int5643
             906     970k       5295        F     1  = _int3148
             906     980k       5622        F     0  = _int7339
             906     990k       5294              1  = _int1573
             906    1000k       4746              0  = _int4367
             906    1010k       5622              1  = _int3388
             906    1020k       5590              0  = _int4910
             906    1030k       4742              1  = _int5479
             906    1040k       5550        F     0  = _int1440
             906    1050k       5530              1  = _int4905
 ! Time = 636.84s, Average fail depth = 575, Memory usage = 63.4 MB
 ! Current bound is 1 (gap is 99.89%)
 !          Best Branches  Non-fixed            Branch decision
             906    1060k       5527              1  = _int4052
             906    1070k       5292        F     0  = _int4156
             906    1080k       5535              1  = _int5709
             906    1090k       5566              1  = _int6720
             906    1100k       4601              0  = _int2648
             906    1110k       2082        F     0  = _int581
             906    1120k       3530        F     0  = _int4285
             906    1130k       2920              1  = _int3208
             906    1140k       5519              1  = _int2544
             906    1150k       5841              1  = _int6196
             906    1160k       3934                 -
             906    1170k       1302                 -
             906    1180k          1        F     0  = _int6525
             906    1190k          1              1  = _int5968
             906    1200k       5641              0  = _int5858
             906    1210k       5269              1  = _int2443
             906    1220k       5796              1  = _int7620
             906    1230k       5626              0  = _int2672
             906    1240k       5609              1  = _int6694
             906    1250k       5618              1  = _int1216
 ! Time = 889.00s, Average fail depth = 553, Memory usage = 65.1 MB
 ! Current bound is 1 (gap is 99.89%)
 !          Best Branches  Non-fixed            Branch decision
             906    1260k       5603              1  = _int5488
 ! ----------------------------------------------------------------------------
 ! Search terminated by limit, 13 solutions found.
 ! Best objective         : 906 (gap is 99.89%)
 ! Best bound             : 1
 ! Number of branches     : 1264858
 ! Number of fails        : 183645
 ! Total memory usage     : 74.3 MB (65.1 MB CP Optimizer + 9.2 MB Concert)
 ! Time spent in solve    : 900.00s (899.99s engine + 0.00s extraction)
 ! Search speed (br. / s) : 1405.4
 ! ----------------------------------------------------------------------------
solve:1
Flips: 906
Log Likelihood: -2761.76
