reading  from file input/AML-34-001_input.csv
rows: 4359
cols: 4
input zeros:16638
input ones:750
input missing:48
total fp flips allowed:0
adding objective
 ! ----------------------------------------------------------------------------
 ! Minimization problem - 17441 variables, 86872 constraints, 1 phase
 ! Presolve      : 2 extractables eliminated
 ! TimeLimit            = 900
 ! Workers              = 1
 ! LogPeriod            = 10000
 ! Initial process time : 1.04s (1.03s extraction + 0.00s propagation)
 !  . Log search space  : 16646.0 (before), 16646.0 (after)
 !  . Memory usage      : 45.7 MB (before), 45.7 MB (after)
 ! Using sequential search.
 ! ----------------------------------------------------------------------------
 !          Best Branches  Non-fixed            Branch decision
 ! ----------------------------------------------------------------------------
 ! Minimization problem - 17441 variables, 86872 constraints, 1 phase
 ! Presolve      : 2 extractables eliminated
 ! TimeLimit            = 900
 ! Workers              = 1
 ! LogPeriod            = 10000
 ! Initial process time : 0.06s (0.05s extraction + 0.00s propagation)
 !  . Log search space  : 16646.0 (before), 16646.0 (after)
 !  . Memory usage      : 45.7 MB (before), 45.7 MB (after)
 ! Using sequential search.
 ! ----------------------------------------------------------------------------
 !          Best Branches  Non-fixed            Branch decision
                        0      17441                 -
 + New bound is 0
                        6          4        F     3  = _int17436
 + New bound is 1
 *           552     8682  3.84s               (gap is 99.82%)
             552    10000          1              1  = _int10649
             552    20000          1              1  = _int5101
             552    30000          1              0  = _int9711
             552    40000          1              0  = _int10323
 *           488    42649  14.39s              (gap is 99.80%)
             488    50000          1              1  = _int7375
             488    60000          1              1  = _int2391
             488    70000          1              0  = _int8191
             488    80000          1              0  = _int8420
             488    90000          1              0  = _int5066
 *           135    92819  32.95s              (gap is 99.26%)
             135    92833          1        F     3  = _int17436
 + New bound is 69 (gap is 48.89%)
             135    92855          1        F     2  = _int17439
 + New bound is 103 (gap is 23.70%)
             135    92875          1        F     3  = _int17439
 + New bound is 120 (gap is 11.11%)
             135    92895          1        F     2  = _int17439
 + New bound is 129 (gap is 4.44%)
             135    92913          1        F     3  = _int17439
 + New bound is 133 (gap is 1.48%)
             135    92933          1        F     2  = _int17439
 + New bound is 135 (gap is 0%)
 ! Time = 34.15s, Average fail depth = 294, Memory usage = 172.3 MB
 ! Current bound is 135 (gap is 0%)
 !          Best Branches  Non-fixed            Branch decision
 ! ----------------------------------------------------------------------------
 ! Search completed, 3 solutions found.
 ! Best objective         : 135 (optimal - effective tol. is 0)
 ! Best bound             : 135
 ! Number of branches     : 92933
 ! Number of fails        : 76
 ! Total memory usage     : 194.9 MB (172.3 MB CP Optimizer + 22.5 MB Concert)
 ! Time spent in solve    : 34.17s (34.12s engine + 0.05s extraction)
 ! Search speed (br. / s) : 2722.9
 ! ----------------------------------------------------------------------------
solve:1
Flips: 135
Log Likelihood: -nan
