reading  from file input/AML-87-001_input.csv
rows: 3399
cols: 3
input zeros:7155
input ones:3009
input missing:33
total fp flips allowed:0
adding objective
 ! ----------------------------------------------------------------------------
 ! Minimization problem - 10201 variables, 40645 constraints, 1 phase
 ! Presolve      : 2 extractables eliminated
 ! TimeLimit            = 900
 ! Workers              = 1
 ! LogPeriod            = 10000
 ! Initial process time : 0.41s (0.41s extraction + 0.00s propagation)
 !  . Log search space  : 7159.8 (before), 7159.8 (after)
 !  . Memory usage      : 16.5 MB (before), 16.5 MB (after)
 ! Using sequential search.
 ! ----------------------------------------------------------------------------
 !          Best Branches  Non-fixed            Branch decision
 ! ----------------------------------------------------------------------------
 ! Minimization problem - 10201 variables, 40645 constraints, 1 phase
 ! Presolve      : 2 extractables eliminated
 ! TimeLimit            = 900
 ! Workers              = 1
 ! LogPeriod            = 10000
 ! Initial process time : 0.02s (0.01s extraction + 0.00s propagation)
 !  . Log search space  : 7159.8 (before), 7159.8 (after)
 !  . Memory usage      : 16.5 MB (before), 16.5 MB (after)
 ! Using sequential search.
 ! ----------------------------------------------------------------------------
 !          Best Branches  Non-fixed            Branch decision
                        0      10201                 -
 + New bound is 0
                        4          3        F     2  = _int10197
 + New bound is 1
 *          1927     3695  0.43s               (gap is 99.95%)
            1927    10000          1              0  = _int9013
            1927    20000          1              1  = _int1300
            1927    30000          1              1  = _int10056
            1927    36359          1        F     2  = _int10197
 + New bound is 965 (gap is 49.92%)
            1927    40000          1              0  = _int5957
 *          1073    40514  3.41s               (gap is 10.07%)
            1073    40520          1        F     2  = _int10197
 + New bound is 1020 (gap is 4.94%)
            1073    40528          1        F     2  = _int10199
 + New bound is 1048 (gap is 2.33%)
            1073    40534          1        F     2  = _int10197
 + New bound is 1062 (gap is 1.03%)
            1073    40540          1        F     2  = _int10197
 + New bound is 1069 (gap is 0.37%)
            1073    40546          1        F     2  = _int10197
 + New bound is 1072 (gap is 0.093%)
            1073    46730          1        F     2  = _int10197
 + New bound is 1073 (gap is 0%)
 ! ----------------------------------------------------------------------------
 ! Search completed, 2 solutions found.
 ! Best objective         : 1073 (optimal - effective tol. is 0)
 ! Best bound             : 1073
 ! Number of branches     : 46730
 ! Number of fails        : 4124
 ! Total memory usage     : 83.6 MB (72.1 MB CP Optimizer + 11.6 MB Concert)
 ! Time spent in solve    : 26.38s (26.36s engine + 0.01s extraction)
 ! Search speed (br. / s) : 1772.8
 ! ----------------------------------------------------------------------------
solve:1
Flips: 1073
Log Likelihood: -nan
