reading  from file input/AML-59-001_input.csv
rows: 2662
cols: 4
input zeros:4402
input ones:6054
input missing:192
total fp flips allowed:0
adding objective
 ! ----------------------------------------------------------------------------
 ! Minimization problem - 10653 variables, 51940 constraints, 1 phase
 ! Presolve      : 2 extractables eliminated
 ! TimeLimit            = 900
 ! Workers              = 1
 ! LogPeriod            = 10000
 ! Initial process time : 0.58s (0.58s extraction + 0.00s propagation)
 !  . Log search space  : 4410.0 (before), 4410.0 (after)
 !  . Memory usage      : 18.5 MB (before), 18.5 MB (after)
 ! Using sequential search.
 ! ----------------------------------------------------------------------------
 !          Best Branches  Non-fixed            Branch decision
 ! ----------------------------------------------------------------------------
 ! Minimization problem - 10653 variables, 51940 constraints, 1 phase
 ! Presolve      : 2 extractables eliminated
 ! TimeLimit            = 900
 ! Workers              = 1
 ! LogPeriod            = 10000
 ! Initial process time : 0.02s (0.01s extraction + 0.00s propagation)
 !  . Log search space  : 4410.0 (before), 4410.0 (after)
 !  . Memory usage      : 18.5 MB (before), 18.5 MB (after)
 ! Using sequential search.
 ! ----------------------------------------------------------------------------
 !          Best Branches  Non-fixed            Branch decision
                        0      10653                 -
 + New bound is 0
                        6          4        F     3  = _int10648
 + New bound is 1
 *          3422      556  0.14s               (gap is 99.97%)
 *          2672     4387  0.32s               (gap is 99.96%)
 *           617     8646  0.46s               (gap is 99.84%)
             617    10000          1              0  = _int7808
             617    14856          1        F     3  = _int10648
 + New bound is 310 (gap is 49.76%)
             617    14870          1        F     3  = _int10648
 + New bound is 465 (gap is 24.64%)
             617    14888          1        F     3  = _int10651
 + New bound is 542 (gap is 12.16%)
             617    14912          1        F     3  = _int10649
 + New bound is 581 (gap is 5.83%)
             617    14932          1        F     3  = _int10648
 + New bound is 600 (gap is 2.76%)
             617    14950          1        F     3  = _int10651
 + New bound is 610 (gap is 1.13%)
             617    14966          1        F     3  = _int10648
 + New bound is 615 (gap is 0.32%)
             617    14986          1        F     3  = _int10651
 + New bound is 617 (gap is 0%)
 ! ----------------------------------------------------------------------------
 ! Search completed, 3 solutions found.
 ! Best objective         : 617 (optimal - effective tol. is 0)
 ! Best bound             : 617
 ! Number of branches     : 14986
 ! Number of fails        : 89
 ! Total memory usage     : 97.8 MB (82.3 MB CP Optimizer + 15.5 MB Concert)
 ! Time spent in solve    : 1.10s (1.08s engine + 0.01s extraction)
 ! Search speed (br. / s) : 13748.6
 ! ----------------------------------------------------------------------------
solve:1
Flips: 617
Log Likelihood: -nan
