reading  from file input/AML-49-001_input.csv
rows: 7779
cols: 3
input zeros:3861
input ones:16521
input missing:2955
total fp flips allowed:0
adding objective
 ! ----------------------------------------------------------------------------
 ! Minimization problem - 23341 variables, 78669 constraints, 1 phase
 ! Presolve      : 2 extractables eliminated
 ! TimeLimit            = 900
 ! Workers              = 1
 ! LogPeriod            = 10000
 ! Initial process time : 0.93s (0.91s extraction + 0.01s propagation)
 !  . Log search space  : 3865.8 (before), 3865.8 (after)
 !  . Memory usage      : 20.0 MB (before), 20.0 MB (after)
 ! Using sequential search.
 ! ----------------------------------------------------------------------------
 !          Best Branches  Non-fixed            Branch decision
 ! ----------------------------------------------------------------------------
 ! Minimization problem - 23341 variables, 78669 constraints, 1 phase
 ! Presolve      : 2 extractables eliminated
 ! TimeLimit            = 900
 ! Workers              = 1
 ! LogPeriod            = 10000
 ! Initial process time : 0.04s (0.04s extraction + 0.00s propagation)
 !  . Log search space  : 3865.8 (before), 3865.8 (after)
 !  . Memory usage      : 20.0 MB (before), 20.0 MB (after)
 ! Using sequential search.
 ! ----------------------------------------------------------------------------
 !          Best Branches  Non-fixed            Branch decision
                        0      23341                 -
 + New bound is 0
                        4          3        F     2  = _int23337
 + New bound is 1
 *          1769     1745  0.19s               (gap is 99.94%)
 *          1651     8589  0.42s               (gap is 99.94%)
            1651    10000          1              1  = _int18817
            1651    17261          1        F     2  = _int23337
 + New bound is 827 (gap is 49.91%)
            1651    17269          1        F     2  = _int23337
 + New bound is 1240 (gap is 24.89%)
            1651    17279          1        F     1  = _int23337
 + New bound is 1447 (gap is 12.36%)
            1651    17287          1        F     2  = _int23337
 + New bound is 1550 (gap is 6.12%)
 *          1584    19253  0.91s               (gap is 2.15%)
            1584    19261          1        F     2  = _int23337
 + New bound is 1568 (gap is 1.01%)
            1584    19271          1        F     1  = _int23337
 + New bound is 1577 (gap is 0.44%)
            1584    19279          1        F     2  = _int23337
 + New bound is 1582 (gap is 0.13%)
            1584    19287          1        F     2  = _int23337
 + New bound is 1584 (gap is 0%)
 ! ----------------------------------------------------------------------------
 ! Search completed, 3 solutions found.
 ! Best objective         : 1584 (optimal - effective tol. is 0)
 ! Best bound             : 1584
 ! Number of branches     : 19287
 ! Number of fails        : 54
 ! Total memory usage     : 133.3 MB (106.1 MB CP Optimizer + 27.2 MB Concert)
 ! Time spent in solve    : 1.03s (0.99s engine + 0.04s extraction)
 ! Search speed (br. / s) : 19481.8
 ! ----------------------------------------------------------------------------
solve:1
Flips: 1584
Log Likelihood: -nan
