reading  from file input/AML-91-001_input.csv
rows: 3941
cols: 6
input zeros:6768
input ones:13650
input missing:3228
total fp flips allowed:0
adding objective
 ! ----------------------------------------------------------------------------
 ! Minimization problem - 23653 variables, 131008 constraints, 1 phase
 ! Presolve      : 2 extractables eliminated
 ! TimeLimit            = 900
 ! Workers              = 1
 ! LogPeriod            = 10000
 ! Initial process time : 1.41s (1.38s extraction + 0.02s propagation)
 !  . Log search space  : 6783.5 (before), 6783.5 (after)
 !  . Memory usage      : 43.5 MB (before), 43.5 MB (after)
 ! Using sequential search.
 ! ----------------------------------------------------------------------------
 !          Best Branches  Non-fixed            Branch decision
 ! ----------------------------------------------------------------------------
 ! Minimization problem - 23653 variables, 131008 constraints, 1 phase
 ! Presolve      : 2 extractables eliminated
 ! TimeLimit            = 900
 ! Workers              = 1
 ! LogPeriod            = 10000
 ! Initial process time : 0.06s (0.05s extraction + 0.00s propagation)
 !  . Log search space  : 6783.5 (before), 6783.5 (after)
 !  . Memory usage      : 43.5 MB (before), 43.5 MB (after)
 ! Using sequential search.
 ! ----------------------------------------------------------------------------
 !          Best Branches  Non-fixed            Branch decision
                        0      23653                 -
 + New bound is 0
                       10          6        F     5  = _int23647
 + New bound is 1
 *          4008     2057  0.35s               (gap is 99.98%)
            4008    10000          1              1  = _int12506
            4008    20000          1              0  = _int12248
 *          1989    22888  1.59s               (gap is 99.95%)
            1989    23068          1        F     5  = _int23647
 + New bound is 996 (gap is 49.92%)
 *          1727    28451  7.31s               (gap is 42.33%)
            1727    28581          1        F     4  = _int23646
 + New bound is 1362 (gap is 21.13%)
            1727    28737          1        F     3  = _int23646
 + New bound is 1546 (gap is 10.48%)
            1727    28935          1        F     3  = _int23646
 + New bound is 1638 (gap is 5.15%)
            1727    30000          1        F     2  = _int23650
            1727    40000          2        F     2  = _int23649
            1727    50000          2        F     5  = _int23651
            1727    60000       5046        F     1  = _int23646
            1727    70000          2              0 != _int23648
            1727    80000          2              3  = _int23649
            1727    90000          2        F     5  = _int23648
            1727     100k       5045              4 != _int23649
            1727     110k          2        F     0  = _int23651
 ! Time = 256.66s, Average fail depth = 8, Memory usage = 189.1 MB
 ! Current bound is 1638 (gap is 5.15%)
 !          Best Branches  Non-fixed            Branch decision
            1727     120k          2        F     5  = _int23649
            1727     130k          2              4 != _int23646
            1727     138k          2        F     1  = _int23647
 + New bound is 1727 (gap is 0%)
 ! ----------------------------------------------------------------------------
 ! Search completed, 3 solutions found.
 ! Best objective         : 1727 (optimal - effective tol. is 0)
 ! Best bound             : 1727
 ! Number of branches     : 138611
 ! Number of fails        : 56200
 ! Total memory usage     : 226.2 MB (189.4 MB CP Optimizer + 36.9 MB Concert)
 ! Time spent in solve    : 345.50s (345.45s engine + 0.05s extraction)
 ! Search speed (br. / s) : 401.2
 ! ----------------------------------------------------------------------------
solve:1
Flips: 1727
Log Likelihood: -nan
