reading  from file input/AML-35-001_input.csv
rows: 7584
cols: 3
input zeros:19245
input ones:3430
input missing:77
total fp flips allowed:0
adding objective
 ! ----------------------------------------------------------------------------
 ! Minimization problem - 22756 variables, 90629 constraints, 1 phase
 ! Presolve      : 2 extractables eliminated
 ! TimeLimit            = 900
 ! Workers              = 1
 ! LogPeriod            = 10000
 ! Initial process time : 1.05s (1.03s extraction + 0.01s propagation)
 !  . Log search space  : 19249.8 (before), 19249.8 (after)
 !  . Memory usage      : 41.2 MB (before), 41.2 MB (after)
 ! Using sequential search.
 ! ----------------------------------------------------------------------------
 !          Best Branches  Non-fixed            Branch decision
 ! ----------------------------------------------------------------------------
 ! Minimization problem - 22756 variables, 90629 constraints, 1 phase
 ! Presolve      : 2 extractables eliminated
 ! TimeLimit            = 900
 ! Workers              = 1
 ! LogPeriod            = 10000
 ! Initial process time : 0.05s (0.05s extraction + 0.00s propagation)
 !  . Log search space  : 19249.8 (before), 19249.8 (after)
 !  . Memory usage      : 41.2 MB (before), 41.2 MB (after)
 ! Using sequential search.
 ! ----------------------------------------------------------------------------
 !          Best Branches  Non-fixed            Branch decision
                        0      22756                 -
 + New bound is 0
                        4          3        F     2  = _int22752
 + New bound is 1
                    10000          3              0  = _int8540
 *           240    12547  8.42s               (gap is 99.58%)
             240    20000          1              1  = _int7748
             240    30000          1              0  = _int21224
             240    40000          1              0  = _int18184
             240    50000          1              0  = _int16705
             240    60000          1              0  = _int20605
             240    70000       2270              0  = _int2673
 *           140    72023  32.21s              (gap is 99.29%)
             140    80000          1              1  = _int9837
             140    90000          1              1  = _int15172
             140     100k          1              0  = _int9697
             140     104k          1        F     2  = _int22752
 + New bound is 71 (gap is 49.29%)
             140     104k          1        F     2  = _int22752
 + New bound is 107 (gap is 23.57%)
             140     104k          1        F     2  = _int22752
 + New bound is 125 (gap is 10.71%)
             140     104k          1        F     1  = _int22752
 + New bound is 134 (gap is 4.29%)
             140     104k          1        F     2  = _int22752
 + New bound is 138 (gap is 1.43%)
             140     104k          1        F     1  = _int22752
 + New bound is 140 (gap is 0%)
 ! Time = 48.88s, Average fail depth = 519, Memory usage = 169.9 MB
 ! Current bound is 140 (gap is 0%)
 !          Best Branches  Non-fixed            Branch decision
 ! ----------------------------------------------------------------------------
 ! Search completed, 2 solutions found.
 ! Best objective         : 140 (optimal - effective tol. is 0)
 ! Best bound             : 140
 ! Number of branches     : 104144
 ! Number of fails        : 36
 ! Total memory usage     : 197.0 MB (169.9 MB CP Optimizer + 27.0 MB Concert)
 ! Time spent in solve    : 48.91s (48.86s engine + 0.05s extraction)
 ! Search speed (br. / s) : 2131.5
 ! ----------------------------------------------------------------------------
solve:1
Flips: 140
Log Likelihood: -nan
