reading  from file input/AML-76-001_input.csv
rows: 8033
cols: 8
input zeros:43363
input ones:20730
input missing:171
total fp flips allowed:0
adding objective
 ! ----------------------------------------------------------------------------
 ! Minimization problem - 64273 variables, 575939 constraints, 1 phase
 ! Presolve      : 2 extractables eliminated
 ! TimeLimit            = 900
 ! Workers              = 1
 ! LogPeriod            = 10000
 ! Initial process time : 7.33s (7.26s extraction + 0.06s propagation)
 !  . Log search space  : 43387.0 (before), 43387.0 (after)
 !  . Memory usage      : 284.1 MB (before), 284.1 MB (after)
 ! Using sequential search.
 ! ----------------------------------------------------------------------------
 !          Best Branches  Non-fixed            Branch decision
 ! ----------------------------------------------------------------------------
 ! Minimization problem - 64273 variables, 575939 constraints, 1 phase
 ! Presolve      : 2 extractables eliminated
 ! TimeLimit            = 900
 ! Workers              = 1
 ! LogPeriod            = 10000
 ! Initial process time : 0.37s (0.32s extraction + 0.05s propagation)
 !  . Log search space  : 43387.0 (before), 43387.0 (after)
 !  . Memory usage      : 284.1 MB (before), 284.1 MB (after)
 ! Using sequential search.
 ! ----------------------------------------------------------------------------
 !          Best Branches  Non-fixed            Branch decision
                        0      64273                 -
 + New bound is 0
                       14          8        F     7  = _int64265
 + New bound is 1
 *         35289     3545  2.79s               (gap is 100.00%)
           35289    10000          1              0  = _int46829
           35289    20000          1              1  = _int53884
 *         27577    26970  16.47s              (gap is 100.00%)
           27577    30000          1              0  = _int201
           27577    40000          1              0  = _int54534
           27577    50000       1284              0  = _int2082
 *         25505    51196  24.63s              (gap is 100.00%)
           25505    60000          1              1  = _int14497
           25505    70000          1              1  = _int46489
           25505    80000          1              0  = _int47045
 *         22994    82989  41.25s              (gap is 100.00%)
           22994    90000          1              0  = _int3426
 *         11226    99498  70.36s              (gap is 99.99%)
           11226     100k          1              0  = _int3525
           11226     110k      10774              0  = _int62033
 *          4997     117k  111.35s             (gap is 99.98%)
 *          3748     118k  165.80s             (gap is 99.97%)
 ! Time = 165.80s, Average fail depth = 94, Memory usage = 921.8 MB
 ! Current bound is 1 (gap is 99.97%)
 !          Best Branches  Non-fixed            Branch decision
            3748     118k          1        F     7  = _int64270
 + New bound is 1875 (gap is 49.97%)
            3748     120k          1              2 != _int64270
            3748     130k      25123              0  = _int21441
            3748     140k       3610              0  = _int46663
 *          3690     142k  417.89s             (gap is 49.19%)
            3690     150k          1              0  = _int15818
            3690     160k       1344              0  = _int58382
 *          3642     161k  474.01s             (gap is 48.52%)
            3642     170k          1              0  = _int55062
 *          3629     179k  542.99s             (gap is 48.33%)
            3629     180k          1        F     5  = _int64269
 *          3628     180k  554.03s             (gap is 48.32%)
 *          3627     180k  557.34s             (gap is 48.30%)
 ! ----------------------------------------------------------------------------
 ! Search terminated by limit, 12 solutions found.
 ! Best objective         : 3627 (gap is 48.30%)
 ! Best bound             : 1875
 ! Number of branches     : 188303
 ! Number of fails        : 8577
 ! Total memory usage     : 1.1 GB (0.9 GB CP Optimizer + 0.1 GB Concert)
 ! Time spent in solve    : 900.24s (899.91s engine + 0.32s extraction)
 ! Search speed (br. / s) : 209.2
 ! ----------------------------------------------------------------------------
solve:1
Flips: 3627
Log Likelihood: -nan
