reading  from file input/AML-03-001_input.csv
rows: 8951
cols: 2
input zeros:3140
input ones:14443
input missing:319
total fp flips allowed:32
adding objective
 ! ----------------------------------------------------------------------------
 ! Minimization problem - 17905 variables, 52751 constraints, 1 phase
 ! Presolve      : 2 extractables eliminated
 ! TimeLimit            = 900
 ! Workers              = 1
 ! LogPeriod            = 10000
 ! Initial process time : 0.55s (0.54s extraction + 0.00s propagation)
 !  . Log search space  : 17590.0 (before), 17590.0 (after)
 !  . Memory usage      : 19.8 MB (before), 19.8 MB (after)
 ! Using sequential search.
 ! ----------------------------------------------------------------------------
 !          Best Branches  Non-fixed            Branch decision
 ! ----------------------------------------------------------------------------
 ! Minimization problem - 17905 variables, 52751 constraints, 1 phase
 ! Presolve      : 2 extractables eliminated
 ! TimeLimit            = 900
 ! Workers              = 1
 ! LogPeriod            = 10000
 ! Initial process time : 0.01s (0.01s extraction + 0.00s propagation)
 !  . Log search space  : 17590.0 (before), 17590.0 (after)
 !  . Memory usage      : 19.8 MB (before), 19.8 MB (after)
 ! Using sequential search.
 ! ----------------------------------------------------------------------------
 !          Best Branches  Non-fixed            Branch decision
                        0      17905                 -
 + New bound is 0
                        2      14446        F     1  = _int17902
 + New bound is 1
 *          1824     1088  0.19s               (gap is 99.95%)
 *          1522     6307  0.51s               (gap is 99.93%)
 *           926     9108  1.33s               (gap is 99.89%)
             926    10000          1              0  = _int5489
 *           282    11732  1.43s               (gap is 99.65%)
             282    20000          1              1  = _int13167
             282    30000          1              0  = _int17336
 *           259    32747  4.26s               (gap is 99.61%)
             259    40000          1        F     0  = _int4279
             259    50000      15328              0  = _int1651
 *           255    55795  28.24s              (gap is 99.61%)
             255    60000          5              0  = _int14507
             255    70000      14853              1  = _int5313
             255    80000      12950              1  = _int11399
             255    90000       5652              1  = _int8422
             255     100k       3004              1  = _int138
 *           254     107k  72.14s              (gap is 99.61%)
             254     110k          3              0  = _int12558
 ! Time = 73.13s, Average fail depth = 581, Memory usage = 113.6 MB
 ! Current bound is 1 (gap is 99.61%)
 !          Best Branches  Non-fixed            Branch decision
 *           253     110k  73.16s              (gap is 99.60%)
             253     120k          4              1  = _int15904
             253     130k       3012              1  = _int16020
             253     140k       2949              1  = _int8896
 *           252     149k  89.79s              (gap is 99.60%)
             252     150k       2952              0  = _int8517
             252     160k      10085              0  = _int5324
             252     170k       7399              1  = _int4810
             252     180k       2960              0  = _int12124
             252     190k       8489              1  = _int4880
             252     200k       2964              1  = _int11274
             252     210k       2984              0  = _int7050
             252     220k       5728              1  = _int8772
             252     230k       2969              1  = _int2138
             252     240k       3005              1  = _int4328
             252     250k       3089              1  = _int3142
             252     260k       3137              1  = _int3028
             252     270k       3200              1  = _int8480
             252     280k       3209              1  = _int8514
             252     290k      15955              0  = _int11780
 ! Time = 174.02s, Average fail depth = 1350, Memory usage = 113.9 MB
 ! Current bound is 1 (gap is 99.60%)
 !          Best Branches  Non-fixed            Branch decision
             252     300k      10926              1  = _int7909
             252     310k       9565              1  = _int3790
             252     320k       2957              1  = _int15444
             252     330k       3118              0  = _int5414
             252     340k      13031              1  = _int3602
             252     350k       2941              1  = _int5274
             252     360k       2989              0  = _int6518
             252     370k       4031              1  = _int5857
             252     380k       2913              1  = _int912
             252     390k       2881              0  = _int6149
             252     400k      15090              1  = _int1988
             252     410k       9370              1  = _int4894
             252     420k       3028        F     0  = _int10752
             252     430k       4288              1  = _int8368
             252     440k       2915              1  = _int2350
             252     450k       2942              1  = _int16812
             252     460k       2947              1  = _int11260
             252     470k       9134              1  = _int6769
             252     480k       6685              1  = _int12905
             252     490k       2897        F     0  = _int7912
 ! Time = 296.54s, Average fail depth = 1565, Memory usage = 113.9 MB
 ! Current bound is 1 (gap is 99.60%)
 !          Best Branches  Non-fixed            Branch decision
             252     500k      14983              1  = _int7589
             252     510k       9104              1  = _int12578
             252     520k       2834              0  = _int13780
             252     530k       8848              1  = _int8886
             252     540k       2862              0  = _int2216
             252     550k       2514              1  = _int2814
             252     560k       8832              1  = _int12404
             252     570k       2882              1  = _int7200
             252     580k       2533              0  = _int13659
             252     590k      16129              0  = _int4783
             252     600k       2749              1  = _int1704
             252     610k      13401              1  = _int1640
             252     620k       2774              1  = _int16876
             252     630k       2484              0  = _int12609
             252     640k       2987              1  = _int15582
             252     650k       2440              1  = _int17861
             252     660k       2359              1  = _int15698
             252     670k       2996              1  = _int13754
             252     680k      10365              1  = _int5586
             252     690k       8747              0  = _int16438
 ! Time = 427.97s, Average fail depth = 1539, Memory usage = 113.9 MB
 ! Current bound is 1 (gap is 99.60%)
 !          Best Branches  Non-fixed            Branch decision
             252     700k       3080              0  = _int5462
             252     710k       6402              1  = _int17063
             252     720k       3079              1  = _int9811
             252     730k       3093              1  = _int15170
             252     740k       3099              0  = _int6446
             252     750k      11879              1  = _int5144
             252     760k       3101              1  = _int13228
             252     770k       2317              1  = _int8996
             252     780k      12811              1  = _int1882
             252     790k       5696              1  = _int17338
             252     800k       3199              1  = _int17538
             252     810k       3216              1  = _int1670
             252     820k       3231              1  = _int5082
             252     830k       3271              0  = _int282
             252     840k      11357              1  = _int12162
             252     850k       3292              1  = _int17294
             252     860k       3274        F     0  = _int15480
             252     870k      16177        F     0  = _int7338
             252     880k      15174              1  = _int8351
             252     890k      15280              1  = _int2893
 ! Time = 556.50s, Average fail depth = 1569, Memory usage = 113.9 MB
 ! Current bound is 1 (gap is 99.60%)
 !          Best Branches  Non-fixed            Branch decision
             252     900k       5735              1  = _int13604
             252     910k       3144              0  = _int5908
             252     920k      10717              1  = _int16506
             252     930k       3004              1  = _int9578
             252     940k       3015              1  = _int898
             252     950k       8371              1  = _int9456
             252     960k       3097              1  = _int2290
             252     970k       2971              1  = _int11612
             252     980k       8415              1  = _int6100
             252     990k       3146              0  = _int12863
             252    1000k       5201              1  = _int5923
             252    1010k       3036              1  = _int4915
             252    1020k       2836              1  = _int6484
             252    1030k       3143              1  = _int1331
             252    1040k      15269              1  = _int4244
             252    1050k       2813              1  = _int11972
             252    1060k       2836              1  = _int5762
             252    1070k       3141              0  = _int2256
             252    1080k       2972        F     1  = _int6470
             252    1090k       2981              1  = _int17500
 ! Time = 670.29s, Average fail depth = 1629, Memory usage = 113.9 MB
 ! Current bound is 1 (gap is 99.60%)
 !          Best Branches  Non-fixed            Branch decision
             252    1100k       3054              1  = _int590
             252    1110k       3083              1  = _int6232
             252    1120k      15225              0  = _int10913
             252    1130k      11795              1  = _int5148
             252    1140k       3086              0  = _int1852
             252    1150k      13443              1  = _int476
             252    1160k       7164              1  = _int6609
             252    1170k       3066              1  = _int3656
             252    1180k       3063              1  = _int7300
             252    1190k       3071              1  = _int6878
             252    1200k       8181              1  = _int4144
             252    1210k       3316              0  = _int4864
             252    1220k       6718              1  = _int1877
             252    1230k       3292              1  = _int16250
             252    1240k       8163              1  = _int7040
             252    1250k       3432              0  = _int16496
             252    1260k       9487              1  = _int17028
             252    1270k       3262        F     0  = _int14176
             252    1280k       5949              1  = _int9504
             252    1290k       3222              1  = _int13750
 ! Time = 802.00s, Average fail depth = 1585, Memory usage = 113.9 MB
 ! Current bound is 1 (gap is 99.60%)
 !          Best Branches  Non-fixed            Branch decision
             252    1300k       3277              1  = _int6026
             252    1310k       3411              0  = _int14078
             252    1320k       3239              0  = _int15193
             252    1330k       3371              1  = _int5842
             252    1340k       3240              1  = _int13723
             252    1350k       3307              1  = _int5923
             252    1360k       3314              1  = _int11161
             252    1370k       3283              1  = _int5853
             252    1380k       3296              1  = _int17483
             252    1390k       3355        F     0  = _int7308
             252    1400k       7147              1  = _int15199
             252    1410k       3340              1  = _int6064
             252    1420k       3401              0  = _int17304
             252    1430k       4817              1  = _int3411
             252    1440k       3443              0  = _int14323
             252    1450k       9633              1  = _int11552
             252    1460k       3431              1  = _int14702
 ! ----------------------------------------------------------------------------
 ! Search terminated by limit, 9 solutions found.
 ! Best objective         : 252 (gap is 99.60%)
 ! Best bound             : 1
 ! Number of branches     : 1464113
 ! Number of fails        : 74114
 ! Total memory usage     : 132.8 MB (113.9 MB CP Optimizer + 18.9 MB Concert)
 ! Time spent in solve    : 900.00s (899.98s engine + 0.01s extraction)
 ! Search speed (br. / s) : 1626.8
 ! ----------------------------------------------------------------------------
solve:1
Flips: 252
Log Likelihood: -1777.06
