reading  from file input/AML-83-001_input.csv
rows: 10470
cols: 3
input zeros:6762
input ones:23002
input missing:1646
total fp flips allowed:0
adding objective
 ! ----------------------------------------------------------------------------
 ! Minimization problem - 31414 variables, 117872 constraints, 1 phase
 ! Presolve      : 2 extractables eliminated
 ! TimeLimit            = 900
 ! Workers              = 1
 ! LogPeriod            = 10000
 ! Initial process time : 1.46s (1.45s extraction + 0.00s propagation)
 !  . Log search space  : 6766.8 (before), 6766.8 (after)
 !  . Memory usage      : 31.7 MB (before), 31.7 MB (after)
 ! Using sequential search.
 ! ----------------------------------------------------------------------------
 !          Best Branches  Non-fixed            Branch decision
 ! ----------------------------------------------------------------------------
 ! Minimization problem - 31414 variables, 117872 constraints, 1 phase
 ! Presolve      : 2 extractables eliminated
 ! TimeLimit            = 900
 ! Workers              = 1
 ! LogPeriod            = 10000
 ! Initial process time : 0.08s (0.07s extraction + 0.00s propagation)
 !  . Log search space  : 6766.8 (before), 6766.8 (after)
 !  . Memory usage      : 31.7 MB (before), 31.7 MB (after)
 ! Using sequential search.
 ! ----------------------------------------------------------------------------
 !          Best Branches  Non-fixed            Branch decision
                        0      31414                 -
 + New bound is 0
                        4          3        F     2  = _int31410
 + New bound is 1
 *          3365     3042  0.44s               (gap is 99.97%)
            3365    10000          1              0  = _int18911
            3365    20000          1              1  = _int11226
 *          3289    27788  1.90s               (gap is 99.97%)
            3289    27794          1        F     2  = _int31410
 + New bound is 1646 (gap is 49.95%)
            3289    27802          1        F     2  = _int31410
 + New bound is 2469 (gap is 24.93%)
            3289    27812          1        F     1  = _int31410
 + New bound is 2880 (gap is 12.44%)
            3289    27822          1        F     1  = _int31412
 + New bound is 3086 (gap is 6.17%)
            3289    27832          1        F     1  = _int31410
 + New bound is 3189 (gap is 3.04%)
            3289    30000          1              0  = _int12952
 *          3202    31009  2.50s               (gap is 0.41%)
            3202    31019          1        F     1  = _int31410
 + New bound is 3196 (gap is 0.19%)
            3202    31029          1        F     1  = _int31412
 + New bound is 3200 (gap is 0.062%)
            3202    31039          1        F     1  = _int31410
 + New bound is 3202 (gap is 0%)
 ! ----------------------------------------------------------------------------
 ! Search completed, 3 solutions found.
 ! Best objective         : 3202 (optimal - effective tol. is 0)
 ! Best bound             : 3202
 ! Number of branches     : 31039
 ! Number of fails        : 57
 ! Total memory usage     : 201.6 MB (163.8 MB CP Optimizer + 37.8 MB Concert)
 ! Time spent in solve    : 2.72s (2.65s engine + 0.07s extraction)
 ! Search speed (br. / s) : 11712.8
 ! ----------------------------------------------------------------------------
solve:1
Flips: 3202
Log Likelihood: -nan
