reading  from file input/AML-63-001_input.csv
rows: 8347
cols: 4
input zeros:18387
input ones:14540
input missing:461
total fp flips allowed:0
adding objective
 ! ----------------------------------------------------------------------------
 ! Minimization problem - 33393 variables, 163749 constraints, 1 phase
 ! Presolve      : 2 extractables eliminated
 ! TimeLimit            = 900
 ! Workers              = 1
 ! LogPeriod            = 10000
 ! Initial process time : 1.76s (1.74s extraction + 0.02s propagation)
 !  . Log search space  : 18395.0 (before), 18395.0 (after)
 !  . Memory usage      : 65.2 MB (before), 65.2 MB (after)
 ! Using sequential search.
 ! ----------------------------------------------------------------------------
 !          Best Branches  Non-fixed            Branch decision
 ! ----------------------------------------------------------------------------
 ! Minimization problem - 33393 variables, 163749 constraints, 1 phase
 ! Presolve      : 2 extractables eliminated
 ! TimeLimit            = 900
 ! Workers              = 1
 ! LogPeriod            = 10000
 ! Initial process time : 0.11s (0.11s extraction + 0.00s propagation)
 !  . Log search space  : 18395.0 (before), 18395.0 (after)
 !  . Memory usage      : 65.2 MB (before), 65.2 MB (after)
 ! Using sequential search.
 ! ----------------------------------------------------------------------------
 !          Best Branches  Non-fixed            Branch decision
                        0      33393                 -
 + New bound is 0
                        6          4        F     3  = _int33388
 + New bound is 1
 *         12238     4393  0.99s               (gap is 99.99%)
           12238    10000          1              0  = _int25334
           12238    20000          1              1  = _int15552
 *         10671    22913  6.22s               (gap is 99.99%)
           10671    30000          1              0  = _int1989
 *         10360    32670  7.30s               (gap is 99.99%)
           10360    40000          1              1  = _int11934
           10360    50000          1              1  = _int32078
           10360    60000          1              0  = _int26652
 *          2496    66224  14.58s              (gap is 99.96%)
            2496    66252          1        F     2  = _int33391
 + New bound is 1249 (gap is 49.96%)
            2496    66278          1        F     3  = _int33391
 + New bound is 1874 (gap is 24.92%)
            2496    70000          1              0  = _int11664
 *          1929    77778  20.16s              (gap is 2.85%)
            1929    80000          1              0  = _int24614
 *          1880    89388  25.25s              (gap is 0.32%)
            1880    89418          1        F     2  = _int33391
 + New bound is 1878 (gap is 0.11%)
            1880    89442          1        F     1  = _int33391
 + New bound is 1880 (gap is 0%)
 ! Time = 26.00s, Average fail depth = 525, Memory usage = 269.1 MB
 ! Current bound is 1880 (gap is 0%)
 !          Best Branches  Non-fixed            Branch decision
 ! ----------------------------------------------------------------------------
 ! Search completed, 6 solutions found.
 ! Best objective         : 1880 (optimal - effective tol. is 0)
 ! Best bound             : 1880
 ! Number of branches     : 89442
 ! Number of fails        : 89
 ! Total memory usage     : 314.5 MB (269.1 MB CP Optimizer + 45.4 MB Concert)
 ! Time spent in solve    : 26.03s (25.91s engine + 0.11s extraction)
 ! Search speed (br. / s) : 3450.7
 ! ----------------------------------------------------------------------------
solve:1
Flips: 1880
Log Likelihood: -nan
