reading  from file input/AML-66-001_input.csv
rows: 7265
cols: 8
input zeros:42869
input ones:11688
input missing:3563
total fp flips allowed:0
adding objective
 ! ----------------------------------------------------------------------------
 ! Minimization problem - 58129 variables, 470053 constraints, 1 phase
 ! Presolve      : 2 extractables eliminated
 ! TimeLimit            = 900
 ! Workers              = 1
 ! LogPeriod            = 10000
 ! Initial process time : 6.32s (6.26s extraction + 0.05s propagation)
 !  . Log search space  : 42893.0 (before), 42893.0 (after)
 !  . Memory usage      : 251.0 MB (before), 251.0 MB (after)
 ! Using sequential search.
 ! ----------------------------------------------------------------------------
 !          Best Branches  Non-fixed            Branch decision
 ! ----------------------------------------------------------------------------
 ! Minimization problem - 58129 variables, 470053 constraints, 1 phase
 ! Presolve      : 2 extractables eliminated
 ! TimeLimit            = 900
 ! Workers              = 1
 ! LogPeriod            = 10000
 ! Initial process time : 0.30s (0.26s extraction + 0.03s propagation)
 !  . Log search space  : 42893.0 (before), 42893.0 (after)
 !  . Memory usage      : 251.0 MB (before), 251.0 MB (after)
 ! Using sequential search.
 ! ----------------------------------------------------------------------------
 !          Best Branches  Non-fixed            Branch decision
                        0      58129                 -
 + New bound is 0
                       14          8        F     7  = _int58121
 + New bound is 1
                    10000          8              0  = _int13297
 *         18434    11600  14.89s              (gap is 99.99%)
           18434    20000          1              1  = _int5774
           18434    30000          1              1  = _int25741
           18434    40000          1              0  = _int50225
           18434    50000          1              1  = _int47982
           18434    60000          1              0  = _int1092
           18434    70000          1              1  = _int54818
           18434    80000          1              0  = _int1251
           18434    90000          1              0  = _int12066
           18434     100k          1              0  = _int27739
           18434     110k       2870              0  = _int35382
 *          9201     112k  105.52s             (gap is 99.99%)
 *          4601     112k  117.91s             (gap is 99.98%)
            4601     120k          1              0  = _int22986
            4601     130k       2334              0  = _int16147
 *          3918     132k  225.80s             (gap is 99.97%)
 *          3796     137k  361.39s             (gap is 99.97%)
 ! Time = 361.39s, Average fail depth = 19, Memory usage = 802.9 MB
 ! Current bound is 1 (gap is 99.97%)
 !          Best Branches  Non-fixed            Branch decision
            3796     140k          1              4  = _int58121
            3796     150k      39077              6  = _int58120
 ! ----------------------------------------------------------------------------
 ! Search terminated by limit, 5 solutions found.
 ! Best objective         : 3796 (gap is 99.97%)
 ! Best bound             : 1
 ! Number of branches     : 155997
 ! Number of fails        : 13389
 ! Total memory usage     : 925.0 MB (802.9 MB CP Optimizer + 122.1 MB Concert)
 ! Time spent in solve    : 900.18s (899.91s engine + 0.26s extraction)
 ! Search speed (br. / s) : 173.3
 ! ----------------------------------------------------------------------------
solve:1
Flips: 3796
Log Likelihood: -nan
