reading  from file input/AML-09-001_input.csv
rows: 8354
cols: 5
input zeros:31299
input ones:9966
input missing:505
total fp flips allowed:32
adding objective
 ! ----------------------------------------------------------------------------
 ! Minimization problem - 41776 variables, 246115 constraints, 1 phase
 ! Presolve      : 2 extractables eliminated
 ! TimeLimit            = 900
 ! Workers              = 1
 ! LogPeriod            = 10000
 ! Initial process time : 3.26s (3.25s extraction + 0.01s propagation)
 !  . Log search space  : 41281.7 (before), 41281.7 (after)
 !  . Memory usage      : 134.9 MB (before), 134.9 MB (after)
 ! Using sequential search.
 ! ----------------------------------------------------------------------------
 !          Best Branches  Non-fixed            Branch decision
 ! ----------------------------------------------------------------------------
 ! Minimization problem - 41776 variables, 246115 constraints, 1 phase
 ! Presolve      : 2 extractables eliminated
 ! TimeLimit            = 900
 ! Workers              = 1
 ! LogPeriod            = 10000
 ! Initial process time : 0.15s (0.14s extraction + 0.01s propagation)
 !  . Log search space  : 41281.7 (before), 41281.7 (after)
 !  . Memory usage      : 134.9 MB (before), 134.9 MB (after)
 ! Using sequential search.
 ! ----------------------------------------------------------------------------
 !          Best Branches  Non-fixed            Branch decision
                        0      41776                 -
 + New bound is 0
                       16       9971        F     4  = _int41774
 + New bound is 1
 *         17738     6775  4.55s               (gap is 99.99%)
           17738    10000          1              0  = _int17415
           17738    20000          1              1  = _int40524
           17738    30000          1              1  = _int31582
           17738    40000          1              0  = _int30337
 *          9803    44163  19.31s              (gap is 99.99%)
            9803    50000          1              1  = _int25436
            9803    60000       3884              1  = _int34092
            9803    70000          1              0  = _int13142
            9803    80000          1              0  = _int29202
            9803    90000          1              0  = _int454
            9803     100k          1              0  = _int23455
            9803     110k          1        F     0  = _int3296
            9803     120k      27146              0  = _int30491
 *          8578     123k  144.89s             (gap is 99.99%)
            8578     130k      16095              0  = _int8517
            8578     140k        956              0  = _int11116
 *          3977     140k  175.12s             (gap is 99.97%)
 ! Time = 175.12s, Average fail depth = 482, Memory usage = 481.2 MB
 ! Current bound is 1 (gap is 99.97%)
 !          Best Branches  Non-fixed            Branch decision
            3977     150k          1              1  = _int20656
            3977     160k      22449              0  = _int23637
            3977     170k       3725              0  = _int8480
 *          3729     172k  302.15s             (gap is 99.97%)
            3729     180k        185              1  = _int35452
            3729     190k      36453              0  = _int34030
            3729     200k      18944              0  = _int13773
            3729     210k       1970              0  = _int41235
 *          3728     210k  474.42s             (gap is 99.97%)
 *          3727     211k  486.50s             (gap is 99.97%)
 *          3726     212k  490.42s             (gap is 99.97%)
            3726     220k       1516              0  = _int36505
 *          3011     228k  495.12s             (gap is 99.97%)
            3011     230k          1              0  = _int35817
            3011     240k      37236              1  = _int32860
            3011     250k       7844              0  = _int1829
 *          3000     255k  588.83s             (gap is 99.97%)
            3000     260k          1              1  = _int8034
            3000     270k      15708              0  = _int17851
 *          2999     279k  666.98s             (gap is 99.97%)
 ! Time = 666.98s, Average fail depth = 392, Memory usage = 483.5 MB
 ! Current bound is 1 (gap is 99.97%)
 !          Best Branches  Non-fixed            Branch decision
            2999     280k        728        F     0  = _int12914
            2999     290k      36197              0  = _int40050
            2999     300k      15352              0  = _int36030
 *          2998     309k  773.70s             (gap is 99.97%)
            2998     310k        698              0  = _int6734
            2998     320k      36229              1  = _int1835
            2998     330k      30311              0  = _int23100
 ! ----------------------------------------------------------------------------
 ! Search terminated by limit, 12 solutions found.
 ! Best objective         : 2998 (gap is 99.97%)
 ! Best bound             : 1
 ! Number of branches     : 334360
 ! Number of fails        : 14337
 ! Total memory usage     : 550.5 MB (483.9 MB CP Optimizer + 66.7 MB Concert)
 ! Time spent in solve    : 900.07s (899.92s engine + 0.14s extraction)
 ! Search speed (br. / s) : 371.5
 ! ----------------------------------------------------------------------------
solve:1
Flips: 2998
Log Likelihood: -9298.64
