reading  from file input/AML-42-001_input.csv
rows: 3309
cols: 8
input zeros:13540
input ones:9742
input missing:3190
total fp flips allowed:0
adding objective
 ! ----------------------------------------------------------------------------
 ! Minimization problem - 26481 variables, 191218 constraints, 1 phase
 ! Presolve      : 2 extractables eliminated
 ! TimeLimit            = 900
 ! Workers              = 1
 ! LogPeriod            = 10000
 ! Initial process time : 2.46s (2.43s extraction + 0.02s propagation)
 !  . Log search space  : 13564.0 (before), 13564.0 (after)
 !  . Memory usage      : 84.3 MB (before), 84.3 MB (after)
 ! Using sequential search.
 ! ----------------------------------------------------------------------------
 !          Best Branches  Non-fixed            Branch decision
 ! ----------------------------------------------------------------------------
 ! Minimization problem - 26481 variables, 191218 constraints, 1 phase
 ! Presolve      : 2 extractables eliminated
 ! TimeLimit            = 900
 ! Workers              = 1
 ! LogPeriod            = 10000
 ! Initial process time : 0.14s (0.11s extraction + 0.02s propagation)
 !  . Log search space  : 13564.0 (before), 13564.0 (after)
 !  . Memory usage      : 84.3 MB (before), 84.3 MB (after)
 ! Using sequential search.
 ! ----------------------------------------------------------------------------
 !          Best Branches  Non-fixed            Branch decision
                        0      26481                 -
 + New bound is 0
                       14          8        F     7  = _int26473
 + New bound is 1
 *         12546      495  0.76s               (gap is 99.99%)
 *          8247     7471  1.58s               (gap is 99.99%)
            8247    10000          1              0  = _int19298
 *          6574    14236  2.72s               (gap is 99.98%)
            6574    20000          1              1  = _int26022
 *          2267    28687  6.41s               (gap is 99.96%)
            2267    30000          1              4 != _int26477
 *          1675    37071  28.72s              (gap is 99.94%)
            1675    40000          1        F     6  = _int26472
 *          1443    46808  62.80s              (gap is 99.93%)
            1443    50000          1              0 != _int26472
 *          1353    58864  118.43s             (gap is 99.93%)
            1353    60000         62        F     4  = _int26475
            1353    70000       3705              0  = _int23412
 *          1292    72578  191.92s             (gap is 99.92%)
 *          1291    76411  207.33s             (gap is 99.92%)
            1291    80000          1              0  = _int13358
 *          1278    82774  208.13s             (gap is 99.92%)
 ! Time = 208.13s, Average fail depth = 15, Memory usage = 307.8 MB
 ! Current bound is 1 (gap is 99.92%)
 !          Best Branches  Non-fixed            Branch decision
 *          1268    89392  211.26s             (gap is 99.92%)
            1268    90000          1              3  = _int26479
            1268     100k          3        F     3  = _int26474
            1268     110k          3        F     5  = _int26478
            1268     120k          3        F     2  = _int26476
            1268     130k          3        F     2  = _int26474
            1268     140k          3              0 != _int26478
            1268     150k      12276        F     7  = _int26478
            1268     160k      12276              3 != _int26473
 ! ----------------------------------------------------------------------------
 ! Search terminated by limit, 11 solutions found.
 ! Best objective         : 1268 (gap is 99.92%)
 ! Best bound             : 1
 ! Number of branches     : 165042
 ! Number of fails        : 47644
 ! Total memory usage     : 360.7 MB (308.1 MB CP Optimizer + 52.6 MB Concert)
 ! Time spent in solve    : 900.04s (899.92s engine + 0.11s extraction)
 ! Search speed (br. / s) : 183.4
 ! ----------------------------------------------------------------------------
solve:1
Flips: 1268
Log Likelihood: -nan
