reading  from file input/AML-82-001_input.csv
rows: 5603
cols: 6
input zeros:13343
input ones:19719
input missing:556
total fp flips allowed:0
adding objective
 ! ----------------------------------------------------------------------------
 ! Minimization problem - 33625 variables, 229250 constraints, 1 phase
 ! Presolve      : 2 extractables eliminated
 ! TimeLimit            = 900
 ! Workers              = 1
 ! LogPeriod            = 10000
 ! Initial process time : 2.91s (2.88s extraction + 0.03s propagation)
 !  . Log search space  : 13358.5 (before), 13358.5 (after)
 !  . Memory usage      : 84.1 MB (before), 84.1 MB (after)
 ! Using sequential search.
 ! ----------------------------------------------------------------------------
 !          Best Branches  Non-fixed            Branch decision
 ! ----------------------------------------------------------------------------
 ! Minimization problem - 33625 variables, 229250 constraints, 1 phase
 ! Presolve      : 2 extractables eliminated
 ! TimeLimit            = 900
 ! Workers              = 1
 ! LogPeriod            = 10000
 ! Initial process time : 0.16s (0.14s extraction + 0.01s propagation)
 !  . Log search space  : 13358.5 (before), 13358.5 (after)
 !  . Memory usage      : 84.2 MB (before), 84.2 MB (after)
 ! Using sequential search.
 ! ----------------------------------------------------------------------------
 !          Best Branches  Non-fixed            Branch decision
                        0      33625                 -
 + New bound is 0
                       10          6        F     5  = _int33619
 + New bound is 1
 *          5509     6209  1.72s               (gap is 99.98%)
            5509    10000          1              1  = _int18167
            5509    20000          1              1  = _int1451
            5509    30000          1              1  = _int33618
 *          2954    38849  22.34s              (gap is 99.97%)
            2954    38935          1        F     5  = _int33620
 + New bound is 1478 (gap is 49.97%)
            2954    40000          1              2 != _int33618
            2954    50000          2              0  = _int704
 *          2894    51339  78.69s              (gap is 48.93%)
            2894    51501          1        F     4  = _int33622
 + New bound is 2187 (gap is 24.43%)
 *          2893    57583  146.17s             (gap is 24.40%)
 *          2892    57583  146.29s             (gap is 24.38%)
            2892    60000          1              5  = _int33622
            2892    70000      10464        F     1  = _int33622
            2892    80000      10464              0  = _int33618
            2892    90000      10464              2  = _int33621
            2892     100k      10464              3 != _int33623
            2892     110k      10464        F     2  = _int33623
 ! Time = 771.75s, Average fail depth = 8, Memory usage = 345.9 MB
 ! Current bound is 2187 (gap is 24.38%)
 !          Best Branches  Non-fixed            Branch decision
            2892     120k      10456        F     0  = _int33623
 ! ----------------------------------------------------------------------------
 ! Search terminated by limit, 5 solutions found.
 ! Best objective         : 2892 (gap is 24.38%)
 ! Best bound             : 2187
 ! Number of branches     : 120805
 ! Number of fails        : 38100
 ! Total memory usage     : 409.5 MB (345.9 MB CP Optimizer + 63.7 MB Concert)
 ! Time spent in solve    : 900.04s (899.90s engine + 0.14s extraction)
 ! Search speed (br. / s) : 134.2
 ! ----------------------------------------------------------------------------
solve:1
Flips: 2892
Log Likelihood: -nan
