reading  from file input/AML-29-001_input.csv
rows: 7795
cols: 4
input zeros:14940
input ones:12140
input missing:4100
total fp flips allowed:0
adding objective
 ! ----------------------------------------------------------------------------
 ! Minimization problem - 31185 variables, 128352 constraints, 1 phase
 ! Presolve      : 2 extractables eliminated
 ! TimeLimit            = 900
 ! Workers              = 1
 ! LogPeriod            = 10000
 ! Initial process time : 2.00s (1.99s extraction + 0.01s propagation)
 !  . Log search space  : 14948.0 (before), 14948.0 (after)
 !  . Memory usage      : 47.8 MB (before), 47.8 MB (after)
 ! Using sequential search.
 ! ----------------------------------------------------------------------------
 !          Best Branches  Non-fixed            Branch decision
 ! ----------------------------------------------------------------------------
 ! Minimization problem - 31185 variables, 128352 constraints, 1 phase
 ! Presolve      : 2 extractables eliminated
 ! TimeLimit            = 900
 ! Workers              = 1
 ! LogPeriod            = 10000
 ! Initial process time : 0.08s (0.08s extraction + 0.00s propagation)
 !  . Log search space  : 14948.0 (before), 14948.0 (after)
 !  . Memory usage      : 47.8 MB (before), 47.8 MB (after)
 ! Using sequential search.
 ! ----------------------------------------------------------------------------
 !          Best Branches  Non-fixed            Branch decision
                        0      31185                 -
 + New bound is 0
                        6          4        F     3  = _int31180
 + New bound is 1
 *         10398     3807  0.76s               (gap is 99.99%)
           10398    10000          1              1  = _int6892
 *          9508    13425  2.83s               (gap is 99.99%)
            9508    20000          1              1  = _int23520
 *          5378    24304  6.13s               (gap is 99.98%)
            5378    30000          1              1  = _int24656
            5378    40000          1              1  = _int25933
            5378    50000          1              0  = _int17624
 *          3553    52640  11.12s              (gap is 99.97%)
            3553    60000          1              0  = _int1468
 *          1253    62961  15.87s              (gap is 99.92%)
            1253    62983          1        F     3  = _int31183
 + New bound is 628 (gap is 49.88%)
            1253    63005          1        F     2  = _int31183
 + New bound is 942 (gap is 24.82%)
            1253    63021          1        F     3  = _int31183
 + New bound is 1099 (gap is 12.29%)
            1253    63043          1        F     3  = _int31183
 + New bound is 1177 (gap is 6.07%)
            1253    63067          1        F     1  = _int31182
 + New bound is 1216 (gap is 2.95%)
            1253    63089          1        F     3  = _int31182
 + New bound is 1236 (gap is 1.36%)
            1253    63111          1        F     1  = _int31182
 + New bound is 1246 (gap is 0.56%)
 ! Time = 17.74s, Average fail depth = 353, Memory usage = 209.0 MB
 ! Current bound is 1246 (gap is 0.56%)
 !          Best Branches  Non-fixed            Branch decision
            1253    63135          1        F     3  = _int31182
 + New bound is 1251 (gap is 0.16%)
            1253    63151          1        F     3  = _int31183
 + New bound is 1253 (gap is 0%)
 ! ----------------------------------------------------------------------------
 ! Search completed, 5 solutions found.
 ! Best objective         : 1253 (optimal - effective tol. is 0)
 ! Best bound             : 1253
 ! Number of branches     : 63151
 ! Number of fails        : 127
 ! Total memory usage     : 246.3 MB (209.0 MB CP Optimizer + 37.3 MB Concert)
 ! Time spent in solve    : 18.22s (18.14s engine + 0.08s extraction)
 ! Search speed (br. / s) : 3481.3
 ! ----------------------------------------------------------------------------
solve:1
Flips: 1253
Log Likelihood: -nan
