reading  from file input/AML-30-001_input.csv
rows: 6668
cols: 4
input zeros:23347
input ones:3221
input missing:104
total fp flips allowed:0
adding objective
 ! ----------------------------------------------------------------------------
 ! Minimization problem - 26677 variables, 132648 constraints, 1 phase
 ! Presolve      : 2 extractables eliminated
 ! TimeLimit            = 900
 ! Workers              = 1
 ! LogPeriod            = 10000
 ! Initial process time : 1.58s (1.57s extraction + 0.01s propagation)
 !  . Log search space  : 23355.0 (before), 23355.0 (after)
 !  . Memory usage      : 65.0 MB (before), 65.0 MB (after)
 ! Using sequential search.
 ! ----------------------------------------------------------------------------
 !          Best Branches  Non-fixed            Branch decision
 ! ----------------------------------------------------------------------------
 ! Minimization problem - 26677 variables, 132648 constraints, 1 phase
 ! Presolve      : 2 extractables eliminated
 ! TimeLimit            = 900
 ! Workers              = 1
 ! LogPeriod            = 10000
 ! Initial process time : 0.08s (0.08s extraction + 0.00s propagation)
 !  . Log search space  : 23355.0 (before), 23355.0 (after)
 !  . Memory usage      : 65.0 MB (before), 65.0 MB (after)
 ! Using sequential search.
 ! ----------------------------------------------------------------------------
 !          Best Branches  Non-fixed            Branch decision
                        0      26677                 -
 + New bound is 0
                        6          4        F     3  = _int26672
 + New bound is 1
 *          6707     8729  5.15s               (gap is 99.99%)
            6707    10000          1              0  = _int16875
            6707    20000          1              1  = _int2520
            6707    30000       1098              0  = _int9363
            6707    40000          1              1  = _int26600
            6707    50000          1              1  = _int10042
            6707    60000       2084              1  = _int16515
            6707    70000          1              0  = _int11252
            6707    80000          1              0  = _int15926
            6707    90000          1              0  = _int25578
            6707     100k          1              0  = _int16210
 *           543     106k  55.94s              (gap is 99.82%)
             543     110k          1              0  = _int20655
 *            90     118k  67.45s              (gap is 98.89%)
              90     118k          1        F     3  = _int26672
 + New bound is 46 (gap is 48.89%)
              90     119k          1        F     3  = _int26672
 + New bound is 69 (gap is 23.33%)
              90     120k          1              0  = _int1654
              90     130k       2113              0  = _int21819
 ! Time = 79.75s, Average fail depth = 838, Memory usage = 250.6 MB
 ! Current bound is 69 (gap is 23.33%)
 !          Best Branches  Non-fixed            Branch decision
 *            77     131k  79.87s              (gap is 10.39%)
              77     131k          1        F     3  = _int26675
 + New bound is 74 (gap is 3.90%)
              77     131k          1        F     2  = _int26675
 + New bound is 77 (gap is 0%)
 ! ----------------------------------------------------------------------------
 ! Search completed, 4 solutions found.
 ! Best objective         : 77 (optimal - effective tol. is 0)
 ! Best bound             : 77
 ! Number of branches     : 131869
 ! Number of fails        : 60
 ! Total memory usage     : 286.6 MB (250.8 MB CP Optimizer + 35.8 MB Concert)
 ! Time spent in solve    : 80.63s (80.55s engine + 0.08s extraction)
 ! Search speed (br. / s) : 1636.9
 ! ----------------------------------------------------------------------------
solve:1
Flips: 77
Log Likelihood: -nan
