reading  from file input/AML-65-001_input.csv
rows: 7243
cols: 2
input zeros:4126
input ones:8280
input missing:2080
total fp flips allowed:0
adding objective
 ! ----------------------------------------------------------------------------
 ! Minimization problem - 14489 variables, 37234 constraints, 1 phase
 ! Presolve      : 2 extractables eliminated
 ! TimeLimit            = 900
 ! Workers              = 1
 ! LogPeriod            = 10000
 ! Initial process time : 0.37s (0.37s extraction + 0.00s propagation)
 !  . Log search space  : 4128.0 (before), 4128.0 (after)
 !  . Memory usage      : 9.8 MB (before), 9.8 MB (after)
 ! Using sequential search.
 ! ----------------------------------------------------------------------------
 !          Best Branches  Non-fixed            Branch decision
 ! ----------------------------------------------------------------------------
 ! Minimization problem - 14489 variables, 37234 constraints, 1 phase
 ! Presolve      : 2 extractables eliminated
 ! TimeLimit            = 900
 ! Workers              = 1
 ! LogPeriod            = 10000
 ! Initial process time : 0.03s (0.02s extraction + 0.00s propagation)
 !  . Log search space  : 4128.0 (before), 4128.0 (after)
 !  . Memory usage      : 9.8 MB (before), 9.8 MB (after)
 ! Using sequential search.
 ! ----------------------------------------------------------------------------
 !          Best Branches  Non-fixed            Branch decision
                        0      14489                 -
 + New bound is 0
                        2          2        F     1  = _int14486
 + New bound is 1
 *           180     3456  0.31s               (gap is 99.44%)
             180    10000          1              0  = _int7605
             180    20000          1              1  = _int12927
             180    23999          1        F     1  = _int14486
 + New bound is 91 (gap is 49.44%)
             180    24001          1        F     1  = _int14486
 + New bound is 137 (gap is 23.89%)
             180    24003          1        F     1  = _int14486
 + New bound is 160 (gap is 11.11%)
             180    24005          1        F     1  = _int14486
 + New bound is 171 (gap is 5.00%)
             180    24007          1        F     1  = _int14486
 + New bound is 177 (gap is 1.67%)
             180    24009          1        F     1  = _int14486
 + New bound is 180 (gap is 0%)
 ! ----------------------------------------------------------------------------
 ! Search completed, 1 solution found.
 ! Best objective         : 180 (optimal - effective tol. is 0)
 ! Best bound             : 180
 ! Number of branches     : 24009
 ! Number of fails        : 18
 ! Total memory usage     : 71.0 MB (58.2 MB CP Optimizer + 12.8 MB Concert)
 ! Time spent in solve    : 1.27s (1.25s engine + 0.02s extraction)
 ! Search speed (br. / s) : 19207.2
 ! ----------------------------------------------------------------------------
solve:1
Flips: 180
Log Likelihood: -nan
