reading  from file input/AML-60-001_input.csv
rows: 7615
cols: 4
input zeros:12660
input ones:15605
input missing:2195
total fp flips allowed:0
adding objective
 ! ----------------------------------------------------------------------------
 ! Minimization problem - 30465 variables, 137073 constraints, 1 phase
 ! Presolve      : 2 extractables eliminated
 ! TimeLimit            = 900
 ! Workers              = 1
 ! LogPeriod            = 10000
 ! Initial process time : 1.48s (1.46s extraction + 0.01s propagation)
 !  . Log search space  : 12668.0 (before), 12668.0 (after)
 !  . Memory usage      : 47.7 MB (before), 47.7 MB (after)
 ! Using sequential search.
 ! ----------------------------------------------------------------------------
 !          Best Branches  Non-fixed            Branch decision
 ! ----------------------------------------------------------------------------
 ! Minimization problem - 30465 variables, 137073 constraints, 1 phase
 ! Presolve      : 2 extractables eliminated
 ! TimeLimit            = 900
 ! Workers              = 1
 ! LogPeriod            = 10000
 ! Initial process time : 0.08s (0.08s extraction + 0.00s propagation)
 !  . Log search space  : 12668.0 (before), 12668.0 (after)
 !  . Memory usage      : 47.7 MB (before), 47.7 MB (after)
 ! Using sequential search.
 ! ----------------------------------------------------------------------------
 !          Best Branches  Non-fixed            Branch decision
                        0      30465                 -
 + New bound is 0
                        6          4        F     3  = _int30462
 + New bound is 1
 *         11946      525  0.35s               (gap is 99.99%)
 *         11724     2410  0.51s               (gap is 99.99%)
           11724    10000          1              0  = _int17844
 *          7050    11955  1.60s               (gap is 99.99%)
            7050    20000          1              0  = _int11922
            7050    30000          1              0  = _int10658
 *          3941    32318  4.45s               (gap is 99.97%)
            3941    40000          1              0  = _int356
 *          1834    41437  6.89s               (gap is 99.95%)
            1834    50000          1              0  = _int8758
 *           865    50914  9.72s               (gap is 99.88%)
             865    50926          1        F     3  = _int30461
 + New bound is 434 (gap is 49.83%)
             865    50940          1        F     3  = _int30463
 + New bound is 651 (gap is 24.74%)
             865    50956          1        F     3  = _int30461
 + New bound is 759 (gap is 12.25%)
             865    50970          1        F     3  = _int30463
 + New bound is 813 (gap is 6.01%)
             865    50984          1        F     3  = _int30463
 + New bound is 840 (gap is 2.89%)
             865    51000          1        F     3  = _int30461
 + New bound is 854 (gap is 1.27%)
             865    51022          1        F     1  = _int30461
 + New bound is 861 (gap is 0.46%)
 ! Time = 10.61s, Average fail depth = 354, Memory usage = 213.7 MB
 ! Current bound is 861 (gap is 0.46%)
 !          Best Branches  Non-fixed            Branch decision
             865    51040          1        F     3  = _int30461
 + New bound is 864 (gap is 0.12%)
             865    60000          1        F     0  = _int30462
             865    67781      11837        F     3  = _int30461
 + New bound is 865 (gap is 0%)
 ! ----------------------------------------------------------------------------
 ! Search completed, 6 solutions found.
 ! Best objective         : 865 (optimal - effective tol. is 0)
 ! Best bound             : 865
 ! Number of branches     : 67781
 ! Number of fails        : 9469
 ! Total memory usage     : 255.1 MB (215.4 MB CP Optimizer + 39.7 MB Concert)
 ! Time spent in solve    : 118.65s (118.57s engine + 0.08s extraction)
 ! Search speed (br. / s) : 571.7
 ! ----------------------------------------------------------------------------
solve:1
Flips: 865
Log Likelihood: -nan
