reading  from file input/AML-94-001_input.csv
rows: 5475
cols: 5
input zeros:7585
input ones:15636
input missing:4154
total fp flips allowed:0
adding objective
 ! ----------------------------------------------------------------------------
 ! Minimization problem - 27381 variables, 127836 constraints, 1 phase
 ! Presolve      : 2 extractables eliminated
 ! TimeLimit            = 900
 ! Workers              = 1
 ! LogPeriod            = 10000
 ! Initial process time : 1.60s (1.58s extraction + 0.01s propagation)
 !  . Log search space  : 7596.6 (before), 7596.6 (after)
 !  . Memory usage      : 40.8 MB (before), 40.8 MB (after)
 ! Using sequential search.
 ! ----------------------------------------------------------------------------
 !          Best Branches  Non-fixed            Branch decision
 ! ----------------------------------------------------------------------------
 ! Minimization problem - 27381 variables, 127836 constraints, 1 phase
 ! Presolve      : 2 extractables eliminated
 ! TimeLimit            = 900
 ! Workers              = 1
 ! LogPeriod            = 10000
 ! Initial process time : 0.09s (0.08s extraction + 0.01s propagation)
 !  . Log search space  : 7596.6 (before), 7596.6 (after)
 !  . Memory usage      : 40.8 MB (before), 40.8 MB (after)
 ! Using sequential search.
 ! ----------------------------------------------------------------------------
 !          Best Branches  Non-fixed            Branch decision
                        0      27381                 -
 + New bound is 0
                        8          5        F     4  = _int27376
 + New bound is 1
 *          6494      749  0.37s               (gap is 99.98%)
 *          5450     5249  0.88s               (gap is 99.98%)
            5450    10000          1              0  = _int10553
 *          2576    13852  1.34s               (gap is 99.96%)
            2576    19511          1        F     4  = _int27376
 + New bound is 1289 (gap is 49.96%)
            2576    20000          1              0  = _int9208
 *          1880    24507  3.18s               (gap is 31.44%)
            1880    24583          1        F     2  = _int27376
 + New bound is 1585 (gap is 15.69%)
            1880    24679          1        F     4  = _int27376
 + New bound is 1734 (gap is 7.77%)
            1880    24767          1        F     2  = _int27376
 + New bound is 1808 (gap is 3.83%)
            1880    24843          1        F     2  = _int27376
 + New bound is 1845 (gap is 1.86%)
            1880    24937          1        F     4  = _int27375
 + New bound is 1864 (gap is 0.85%)
            1880    25025          1        F     3  = _int27376
 + New bound is 1873 (gap is 0.37%)
            1880    25119          1        F     3  = _int27375
 + New bound is 1878 (gap is 0.11%)
            1880    25225          1        F     4  = _int27376
 + New bound is 1880 (gap is 0%)
 ! ----------------------------------------------------------------------------
 ! Search completed, 4 solutions found.
 ! Best objective         : 1880 (optimal - effective tol. is 0)
 ! Best bound             : 1880
 ! Number of branches     : 25225
 ! Number of fails        : 456
 ! Total memory usage     : 224.7 MB (187.3 MB CP Optimizer + 37.3 MB Concert)
 ! Time spent in solve    : 7.18s (7.10s engine + 0.08s extraction)
 ! Search speed (br. / s) : 3547.8
 ! ----------------------------------------------------------------------------
solve:1
Flips: 1880
Log Likelihood: -nan
