reading  from file input/AML-74-001_input.csv
rows: 9279
cols: 5
input zeros:40925
input ones:4984
input missing:486
total fp flips allowed:0
adding objective
 ! ----------------------------------------------------------------------------
 ! Minimization problem - 46401 variables, 274020 constraints, 1 phase
 ! Presolve      : 2 extractables eliminated
 ! TimeLimit            = 900
 ! Workers              = 1
 ! LogPeriod            = 10000
 ! Initial process time : 3.18s (3.16s extraction + 0.02s propagation)
 !  . Log search space  : 40936.6 (before), 40936.6 (after)
 !  . Memory usage      : 145.8 MB (before), 145.8 MB (after)
 ! Using sequential search.
 ! ----------------------------------------------------------------------------
 !          Best Branches  Non-fixed            Branch decision
 ! ----------------------------------------------------------------------------
 ! Minimization problem - 46401 variables, 274020 constraints, 1 phase
 ! Presolve      : 2 extractables eliminated
 ! TimeLimit            = 900
 ! Workers              = 1
 ! LogPeriod            = 10000
 ! Initial process time : 0.15s (0.14s extraction + 0.01s propagation)
 !  . Log search space  : 40936.6 (before), 40936.6 (after)
 !  . Memory usage      : 145.8 MB (before), 145.8 MB (after)
 ! Using sequential search.
 ! ----------------------------------------------------------------------------
 !          Best Branches  Non-fixed            Branch decision
                        0      46401                 -
 + New bound is 0
                        8          5        F     4  = _int46396
 + New bound is 1
                    10000          5              0  = _int19073
 *          1373    19503  20.86s              (gap is 99.93%)
            1373    20000          1              0  = _int9333
            1373    30000      10069              1  = _int23713
            1373    40000          1              0  = _int32163
            1373    50000       5993              0  = _int24277
            1373    60000          1              0  = _int16728
            1373    70000       2323              0  = _int40489
            1373    80000          1              0  = _int2785
            1373    90000          1              1  = _int24747
            1373     100k       2236              1  = _int20835
            1373     110k          1              0  = _int8572
            1373     120k        962              0  = _int12717
            1373     130k          1              1  = _int34576
            1373     140k          1              0  = _int42587
            1373     150k       1181              0  = _int12820
            1373     160k          1              0  = _int29499
            1373     168k          1        F     4  = _int46396
 + New bound is 688 (gap is 49.89%)
 ! Time = 141.51s, Average fail depth = 439, Memory usage = 512.2 MB
 ! Current bound is 688 (gap is 49.89%)
 !          Best Branches  Non-fixed            Branch decision
            1373     168k          1        F     4  = _int46399
 + New bound is 1032 (gap is 24.84%)
            1373     170k          1              0  = _int44235
            1373     180k      12104              0  = _int1742
 *          1155     188k  171.73s             (gap is 10.65%)
            1155     188k          1        F     4  = _int46399
 + New bound is 1094 (gap is 5.28%)
            1155     188k          1        F     3  = _int46399
 + New bound is 1126 (gap is 2.51%)
            1155     188k          1        F     3  = _int46399
 + New bound is 1142 (gap is 1.13%)
            1155     188k          1        F     4  = _int46399
 + New bound is 1150 (gap is 0.43%)
            1155     188k          1        F     3  = _int46396
 + New bound is 1154 (gap is 0.087%)
            1155     190k          1        F     0  = _int46396
            1155     200k      39792              0 != _int46398
            1155     210k      39793        F     1  = _int46397
            1155     220k      39792        F     3  = _int46396
 ! ----------------------------------------------------------------------------
 ! Search terminated by limit, 2 solutions found.
 ! Best objective         : 1155 (gap is 0.087%)
 ! Best bound             : 1154
 ! Number of branches     : 221177
 ! Number of fails        : 17183
 ! Total memory usage     : 586.9 MB (514.9 MB CP Optimizer + 72.0 MB Concert)
 ! Time spent in solve    : 900.09s (899.95s engine + 0.14s extraction)
 ! Search speed (br. / s) : 245.8
 ! ----------------------------------------------------------------------------
solve:1
Flips: 1155
Log Likelihood: -nan
