reading  from file input/AML-40-001_input.csv
rows: 6194
cols: 7
input zeros:31258
input ones:11337
input missing:763
total fp flips allowed:316
adding objective
 ! ----------------------------------------------------------------------------
 ! Minimization problem - 43366 variables, 337261 constraints, 1 phase
 ! Presolve      : 2 extractables eliminated
 ! TimeLimit            = 900
 ! Workers              = 1
 ! LogPeriod            = 10000
 ! Initial process time : 4.01s (3.99s extraction + 0.02s propagation)
 !  . Log search space  : 42623.0 (before), 42623.0 (after)
 !  . Memory usage      : 199.2 MB (before), 199.2 MB (after)
 ! Using sequential search.
 ! ----------------------------------------------------------------------------
 !          Best Branches  Non-fixed            Branch decision
 ! ----------------------------------------------------------------------------
 ! Minimization problem - 43366 variables, 337261 constraints, 1 phase
 ! Presolve      : 2 extractables eliminated
 ! TimeLimit            = 900
 ! Workers              = 1
 ! LogPeriod            = 10000
 ! Initial process time : 0.20s (0.16s extraction + 0.03s propagation)
 !  . Log search space  : 42623.0 (before), 42623.0 (after)
 !  . Memory usage      : 199.2 MB (before), 199.2 MB (after)
 ! Using sequential search.
 ! ----------------------------------------------------------------------------
 !          Best Branches  Non-fixed            Branch decision
                        0      43366                 -
 + New bound is 0
                      530      11033        F     0  = _int43361
 + New bound is 1
                    10000       4348              0  = _int31185
 *          3553    13315  21.00s              (gap is 99.97%)
            3553    20000          1              0  = _int40208
            3553    30000          1              0  = _int32322
            3553    40000       3816              1  = _int17267
            3553    50000          1              0  = _int31077
            3553    60000          1              1  = _int22178
            3553    70000          1              0  = _int27747
            3553    80000          1              1  = _int7059
            3553    90000          1              0  = _int35649
            3553     100k          1              0  = _int3350
            3553     110k          1              0  = _int27045
            3553     120k      37534        F     0  = _int36448
            3553     130k      36719              1  = _int32279
            3553     140k       3249              0  = _int23982
            3553     150k          1              0  = _int42200
            3553     160k          1              0  = _int34736
            3553     170k        474              0  = _int34879
 ! Time = 256.74s, Average fail depth = 529, Memory usage = 635.3 MB
 ! Current bound is 1 (gap is 99.97%)
 !          Best Branches  Non-fixed            Branch decision
            3553     180k          1              0  = _int39433
            3553     190k          1              0  = _int23581
            3553     200k      13482              0  = _int20669
            3553     210k       3337              0  = _int17997
            3553     220k          1              0  = _int12835
            3553     230k          1              0  = _int18942
            3553     240k       6948              0  = _int37730
            3553     250k          1        F     0  = _int41260
            3553     260k      16097              0  = _int36565
            3553     270k       3565              0  = _int20900
 *          3445     273k  421.25s             (gap is 99.97%)
            3445     280k          1              0  = _int11270
 *          3172     286k  432.55s             (gap is 99.97%)
 *          3171     287k  434.75s             (gap is 99.97%)
            3171     290k          1              0  = _int11761
            3171     300k       1773              0  = _int26615
 *          3170     301k  452.28s             (gap is 99.97%)
            3170     310k        312              0  = _int22744
 *          3169     314k  463.81s             (gap is 99.97%)
            3169     320k        301        F     0  = _int3247
 ! Time = 490.79s, Average fail depth = 573, Memory usage = 641.2 MB
 ! Current bound is 1 (gap is 99.97%)
 !          Best Branches  Non-fixed            Branch decision
            3169     330k      34567              0  = _int13703
            3169     340k      16195              0  = _int13235
 *          3168     348k  573.83s             (gap is 99.97%)
            3168     350k        324              0  = _int35723
            3168     360k       4436              0  = _int13248
 *          3167     363k  596.41s             (gap is 99.97%)
            3167     370k        316              0  = _int38328
 *          3166     375k  608.46s             (gap is 99.97%)
            3166     380k        305              0  = _int8202
            3166     390k      33449              0  = _int39331
            3166     400k      33577              0  = _int26701
            3166     410k       2702              0  = _int5781
 *          3165     412k  725.70s             (gap is 99.97%)
            3165     420k        230              0  = _int15946
            3165     430k        868              0  = _int16980
 *          3164     430k  769.15s             (gap is 99.97%)
            3164     440k        132              0  = _int14198
 *          3163     445k  788.82s             (gap is 99.97%)
            3163     450k         54              0  = _int41939
            3163     460k      19393              0  = _int42598
 ! Time = 856.63s, Average fail depth = 699, Memory usage = 643.3 MB
 ! Current bound is 1 (gap is 99.97%)
 !          Best Branches  Non-fixed            Branch decision
            3163     470k        468              0  = _int41403
 *          3162     470k  860.96s             (gap is 99.97%)
            3162     480k         90              0  = _int18091
 ! ----------------------------------------------------------------------------
 ! Search terminated by limit, 13 solutions found.
 ! Best objective         : 3162 (gap is 99.97%)
 ! Best bound             : 1
 ! Number of branches     : 484361
 ! Number of fails        : 12261
 ! Total memory usage     : 728.6 MB (643.6 MB CP Optimizer + 85.0 MB Concert)
 ! Time spent in solve    : 900.08s (899.91s engine + 0.16s extraction)
 ! Search speed (br. / s) : 538.2
 ! ----------------------------------------------------------------------------
solve:1
Flips: 3162
Log Likelihood: -11315.5
