reading  from file input/AML-71-001_input.csv
rows: 3736
cols: 7
input zeros:5124
input ones:20423
input missing:605
total fp flips allowed:6
adding objective
 ! ----------------------------------------------------------------------------
 ! Minimization problem - 26160 variables, 201459 constraints, 1 phase
 ! Presolve      : 2 extractables eliminated
 ! TimeLimit            = 900
 ! Workers              = 1
 ! LogPeriod            = 10000
 ! Initial process time : 2.80s (2.78s extraction + 0.01s propagation)
 !  . Log search space  : 25569.5 (before), 25569.5 (after)
 !  . Memory usage      : 116.4 MB (before), 116.4 MB (after)
 ! Using sequential search.
 ! ----------------------------------------------------------------------------
 !          Best Branches  Non-fixed            Branch decision
 ! ----------------------------------------------------------------------------
 ! Minimization problem - 26160 variables, 201459 constraints, 1 phase
 ! Presolve      : 2 extractables eliminated
 ! TimeLimit            = 900
 ! Workers              = 1
 ! LogPeriod            = 10000
 ! Initial process time : 0.12s (0.11s extraction + 0.00s propagation)
 !  . Log search space  : 25569.5 (before), 25569.5 (after)
 !  . Memory usage      : 116.4 MB (before), 116.4 MB (after)
 ! Using sequential search.
 ! ----------------------------------------------------------------------------
 !          Best Branches  Non-fixed            Branch decision
                        0      26160                 -
 + New bound is 0
                       30      20430        F     6  = _int26152
 + New bound is 1
 *          4287      573  1.38s               (gap is 99.98%)
            4287    10000          1              1  = _int16266
 *          2607    17110  5.49s               (gap is 99.96%)
            2607    20000          1              1  = _int16059
 *          1476    24707  14.18s              (gap is 99.93%)
            1476    30000          1        F     0  = _int22710
 *          1320    36799  37.29s              (gap is 99.92%)
            1320    40000          1              1  = _int7040
            1320    50000      15484              1  = _int21873
 *          1319    59957  86.52s              (gap is 99.92%)
            1319    60000       1085        F     0  = _int24791
 *          1318    63294  90.85s              (gap is 99.92%)
 *          1317    68252  99.63s              (gap is 99.92%)
            1317    70000       1068              0  = _int1343
 *          1316    70606  100.11s             (gap is 99.92%)
 *          1315    72989  100.61s             (gap is 99.92%)
 *          1314    76061  104.34s             (gap is 99.92%)
 *          1313    78493  104.87s             (gap is 99.92%)
 ! Time = 104.88s, Average fail depth = 260, Memory usage = 385.3 MB
 ! Current bound is 1 (gap is 99.92%)
 !          Best Branches  Non-fixed            Branch decision
 *          1312    78536  105.15s             (gap is 99.92%)
            1312    80000       1004              1  = _int24285
 *          1311    83995  111.79s             (gap is 99.92%)
 *          1310    87960  117.29s             (gap is 99.92%)
            1310    90000        914              0  = _int10289
 *          1309    90618  117.93s             (gap is 99.92%)
 *          1308    93679  120.08s             (gap is 99.92%)
 *          1307    93799  120.30s             (gap is 99.92%)
 *          1266    97601  122.79s             (gap is 99.92%)
 *          1265    97774  123.53s             (gap is 99.92%)
            1265     100k          1              1  = _int20996
 *          1264     109k  156.12s             (gap is 99.92%)
            1264     110k       3802              1  = _int21777
            1264     120k      15783              0  = _int14146
 *          1263     123k  202.39s             (gap is 99.92%)
 *          1262     124k  204.14s             (gap is 99.92%)
            1262     130k      24323        F     0  = _int7037
 *          1261     133k  235.44s             (gap is 99.92%)
            1261     140k      24251              1  = _int12301
 *          1260     148k  290.65s             (gap is 99.92%)
 ! Time = 290.65s, Average fail depth = 205, Memory usage = 388.1 MB
 ! Current bound is 1 (gap is 99.92%)
 !          Best Branches  Non-fixed            Branch decision
            1260     150k      24271              0  = _int1490
            1260     160k      15160              1  = _int11462
            1260     170k      19434              1  = _int15026
            1260     180k       4442              1  = _int21969
            1260     190k      15259        F     1  = _int18252
            1260     200k      15926              0  = _int6698
            1260     210k      10156              1  = _int15335
 *          1257     219k  439.71s             (gap is 99.92%)
            1257     220k          1        F     0  = _int22860
            1257     230k      16550              0  = _int6669
            1257     240k       4437              1  = _int17806
            1257     250k       4499              1  = _int17400
            1257     260k      13619              1  = _int5888
            1257     270k       6821              1  = _int25030
            1257     280k       5465              1  = _int25490
            1257     290k       4215              1  = _int12871
            1257     300k      15322              1  = _int5882
            1257     310k       5166              0  = _int15248
            1257     320k       5314        F     0  = _int17907
            1257     330k      11755              1  = _int11365
 ! Time = 667.56s, Average fail depth = 403, Memory usage = 388.8 MB
 ! Current bound is 1 (gap is 99.92%)
 !          Best Branches  Non-fixed            Branch decision
            1257     340k       6537              1  = _int22975
            1257     350k       5697              1  = _int9135
            1257     360k       5222              1  = _int25708
            1257     370k       6814              1  = _int24246
            1257     380k       5446              1  = _int19353
            1257     390k       5328              0  = _int24917
            1257     400k       5768              1  = _int10471
            1257     410k       4955              1  = _int572
            1257     420k       6304              1  = _int7781
            1257     430k       5155              1  = _int13912
            1257     440k       5196        F     0  = _int14610
 ! ----------------------------------------------------------------------------
 ! Search terminated by limit, 25 solutions found.
 ! Best objective         : 1257 (gap is 99.92%)
 ! Best bound             : 1
 ! Number of branches     : 448890
 ! Number of fails        : 52547
 ! Total memory usage     : 445.8 MB (388.8 MB CP Optimizer + 56.9 MB Concert)
 ! Time spent in solve    : 900.07s (899.95s engine + 0.11s extraction)
 ! Search speed (br. / s) : 498.8
 ! ----------------------------------------------------------------------------
solve:1
Flips: 1257
Log Likelihood: -4845.08
