reading  from file input/AML-22-001_input.csv
rows: 2925
cols: 8
input zeros:20761
input ones:2565
input missing:74
total fp flips allowed:0
adding objective
 ! ----------------------------------------------------------------------------
 ! Minimization problem - 23409 variables, 209734 constraints, 1 phase
 ! Presolve      : 2 extractables eliminated
 ! TimeLimit            = 900
 ! Workers              = 1
 ! LogPeriod            = 10000
 ! Initial process time : 2.73s (2.69s extraction + 0.03s propagation)
 !  . Log search space  : 20785.0 (before), 20785.0 (after)
 !  . Memory usage      : 118.4 MB (before), 118.4 MB (after)
 ! Using sequential search.
 ! ----------------------------------------------------------------------------
 !          Best Branches  Non-fixed            Branch decision
 ! ----------------------------------------------------------------------------
 ! Minimization problem - 23409 variables, 209734 constraints, 1 phase
 ! Presolve      : 2 extractables eliminated
 ! TimeLimit            = 900
 ! Workers              = 1
 ! LogPeriod            = 10000
 ! Initial process time : 0.14s (0.11s extraction + 0.02s propagation)
 !  . Log search space  : 20785.0 (before), 20785.0 (after)
 !  . Memory usage      : 118.4 MB (before), 118.4 MB (after)
 ! Using sequential search.
 ! ----------------------------------------------------------------------------
 !          Best Branches  Non-fixed            Branch decision
                        0      23409                 -
 + New bound is 0
                       14          8        F     7  = _int23401
 + New bound is 1
 *          8310     5825  2.65s               (gap is 99.99%)
            8310    10000          1              1  = _int12402
            8310    20000          1              0  = _int20316
            8310    30000          1              1  = _int19541
            8310    40000          1              0  = _int7853
            8310    50000          1              0  = _int11287
            8310    60000          1              0  = _int22842
 *          4673    62278  36.16s              (gap is 99.98%)
 *          3505    64678  67.89s              (gap is 99.97%)
            3505    70000          1        F     0  = _int23404
 *          3504    77676  170.17s             (gap is 99.97%)
 *          3503    77711  170.41s             (gap is 99.97%)
 *          3502    77772  170.72s             (gap is 99.97%)
 *          3501    78113  175.34s             (gap is 99.97%)
            3501    80000       1389              0  = _int17145
 *          3374    85101  176.50s             (gap is 99.97%)
 *          3373    86335  190.05s             (gap is 99.97%)
            3373    90000          1              0  = _int17354
 ! Time = 195.16s, Average fail depth = 13, Memory usage = 371.4 MB
 ! Current bound is 1 (gap is 99.97%)
 !          Best Branches  Non-fixed            Branch decision
 *          3372    92300  195.50s             (gap is 99.97%)
 *          3371    92318  195.72s             (gap is 99.97%)
 *          3370    92325  195.93s             (gap is 99.97%)
 *          3369    92383  196.30s             (gap is 99.97%)
 *          3368    92389  196.50s             (gap is 99.97%)
 *          3367    98592  203.91s             (gap is 99.97%)
            3367     100k       1081              0  = _int4682
 *          3358     105k  207.55s             (gap is 99.97%)
            3358     110k          1              0  = _int10804
 *          3266     112k  216.23s             (gap is 99.97%)
            3266     120k          1              0  = _int17128
 *          3240     120k  229.58s             (gap is 99.97%)
            3240     130k          1        F     1 != _int23405
            3240     140k      17525        F     1  = _int23406
            3240     150k      17526              7  = _int23407
            3240     160k      17525        F     1  = _int23402
 ! ----------------------------------------------------------------------------
 ! Search terminated by limit, 18 solutions found.
 ! Best objective         : 3240 (gap is 99.97%)
 ! Best bound             : 1
 ! Number of branches     : 165724
 ! Number of fails        : 29528
 ! Total memory usage     : 427.7 MB (373.1 MB CP Optimizer + 54.5 MB Concert)
 ! Time spent in solve    : 900.08s (899.97s engine + 0.11s extraction)
 ! Search speed (br. / s) : 184.1
 ! ----------------------------------------------------------------------------
solve:1
Flips: 3240
Log Likelihood: -nan
