reading  from file input/AML-54-001_input.csv
rows: 7816
cols: 3
input zeros:9562
input ones:11499
input missing:2387
total fp flips allowed:97
adding objective
 ! ----------------------------------------------------------------------------
 ! Minimization problem - 23452 variables, 81883 constraints, 1 phase
 ! Presolve      : 2 extractables eliminated
 ! TimeLimit            = 900
 ! Workers              = 1
 ! LogPeriod            = 10000
 ! Initial process time : 0.99s (0.98s extraction + 0.00s propagation)
 !  . Log search space  : 21072.4 (before), 21072.4 (after)
 !  . Memory usage      : 36.7 MB (before), 36.7 MB (after)
 ! Using sequential search.
 ! ----------------------------------------------------------------------------
 !          Best Branches  Non-fixed            Branch decision
 ! ----------------------------------------------------------------------------
 ! Minimization problem - 23452 variables, 81883 constraints, 1 phase
 ! Presolve      : 2 extractables eliminated
 ! TimeLimit            = 900
 ! Workers              = 1
 ! LogPeriod            = 10000
 ! Initial process time : 0.04s (0.04s extraction + 0.00s propagation)
 !  . Log search space  : 21072.4 (before), 21072.4 (after)
 !  . Memory usage      : 36.7 MB (before), 36.7 MB (after)
 ! Using sequential search.
 ! ----------------------------------------------------------------------------
 !          Best Branches  Non-fixed            Branch decision
                        0      23452                 -
 + New bound is 0
                        6      11502        F     2  = _int23448
 + New bound is 1
 *          3567     5125  1.20s               (gap is 99.97%)
            3567    10000          1              1  = _int17833
            3567    20000          1              0  = _int13414
 *          3532    20403  4.77s               (gap is 99.97%)
            3532    30000          1              1  = _int10095
            3532    40000          1              0  = _int10826
            3532    50000          1              0  = _int22922
 *          1766    58710  15.57s              (gap is 99.94%)
            1766    60000          1              0  = _int2057
            1766    70000      17300              1  = _int22214
 *          1573    77294  47.36s              (gap is 99.94%)
            1573    80000          1        F     0  = _int326
            1573    90000      17942        F     0  = _int21416
            1573     100k      17663        F     0  = _int549
 *          1572     103k  108.68s             (gap is 99.94%)
 *          1571     109k  120.25s             (gap is 99.94%)
 *          1570     109k  120.46s             (gap is 99.94%)
            1570     110k       7947              1  = _int16875
 ! Time = 122.41s, Average fail depth = 468, Memory usage = 163.6 MB
 ! Current bound is 1 (gap is 99.94%)
 !          Best Branches  Non-fixed            Branch decision
            1570     120k       7354              0  = _int20405
 *          1560     126k  136.25s             (gap is 99.94%)
            1560     130k          1              1  = _int482
            1560     140k       3853              0  = _int21562
 *          1451     143k  157.94s             (gap is 99.93%)
            1451     150k          1              1  = _int16677
            1451     160k       8789              1  = _int32
 *          1431     167k  190.61s             (gap is 99.93%)
            1431     170k          1              1  = _int5086
            1431     180k       2054              0  = _int22135
 *          1420     181k  204.00s             (gap is 99.93%)
            1420     190k          1              0  = _int19018
 *          1414     190k  213.08s             (gap is 99.93%)
 *          1409     198k  221.36s             (gap is 99.93%)
            1409     200k          1              0  = _int23416
 *          1408     201k  227.79s             (gap is 99.93%)
            1408     210k      10191              0  = _int8109
 *          1403     215k  244.59s             (gap is 99.93%)
            1403     220k          1              1  = _int14387
 *          1399     227k  255.21s             (gap is 99.93%)
 ! Time = 255.21s, Average fail depth = 688, Memory usage = 165.3 MB
 ! Current bound is 1 (gap is 99.93%)
 !          Best Branches  Non-fixed            Branch decision
            1399     230k          1              1  = _int12977
            1399     240k       2371              0  = _int4766
 *          1396     242k  267.75s             (gap is 99.93%)
 *          1395     248k  282.87s             (gap is 99.93%)
            1395     250k          1              1  = _int18240
            1395     260k      17923              0  = _int8104
            1395     270k      17928        F     0  = _int18224
            1395     280k      15963              1  = _int11323
            1395     290k      12192              1  = _int86
            1395     300k      14243              0  = _int2238
            1395     310k       9053              0  = _int4821
            1395     320k      17902              0  = _int12588
            1395     330k      14646              1  = _int8465
            1395     340k       9107              1  = _int19835
            1395     350k      17860              0  = _int8103
            1395     360k      17828              0  = _int8040
            1395     370k       9455              1  = _int13305
            1395     380k       9165              1  = _int20732
            1395     390k      13808              0  = _int23370
            1395     400k      17711              1  = _int8417
 ! Time = 615.91s, Average fail depth = 904, Memory usage = 165.7 MB
 ! Current bound is 1 (gap is 99.93%)
 !          Best Branches  Non-fixed            Branch decision
            1395     410k      17785              1  = _int19897
            1395     420k       9359              0  = _int1590
            1395     430k      17702              0  = _int7188
            1395     440k      14352              1  = _int18248
            1395     450k       9337              1  = _int22519
            1395     460k       9358              1  = _int13729
            1395     470k       9404              1  = _int22559
            1395     480k       9276              0  = _int14952
            1395     490k      14676              1  = _int14792
            1395     500k      17211              0  = _int3700
            1395     510k      17596              0  = _int18254
            1395     520k      17551              0  = _int8698
            1395     530k      17587              0  = _int4314
            1395     540k       9417              0  = _int12191
            1395     550k      12622              1  = _int23123
 ! ----------------------------------------------------------------------------
 ! Search terminated by limit, 18 solutions found.
 ! Best objective         : 1395 (gap is 99.93%)
 ! Best bound             : 1
 ! Number of branches     : 558594
 ! Number of fails        : 29610
 ! Total memory usage     : 192.6 MB (165.7 MB CP Optimizer + 26.9 MB Concert)
 ! Time spent in solve    : 900.02s (899.98s engine + 0.04s extraction)
 ! Search speed (br. / s) : 620.7
 ! ----------------------------------------------------------------------------
solve:1
Flips: 1395
Log Likelihood: -5158.99
