reading  from file input/AML-57-001_input.csv
rows: 8666
cols: 3
input zeros:19515
input ones:4252
input missing:2231
total fp flips allowed:0
adding objective
 ! ----------------------------------------------------------------------------
 ! Minimization problem - 26002 variables, 93027 constraints, 1 phase
 ! Presolve      : 2 extractables eliminated
 ! TimeLimit            = 900
 ! Workers              = 1
 ! LogPeriod            = 10000
 ! Initial process time : 1.06s (1.04s extraction + 0.01s propagation)
 !  . Log search space  : 19519.8 (before), 19519.8 (after)
 !  . Memory usage      : 39.0 MB (before), 39.0 MB (after)
 ! Using sequential search.
 ! ----------------------------------------------------------------------------
 !          Best Branches  Non-fixed            Branch decision
 ! ----------------------------------------------------------------------------
 ! Minimization problem - 26002 variables, 93027 constraints, 1 phase
 ! Presolve      : 2 extractables eliminated
 ! TimeLimit            = 900
 ! Workers              = 1
 ! LogPeriod            = 10000
 ! Initial process time : 0.05s (0.04s extraction + 0.00s propagation)
 !  . Log search space  : 19519.8 (before), 19519.8 (after)
 !  . Memory usage      : 39.0 MB (before), 39.0 MB (after)
 ! Using sequential search.
 ! ----------------------------------------------------------------------------
 !          Best Branches  Non-fixed            Branch decision
                        0      26002                 -
 + New bound is 0
                        4          3        F     2  = _int25998
 + New bound is 1
                    10000          3              0  = _int20289
 *          1242    12860  6.75s               (gap is 99.92%)
            1242    20000          1              1  = _int15452
            1242    30000          1              0  = _int17272
            1242    40000          1              0  = _int15001
            1242    50000          1              0  = _int18273
            1242    60000          1              1  = _int8098
            1242    70000          1              0  = _int21250
            1242    80000          1              1  = _int19692
            1242    90000        619              1  = _int12590
            1242     100k          1              0  = _int23881
            1242     110k          1              0  = _int9692
            1242     113k          1        F     2  = _int25998
 + New bound is 622 (gap is 49.92%)
            1242     113k          1        F     2  = _int25998
 + New bound is 933 (gap is 24.88%)
            1242     113k          1        F     2  = _int26000
 + New bound is 1089 (gap is 12.32%)
            1242     120k          1              0  = _int20936
 *          1116     126k  54.24s              (gap is 2.42%)
            1116     126k          1        F     2  = _int25998
 + New bound is 1103 (gap is 1.16%)
 ! Time = 54.31s, Average fail depth = 719, Memory usage = 170.6 MB
 ! Current bound is 1103 (gap is 1.16%)
 !          Best Branches  Non-fixed            Branch decision
            1116     126k          1        F     2  = _int26000
 + New bound is 1111 (gap is 0.45%)
            1116     126k          1        F     2  = _int25998
 + New bound is 1115 (gap is 0.09%)
            1116     130k          1              1 != _int25999
            1116     132k      18494        F     2  = _int25998
 + New bound is 1116 (gap is 0%)
 ! ----------------------------------------------------------------------------
 ! Search completed, 2 solutions found.
 ! Best objective         : 1116 (optimal - effective tol. is 0)
 ! Best bound             : 1116
 ! Number of branches     : 132322
 ! Number of fails        : 4058
 ! Total memory usage     : 200.2 MB (172.1 MB CP Optimizer + 28.1 MB Concert)
 ! Time spent in solve    : 111.50s (111.46s engine + 0.04s extraction)
 ! Search speed (br. / s) : 1187.2
 ! ----------------------------------------------------------------------------
solve:1
Flips: 1116
Log Likelihood: -nan
