reading  from file input/AML-96-001_input.csv
rows: 5368
cols: 6
input zeros:24044
input ones:8066
input missing:98
total fp flips allowed:25
adding objective
 ! ----------------------------------------------------------------------------
 ! Minimization problem - 32215 variables, 224482 constraints, 1 phase
 ! Presolve      : 2 extractables eliminated
 ! TimeLimit            = 900
 ! Workers              = 1
 ! LogPeriod            = 10000
 ! Initial process time : 2.88s (2.86s extraction + 0.01s propagation)
 !  . Log search space  : 32130.2 (before), 32130.2 (after)
 !  . Memory usage      : 128.5 MB (before), 128.5 MB (after)
 ! Using sequential search.
 ! ----------------------------------------------------------------------------
 !          Best Branches  Non-fixed            Branch decision
 ! ----------------------------------------------------------------------------
 ! Minimization problem - 32215 variables, 224482 constraints, 1 phase
 ! Presolve      : 2 extractables eliminated
 ! TimeLimit            = 900
 ! Workers              = 1
 ! LogPeriod            = 10000
 ! Initial process time : 0.14s (0.13s extraction + 0.01s propagation)
 !  . Log search space  : 32130.2 (before), 32130.2 (after)
 !  . Memory usage      : 128.5 MB (before), 128.5 MB (after)
 ! Using sequential search.
 ! ----------------------------------------------------------------------------
 !          Best Branches  Non-fixed            Branch decision
                        0      32215                 -
 + New bound is 0
                       22       8072        F     5  = _int32208
 + New bound is 1
 *         18253     2664  1.71s               (gap is 99.99%)
           18253    10000          1              1  = _int3484
 *         16186    13746  6.16s               (gap is 99.99%)
           16186    20000          1              1  = _int2076
 *         15097    20058  8.50s               (gap is 99.99%)
 *          8946    28463  9.89s               (gap is 99.99%)
            8946    30000          1              1  = _int30680
            8946    40000       1718              1  = _int6259
            8946    50000          1              0  = _int15127
 *          7818    50773  20.36s              (gap is 99.99%)
            7818    60000          1              0  = _int31553
            7818    70000          1              0  = _int2575
            7818    80000          1              0  = _int16681
 *          4728    88613  61.10s              (gap is 99.98%)
            4728    90000          1        F     0  = _int2250
            4728     100k      25573              0  = _int20316
            4728     110k      25139        F     1  = _int12519
            4728     120k      14142              0  = _int22593
 ! Time = 190.79s, Average fail depth = 372, Memory usage = 431.8 MB
 ! Current bound is 1 (gap is 99.98%)
 !          Best Branches  Non-fixed            Branch decision
 *          4726     128k  191.88s             (gap is 99.98%)
            4726     130k          1              1  = _int28771
 *          4725     132k  214.43s             (gap is 99.98%)
 *          4724     137k  230.32s             (gap is 99.98%)
            4724     140k      15205              0  = _int746
 *          3748     148k  234.39s             (gap is 99.97%)
            3748     150k          1        F     0  = _int10720
            3748     160k      26059              1  = _int30661
            3748     170k      17730              0  = _int15145
 *          3747     179k  333.08s             (gap is 99.97%)
            3747     180k        942              0  = _int19047
            3747     190k      22008              1  = _int31261
            3747     200k      20089              1  = _int13070
            3747     210k      20608              1  = _int22106
            3747     220k      10638              0  = _int26184
 *          3746     226k  473.31s             (gap is 99.97%)
            3746     230k        748              0  = _int11284
            3746     240k      21207              1  = _int9668
            3746     250k      14441              0  = _int7542
 *          3745     258k  563.42s             (gap is 99.97%)
 ! Time = 563.42s, Average fail depth = 515, Memory usage = 433.6 MB
 ! Current bound is 1 (gap is 99.97%)
 !          Best Branches  Non-fixed            Branch decision
            3745     260k        534              0  = _int10431
            3745     270k      10239              0  = _int9655
 *          3744     276k  606.37s             (gap is 99.97%)
            3744     280k        440              1  = _int30676
            3744     290k      19680              1  = _int17924
 *          3743     293k  678.50s             (gap is 99.97%)
            3743     300k      19154              0  = _int31818
            3743     310k       2991              0  = _int19108
 *          3742     312k  717.86s             (gap is 99.97%)
            3742     320k        386        F     0  = _int20379
 *          3741     321k  759.55s             (gap is 99.97%)
            3741     330k      12286              0  = _int3067
 *          3740     337k  784.96s             (gap is 99.97%)
            3740     340k        290              0  = _int27213
            3740     350k       3440              0  = _int19819
 *          3739     352k  806.77s             (gap is 99.97%)
            3739     360k        228              0  = _int2646
 *          3738     367k  825.00s             (gap is 99.97%)
            3738     370k        167              0  = _int26265
 *          3731     378k  831.92s             (gap is 99.97%)
 ! Time = 831.92s, Average fail depth = 532, Memory usage = 435.7 MB
 ! Current bound is 1 (gap is 99.97%)
 !          Best Branches  Non-fixed            Branch decision
            3731     380k          1              0  = _int31257
 *          3730     381k  852.45s             (gap is 99.97%)
            3730     390k       9771              0  = _int22249
 *          3729     396k  874.17s             (gap is 99.97%)
            3729     400k        131              0  = _int18499
 *          3728     408k  883.83s             (gap is 99.97%)
            3728     410k         84              1  = _int1282
 ! ----------------------------------------------------------------------------
 ! Search terminated by limit, 24 solutions found.
 ! Best objective         : 3728 (gap is 99.97%)
 ! Best bound             : 1
 ! Number of branches     : 413444
 ! Number of fails        : 21333
 ! Total memory usage     : 496.6 MB (436.5 MB CP Optimizer + 60.2 MB Concert)
 ! Time spent in solve    : 900.06s (899.93s engine + 0.13s extraction)
 ! Search speed (br. / s) : 459.4
 ! ----------------------------------------------------------------------------
solve:1
Flips: 3728
Log Likelihood: -11179
