reading  from file input/AML-01-001_input.csv
rows: 11371
cols: 4
input zeros:16410
input ones:28082
input missing:992
total fp flips allowed:17
adding objective
 ! ----------------------------------------------------------------------------
 ! Minimization problem - 45489 variables, 220530 constraints, 1 phase
 ! Presolve      : 2 extractables eliminated
 ! TimeLimit            = 900
 ! Workers              = 1
 ! LogPeriod            = 10000
 ! Initial process time : 3.25s (3.21s extraction + 0.03s propagation)
 !  . Log search space  : 44504.2 (before), 44504.2 (after)
 !  . Memory usage      : 112.5 MB (before), 112.5 MB (after)
 ! Using sequential search.
 ! ----------------------------------------------------------------------------
 !          Best Branches  Non-fixed            Branch decision
 ! ----------------------------------------------------------------------------
 ! Minimization problem - 45489 variables, 220530 constraints, 1 phase
 ! Presolve      : 2 extractables eliminated
 ! TimeLimit            = 900
 ! Workers              = 1
 ! LogPeriod            = 10000
 ! Initial process time : 0.16s (0.12s extraction + 0.03s propagation)
 !  . Log search space  : 44504.2 (before), 44504.2 (after)
 !  . Memory usage      : 112.5 MB (before), 112.5 MB (after)
 ! Using sequential search.
 ! ----------------------------------------------------------------------------
 !          Best Branches  Non-fixed            Branch decision
                        0      45489                 -
 + New bound is 0
                       12      28086        F     3  = _int45487
 + New bound is 1
                    10000       1964              0  = _int11193
 *          3628    11956  7.25s               (gap is 99.97%)
            3628    20000          1              0  = _int23333
            3628    30000          1              1  = _int17028
            3628    40000      16733              1  = _int25273
            3628    50000       1187              1  = _int22353
            3628    60000          1              0  = _int10463
            3628    70000          1              0  = _int14513
            3628    80000          1              1  = _int32401
            3628    90000          1              1  = _int32486
            3628     100k      32241              1  = _int741
            3628     110k      31482        F     1  = _int41769
            3628     120k       5268              0  = _int329
 *          3515     122k  160.90s             (gap is 99.97%)
            3515     130k       2981              1  = _int26266
            3515     140k      32042              1  = _int30538
            3515     150k      31801              1  = _int1830
 *          3461     156k  284.56s             (gap is 99.97%)
 ! Time = 284.56s, Average fail depth = 655, Memory usage = 445.2 MB
 ! Current bound is 1 (gap is 99.97%)
 !          Best Branches  Non-fixed            Branch decision
            3461     160k       9038              0  = _int39832
            3461     170k        769              0  = _int34904
 *           534     170k  298.00s             (gap is 99.81%)
             534     180k          1              1  = _int40568
 *           533     186k  423.50s             (gap is 99.81%)
 *           532     188k  433.64s             (gap is 99.81%)
             532     190k      42141              0  = _int33137
             532     200k      41460        F     0  = _int27688
             532     210k      41443              0  = _int569
             532     220k      41621              0  = _int31273
 *           531     226k  704.24s             (gap is 99.81%)
             531     230k      41646              1  = _int9183
 *           530     233k  750.08s             (gap is 99.81%)
             530     240k      10155              0  = _int25409
 *           529     249k  775.26s             (gap is 99.81%)
             529     250k        499              0  = _int30093
             529     260k       5080              0  = _int29561
 *           528     264k  800.19s             (gap is 99.81%)
             528     270k        500        F     0  = _int9805
 *           527     276k  895.81s             (gap is 99.81%)
 ! Time = 895.81s, Average fail depth = 366, Memory usage = 448.1 MB
 ! Current bound is 1 (gap is 99.81%)
 !          Best Branches  Non-fixed            Branch decision
 ! ----------------------------------------------------------------------------
 ! Search terminated by limit, 11 solutions found.
 ! Best objective         : 527 (gap is 99.81%)
 ! Best bound             : 1
 ! Number of branches     : 277746
 ! Number of fails        : 22209
 ! Total memory usage     : 513.7 MB (448.1 MB CP Optimizer + 65.6 MB Concert)
 ! Time spent in solve    : 900.05s (899.92s engine + 0.12s extraction)
 ! Search speed (br. / s) : 308.6
 ! ----------------------------------------------------------------------------
solve:1
Flips: 527
Log Likelihood: -3352.52
