reading  from file input/AML-80-001_input.csv
rows: 2807
cols: 3
input zeros:3498
input ones:4666
input missing:257
total fp flips allowed:36
adding objective
 ! ----------------------------------------------------------------------------
 ! Minimization problem - 8425 variables, 32409 constraints, 1 phase
 ! Presolve      : 2 extractables eliminated
 ! TimeLimit            = 900
 ! Workers              = 1
 ! LogPeriod            = 10000
 ! Initial process time : 0.28s (0.26s extraction + 0.01s propagation)
 !  . Log search space  : 8174.0 (before), 8174.0 (after)
 !  . Memory usage      : 15.3 MB (before), 15.3 MB (after)
 ! Using sequential search.
 ! ----------------------------------------------------------------------------
 !          Best Branches  Non-fixed            Branch decision
 ! ----------------------------------------------------------------------------
 ! Minimization problem - 8425 variables, 32409 constraints, 1 phase
 ! Presolve      : 2 extractables eliminated
 ! TimeLimit            = 900
 ! Workers              = 1
 ! LogPeriod            = 10000
 ! Initial process time : 0.00s (0.00s extraction + 0.00s propagation)
 !  . Log search space  : 8174.0 (before), 8174.0 (after)
 !  . Memory usage      : 15.3 MB (before), 15.3 MB (after)
 ! Using sequential search.
 ! ----------------------------------------------------------------------------
 !          Best Branches  Non-fixed            Branch decision
                        0       8425                 -
 + New bound is 0
                        6       4669        F     2  = _int8421
 + New bound is 1
 *           156     2299  0.21s               (gap is 99.36%)
             156    10000          1              1  = _int2186
             156    20000          1              1  = _int8171
             156    30000          1              1  = _int2710
 *           137    32340  5.11s               (gap is 99.27%)
             137    40000        155              1  = _int3834
 *           120    41626  9.60s               (gap is 99.17%)
             120    50000       5035              1  = _int397
 *           105    51497  13.31s              (gap is 99.05%)
             105    60000       5167              1  = _int3174
             105    70000       5160              0  = _int3990
             105    80000       4994              0  = _int3780
 *           104    81290  24.43s              (gap is 99.04%)
             104    90000        113              0  = _int1199
 *           103    98453  28.41s              (gap is 99.03%)
             103     100k        101              0  = _int3564
 *           102     100k  28.77s              (gap is 99.02%)
 *           101     106k  30.00s              (gap is 99.01%)
 ! Time = 30.00s, Average fail depth = 475, Memory usage = 66.3 MB
 ! Current bound is 1 (gap is 99.01%)
 !          Best Branches  Non-fixed            Branch decision
             101     110k         87              0  = _int2837
 *           100     110k  31.08s              (gap is 99.00%)
 *            99     118k  32.71s              (gap is 98.99%)
              99     120k         71              0  = _int1927
 *            98     120k  33.33s              (gap is 98.98%)
 *            97     125k  34.29s              (gap is 98.97%)
 *            96     129k  35.29s              (gap is 98.96%)
              96     130k         62              0  = _int7554
 *            95     132k  35.76s              (gap is 98.95%)
 *            94     133k  36.15s              (gap is 98.94%)
 *            93     135k  36.56s              (gap is 98.92%)
              93     140k         66              0  = _int6452
 *            92     141k  38.11s              (gap is 98.91%)
              92     150k       4676              0  = _int7254
              92     160k       4683              0  = _int2021
              92     170k       4731              1  = _int3020
              92     180k       4792              0  = _int3066
 *            91     180k  48.94s              (gap is 98.90%)
              91     190k       3917              1  = _int546
              91     200k       3954              0  = _int1365
 ! Time = 53.75s, Average fail depth = 691, Memory usage = 67.0 MB
 ! Current bound is 1 (gap is 98.90%)
 !          Best Branches  Non-fixed            Branch decision
              91     210k       4868              0  = _int616
              91     220k       3660        F     0  = _int5327
              91     230k       4898              0  = _int594
 *            90     232k  62.64s              (gap is 98.89%)
 *            89     234k  63.00s              (gap is 98.88%)
              89     240k       4155              0  = _int4481
              89     250k       4936        F     0  = _int8099
              89     260k       5036              1  = _int3204
              89     270k       4020        F     0  = _int650
              89     280k       4171              0  = _int1896
              89     290k       4962        F     0  = _int650
              89     300k       4982              0  = _int6417
              89     310k       5046              0  = _int2189
              89     320k       5140              0  = _int6261
              89     330k       5028        F     0  = _int1415
              89     340k       5020              0  = _int1254
              89     350k       5025              0  = _int8027
              89     360k       4159              1  = _int1574
              89     370k       4998              0  = _int1720
              89     380k       5035        F     0  = _int3242
 ! Time = 101.63s, Average fail depth = 901, Memory usage = 67.1 MB
 ! Current bound is 1 (gap is 98.88%)
 !          Best Branches  Non-fixed            Branch decision
              89     390k       3993              1  = _int6814
              89     400k       3878              1  = _int2098
              89     410k       5049        F     1  = _int3649
              89     420k       5082              0  = _int4917
              89     430k       5085        F     0  = _int3156
              89     440k       4975              0  = _int1885
              89     450k       4973              0  = _int1798
              89     460k       3870              0  = _int3689
              89     470k       5118              0  = _int5757
              89     480k       5019              0  = _int3845
              89     490k       5086              0  = _int1200
              89     500k       5085        F     0  = _int7253
              89     510k       5069              0  = _int1507
              89     520k       5094              0  = _int5406
              89     530k       3938              1  = _int5024
              89     540k       3818              0  = _int7032
              89     550k       5129              0  = _int5098
              89     560k       5182        F     0  = _int4937
              89     570k       5118              0  = _int6671
              89     580k       5122              0  = _int2103
 ! Time = 154.42s, Average fail depth = 1015, Memory usage = 67.1 MB
 ! Current bound is 1 (gap is 98.88%)
 !          Best Branches  Non-fixed            Branch decision
              89     590k       4425              1  = _int5203
              89     600k       5154              1  = _int217
              89     610k       3946              0  = _int2061
              89     620k       5112              0  = _int5200
              89     630k       5164              1  = _int2077
              89     640k       3630              0  = _int5228
              89     650k       5146        F     0  = _int4988
              89     660k       5141              0  = _int799
              89     670k       5172              1  = _int2308
              89     680k       5156              0  = _int2649
              89     690k       3919              1  = _int8041
              89     700k       5157              0  = _int6638
              89     710k       5153              0  = _int8214
              89     720k       5158              1  = _int287
              89     730k       3887              0  = _int6300
              89     740k       5166              0  = _int65
              89     750k       3980              0  = _int1701
              89     760k       5119              1  = _int649
              89     770k       4075              0  = _int5561
              89     780k       3814              0  = _int2682
 ! Time = 209.41s, Average fail depth = 1079, Memory usage = 67.1 MB
 ! Current bound is 1 (gap is 98.88%)
 !          Best Branches  Non-fixed            Branch decision
              89     790k       5169              0  = _int5311
              89     800k       3761              0  = _int2717
              89     810k       5065              0  = _int1929
              89     820k       4242              0  = _int6830
              89     830k       4705              0  = _int2510
              89     840k       3953              0  = _int3356
              89     850k       4006              0  = _int7767
              89     860k       3910              0  = _int3660
              89     870k       3871              0  = _int5099
              89     880k       4822              0  = _int7375
              89     890k       4851              0  = _int6405
              89     900k       4105              0  = _int6108
              89     910k       4008              1  = _int1174
              89     920k       3584        F     0  = _int8122
              89     930k       3588              0  = _int5088
              89     940k       4518              0  = _int6532
              89     950k       4973              1  = _int3460
              89     960k       3719              0  = _int8094
              89     970k       4976              0  = _int7755
              89     980k       5022        F     0  = _int1431
 ! Time = 262.54s, Average fail depth = 1120, Memory usage = 67.1 MB
 ! Current bound is 1 (gap is 98.88%)
 !          Best Branches  Non-fixed            Branch decision
              89     990k       5081              0  = _int6369
              89    1000k       5093              0  = _int5427
              89    1010k       5035              0  = _int8068
              89    1020k       5142              0  = _int6107
              89    1030k       5108              0  = _int2096
              89    1040k       5148              0  = _int2169
              89    1050k       5113              1  = _int3230
              89    1060k       3667              0  = _int3165
              89    1070k       5150              0  = _int6819
              89    1080k       5145              0  = _int7371
              89    1090k       5149              0  = _int5742
              89    1100k       5142              1  = _int5084
              89    1110k       5198              0  = _int903
              89    1120k       5199              0  = _int6142
              89    1130k       3672              0  = _int7926
              89    1140k       5163              0  = _int3696
              89    1150k       3710              1  = _int3336
              89    1160k       5209              0  = _int7801
              89    1170k       3616              1  = _int1601
              89    1180k       4273              0  = _int2070
 ! Time = 316.35s, Average fail depth = 1137, Memory usage = 67.1 MB
 ! Current bound is 1 (gap is 98.88%)
 !          Best Branches  Non-fixed            Branch decision
              89    1190k       5194              0  = _int5923
              89    1200k       5230        F     0  = _int2165
              89    1210k       5008              1  = _int3471
              89    1220k       4974              1  = _int6884
              89    1230k       3737              0  = _int711
              89    1240k       5008              0  = _int837
              89    1250k       5097              0  = _int4723
              89    1260k       5103              0  = _int691
              89    1270k       5173        F     0  = _int1867
              89    1280k       5061              0  = _int2896
              89    1290k       3753              0  = _int7844
              89    1300k       3610              0  = _int1032
              89    1310k       5131              0  = _int6289
              89    1320k       5186              0  = _int3302
              89    1330k       5151              0  = _int703
              89    1340k       5169              0  = _int1760
              89    1350k       3878              0  = _int416
              89    1360k       5149        F     0  = _int3156
              89    1370k       4940              0  = _int6835
              89    1380k       3760              1  = _int659
 ! Time = 374.07s, Average fail depth = 1140, Memory usage = 67.1 MB
 ! Current bound is 1 (gap is 98.88%)
 !          Best Branches  Non-fixed            Branch decision
              89    1390k       3528              0  = _int6821
              89    1400k       5183              0  = _int6462
              89    1410k       5180              0  = _int6730
              89    1420k       5175              0  = _int3631
              89    1430k       5223              0  = _int595
              89    1440k       5213              0  = _int6033
              89    1450k       5156              0  = _int8354
              89    1460k       3692              0  = _int3234
              89    1470k       3161              1  = _int3932
              89    1480k       4371              1  = _int544
              89    1490k       4825              0  = _int3863
              89    1500k       5216              0  = _int2156
              89    1510k       3673              1  = _int7937
              89    1520k       3152              0  = _int7134
              89    1530k       5218              0  = _int8190
              89    1540k       5197              0  = _int7250
              89    1550k       5219              0  = _int4909
              89    1560k       5268              0  = _int7524
              89    1570k       3617              0  = _int1128
              89    1580k       3576              1  = _int4061
 ! Time = 428.76s, Average fail depth = 1146, Memory usage = 67.1 MB
 ! Current bound is 1 (gap is 98.88%)
 !          Best Branches  Non-fixed            Branch decision
              89    1590k       3539              0  = _int5852
              89    1600k       5263              1  = _int8127
              89    1610k       5266              1  = _int6427
              89    1620k       3450              0  = _int1768
              89    1630k       4775              1  = _int6315
              89    1640k       5217              0  = _int303
              89    1650k       3162              0  = _int6466
              89    1660k       5194              0  = _int5716
              89    1670k       5151              0  = _int7695
              89    1680k       5168              0  = _int7876
              89    1690k       5181              1  = _int5212
              89    1700k       4705              0  = _int2889
              89    1710k       4002              0  = _int6770
              89    1720k       5207              1  = _int316
              89    1730k       4740              0  = _int7695
              89    1740k       5273              1  = _int7001
              89    1750k       3459              0  = _int4157
              89    1760k       4718              0  = _int1696
              89    1770k       3619              1  = _int726
              89    1780k       4687              1  = _int6377
 ! Time = 488.37s, Average fail depth = 1133, Memory usage = 67.2 MB
 ! Current bound is 1 (gap is 98.88%)
 !          Best Branches  Non-fixed            Branch decision
              89    1790k       5200              1  = _int428
              89    1800k       4604        F     0  = _int7069
              89    1810k       5681              1  = _int7455
              89    1820k       5272              1  = _int2017
              89    1830k       4614              0  = _int1524
              89    1840k       4659        F     0  = _int7416
              89    1850k       5332              0  = _int7270
              89    1860k       5672        F     0  = _int3054
              89    1870k       3823              0  = _int1697
              89    1880k       2209                 -
              89    1890k          1              1  = _int5060
              89    1900k          1              0  = _int4544
 *            88    1905k  546.30s             (gap is 98.86%)
              88    1910k          1              0  = _int8112
              88    1920k       5381              0  = _int4901
              88    1930k       3841              0  = _int5989
              88    1940k       5366              0  = _int946
              88    1950k       5362              0  = _int7344
              88    1960k       5361              0  = _int5166
              88    1970k       4199              0  = _int3117
 ! Time = 565.05s, Average fail depth = 1050, Memory usage = 68.0 MB
 ! Current bound is 1 (gap is 98.86%)
 !          Best Branches  Non-fixed            Branch decision
              88    1980k       5344        F     0  = _int4310
              88    1990k       5341              0  = _int1222
              88    2000k       5341              0  = _int4138
              88    2010k       5398              1  = _int4937
              88    2020k       3702        F     0  = _int5344
              88    2030k       5375              0  = _int4351
              88    2040k       5366              0  = _int5573
              88    2050k       5364              0  = _int5331
              88    2060k       5374              0  = _int3569
              88    2070k       5367              0  = _int766
              88    2080k       5387        F     1  = _int7710
              88    2090k       5403              0  = _int8257
              88    2100k       5391              0  = _int5500
              88    2110k       5406              0  = _int8027
              88    2120k       3734              0  = _int6933
              88    2130k       5400        F     0  = _int3604
              88    2140k       5410              0  = _int2616
              88    2150k       5423              1  = _int6832
              88    2160k       5426              0  = _int7825
              88    2170k       5372              0  = _int3909
 ! Time = 625.70s, Average fail depth = 1056, Memory usage = 68.0 MB
 ! Current bound is 1 (gap is 98.86%)
 !          Best Branches  Non-fixed            Branch decision
              88    2180k       5324              0  = _int4441
              88    2190k       3610              0  = _int2258
              88    2200k       5349              0  = _int4335
              88    2210k       4078        F     0  = _int6240
              88    2220k       5413              0  = _int5226
              88    2230k       5425              0  = _int94
              88    2240k       4741              0  = _int3569
              88    2250k       4742              1  = _int5050
              88    2260k       3657              0  = _int5742
              88    2270k       3606              0  = _int6436
              88    2280k       4733              0  = _int2988
              88    2290k       3535              0  = _int2823
              88    2300k       5489              0  = _int4774
              88    2310k       4719              1  = _int4310
              88    2320k       3516              0  = _int1497
              88    2330k       5501              1  = _int6651
              88    2340k       5036              0  = _int6911
              88    2350k       3506              0  = _int1222
              88    2360k       5508              0  = _int1798
              88    2370k       5500              1  = _int100
 ! Time = 686.50s, Average fail depth = 1053, Memory usage = 68.0 MB
 ! Current bound is 1 (gap is 98.86%)
 !          Best Branches  Non-fixed            Branch decision
              88    2380k       4708              1  = _int7253
              88    2390k       5532              0  = _int2355
              88    2400k       4770              1  = _int3668
              88    2410k       3543              0  = _int3456
              88    2420k       3552              0  = _int2194
              88    2430k       3861              0  = _int7034
              88    2440k       5519              0  = _int4263
              88    2450k       3541              0  = _int1810
              88    2460k       3545              0  = _int5289
              88    2470k       3555              0  = _int6350
              88    2480k       5465              1  = _int4177
              88    2490k       5495              0  = _int5577
              88    2500k       5497              0  = _int6816
              88    2510k       3748              0  = _int1629
              88    2520k       5500        F     0  = _int6044
              88    2530k       5534              0  = _int3392
              88    2540k       5521              1  = _int3430
              88    2550k       3516              0  = _int2968
              88    2560k       5535              0  = _int2774
              88    2570k       5746              0  = _int8367
 ! Time = 747.36s, Average fail depth = 1055, Memory usage = 68.0 MB
 ! Current bound is 1 (gap is 98.86%)
 !          Best Branches  Non-fixed            Branch decision
              88    2580k       3507              0  = _int1225
              88    2590k       5493        F     0  = _int667
              88    2600k       4712              0  = _int220
              88    2610k       5506              0  = _int6989
              88    2620k       3467              0  = _int3392
              88    2630k       5459              0  = _int637
              88    2640k       5440              0  = _int6671
              88    2650k       4712              0  = _int8248
              88    2660k       3568              0  = _int7085
              88    2670k       3567              0  = _int2262
              88    2680k       5535              1  = _int115
              88    2690k       3576              1  = _int1888
              88    2700k       3429              0  = _int6935
              88    2710k       5527              1  = _int5491
              88    2720k       3539              1  = _int34
              88    2730k       4714              0  = _int7264
              88    2740k       3721              0  = _int7710
              88    2750k       5767              0  = _int6810
              88    2760k       3500              0  = _int5201
              88    2770k       5771              0  = _int174
 ! Time = 808.18s, Average fail depth = 1057, Memory usage = 68.0 MB
 ! Current bound is 1 (gap is 98.86%)
 !          Best Branches  Non-fixed            Branch decision
              88    2780k       5563        F     0  = _int1867
              88    2790k       3581              0  = _int7114
              88    2800k       5573              1  = _int2427
              88    2810k       4694        F     0  = _int5229
              88    2820k       5786              1  = _int4935
              88    2830k       3566              0  = _int8114
              88    2840k       3450              0  = _int6141
              88    2850k       5771              0  = _int2729
              88    2860k       3503              0  = _int906
              88    2870k       3528              0  = _int4872
              88    2880k       5783              0  = _int6000
              88    2890k       3578              1  = _int7691
              88    2900k       3689              1  = _int2846
              88    2910k       5703              0  = _int3715
              88    2920k       5789              0  = _int7404
              88    2930k       3468              0  = _int7675
              88    2940k       5783              0  = _int2170
              88    2950k       5781              1  = _int1839
              88    2960k       5777              1  = _int3523
              88    2970k       5780              0  = _int1119
 ! Time = 864.80s, Average fail depth = 1058, Memory usage = 68.0 MB
 ! Current bound is 1 (gap is 98.86%)
 !          Best Branches  Non-fixed            Branch decision
              88    2980k       5753        F     1  = _int5092
              88    2990k       4675              0  = _int4297
              88    3000k       3549              0  = _int44
              88    3010k       5786              0  = _int198
              88    3020k       3368              0  = _int3665
              88    3030k       4666              0  = _int7596
              88    3040k       5768              0  = _int7371
              88    3050k       5793              1  = _int5831
              88    3060k       4656              1  = _int1113
              88    3070k       5787              0  = _int2853
              88    3080k       5078              1  = _int3069
 ! ----------------------------------------------------------------------------
 ! Search terminated by limit, 21 solutions found.
 ! Best objective         : 88 (gap is 98.86%)
 ! Best bound             : 1
 ! Number of branches     : 3087598
 ! Number of fails        : 249343
 ! Total memory usage     : 77.9 MB (68.0 MB CP Optimizer + 9.9 MB Concert)
 ! Time spent in solve    : 900.00s (900.00s engine + 0.00s extraction)
 ! Search speed (br. / s) : 3430.7
 ! ----------------------------------------------------------------------------
solve:1
Flips: 88
Log Likelihood: -734.121
