reading  from file input/AML-75-001_input.csv
rows: 6073
cols: 4
input zeros:18478
input ones:4485
input missing:1329
total fp flips allowed:187
adding objective
 ! ----------------------------------------------------------------------------
 ! Minimization problem - 24297 variables, 112289 constraints, 1 phase
 ! Presolve      : 2 extractables eliminated
 ! TimeLimit            = 900
 ! Workers              = 1
 ! LogPeriod            = 10000
 ! Initial process time : 1.19s (1.17s extraction + 0.01s propagation)
 !  . Log search space  : 22978.6 (before), 22978.6 (after)
 !  . Memory usage      : 58.2 MB (before), 58.2 MB (after)
 ! Using sequential search.
 ! ----------------------------------------------------------------------------
 !          Best Branches  Non-fixed            Branch decision
 ! ----------------------------------------------------------------------------
 ! Minimization problem - 24297 variables, 112289 constraints, 1 phase
 ! Presolve      : 2 extractables eliminated
 ! TimeLimit            = 900
 ! Workers              = 1
 ! LogPeriod            = 10000
 ! Initial process time : 0.06s (0.05s extraction + 0.00s propagation)
 !  . Log search space  : 22978.6 (before), 22978.6 (after)
 !  . Memory usage      : 58.2 MB (before), 58.2 MB (after)
 ! Using sequential search.
 ! ----------------------------------------------------------------------------
 !          Best Branches  Non-fixed            Branch decision
                        0      24297                 -
 + New bound is 0
                       12       4489        F     3  = _int24294
 + New bound is 1
 *          2497     9556  3.81s               (gap is 99.96%)
            2497    10000          1              1  = _int21119
            2497    20000          1              1  = _int18624
            2497    30000          1              0  = _int6464
            2497    40000          1              0  = _int713
            2497    50000          1              1  = _int15782
            2497    60000          1              0  = _int10013
            2497    70000          1              1  = _int16089
            2497    80000          1              0  = _int20351
            2497    90000          1              1  = _int11899
            2497     100k      19375              0  = _int23502
            2497     110k      16509              1  = _int8856
            2497     120k      17327              0  = _int2070
            2497     130k       9316              0  = _int21813
            2497     140k        457              0  = _int23280
            2497     150k          1              1  = _int24083
            2497     160k       9148              0  = _int23305
            2497     170k          1              0  = _int4595
 ! Time = 108.02s, Average fail depth = 811, Memory usage = 227.3 MB
 ! Current bound is 1 (gap is 99.96%)
 !          Best Branches  Non-fixed            Branch decision
            2497     180k          1              1  = _int4745
            2497     190k      10208              0  = _int22382
            2497     200k          1              0  = _int9621
            2497     210k          1              0  = _int22675
            2497     220k          1              0  = _int17318
 *          2471     228k  137.04s             (gap is 99.96%)
            2471     230k          1              1  = _int19126
            2471     240k      14025              0  = _int16733
            2471     250k      15714              1  = _int13975
            2471     260k      12377              1  = _int3026
            2471     270k      12139              0  = _int19144
            2471     280k      12233              0  = _int8136
            2471     290k      12418        F     0  = _int18579
            2471     300k       7332              0  = _int12126
 *          2350     305k  231.78s             (gap is 99.96%)
            2350     310k          1              0  = _int19112
 *          2275     318k  241.91s             (gap is 99.96%)
            2275     320k          1              1  = _int14345
            2275     330k      13779              1  = _int17630
            2275     340k      13403        F     0  = _int18971
 ! Time = 274.17s, Average fail depth = 868, Memory usage = 229.5 MB
 ! Current bound is 1 (gap is 99.96%)
 !          Best Branches  Non-fixed            Branch decision
            2275     350k       1144              0  = _int17804
 *          2200     351k  280.27s             (gap is 99.95%)
            2200     360k          1              0  = _int12306
            2200     370k       9093              0  = _int7642
 *          2198     376k  305.47s             (gap is 99.95%)
            2198     380k          1              0  = _int11761
 *          2197     387k  309.41s             (gap is 99.95%)
            2197     390k         34              0  = _int24295
            2197     400k      14931              0  = _int8177
            2197     410k        225              0  = _int9088
 *          2196     410k  329.40s             (gap is 99.95%)
            2196     420k         14              1  = _int20055
            2196     430k      15292              0  = _int15272
            2196     440k       5958              0  = _int10722
 *          2174     444k  365.00s             (gap is 99.95%)
            2174     450k          1              0  = _int6306
            2174     460k       9649              0  = _int3385
 *          2168     466k  391.06s             (gap is 99.95%)
            2168     470k          1              1  = _int12818
            2168     480k        739              0  = _int13059
 ! Time = 398.75s, Average fail depth = 913, Memory usage = 230.7 MB
 ! Current bound is 1 (gap is 99.95%)
 !          Best Branches  Non-fixed            Branch decision
 *          2161     480k  398.80s             (gap is 99.95%)
            2161     490k          1              1  = _int14345
            2161     500k       4156              0  = _int5507
 *          2158     503k  419.91s             (gap is 99.95%)
            2158     510k          1              0  = _int3764
 *          2157     514k  423.99s             (gap is 99.95%)
 *          2156     519k  429.66s             (gap is 99.95%)
            2156     520k          3              1  = _int21068
            2156     530k      16563              0  = _int23478
            2156     540k      16580              1  = _int16793
            2156     550k      16122              0  = _int21446
            2156     560k        781              0  = _int19115
 *          2149     560k  477.75s             (gap is 99.95%)
            2149     570k          1              0  = _int7458
            2149     580k      17267              0  = _int1876
            2149     590k      17274              1  = _int3770
            2149     600k      16236              0  = _int10241
            2149     610k      17059              0  = _int4137
            2149     620k      15877        F     0  = _int15211
            2149     630k      16667              1  = _int1008
 ! Time = 572.87s, Average fail depth = 1041, Memory usage = 231.6 MB
 ! Current bound is 1 (gap is 99.95%)
 !          Best Branches  Non-fixed            Branch decision
            2149     640k      15970              0  = _int9061
            2149     650k      16768              0  = _int2568
            2149     660k      16574              1  = _int11616
            2149     670k       6352              0  = _int15183
 *          2148     674k  627.04s             (gap is 99.95%)
            2148     680k          4              0  = _int17621
            2148     690k      17028              0  = _int15892
 *          2147     698k  649.39s             (gap is 99.95%)
            2147     700k          4              0  = _int8782
 *          2146     704k  658.95s             (gap is 99.95%)
            2146     710k      16830              0  = _int1885
            2146     720k      16974              0  = _int18589
            2146     730k      17481              1  = _int7164
            2146     740k      17075              0  = _int6278
            2146     750k      17625              1  = _int20453
            2146     760k      17455              0  = _int14395
            2146     770k      17290              0  = _int12378
            2146     780k      17274              1  = _int3105
            2146     790k      12505              0  = _int13241
 *          2144     798k  780.91s             (gap is 99.95%)
 ! Time = 780.91s, Average fail depth = 1084, Memory usage = 232.4 MB
 ! Current bound is 1 (gap is 99.95%)
 !          Best Branches  Non-fixed            Branch decision
            2144     800k          1              1  = _int16805
 *          2143     809k  797.03s             (gap is 99.95%)
            2143     810k      17118              0  = _int18524
            2143     820k      17907              0  = _int20489
            2143     830k      18015              0  = _int11889
            2143     840k      17792              0  = _int14203
            2143     850k      17563              0  = _int848
            2143     860k      17089              0  = _int12225
            2143     870k      17373              0  = _int3758
            2143     880k      17220              1  = _int15458
 ! ----------------------------------------------------------------------------
 ! Search terminated by limit, 20 solutions found.
 ! Best objective         : 2143 (gap is 99.95%)
 ! Best bound             : 1
 ! Number of branches     : 881233
 ! Number of fails        : 38393
 ! Total memory usage     : 264.1 MB (232.6 MB CP Optimizer + 31.5 MB Concert)
 ! Time spent in solve    : 900.02s (899.97s engine + 0.05s extraction)
 ! Search speed (br. / s) : 979.2
 ! ----------------------------------------------------------------------------
solve:1
Flips: 2143
Log Likelihood: -7320.42
