reading  from file input/AML-50-001_input.csv
rows: 9407
cols: 3
input zeros:13579
input ones:14129
input missing:513
total fp flips allowed:0
adding objective
 ! ----------------------------------------------------------------------------
 ! Minimization problem - 28225 variables, 110351 constraints, 1 phase
 ! Presolve      : 2 extractables eliminated
 ! TimeLimit            = 900
 ! Workers              = 1
 ! LogPeriod            = 10000
 ! Initial process time : 1.19s (1.18s extraction + 0.00s propagation)
 !  . Log search space  : 13583.8 (before), 13583.8 (after)
 !  . Memory usage      : 38.1 MB (before), 38.1 MB (after)
 ! Using sequential search.
 ! ----------------------------------------------------------------------------
 !          Best Branches  Non-fixed            Branch decision
 ! ----------------------------------------------------------------------------
 ! Minimization problem - 28225 variables, 110351 constraints, 1 phase
 ! Presolve      : 2 extractables eliminated
 ! TimeLimit            = 900
 ! Workers              = 1
 ! LogPeriod            = 10000
 ! Initial process time : 0.06s (0.04s extraction + 0.01s propagation)
 !  . Log search space  : 13583.8 (before), 13583.8 (after)
 !  . Memory usage      : 38.1 MB (before), 38.1 MB (after)
 ! Using sequential search.
 ! ----------------------------------------------------------------------------
 !          Best Branches  Non-fixed            Branch decision
                        0      28225                 -
 + New bound is 0
                        4          3        F     2  = _int28221
 + New bound is 1
 *          9368     2785  0.42s               (gap is 99.99%)
            9368    10000          1              0  = _int26367
            9368    20000          1              1  = _int429
            9368    30000          1              1  = _int25286
 *          7136    34170  5.45s               (gap is 99.99%)
            7136    40000          1              0  = _int20820
 *          3519    49111  8.22s               (gap is 99.97%)
            3519    50000          1              0  = _int4403
 *           752    59948  11.45s              (gap is 99.87%)
             752    59954          1        F     2  = _int28221
 + New bound is 377 (gap is 49.87%)
             752    59960          1        F     2  = _int28221
 + New bound is 566 (gap is 24.73%)
             752    59966          1        F     2  = _int28221
 + New bound is 660 (gap is 12.23%)
             752    59972          1        F     2  = _int28222
 + New bound is 707 (gap is 5.98%)
             752    59978          1        F     2  = _int28222
 + New bound is 731 (gap is 2.79%)
             752    59986          1        F     2  = _int28222
 + New bound is 743 (gap is 1.20%)
             752    59992          1        F     2  = _int28221
 + New bound is 749 (gap is 0.4%)
             752    59998          1        F     2  = _int28221
 + New bound is 752 (gap is 0%)
 ! ----------------------------------------------------------------------------
 ! Search completed, 4 solutions found.
 ! Best objective         : 752 (optimal - effective tol. is 0)
 ! Best bound             : 752
 ! Number of branches     : 59998
 ! Number of fails        : 44
 ! Total memory usage     : 213.1 MB (179.1 MB CP Optimizer + 34.0 MB Concert)
 ! Time spent in solve    : 11.89s (11.84s engine + 0.04s extraction)
 ! Search speed (br. / s) : 5067.4
 ! ----------------------------------------------------------------------------
solve:1
Flips: 752
Log Likelihood: -nan
