reading  from file input/AML-73-001_input.csv
rows: 10042
cols: 4
input zeros:25862
input ones:14206
input missing:100
total fp flips allowed:262
adding objective
 ! ----------------------------------------------------------------------------
 ! Minimization problem - 40173 variables, 200230 constraints, 1 phase
 ! Presolve      : 2 extractables eliminated
 ! TimeLimit            = 900
 ! Workers              = 1
 ! LogPeriod            = 10000
 ! Initial process time : 2.36s (2.34s extraction + 0.01s propagation)
 !  . Log search space  : 40084.0 (before), 40084.0 (after)
 !  . Memory usage      : 104.6 MB (before), 104.6 MB (after)
 ! Using sequential search.
 ! ----------------------------------------------------------------------------
 !          Best Branches  Non-fixed            Branch decision
 ! ----------------------------------------------------------------------------
 ! Minimization problem - 40173 variables, 200230 constraints, 1 phase
 ! Presolve      : 2 extractables eliminated
 ! TimeLimit            = 900
 ! Workers              = 1
 ! LogPeriod            = 10000
 ! Initial process time : 0.12s (0.10s extraction + 0.01s propagation)
 !  . Log search space  : 40084.0 (before), 40084.0 (after)
 !  . Memory usage      : 104.6 MB (before), 104.6 MB (after)
 ! Using sequential search.
 ! ----------------------------------------------------------------------------
 !          Best Branches  Non-fixed            Branch decision
                        0      40173                 -
 + New bound is 0
 *             0        8  0.92s               (gap is 0%)
 ! ----------------------------------------------------------------------------
 ! Search completed, 1 solution found.
 ! Best objective         : 0 (optimal - effective tol. is 0)
 ! Best bound             : 0
 ! Number of branches     : 8
 ! Number of fails        : 5
 ! Total memory usage     : 432.1 MB (374.2 MB CP Optimizer + 57.9 MB Concert)
 ! Time spent in solve    : 0.97s (0.86s engine + 0.10s extraction)
 ! Search speed (br. / s) : 9.2
 ! ----------------------------------------------------------------------------
solve:1
Flips: 0
Log Likelihood: -2329.27
