reading  from file input/AML-12-001_input.csv
rows: 7300
cols: 3
input zeros:14806
input ones:6911
input missing:183
total fp flips allowed:0
adding objective
 ! ----------------------------------------------------------------------------
 ! Minimization problem - 21904 variables, 86687 constraints, 1 phase
 ! Presolve      : 2 extractables eliminated
 ! TimeLimit            = 900
 ! Workers              = 1
 ! LogPeriod            = 10000
 ! Initial process time : 1.02s (1.01s extraction + 0.00s propagation)
 !  . Log search space  : 14810.8 (before), 14810.8 (after)
 !  . Memory usage      : 34.1 MB (before), 34.1 MB (after)
 ! Using sequential search.
 ! ----------------------------------------------------------------------------
 !          Best Branches  Non-fixed            Branch decision
 ! ----------------------------------------------------------------------------
 ! Minimization problem - 21904 variables, 86687 constraints, 1 phase
 ! Presolve      : 2 extractables eliminated
 ! TimeLimit            = 900
 ! Workers              = 1
 ! LogPeriod            = 10000
 ! Initial process time : 0.06s (0.05s extraction + 0.00s propagation)
 !  . Log search space  : 14810.8 (before), 14810.8 (after)
 !  . Memory usage      : 34.1 MB (before), 34.1 MB (after)
 ! Using sequential search.
 ! ----------------------------------------------------------------------------
 !          Best Branches  Non-fixed            Branch decision
                        0      21904                 -
 + New bound is 0
                        4          3        F     2  = _int21900
 + New bound is 1
 *          1273     9612  3.51s               (gap is 99.92%)
            1273    10000          1              0  = _int13402
            1273    20000          1              0  = _int15017
            1273    30000          1              0  = _int13460
            1273    40000          1              0  = _int6986
            1273    50000          1              1  = _int14654
            1273    60000          1              0  = _int21839
            1273    70000          1              0  = _int16720
 *          1269    74651  20.97s              (gap is 99.92%)
            1269    74659          1        F     2  = _int21900
 + New bound is 636 (gap is 49.88%)
            1269    80000          1              0  = _int19883
 *           737    84828  24.85s              (gap is 13.70%)
             737    84836          1        F     1  = _int21900
 + New bound is 687 (gap is 6.78%)
             737    84844          1        F     2  = _int21900
 + New bound is 713 (gap is 3.26%)
             737    84852          1        F     1  = _int21900
 + New bound is 726 (gap is 1.49%)
             737    84860          1        F     2  = _int21900
 + New bound is 733 (gap is 0.54%)
             737    84868          1        F     1  = _int21900
 + New bound is 736 (gap is 0.14%)
             737    90000          1        F     2  = _int21900
 ! Time = 66.25s, Average fail depth = 11, Memory usage = 150.5 MB
 ! Current bound is 736 (gap is 0.14%)
 !          Best Branches  Non-fixed            Branch decision
             737    91017      14252        F     2  = _int21901
 + New bound is 737 (gap is 0%)
 ! ----------------------------------------------------------------------------
 ! Search completed, 3 solutions found.
 ! Best objective         : 737 (optimal - effective tol. is 0)
 ! Best bound             : 737
 ! Number of branches     : 91017
 ! Number of fails        : 4114
 ! Total memory usage     : 177.5 MB (150.7 MB CP Optimizer + 26.8 MB Concert)
 ! Time spent in solve    : 73.43s (73.38s engine + 0.05s extraction)
 ! Search speed (br. / s) : 1240.4
 ! ----------------------------------------------------------------------------
solve:1
Flips: 737
Log Likelihood: -nan
