reading  from file input/AML-75-001_input.csv
rows: 6073
cols: 4
input zeros:18478
input ones:4485
input missing:1329
total fp flips allowed:0
adding objective
 ! ----------------------------------------------------------------------------
 ! Minimization problem - 24297 variables, 112289 constraints, 1 phase
 ! Presolve      : 2 extractables eliminated
 ! TimeLimit            = 900
 ! Workers              = 1
 ! LogPeriod            = 10000
 ! Initial process time : 1.57s (1.56s extraction + 0.00s propagation)
 !  . Log search space  : 18486.0 (before), 18486.0 (after)
 !  . Memory usage      : 52.0 MB (before), 52.0 MB (after)
 ! Using sequential search.
 ! ----------------------------------------------------------------------------
 !          Best Branches  Non-fixed            Branch decision
 ! ----------------------------------------------------------------------------
 ! Minimization problem - 24297 variables, 112289 constraints, 1 phase
 ! Presolve      : 2 extractables eliminated
 ! TimeLimit            = 900
 ! Workers              = 1
 ! LogPeriod            = 10000
 ! Initial process time : 0.08s (0.07s extraction + 0.00s propagation)
 !  . Log search space  : 18486.0 (before), 18486.0 (after)
 !  . Memory usage      : 52.0 MB (before), 52.0 MB (after)
 ! Using sequential search.
 ! ----------------------------------------------------------------------------
 !          Best Branches  Non-fixed            Branch decision
                        0      24297                 -
 + New bound is 0
                        6          4        F     3  = _int24292
 + New bound is 1
 *          4089     8886  4.63s               (gap is 99.98%)
            4089    10000          1              1  = _int16662
            4089    20000          1              1  = _int15579
            4089    30000          1              0  = _int16506
            4089    40000          1              0  = _int23434
            4089    50000          1              1  = _int12945
            4089    60000          1              1  = _int15535
            4089    70000          1              1  = _int22465
            4089    80000          1              0  = _int1519
 *          3796    84674  28.50s              (gap is 99.97%)
            3796    84696          1        F     3  = _int24292
 + New bound is 1899 (gap is 49.97%)
            3796    90000          1              0  = _int6107
 *          2671    94217  33.81s              (gap is 28.90%)
            2671    94243          1        F     3  = _int24294
 + New bound is 2286 (gap is 14.41%)
            2671    94271          1        F     2  = _int24292
 + New bound is 2480 (gap is 7.15%)
            2671    94303          1        F     2  = _int24295
 + New bound is 2577 (gap is 3.52%)
            2671    94331          1        F     2  = _int24294
 + New bound is 2625 (gap is 1.72%)
            2671    94365          1        F     2  = _int24294
 + New bound is 2649 (gap is 0.82%)
 ! Time = 35.91s, Average fail depth = 237, Memory usage = 204.9 MB
 ! Current bound is 2649 (gap is 0.82%)
 !          Best Branches  Non-fixed            Branch decision
            2671    94393          1        F     1  = _int24294
 + New bound is 2661 (gap is 0.37%)
            2671    94423          1        F     3  = _int24294
 + New bound is 2667 (gap is 0.15%)
            2671    94453          1        F     2  = _int24294
 + New bound is 2670 (gap is 0.037%)
            2671     100k          1              3  = _int24295
            2671     110k      15813        F     0  = _int24294
            2671     120k      15813              1  = _int24295
            2671     123k      15813        F     3  = _int24294
 + New bound is 2671 (gap is 0%)
 ! ----------------------------------------------------------------------------
 ! Search completed, 3 solutions found.
 ! Best objective         : 2671 (optimal - effective tol. is 0)
 ! Best bound             : 2671
 ! Number of branches     : 123687
 ! Number of fails        : 15762
 ! Total memory usage     : 237.9 MB (206.3 MB CP Optimizer + 31.5 MB Concert)
 ! Time spent in solve    : 355.25s (355.18s engine + 0.07s extraction)
 ! Search speed (br. / s) : 348.2
 ! ----------------------------------------------------------------------------
solve:1
Flips: 2671
Log Likelihood: -nan
