reading  from file input/AML-58-001_input.csv
rows: 8170
cols: 3
input zeros:8322
input ones:13663
input missing:2525
total fp flips allowed:0
adding objective
 ! ----------------------------------------------------------------------------
 ! Minimization problem - 24514 variables, 85447 constraints, 1 phase
 ! Presolve      : 2 extractables eliminated
 ! TimeLimit            = 900
 ! Workers              = 1
 ! LogPeriod            = 10000
 ! Initial process time : 0.85s (0.85s extraction + 0.00s propagation)
 !  . Log search space  : 8326.8 (before), 8326.8 (after)
 !  . Memory usage      : 25.9 MB (before), 25.9 MB (after)
 ! Using sequential search.
 ! ----------------------------------------------------------------------------
 !          Best Branches  Non-fixed            Branch decision
 ! ----------------------------------------------------------------------------
 ! Minimization problem - 24514 variables, 85447 constraints, 1 phase
 ! Presolve      : 2 extractables eliminated
 ! TimeLimit            = 900
 ! Workers              = 1
 ! LogPeriod            = 10000
 ! Initial process time : 0.05s (0.04s extraction + 0.00s propagation)
 !  . Log search space  : 8326.8 (before), 8326.8 (after)
 !  . Memory usage      : 25.9 MB (before), 25.9 MB (after)
 ! Using sequential search.
 ! ----------------------------------------------------------------------------
 !          Best Branches  Non-fixed            Branch decision
                        0      24514                 -
 + New bound is 0
                        4          3        F     2  = _int24510
 + New bound is 1
 *          3417     3645  0.47s               (gap is 99.97%)
            3417    10000          1              0  = _int20223
            3417    20000          1              0  = _int17615
 *          1879    22474  2.26s               (gap is 99.95%)
            1879    30000          1              0  = _int22926
 *          1532    31651  3.16s               (gap is 99.93%)
            1532    40000          1              1  = _int6329
            1532    45502          1        F     2  = _int24510
 + New bound is 767 (gap is 49.93%)
            1532    45510          1        F     2  = _int24510
 + New bound is 1151 (gap is 24.87%)
            1532    45518          1        F     1  = _int24510
 + New bound is 1343 (gap is 12.34%)
            1532    45526          1        F     2  = _int24510
 + New bound is 1439 (gap is 6.07%)
            1532    45534          1        F     1  = _int24510
 + New bound is 1487 (gap is 2.94%)
            1532    45542          1        F     2  = _int24510
 + New bound is 1511 (gap is 1.37%)
            1532    45550          1        F     1  = _int24510
 + New bound is 1523 (gap is 0.59%)
            1532    45558          1        F     2  = _int24510
 + New bound is 1529 (gap is 0.2%)
            1532    45566          1        F     1  = _int24510
 + New bound is 1532 (gap is 0%)
 ! ----------------------------------------------------------------------------
 ! Search completed, 3 solutions found.
 ! Best objective         : 1532 (optimal - effective tol. is 0)
 ! Best bound             : 1532
 ! Number of branches     : 45566
 ! Number of fails        : 53
 ! Total memory usage     : 157.6 MB (129.3 MB CP Optimizer + 28.2 MB Concert)
 ! Time spent in solve    : 4.80s (4.75s engine + 0.04s extraction)
 ! Search speed (br. / s) : 9572.7
 ! ----------------------------------------------------------------------------
solve:1
Flips: 1532
Log Likelihood: -nan
