reading  from file input/AML-40-001_input.csv
rows: 6194
cols: 7
input zeros:31258
input ones:11337
input missing:763
total fp flips allowed:0
adding objective
 ! ----------------------------------------------------------------------------
 ! Minimization problem - 43366 variables, 337261 constraints, 1 phase
 ! Presolve      : 2 extractables eliminated
 ! TimeLimit            = 900
 ! Workers              = 1
 ! LogPeriod            = 10000
 ! Initial process time : 4.28s (4.25s extraction + 0.02s propagation)
 !  . Log search space  : 31277.7 (before), 31277.7 (after)
 !  . Memory usage      : 168.3 MB (before), 168.3 MB (after)
 ! Using sequential search.
 ! ----------------------------------------------------------------------------
 !          Best Branches  Non-fixed            Branch decision
 ! ----------------------------------------------------------------------------
 ! Minimization problem - 43366 variables, 337261 constraints, 1 phase
 ! Presolve      : 2 extractables eliminated
 ! TimeLimit            = 900
 ! Workers              = 1
 ! LogPeriod            = 10000
 ! Initial process time : 0.19s (0.16s extraction + 0.02s propagation)
 !  . Log search space  : 31277.7 (before), 31277.7 (after)
 !  . Memory usage      : 168.3 MB (before), 168.3 MB (after)
 ! Using sequential search.
 ! ----------------------------------------------------------------------------
 !          Best Branches  Non-fixed            Branch decision
                        0      43366                 -
 + New bound is 0
                       12          7        F     6  = _int43359
 + New bound is 1
 *         20556     5286  2.48s               (gap is 100.00%)
           20556    10000          1              0  = _int16166
           20556    20000          1              0  = _int30281
           20556    30000          1              0  = _int32647
 *         16632    34787  15.24s              (gap is 99.99%)
           16632    40000          1              1  = _int30216
           16632    50000        680              1  = _int30482
           16632    60000          1              1  = _int9223
           16632    70000          1              0  = _int27277
           16632    80000          1              0  = _int14222
 *          8211    87763  34.42s              (gap is 99.99%)
            8211    90000          1              0  = _int32267
            8211     100k       1543              0  = _int17865
 *          2670     101k  46.34s              (gap is 99.96%)
            2670     101k          1        F     6  = _int43360
 + New bound is 1336 (gap is 49.96%)
            2670     110k          1              0  = _int23185
 *          1993     115k  59.87s              (gap is 32.97%)
            1993     115k          1        F     6  = _int43359
 + New bound is 1665 (gap is 16.46%)
 ! Time = 63.73s, Average fail depth = 232, Memory usage = 567.0 MB
 ! Current bound is 1665 (gap is 16.46%)
 !          Best Branches  Non-fixed            Branch decision
            1993     120k          1              3 != _int43360
            1993     130k      29274              3  = _int43364
            1993     140k      29274        F     2  = _int43362
            1993     150k      29275              0 != _int43363
 ! ----------------------------------------------------------------------------
 ! Search terminated by limit, 5 solutions found.
 ! Best objective         : 1993 (gap is 16.46%)
 ! Best bound             : 1665
 ! Number of branches     : 157430
 ! Number of fails        : 21364
 ! Total memory usage     : 652.1 MB (567.0 MB CP Optimizer + 85.0 MB Concert)
 ! Time spent in solve    : 900.16s (899.99s engine + 0.16s extraction)
 ! Search speed (br. / s) : 174.9
 ! ----------------------------------------------------------------------------
solve:1
Flips: 1993
Log Likelihood: -nan
