reading  from file input/AML-06-001_input.csv
rows: 11398
cols: 5
input zeros:49795
input ones:7092
input missing:103
total fp flips allowed:0
adding objective
 ! ----------------------------------------------------------------------------
 ! Minimization problem - 56996 variables, 341189 constraints, 1 phase
 ! Presolve      : 2 extractables eliminated
 ! TimeLimit            = 900
 ! Workers              = 1
 ! LogPeriod            = 10000
 ! Initial process time : 4.54s (4.50s extraction + 0.04s propagation)
 !  . Log search space  : 49806.6 (before), 49806.6 (after)
 !  . Memory usage      : 177.7 MB (before), 177.7 MB (after)
 ! Using sequential search.
 ! ----------------------------------------------------------------------------
 !          Best Branches  Non-fixed            Branch decision
 ! ----------------------------------------------------------------------------
 ! Minimization problem - 56996 variables, 341189 constraints, 1 phase
 ! Presolve      : 2 extractables eliminated
 ! TimeLimit            = 900
 ! Workers              = 1
 ! LogPeriod            = 10000
 ! Initial process time : 0.21s (0.18s extraction + 0.02s propagation)
 !  . Log search space  : 49806.6 (before), 49806.6 (after)
 !  . Memory usage      : 177.7 MB (before), 177.7 MB (after)
 ! Using sequential search.
 ! ----------------------------------------------------------------------------
 !          Best Branches  Non-fixed            Branch decision
                        0      56996                 -
 + New bound is 0
                        8          5        F     4  = _int56991
 + New bound is 1
                    10000          5              0  = _int36102
 *         16427    18506  30.25s              (gap is 99.99%)
           16427    20000          1              1  = _int37560
           16427    30000      17507              1  = _int53098
           16427    40000       1526              0  = _int46529
           16427    50000          1              0  = _int15184
           16427    60000          1              0  = _int7329
           16427    70000       3118              1  = _int5001
           16427    80000          1              0  = _int4997
           16427    90000       1098              0  = _int9190
           16427     100k          1              1  = _int2239
           16427     110k       4429              1  = _int37909
           16427     120k          1              0  = _int31545
           16427     130k          1              1  = _int29482
           16427     140k       4838              1  = _int27431
           16427     150k          1              0  = _int34451
           16427     160k       3072              0  = _int32266
           16427     170k          1              0  = _int7394
 ! Time = 236.99s, Average fail depth = 2059, Memory usage = 620.5 MB
 ! Current bound is 1 (gap is 99.99%)
 !          Best Branches  Non-fixed            Branch decision
           16427     180k       7029              0  = _int27130
 *         12307     186k  250.20s             (gap is 99.99%)
           12307     190k          1              0  = _int9927
           12307     200k      12337              0  = _int26129
 *          4808     208k  315.40s             (gap is 99.98%)
            4808     210k          1              0  = _int5891
            4808     220k      20178              0  = _int8680
            4808     230k       2933              0  = _int5863
 *          2329     232k  390.76s             (gap is 99.96%)
            2329     232k          1        F     3  = _int56993
 + New bound is 1166 (gap is 49.94%)
            2329     232k          1        F     3  = _int56993
 + New bound is 1749 (gap is 24.90%)
            2329     232k          1        F     3  = _int56993
 + New bound is 2040 (gap is 12.41%)
            2329     240k          1              0  = _int44465
            2329     250k       8962              0  = _int48542
 *          2161     256k  474.09s             (gap is 5.60%)
            2161     260k          1              0  = _int37691
            2161     270k      16344              0  = _int54007
            2161     280k        778              0  = _int38133
 *          2045     280k  552.95s             (gap is 0.24%)
            2045     280k          1        F     2  = _int56993
 + New bound is 2043 (gap is 0.098%)
 ! Time = 557.02s, Average fail depth = 603, Memory usage = 623.2 MB
 ! Current bound is 2043 (gap is 0.098%)
 !          Best Branches  Non-fixed            Branch decision
            2045     280k          1        F     3  = _int56993
 + New bound is 2045 (gap is 0%)
 ! ----------------------------------------------------------------------------
 ! Search completed, 6 solutions found.
 ! Best objective         : 2045 (optimal - effective tol. is 0)
 ! Best bound             : 2045
 ! Number of branches     : 280926
 ! Number of fails        : 256
 ! Total memory usage     : 710.9 MB (623.2 MB CP Optimizer + 87.7 MB Concert)
 ! Time spent in solve    : 560.00s (559.82s engine + 0.18s extraction)
 ! Search speed (br. / s) : 501.8
 ! ----------------------------------------------------------------------------
solve:1
Flips: 2045
Log Likelihood: -nan
