reading  from file input/AML-34-001_input.csv
rows: 4359
cols: 4
input zeros:16638
input ones:750
input missing:48
total fp flips allowed:169
adding objective
 ! ----------------------------------------------------------------------------
 ! Minimization problem - 17441 variables, 86872 constraints, 1 phase
 ! Presolve      : 2 extractables eliminated
 ! TimeLimit            = 900
 ! Workers              = 1
 ! LogPeriod            = 10000
 ! Initial process time : 0.97s (0.96s extraction + 0.00s propagation)
 !  . Log search space  : 17403.4 (before), 17403.4 (after)
 !  . Memory usage      : 46.8 MB (before), 46.8 MB (after)
 ! Using sequential search.
 ! ----------------------------------------------------------------------------
 !          Best Branches  Non-fixed            Branch decision
 ! ----------------------------------------------------------------------------
 ! Minimization problem - 17441 variables, 86872 constraints, 1 phase
 ! Presolve      : 2 extractables eliminated
 ! TimeLimit            = 900
 ! Workers              = 1
 ! LogPeriod            = 10000
 ! Initial process time : 0.04s (0.03s extraction + 0.00s propagation)
 !  . Log search space  : 17403.4 (before), 17403.4 (after)
 !  . Memory usage      : 46.8 MB (before), 46.8 MB (after)
 ! Using sequential search.
 ! ----------------------------------------------------------------------------
 !          Best Branches  Non-fixed            Branch decision
                        0      17441                 -
 + New bound is 0
 *             0       28  0.38s               (gap is 0%)
 ! ----------------------------------------------------------------------------
 ! Search completed, 1 solution found.
 ! Best objective         : 0 (optimal - effective tol. is 0)
 ! Best bound             : 0
 ! Number of branches     : 28
 ! Number of fails        : 9
 ! Total memory usage     : 180.4 MB (157.9 MB CP Optimizer + 22.5 MB Concert)
 ! Time spent in solve    : 0.41s (0.37s engine + 0.03s extraction)
 ! Search speed (br. / s) : 73.7
 ! ----------------------------------------------------------------------------
solve:1
Flips: 0
Log Likelihood: -981.441
