reading  from file input/AML-11-001_input.csv
rows: 3257
cols: 4
input zeros:1738
input ones:9124
input missing:2166
total fp flips allowed:2
adding objective
 ! ----------------------------------------------------------------------------
 ! Minimization problem - 13033 variables, 50162 constraints, 1 phase
 ! Presolve      : 2 extractables eliminated
 ! TimeLimit            = 900
 ! Workers              = 1
 ! LogPeriod            = 10000
 ! Initial process time : 0.61s (0.61s extraction + 0.00s propagation)
 !  . Log search space  : 10871.6 (before), 10871.6 (after)
 !  . Memory usage      : 24.0 MB (before), 24.0 MB (after)
 ! Using sequential search.
 ! ----------------------------------------------------------------------------
 !          Best Branches  Non-fixed            Branch decision
 ! ----------------------------------------------------------------------------
 ! Minimization problem - 13033 variables, 50162 constraints, 1 phase
 ! Presolve      : 2 extractables eliminated
 ! TimeLimit            = 900
 ! Workers              = 1
 ! LogPeriod            = 10000
 ! Initial process time : 0.02s (0.02s extraction + 0.00s propagation)
 !  . Log search space  : 10871.6 (before), 10871.6 (after)
 !  . Memory usage      : 24.0 MB (before), 24.0 MB (after)
 ! Using sequential search.
 ! ----------------------------------------------------------------------------
 !          Best Branches  Non-fixed            Branch decision
                        0      13033                 -
 + New bound is 0
                       12       9128        F     3  = _int13030
 + New bound is 1
 *          1422      216  0.29s               (gap is 99.93%)
 *          1421      873  0.36s               (gap is 99.93%)
 *          1317     1552  0.42s               (gap is 99.92%)
 *          1254     2258  0.52s               (gap is 99.92%)
 *           936     2897  0.58s               (gap is 99.89%)
             936    10000          1              1  = _int7610
             936    20000          1              1  = _int3960
 *           819    24166  11.13s              (gap is 99.88%)
 *           615    26932  14.84s              (gap is 99.84%)
             615    30000          6              0  = _int9028
 *           577    35926  24.26s              (gap is 99.83%)
             577    40000       7642              1  = _int688
             577    50000       6339              1  = _int3524
             577    60000       5908        F     0  = _int3034
 *           576    62355  40.99s              (gap is 99.83%)
             576    70000       4192              1  = _int3363
             576    80000       1814              1  = _int2601
 *           575    89024  53.04s              (gap is 99.83%)
 ! Time = 53.04s, Average fail depth = 524, Memory usage = 101.5 MB
 ! Current bound is 1 (gap is 99.83%)
 !          Best Branches  Non-fixed            Branch decision
             575    90000       1892              1  = _int3133
             575     100k       6886              1  = _int10725
 *           574     104k  67.08s              (gap is 99.83%)
 *           483     105k  67.14s              (gap is 99.79%)
 *           482     107k  69.18s              (gap is 99.79%)
 *           481     107k  69.30s              (gap is 99.79%)
             481     110k          1              1  = _int12419
             481     120k       6091              1  = _int1767
             481     130k       2932              1  = _int3879
             481     140k       1366              1  = _int4535
             481     150k       1347              1  = _int9743
 *           480     152k  102.96s             (gap is 99.79%)
             480     160k       1562              1  = _int875
             480     170k       1412              1  = _int11593
             480     180k       2045              1  = _int2152
             480     190k       1430              1  = _int735
             480     200k       1425        F     0  = _int6170
 *           479     207k  146.21s             (gap is 99.79%)
             479     210k       6864              0  = _int3560
             479     220k       3960              1  = _int7684
 ! Time = 158.97s, Average fail depth = 496, Memory usage = 102.2 MB
 ! Current bound is 1 (gap is 99.79%)
 !          Best Branches  Non-fixed            Branch decision
             479     230k       1545        F     0  = _int105
             479     240k       7855        F     0  = _int8931
             479     250k       1554              1  = _int4063
             479     260k       1442              1  = _int6295
             479     270k       5567              0  = _int623
             479     280k       1943              0  = _int1665
             479     290k       5505              1  = _int9562
             479     300k       2248              1  = _int2343
             479     310k       6774        F     0  = _int1835
             479     320k       6918        F     0  = _int11119
             479     330k       1774              1  = _int4027
             479     340k       1542              1  = _int6079
             479     350k       4778              1  = _int10611
             479     360k       2053              1  = _int7707
             479     370k       2436              1  = _int7288
             479     380k       2583              0  = _int10550
             479     390k       2087              1  = _int244
             479     400k       2221              1  = _int442
             479     410k       1824              1  = _int6684
             479     420k       2670        F     0  = _int5941
 ! Time = 345.12s, Average fail depth = 460, Memory usage = 102.2 MB
 ! Current bound is 1 (gap is 99.79%)
 !          Best Branches  Non-fixed            Branch decision
             479     430k       5424              0  = _int12911
             479     440k       2618              0  = _int4279
             479     450k       7045        F     0  = _int7871
             479     460k       3202              1  = _int3368
             479     470k       2603              1  = _int3132
             479     480k       6991              1  = _int11069
             479     490k       4754              1  = _int10388
             479     500k       1589        F     0  = _int1711
             479     510k       2241        F     0  = _int2295
             479     520k       2337              1  = _int7270
             479     530k       3257              1  = _int12532
             479     540k       2613              1  = _int12963
             479     550k       6814              1  = _int10779
             479     560k       2005              1  = _int6254
             479     570k       1552              1  = _int323
             479     580k       2337              1  = _int8380
             479     590k       1489              1  = _int3611
             479     600k       4220              1  = _int5827
             479     610k       2330              1  = _int663
             479     620k       2114              0  = _int1201
 ! Time = 534.18s, Average fail depth = 449, Memory usage = 102.2 MB
 ! Current bound is 1 (gap is 99.79%)
 !          Best Branches  Non-fixed            Branch decision
             479     630k       1729        F     0  = _int12186
             479     640k       5067              1  = _int8464
             479     650k       3654              1  = _int8292
             479     660k       2028        F     0  = _int2060
             479     670k       2480              1  = _int7415
             479     680k       2322              0  = _int591
             479     690k       2207              1  = _int1552
             479     700k       5249              1  = _int291
             479     710k       2135              1  = _int689
             479     720k       3119              1  = _int4164
             479     730k       2767              1  = _int1253
             479     740k       2264              1  = _int12847
             479     750k       5116        F     0  = _int9364
             479     760k       5527              1  = _int12599
             479     770k       2116              1  = _int2124
             479     780k       5054              1  = _int6556
             479     790k       4368              1  = _int2495
             479     800k       2282              1  = _int10247
             479     810k       1472              1  = _int414
             479     820k       7662              1  = _int10642
 ! Time = 723.63s, Average fail depth = 450, Memory usage = 102.2 MB
 ! Current bound is 1 (gap is 99.79%)
 !          Best Branches  Non-fixed            Branch decision
             479     830k       1754              1  = _int12075
             479     840k       1703              1  = _int6688
             479     850k       2470              1  = _int4148
             479     860k       1687              1  = _int6605
             479     870k       6859              1  = _int6673
             479     880k       6868              1  = _int7764
             479     890k       2488              1  = _int10839
             479     900k       2449              1  = _int5813
             479     910k       6884              1  = _int5474
             479     920k       3607              1  = _int4795
             479     930k       2401              1  = _int12915
             479     940k       2461        F     0  = _int8200
 ! ----------------------------------------------------------------------------
 ! Search terminated by limit, 16 solutions found.
 ! Best objective         : 479 (gap is 99.79%)
 ! Best bound             : 1
 ! Number of branches     : 943532
 ! Number of fails        : 159132
 ! Total memory usage     : 118.4 MB (102.4 MB CP Optimizer + 16.0 MB Concert)
 ! Time spent in solve    : 900.01s (899.99s engine + 0.02s extraction)
 ! Search speed (br. / s) : 1048.4
 ! ----------------------------------------------------------------------------
solve:1
Flips: 479
Log Likelihood: -1927.13
