reading  from file input/AML-72-001_input.csv
rows: 4820
cols: 4
input zeros:3314
input ones:15277
input missing:689
total fp flips allowed:0
adding objective
 ! ----------------------------------------------------------------------------
 ! Minimization problem - 19285 variables, 91643 constraints, 1 phase
 ! Presolve      : 2 extractables eliminated
 ! TimeLimit            = 900
 ! Workers              = 1
 ! LogPeriod            = 10000
 ! Initial process time : 1.08s (1.07s extraction + 0.00s propagation)
 !  . Log search space  : 3322.0 (before), 3322.0 (after)
 !  . Memory usage      : 25.3 MB (before), 25.3 MB (after)
 ! Using sequential search.
 ! ----------------------------------------------------------------------------
 !          Best Branches  Non-fixed            Branch decision
 ! ----------------------------------------------------------------------------
 ! Minimization problem - 19285 variables, 91643 constraints, 1 phase
 ! Presolve      : 2 extractables eliminated
 ! TimeLimit            = 900
 ! Workers              = 1
 ! LogPeriod            = 10000
 ! Initial process time : 0.06s (0.05s extraction + 0.00s propagation)
 !  . Log search space  : 3322.0 (before), 3322.0 (after)
 !  . Memory usage      : 25.3 MB (before), 25.3 MB (after)
 ! Using sequential search.
 ! ----------------------------------------------------------------------------
 !          Best Branches  Non-fixed            Branch decision
                        0      19285                 -
 + New bound is 0
                        6          4        F     3  = _int19280
 + New bound is 1
 *          2521      453  0.16s               (gap is 99.96%)
 *          1698     3452  0.28s               (gap is 99.94%)
 *          1118     7406  0.41s               (gap is 99.91%)
            1118     9931          1        F     3  = _int19280
 + New bound is 560 (gap is 49.91%)
            1118    10000          1              0  = _int2692
 *           767    11982  0.66s               (gap is 26.99%)
             767    11998          1        F     3  = _int19280
 + New bound is 664 (gap is 13.43%)
             767    12022          1        F     3  = _int19281
 + New bound is 717 (gap is 6.52%)
 *           737    14067  0.90s               (gap is 2.71%)
             737    14083          1        F     3  = _int19280
 + New bound is 728 (gap is 1.22%)
             737    14099          1        F     3  = _int19280
 + New bound is 734 (gap is 0.41%)
             737    14125          1        F     3  = _int19281
 + New bound is 737 (gap is 0%)
 ! ----------------------------------------------------------------------------
 ! Search completed, 5 solutions found.
 ! Best objective         : 737 (optimal - effective tol. is 0)
 ! Best bound             : 737
 ! Number of branches     : 14125
 ! Number of fails        : 83
 ! Total memory usage     : 150.6 MB (121.9 MB CP Optimizer + 28.8 MB Concert)
 ! Time spent in solve    : 1.06s (1.00s engine + 0.05s extraction)
 ! Search speed (br. / s) : 13985.1
 ! ----------------------------------------------------------------------------
solve:1
Flips: 737
Log Likelihood: -nan
