reading  from file input/AML-07-001_input.csv
rows: 6718
cols: 3
input zeros:4673
input ones:14443
input missing:1038
total fp flips allowed:0
adding objective
 ! ----------------------------------------------------------------------------
 ! Minimization problem - 20158 variables, 75466 constraints, 1 phase
 ! Presolve      : 2 extractables eliminated
 ! TimeLimit            = 900
 ! Workers              = 1
 ! LogPeriod            = 10000
 ! Initial process time : 0.94s (0.93s extraction + 0.00s propagation)
 !  . Log search space  : 4677.8 (before), 4677.8 (after)
 !  . Memory usage      : 20.4 MB (before), 20.4 MB (after)
 ! Using sequential search.
 ! ----------------------------------------------------------------------------
 !          Best Branches  Non-fixed            Branch decision
 ! ----------------------------------------------------------------------------
 ! Minimization problem - 20158 variables, 75466 constraints, 1 phase
 ! Presolve      : 2 extractables eliminated
 ! TimeLimit            = 900
 ! Workers              = 1
 ! LogPeriod            = 10000
 ! Initial process time : 0.07s (0.06s extraction + 0.00s propagation)
 !  . Log search space  : 4677.8 (before), 4677.8 (after)
 !  . Memory usage      : 20.4 MB (before), 20.4 MB (after)
 ! Using sequential search.
 ! ----------------------------------------------------------------------------
 !          Best Branches  Non-fixed            Branch decision
                        0      20158                 -
 + New bound is 0
                        4          3        F     2  = _int20154
 + New bound is 1
 *           545     3456  0.42s               (gap is 99.82%)
             545    10000          1              0  = _int14030
             545    20000          1              1  = _int15837
             545    23629          1        F     2  = _int20154
 + New bound is 274 (gap is 49.72%)
             545    23635          1        F     2  = _int20155
 + New bound is 411 (gap is 24.59%)
             545    23641          1        F     2  = _int20155
 + New bound is 479 (gap is 12.11%)
             545    23649          1        F     1  = _int20154
 + New bound is 513 (gap is 5.87%)
             545    23657          1        F     2  = _int20154
 + New bound is 530 (gap is 2.75%)
             545    23665          1        F     1  = _int20154
 + New bound is 539 (gap is 1.10%)
             545    23673          1        F     2  = _int20154
 + New bound is 543 (gap is 0.37%)
             545    23681          1        F     1  = _int20154
 + New bound is 545 (gap is 0%)
 ! ----------------------------------------------------------------------------
 ! Search completed, 1 solution found.
 ! Best objective         : 545 (optimal - effective tol. is 0)
 ! Best bound             : 545
 ! Number of branches     : 23681
 ! Number of fails        : 45
 ! Total memory usage     : 129.7 MB (106.1 MB CP Optimizer + 23.6 MB Concert)
 ! Time spent in solve    : 1.66s (1.59s engine + 0.06s extraction)
 ! Search speed (br. / s) : 14800.6
 ! ----------------------------------------------------------------------------
solve:1
Flips: 545
Log Likelihood: -nan
