reading  from file input/AML-45-001_input.csv
rows: 7716
cols: 4
input zeros:18437
input ones:12354
input missing:73
total fp flips allowed:0
adding objective
 ! ----------------------------------------------------------------------------
 ! Minimization problem - 30869 variables, 153867 constraints, 1 phase
 ! Presolve      : 2 extractables eliminated
 ! TimeLimit            = 900
 ! Workers              = 1
 ! LogPeriod            = 10000
 ! Initial process time : 1.83s (1.81s extraction + 0.01s propagation)
 !  . Log search space  : 18445.0 (before), 18445.0 (after)
 !  . Memory usage      : 63.8 MB (before), 63.8 MB (after)
 ! Using sequential search.
 ! ----------------------------------------------------------------------------
 !          Best Branches  Non-fixed            Branch decision
 ! ----------------------------------------------------------------------------
 ! Minimization problem - 30869 variables, 153867 constraints, 1 phase
 ! Presolve      : 2 extractables eliminated
 ! TimeLimit            = 900
 ! Workers              = 1
 ! LogPeriod            = 10000
 ! Initial process time : 0.10s (0.10s extraction + 0.00s propagation)
 !  . Log search space  : 18445.0 (before), 18445.0 (after)
 !  . Memory usage      : 63.8 MB (before), 63.8 MB (after)
 ! Using sequential search.
 ! ----------------------------------------------------------------------------
 !          Best Branches  Non-fixed            Branch decision
                        0      30869                 -
 + New bound is 0
                        6          4        F     3  = _int30864
 + New bound is 1
 *          6553     9567  3.50s               (gap is 99.98%)
            6553    10000          1              1  = _int25868
            6553    20000          1              0  = _int22496
            6553    30000          1              1  = _int18812
 *          6022    35788  12.12s              (gap is 99.98%)
            6022    40000          1              0  = _int24352
 *          5113    45781  13.49s              (gap is 99.98%)
            5113    50000          1              1  = _int28506
            5113    60000          1              0  = _int18417
            5113    70000        844              0  = _int28508
            5113    80000          1              0  = _int13787
            5113    90000       1263              0  = _int8226
 *          1405    91191  33.05s              (gap is 99.93%)
            1405    91213          1        F     3  = _int30864
 + New bound is 704 (gap is 49.89%)
            1405    91239          1        F     2  = _int30867
 + New bound is 1056 (gap is 24.84%)
            1405    91255          1        F     3  = _int30864
 + New bound is 1232 (gap is 12.31%)
            1405    91277          1        F     3  = _int30864
 + New bound is 1320 (gap is 6.05%)
            1405    91305          1        F     1  = _int30867
 + New bound is 1364 (gap is 2.92%)
 ! Time = 35.17s, Average fail depth = 474, Memory usage = 256.4 MB
 ! Current bound is 1364 (gap is 2.92%)
 !          Best Branches  Non-fixed            Branch decision
            1405    91327          1        F     3  = _int30867
 + New bound is 1386 (gap is 1.35%)
            1405    91349          1        F     3  = _int30864
 + New bound is 1397 (gap is 0.57%)
            1405    91371          1        F     3  = _int30864
 + New bound is 1402 (gap is 0.21%)
            1405    91399          1        F     1  = _int30867
 + New bound is 1405 (gap is 0%)
 ! ----------------------------------------------------------------------------
 ! Search completed, 4 solutions found.
 ! Best objective         : 1405 (optimal - effective tol. is 0)
 ! Best bound             : 1405
 ! Number of branches     : 91399
 ! Number of fails        : 128
 ! Total memory usage     : 299.0 MB (256.4 MB CP Optimizer + 42.6 MB Concert)
 ! Time spent in solve    : 36.94s (36.83s engine + 0.10s extraction)
 ! Search speed (br. / s) : 2481.0
 ! ----------------------------------------------------------------------------
solve:1
Flips: 1405
Log Likelihood: -nan
