reading  from file input/AML-02-001_input.csv
rows: 7931
cols: 5
input zeros:14017
input ones:24711
input missing:927
total fp flips allowed:15
adding objective
 ! ----------------------------------------------------------------------------
 ! Minimization problem - 39661 variables, 229695 constraints, 1 phase
 ! Presolve      : 2 extractables eliminated
 ! TimeLimit            = 900
 ! Workers              = 1
 ! LogPeriod            = 10000
 ! Initial process time : 3.29s (3.26s extraction + 0.02s propagation)
 !  . Log search space  : 38743.6 (before), 38743.6 (after)
 !  . Memory usage      : 123.8 MB (before), 123.8 MB (after)
 ! Using sequential search.
 ! ----------------------------------------------------------------------------
 !          Best Branches  Non-fixed            Branch decision
 ! ----------------------------------------------------------------------------
 ! Minimization problem - 39661 variables, 229695 constraints, 1 phase
 ! Presolve      : 2 extractables eliminated
 ! TimeLimit            = 900
 ! Workers              = 1
 ! LogPeriod            = 10000
 ! Initial process time : 0.14s (0.13s extraction + 0.01s propagation)
 !  . Log search space  : 38743.6 (before), 38743.6 (after)
 !  . Memory usage      : 123.8 MB (before), 123.8 MB (after)
 ! Using sequential search.
 ! ----------------------------------------------------------------------------
 !          Best Branches  Non-fixed            Branch decision
                        0      39661                 -
 + New bound is 0
                       16      24716        F     4  = _int39659
 + New bound is 1
 *         11152     1998  1.54s               (gap is 99.99%)
           11152    10000          1              1  = _int33377
 *          9156    11808  3.85s               (gap is 99.99%)
 *          9059    17299  4.69s               (gap is 99.99%)
            9059    20000          1              1  = _int21356
            9059    30000       7219              1  = _int35922
            9059    40000          1              0  = _int38767
            9059    50000          1              1  = _int36184
            9059    60000       1177              0  = _int6908
 *          6506    61058  42.74s              (gap is 99.98%)
            6506    70000          1              1  = _int5014
            6506    80000      20859              1  = _int24743
 *          6100    83626  97.58s              (gap is 99.98%)
            6100    90000       6623        F     0  = _int29821
 *          3050    99442  126.01s             (gap is 99.97%)
            3050     100k          9              1  = _int28933
            3050     110k      32335              1  = _int26457
            3050     120k      28542              1  = _int17510
 ! Time = 212.35s, Average fail depth = 562, Memory usage = 449.5 MB
 ! Current bound is 1 (gap is 99.97%)
 !          Best Branches  Non-fixed            Branch decision
            3050     130k       1019              0  = _int6224
 *          2955     130k  225.34s             (gap is 99.97%)
            2955     140k        132              1  = _int15434
            2955     150k      30949              1  = _int8499
            2955     160k       5841              0  = _int3207
 *          2832     165k  319.64s             (gap is 99.96%)
            2832     170k          1              0  = _int3357
 *          2831     174k  325.77s             (gap is 99.96%)
 *          2830     175k  339.03s             (gap is 99.96%)
            2830     180k        633              0  = _int27404
 *          2829     186k  359.31s             (gap is 99.96%)
            2829     190k        592              0  = _int30177
 *          2828     195k  362.64s             (gap is 99.96%)
            2828     200k        578              0  = _int9019
 *          2827     207k  391.48s             (gap is 99.96%)
 *          2826     208k  392.07s             (gap is 99.96%)
            2826     210k        568              0  = _int32902
 *          2608     217k  393.33s             (gap is 99.96%)
            2608     220k          1              0  = _int14267
 *          2602     226k  394.53s             (gap is 99.96%)
 ! Time = 394.53s, Average fail depth = 457, Memory usage = 452.7 MB
 ! Current bound is 1 (gap is 99.96%)
 !          Best Branches  Non-fixed            Branch decision
            2602     230k          1              0  = _int5097
 *          2532     236k  401.13s             (gap is 99.96%)
 *          2531     236k  407.60s             (gap is 99.96%)
            2531     240k          1              0  = _int36502
 *          2530     245k  412.63s             (gap is 99.96%)
            2530     250k        630              0  = _int20999
 *          2529     254k  420.02s             (gap is 99.96%)
            2529     260k        607              0  = _int2504
 *          2528     264k  428.85s             (gap is 99.96%)
            2528     270k        561              0  = _int35832
 *          2527     274k  441.98s             (gap is 99.96%)
 *          2526     276k  459.90s             (gap is 99.96%)
            2526     280k        578              1  = _int7054
            2526     290k       5874              0  = _int16234
 *          2525     294k  504.87s             (gap is 99.96%)
            2525     300k        538              0  = _int8737
 *          2524     303k  509.70s             (gap is 99.96%)
            2524     310k        507              0  = _int367
 *          2523     312k  513.07s             (gap is 99.96%)
            2523     320k        506              0  = _int16747
 ! Time = 521.78s, Average fail depth = 427, Memory usage = 455.9 MB
 ! Current bound is 1 (gap is 99.96%)
 !          Best Branches  Non-fixed            Branch decision
 *          2522     322k  521.98s             (gap is 99.96%)
            2522     330k        474              0  = _int3942
 *          2521     331k  529.51s             (gap is 99.96%)
            2521     340k        463              0  = _int17772
 *          2520     342k  553.38s             (gap is 99.96%)
            2520     350k        464              0  = _int35489
 *          2519     352k  566.76s             (gap is 99.96%)
            2519     360k        426              0  = _int12889
 *          2518     363k  584.66s             (gap is 99.96%)
            2518     370k        406              0  = _int19494
 *          2517     375k  595.60s             (gap is 99.96%)
            2517     380k        357              1  = _int14820
            2517     390k      15990              1  = _int10443
            2517     400k       1691              0  = _int25532
 *          2516     401k  645.62s             (gap is 99.96%)
            2516     410k        317              0  = _int35602
 *          2515     411k  657.38s             (gap is 99.96%)
            2515     420k        282              0  = _int19987
 *          2514     421k  666.98s             (gap is 99.96%)
            2514     430k        287              0  = _int34987
 ! Time = 670.51s, Average fail depth = 451, Memory usage = 458.7 MB
 ! Current bound is 1 (gap is 99.96%)
 !          Best Branches  Non-fixed            Branch decision
 *          2513     430k  670.59s             (gap is 99.96%)
 *          2512     439k  674.14s             (gap is 99.96%)
            2512     440k        242              1  = _int37344
            2512     450k       7252              0  = _int14677
 *          2511     456k  713.35s             (gap is 99.96%)
            2511     460k        228              0  = _int33594
 *          2510     467k  737.19s             (gap is 99.96%)
            2510     470k        208              1  = _int17599
            2510     480k        798              0  = _int26697
 *          2509     480k  751.11s             (gap is 99.96%)
            2509     490k        168              1  = _int2029
 *          2508     490k  756.09s             (gap is 99.96%)
 *          2507     499k  760.62s             (gap is 99.96%)
            2507     500k        144              0  = _int18284
 *          2506     508k  764.18s             (gap is 99.96%)
            2506     510k        140              0  = _int37079
 *          2505     517k  767.79s             (gap is 99.96%)
            2505     520k        120              0  = _int18819
 *          2504     527k  772.76s             (gap is 99.96%)
            2504     530k        120              0  = _int28872
 ! Time = 782.08s, Average fail depth = 463, Memory usage = 461.9 MB
 ! Current bound is 1 (gap is 99.96%)
 !          Best Branches  Non-fixed            Branch decision
 *          2503     537k  783.54s             (gap is 99.96%)
            2503     540k        114              0  = _int2703
 *          2502     546k  787.17s             (gap is 99.96%)
            2502     550k        100              0  = _int15481
 *          2501     555k  790.74s             (gap is 99.96%)
            2501     560k         91              0  = _int9052
 *          2500     565k  798.49s             (gap is 99.96%)
            2500     570k         82              0  = _int20647
 *          2499     576k  814.62s             (gap is 99.96%)
            2499     580k         72              0  = _int24537
            2499     590k        747              0  = _int36672
 *          2498     590k  834.31s             (gap is 99.96%)
            2498     600k         70              0  = _int839
 *          2497     604k  858.83s             (gap is 99.96%)
            2497     610k         63              0  = _int13407
 *          2496     613k  866.10s             (gap is 99.96%)
 *          2495     615k  879.29s             (gap is 99.96%)
            2495     620k         62              0  = _int20617
 *          2494     625k  887.20s             (gap is 99.96%)
 *          2493     625k  888.78s             (gap is 99.96%)
 ! Time = 888.78s, Average fail depth = 465, Memory usage = 465.4 MB
 ! Current bound is 1 (gap is 99.96%)
 !          Best Branches  Non-fixed            Branch decision
 ! ----------------------------------------------------------------------------
 ! Search terminated by limit, 56 solutions found.
 ! Best objective         : 2493 (gap is 99.96%)
 ! Best bound             : 1
 ! Number of branches     : 626994
 ! Number of fails        : 23434
 ! Total memory usage     : 531.4 MB (465.4 MB CP Optimizer + 66.0 MB Concert)
 ! Time spent in solve    : 900.09s (899.96s engine + 0.13s extraction)
 ! Search speed (br. / s) : 696.7
 ! ----------------------------------------------------------------------------
solve:1
Flips: 2493
Log Likelihood: -8657.05
