reading  from file input/AML-52-001_input.csv
rows: 6610
cols: 3
input zeros:11457
input ones:8103
input missing:270
total fp flips allowed:12
adding objective
 ! ----------------------------------------------------------------------------
 ! Minimization problem - 19834 variables, 77976 constraints, 1 phase
 ! Presolve      : 2 extractables eliminated
 ! TimeLimit            = 900
 ! Workers              = 1
 ! LogPeriod            = 10000
 ! Initial process time : 0.93s (0.92s extraction + 0.00s propagation)
 !  . Log search space  : 19568.5 (before), 19568.5 (after)
 !  . Memory usage      : 36.7 MB (before), 36.7 MB (after)
 ! Using sequential search.
 ! ----------------------------------------------------------------------------
 !          Best Branches  Non-fixed            Branch decision
 ! ----------------------------------------------------------------------------
 ! Minimization problem - 19834 variables, 77976 constraints, 1 phase
 ! Presolve      : 2 extractables eliminated
 ! TimeLimit            = 900
 ! Workers              = 1
 ! LogPeriod            = 10000
 ! Initial process time : 0.06s (0.05s extraction + 0.00s propagation)
 !  . Log search space  : 19568.5 (before), 19568.5 (after)
 !  . Memory usage      : 36.7 MB (before), 36.7 MB (after)
 ! Using sequential search.
 ! ----------------------------------------------------------------------------
 !          Best Branches  Non-fixed            Branch decision
                        0      19834                 -
 + New bound is 0
                        6       8106        F     2  = _int19830
 + New bound is 1
 *           624     8155  2.36s               (gap is 99.84%)
             624    10000          1              1  = _int17893
             624    20000          1              1  = _int10042
             624    30000          1              0  = _int17206
             624    40000          1              1  = _int10880
             624    50000          1              0  = _int14959
             624    60000          1              0  = _int9003
             624    70000          1              0  = _int10546
             624    80000          1        F     0  = _int14307
 *           615    89666  64.69s              (gap is 99.84%)
             615    90000      16629              1  = _int11411
             615     100k      15923        F     0  = _int18720
             615     110k      14722              1  = _int14916
             615     120k      10788              1  = _int1524
             615     130k      10850              1  = _int12285
             615     140k      13656              0  = _int19643
 *           614     145k  160.83s             (gap is 99.84%)
             614     150k      13768              1  = _int15873
 ! Time = 167.06s, Average fail depth = 564, Memory usage = 155.9 MB
 ! Current bound is 1 (gap is 99.84%)
 !          Best Branches  Non-fixed            Branch decision
             614     160k      10976              0  = _int16521
 *           613     162k  184.78s             (gap is 99.84%)
             613     170k      13889              1  = _int15790
             613     180k      10877              1  = _int14292
             613     190k      10597              1  = _int16722
             613     200k      10794              0  = _int14789
             613     210k      10506              0  = _int18374
             613     220k      13792              0  = _int12091
             613     230k      12831              1  = _int5162
             613     240k      10838              0  = _int1588
             613     250k      13796              0  = _int14809
             613     260k      13660        F     0  = _int19827
             613     270k      10892              0  = _int11963
             613     280k      13700              1  = _int11448
 *           612     287k  358.90s             (gap is 99.84%)
             612     290k      14248              0  = _int7751
             612     300k      10754              0  = _int5256
             612     310k      10667              1  = _int16461
 *           611     316k  396.37s             (gap is 99.84%)
             611     320k      10608              0  = _int16597
 ! Time = 401.22s, Average fail depth = 1179, Memory usage = 156.4 MB
 ! Current bound is 1 (gap is 99.84%)
 !          Best Branches  Non-fixed            Branch decision
             611     330k      10356              0  = _int9037
             611     340k      13835              0  = _int6820
             611     350k      13913              0  = _int6290
             611     360k      13870              0  = _int2726
             611     370k      10785              0  = _int15348
             611     380k      13807              0  = _int4440
             611     390k      13886              1  = _int16926
             611     400k      12360              0  = _int12555
             611     410k      12019              0  = _int5731
             611     420k      13705              0  = _int16965
             611     430k      13835              0  = _int8971
             611     440k      13807              0  = _int3809
             611     450k      13886              0  = _int5769
             611     460k      10785              0  = _int14926
             611     470k      12715              0  = _int2342
 *           610     477k  616.18s             (gap is 99.84%)
 *           609     479k  619.39s             (gap is 99.84%)
             609     480k         42        F     0  = _int17279
             609     490k      13679              0  = _int2387
             609     500k      13695              0  = _int8470
 ! Time = 650.45s, Average fail depth = 1351, Memory usage = 156.7 MB
 ! Current bound is 1 (gap is 99.84%)
 !          Best Branches  Non-fixed            Branch decision
             609     510k      13578              0  = _int1016
             609     520k      13701              0  = _int8804
             609     530k      12644              0  = _int11656
             609     540k      13281              0  = _int108
             609     550k      13394              0  = _int16959
             609     560k      13434        F     0  = _int7413
             609     570k      13591              0  = _int11280
             609     580k      13515              0  = _int14930
             609     590k      13455              0  = _int6567
             609     600k      13490              0  = _int1516
             609     610k      13423              1  = _int7678
             609     620k      13549              1  = _int10738
             609     630k      12014              1  = _int9403
             609     640k      13466              0  = _int7293
             609     650k      13449              0  = _int8348
             609     660k      13491              0  = _int696
             609     670k      11839              0  = _int6357
 ! ----------------------------------------------------------------------------
 ! Search terminated by limit, 8 solutions found.
 ! Best objective         : 609 (gap is 99.84%)
 ! Best bound             : 1
 ! Number of branches     : 677744
 ! Number of fails        : 30443
 ! Total memory usage     : 179.5 MB (156.7 MB CP Optimizer + 22.8 MB Concert)
 ! Time spent in solve    : 900.03s (899.98s engine + 0.05s extraction)
 ! Search speed (br. / s) : 753.1
 ! ----------------------------------------------------------------------------
solve:1
Flips: 609
Log Likelihood: -2307.75
