reading  from file input/AML-14-001_input.csv
rows: 7053
cols: 7
input zeros:39919
input ones:9194
input missing:258
total fp flips allowed:40
adding objective
 ! ----------------------------------------------------------------------------
 ! Minimization problem - 49379 variables, 391778 constraints, 1 phase
 ! Presolve      : 2 extractables eliminated
 ! TimeLimit            = 900
 ! Workers              = 1
 ! LogPeriod            = 10000
 ! Initial process time : 6.15s (6.09s extraction + 0.05s propagation)
 !  . Log search space  : 49138.0 (before), 49138.0 (after)
 !  . Memory usage      : 231.5 MB (before), 231.5 MB (after)
 ! Using sequential search.
 ! ----------------------------------------------------------------------------
 !          Best Branches  Non-fixed            Branch decision
 ! ----------------------------------------------------------------------------
 ! Minimization problem - 49379 variables, 391778 constraints, 1 phase
 ! Presolve      : 2 extractables eliminated
 ! TimeLimit            = 900
 ! Workers              = 1
 ! LogPeriod            = 10000
 ! Initial process time : 0.26s (0.24s extraction + 0.02s propagation)
 !  . Log search space  : 49138.0 (before), 49138.0 (after)
 !  . Memory usage      : 231.5 MB (before), 231.5 MB (after)
 ! Using sequential search.
 ! ----------------------------------------------------------------------------
 !          Best Branches  Non-fixed            Branch decision
                        0      49379                 -
 + New bound is 0
                       30       9201        F     6  = _int49371
 + New bound is 1
 *         29214     4443  3.60s               (gap is 100.00%)
           29214    10000          1              1  = _int46366
           29214    20000          1              0  = _int13788
           29214    30000       3966              1  = _int47947
 *         20380    33223  26.97s              (gap is 100.00%)
           20380    40000          1              0  = _int30764
 *         15492    45827  30.48s              (gap is 99.99%)
           15492    50000          1              1  = _int299
           15492    60000       5475              1  = _int25976
           15492    70000          1              0  = _int2225
           15492    80000          1              1  = _int45780
           15492    90000        262              0  = _int18338
           15492     100k          1              1  = _int38634
 *         13598     102k  70.35s              (gap is 99.99%)
           13598     110k          1              1  = _int20675
           13598     120k      33579        F     0  = _int47567
           13598     130k       5112              0  = _int45838
 *         11899     131k  202.25s             (gap is 99.99%)
 ! Time = 202.25s, Average fail depth = 604, Memory usage = 747.4 MB
 ! Current bound is 1 (gap is 99.99%)
 !          Best Branches  Non-fixed            Branch decision
           11899     140k       2663              1  = _int4393
 *         10412     144k  286.85s             (gap is 99.99%)
 *          7809     149k  328.97s             (gap is 99.99%)
            7809     150k      24491        F     0  = _int26826
            7809     160k      41509              1  = _int8948
 *          7321     162k  437.54s             (gap is 99.99%)
            7321     170k      32138        F     0  = _int18594
            7321     180k      41192              0  = _int5594
            7321     190k      39449        F     1  = _int6920
 *          7320     194k  654.07s             (gap is 99.99%)
 *          7319     195k  668.27s             (gap is 99.99%)
            7319     200k      30922        F     0  = _int10838
            7319     210k       8900              0  = _int21970
 *          7318     215k  740.72s             (gap is 99.99%)
 *          7317     217k  762.10s             (gap is 99.99%)
 *          7316     219k  776.87s             (gap is 99.99%)
            7316     220k       1103              1  = _int32573
 *          7315     226k  836.58s             (gap is 99.99%)
            7315     230k      31878              0  = _int8429
 ! ----------------------------------------------------------------------------
 ! Search terminated by limit, 14 solutions found.
 ! Best objective         : 7315 (gap is 99.99%)
 ! Best bound             : 1
 ! Number of branches     : 234766
 ! Number of fails        : 12052
 ! Total memory usage     : 855.8 MB (750.9 MB CP Optimizer + 104.9 MB Concert)
 ! Time spent in solve    : 900.16s (899.92s engine + 0.24s extraction)
 ! Search speed (br. / s) : 260.9
 ! ----------------------------------------------------------------------------
solve:1
Flips: 7315
Log Likelihood: -21455.4
