reading  from file input/AML-35-001_input.csv
rows: 7584
cols: 3
input zeros:19245
input ones:3430
input missing:77
total fp flips allowed:20
adding objective
 ! ----------------------------------------------------------------------------
 ! Minimization problem - 22756 variables, 90629 constraints, 1 phase
 ! Presolve      : 2 extractables eliminated
 ! TimeLimit            = 900
 ! Workers              = 1
 ! LogPeriod            = 10000
 ! Initial process time : 1.16s (1.15s extraction + 0.00s propagation)
 !  . Log search space  : 22684.1 (before), 22684.1 (after)
 !  . Memory usage      : 44.5 MB (before), 44.5 MB (after)
 ! Using sequential search.
 ! ----------------------------------------------------------------------------
 !          Best Branches  Non-fixed            Branch decision
 ! ----------------------------------------------------------------------------
 ! Minimization problem - 22756 variables, 90629 constraints, 1 phase
 ! Presolve      : 2 extractables eliminated
 ! TimeLimit            = 900
 ! Workers              = 1
 ! LogPeriod            = 10000
 ! Initial process time : 0.08s (0.06s extraction + 0.01s propagation)
 !  . Log search space  : 22684.1 (before), 22684.1 (after)
 !  . Memory usage      : 44.5 MB (before), 44.5 MB (after)
 ! Using sequential search.
 ! ----------------------------------------------------------------------------
 !          Best Branches  Non-fixed            Branch decision
                        0      22756                 -
 + New bound is 0
                        6       3433        F     2  = _int22752
 + New bound is 1
                    10000       1015              0  = _int6479
 *          3476    10968  5.66s               (gap is 99.97%)
            3476    20000          1              1  = _int19751
            3476    30000          1              0  = _int14888
            3476    40000          1              0  = _int356
            3476    50000          1              0  = _int6068
 *           137    55221  25.46s              (gap is 99.27%)
             137    60000          1              1  = _int12898
             137    70000          1              0  = _int6449
             137    80000       1675              0  = _int11880
             137    90000          1              1  = _int12556
             137     100k        796              1  = _int20425
             137     110k          1              0  = _int6348
             137     120k          1              0  = _int4697
             137     130k      11516              0  = _int2975
             137     140k      17280              0  = _int50
             137     150k      13006              0  = _int5347
             137     160k       1844              0  = _int21872
 ! Time = 117.57s, Average fail depth = 632, Memory usage = 180.3 MB
 ! Current bound is 1 (gap is 99.27%)
 !          Best Branches  Non-fixed            Branch decision
             137     170k          1              0  = _int12952
             137     180k          1              0  = _int4356
             137     190k      13727        F     0  = _int8901
             137     200k      10192              0  = _int2780
             137     210k        634              0  = _int1580
             137     220k      15110              0  = _int20540
             137     230k       2202              0  = _int14645
             137     240k        604              0  = _int13369
             137     250k        557              0  = _int14715
             137     260k       3059              0  = _int2964
             137     270k        546              0  = _int7768
             137     280k        526              0  = _int6066
             137     290k        492              1  = _int11532
             137     300k      13128              0  = _int20843
             137     310k        456              1  = _int7921
             137     320k       4172              0  = _int14826
             137     330k        436              0  = _int19727
             137     340k        408              0  = _int3366
             137     350k      12081              0  = _int6957
             137     360k        405              0  = _int5982
 ! Time = 299.51s, Average fail depth = 585, Memory usage = 182.5 MB
 ! Current bound is 1 (gap is 99.27%)
 !          Best Branches  Non-fixed            Branch decision
             137     370k       1195              0  = _int22197
             137     380k        370              0  = _int2728
             137     390k          1              0  = _int4955
             137     400k       8298              0  = _int5970
             137     410k        304              0  = _int19867
             137     420k        305              0  = _int20162
             137     430k      12852              0  = _int15433
             137     440k       7566              0  = _int14914
             137     450k       6923              0  = _int7439
             137     460k       6961              0  = _int17948
             137     470k       6542              0  = _int9608
             137     480k       4548              0  = _int21189
             137     490k          1              0  = _int4231
             137     500k        707              0  = _int8613
             137     510k          1              0  = _int1650
             137     520k          1              0  = _int2075
 *           136     527k  429.20s             (gap is 99.26%)
             136     530k          4              0  = _int2521
             136     540k        923              0  = _int171
 *           133     540k  437.66s             (gap is 99.25%)
 ! Time = 437.66s, Average fail depth = 873, Memory usage = 184.9 MB
 ! Current bound is 1 (gap is 99.25%)
 !          Best Branches  Non-fixed            Branch decision
             133     550k          1        F     0  = _int19293
             133     560k       3990              0  = _int17052
 *           128     563k  461.25s             (gap is 99.22%)
 *           127     569k  468.13s             (gap is 99.21%)
             127     570k          1              0  = _int5919
 *           126     576k  475.83s             (gap is 99.21%)
             126     580k      11928              0  = _int10741
             126     590k       3741              0  = _int20069
             126     600k       3845              0  = _int13153
 *           124     603k  495.51s             (gap is 99.19%)
             124     610k          1              0  = _int5579
 *           123     610k  503.00s             (gap is 99.19%)
             123     620k      11225              0  = _int3226
             123     630k       3742              0  = _int21959
             123     640k      11685              0  = _int11125
 *           122     644k  536.71s             (gap is 99.18%)
             122     650k      10179              0  = _int16813
             122     660k       8495              0  = _int14204
             122     670k       3750              0  = _int11269
             122     680k       3753              0  = _int13514
 ! Time = 569.59s, Average fail depth = 1297, Memory usage = 186.0 MB
 ! Current bound is 1 (gap is 99.18%)
 !          Best Branches  Non-fixed            Branch decision
             122     690k       9595              0  = _int3261
             122     700k       3741              0  = _int2290
             122     710k       3761              0  = _int15934
 *           121     719k  609.70s             (gap is 99.17%)
             121     720k      12368              0  = _int3207
             121     730k       8388              0  = _int18313
             121     740k       3798              0  = _int16350
             121     750k       3817              0  = _int342
             121     760k       6976              0  = _int15228
             121     770k       3809              0  = _int12229
 *           120     776k  665.28s             (gap is 99.17%)
             120     780k      12287              0  = _int18026
             120     790k       7856              0  = _int22379
             120     800k       3830              0  = _int19791
             120     810k       6892              0  = _int13285
             120     820k       3847              0  = _int536
             120     830k       3844              0  = _int7727
             120     840k       3836              0  = _int13307
             120     850k       6423              0  = _int13545
             120     860k       3863              0  = _int3239
 ! Time = 740.87s, Average fail depth = 1957, Memory usage = 186.4 MB
 ! Current bound is 1 (gap is 99.17%)
 !          Best Branches  Non-fixed            Branch decision
             120     870k       4234              0  = _int2523
             120     880k       3884              0  = _int6842
             120     890k       3905              0  = _int10601
             120     900k       5142              0  = _int15124
             120     910k       3861              0  = _int11807
             120     920k       6091              0  = _int21095
             120     930k       3882              0  = _int1901
             120     940k       3886              0  = _int13912
             120     950k       7020              0  = _int4881
             120     960k       3891              0  = _int8860
             120     970k       3900              1  = _int12172
             120     980k       7969              0  = _int2861
             120     990k       3901              0  = _int20855
             120    1000k       3923              0  = _int12347
             120    1010k       3939              1  = _int9245
             120    1020k       3830              0  = _int15666
             120    1030k       3877              0  = _int5091
 ! ----------------------------------------------------------------------------
 ! Search terminated by limit, 12 solutions found.
 ! Best objective         : 120 (gap is 99.17%)
 ! Best bound             : 1
 ! Number of branches     : 1037830
 ! Number of fails        : 16947
 ! Total memory usage     : 213.4 MB (186.4 MB CP Optimizer + 27.0 MB Concert)
 ! Time spent in solve    : 900.00s (899.94s engine + 0.06s extraction)
 ! Search speed (br. / s) : 1153.2
 ! ----------------------------------------------------------------------------
solve:1
Flips: 120
Log Likelihood: -705.894
