reading  from file input/AML-66-001_input.csv
rows: 7265
cols: 8
input zeros:42869
input ones:11688
input missing:3563
total fp flips allowed:43
adding objective
 ! ----------------------------------------------------------------------------
 ! Minimization problem - 58129 variables, 470053 constraints, 1 phase
 ! Presolve      : 2 extractables eliminated
 ! TimeLimit            = 900
 ! Workers              = 1
 ! LogPeriod            = 10000
 ! Initial process time : 6.85s (6.81s extraction + 0.04s propagation)
 !  . Log search space  : 54586.5 (before), 54586.5 (after)
 !  . Memory usage      : 286.1 MB (before), 286.1 MB (after)
 ! Using sequential search.
 ! ----------------------------------------------------------------------------
 !          Best Branches  Non-fixed            Branch decision
 ! ----------------------------------------------------------------------------
 ! Minimization problem - 58129 variables, 470053 constraints, 1 phase
 ! Presolve      : 2 extractables eliminated
 ! TimeLimit            = 900
 ! Workers              = 1
 ! LogPeriod            = 10000
 ! Initial process time : 0.36s (0.33s extraction + 0.02s propagation)
 !  . Log search space  : 54586.5 (before), 54586.5 (after)
 !  . Memory usage      : 286.1 MB (before), 286.1 MB (after)
 ! Using sequential search.
 ! ----------------------------------------------------------------------------
 !          Best Branches  Non-fixed            Branch decision
                        0      58129                 -
 + New bound is 0
                       40      11696        F     7  = _int58121
 + New bound is 1
                    10000       1855              0  = _int30746
 *         18365    11608  15.55s              (gap is 99.99%)
           18365    20000          1              0  = _int7120
           18365    30000          1              1  = _int35731
           18365    40000          1              0  = _int20416
           18365    50000          1              1  = _int38931
           18365    60000       4776              1  = _int23481
           18365    70000          1              1  = _int40922
           18365    80000        137              0  = _int29051
           18365    90000          1              1  = _int52348
           18365     100k          1        F     0  = _int48283
           18365     110k      12585              0  = _int46937
 *         13774     115k  132.25s             (gap is 99.99%)
           13774     120k       2504              1  = _int36791
           13774     130k       8744              0  = _int46828
 *          9664     136k  206.54s             (gap is 99.99%)
            9664     140k          1              1  = _int38287
 *          8456     147k  299.04s             (gap is 99.99%)
 ! Time = 299.04s, Average fail depth = 408, Memory usage = 875.4 MB
 ! Current bound is 1 (gap is 99.99%)
 !          Best Branches  Non-fixed            Branch decision
            8456     150k      30906              1  = _int51267
            8456     160k      45519              1  = _int4126
 *          8192     166k  464.20s             (gap is 99.99%)
            8192     170k      32273              1  = _int31887
            8192     180k      44342              1  = _int51549
            8192     190k      11351              0  = _int18410
 *          7168     196k  610.18s             (gap is 99.99%)
            7168     200k        973        F     0  = _int13887
            7168     210k      46005              0  = _int33633
            7168     220k      44642              1  = _int4429
 *          7167     226k  895.06s             (gap is 99.99%)
 ! ----------------------------------------------------------------------------
 ! Search terminated by limit, 7 solutions found.
 ! Best objective         : 7167 (gap is 99.99%)
 ! Best bound             : 1
 ! Number of branches     : 227073
 ! Number of fails        : 12688
 ! Total memory usage     : 998.9 MB (876.8 MB CP Optimizer + 122.1 MB Concert)
 ! Time spent in solve    : 900.14s (899.80s engine + 0.33s extraction)
 ! Search speed (br. / s) : 252.4
 ! ----------------------------------------------------------------------------
solve:1
Flips: 7167
Log Likelihood: -21217
