reading  from file input/AML-65-001_input.csv
rows: 7243
cols: 2
input zeros:4126
input ones:8280
input missing:2080
total fp flips allowed:42
adding objective
 ! ----------------------------------------------------------------------------
 ! Minimization problem - 14489 variables, 37234 constraints, 1 phase
 ! Presolve      : 2 extractables eliminated
 ! TimeLimit            = 900
 ! Workers              = 1
 ! LogPeriod            = 10000
 ! Initial process time : 0.41s (0.41s extraction + 0.00s propagation)
 !  . Log search space  : 12413.4 (before), 12413.4 (after)
 !  . Memory usage      : 13.4 MB (before), 13.4 MB (after)
 ! Using sequential search.
 ! ----------------------------------------------------------------------------
 !          Best Branches  Non-fixed            Branch decision
 ! ----------------------------------------------------------------------------
 ! Minimization problem - 14489 variables, 37234 constraints, 1 phase
 ! Presolve      : 2 extractables eliminated
 ! TimeLimit            = 900
 ! Workers              = 1
 ! LogPeriod            = 10000
 ! Initial process time : 0.01s (0.01s extraction + 0.00s propagation)
 !  . Log search space  : 12413.4 (before), 12413.4 (after)
 !  . Memory usage      : 13.4 MB (before), 13.4 MB (after)
 ! Using sequential search.
 ! ----------------------------------------------------------------------------
 !          Best Branches  Non-fixed            Branch decision
                        0      14489                 -
 + New bound is 0
                        2       8283        F     1  = _int14486
 + New bound is 1
 *           177     3491  0.36s               (gap is 99.44%)
             177    10000          1              0  = _int14237
             177    20000          1              1  = _int718
             177    30000          1              0  = _int11023
             177    40000          1              0  = _int9299
             177    50000       1328              0  = _int7877
 *           172    50512  23.17s              (gap is 99.42%)
             172    60000        811              1  = _int2932
             172    70000       6414              1  = _int6868
             172    80000       5773              1  = _int1150
 *           162    84637  45.06s              (gap is 99.38%)
             162    90000        767              1  = _int11499
             162     100k       4118              1  = _int8807
             162     110k       2914              1  = _int12013
             162     120k       2519              0  = _int4829
             162     130k       2459              1  = _int9604
             162     140k       2446              0  = _int1576
 *           161     144k  80.76s              (gap is 99.38%)
 ! Time = 80.76s, Average fail depth = 990, Memory usage = 78.4 MB
 ! Current bound is 1 (gap is 99.38%)
 !          Best Branches  Non-fixed            Branch decision
             161     150k        724              0  = _int9981
 *           160     158k  86.57s              (gap is 99.38%)
             160     160k        704              0  = _int12813
 *           159     160k  87.40s              (gap is 99.37%)
 *           158     163k  89.27s              (gap is 99.37%)
 *           157     166k  90.15s              (gap is 99.36%)
             157     170k        636              1  = _int10986
 *           156     176k  93.41s              (gap is 99.36%)
 *           155     179k  94.24s              (gap is 99.35%)
             155     180k        606              1  = _int12975
 *           154     183k  96.23s              (gap is 99.35%)
 *           153     187k  99.48s              (gap is 99.35%)
             153     190k        568              0  = _int10934
 *           152     191k  100.85s             (gap is 99.34%)
 *           151     194k  101.71s             (gap is 99.34%)
 *           150     198k  104.08s             (gap is 99.33%)
             150     200k        505              0  = _int12387
 *           149     201k  104.98s             (gap is 99.33%)
             149     210k        498              0  = _int3013
 *           148     211k  108.36s             (gap is 99.32%)
 ! Time = 108.36s, Average fail depth = 1129, Memory usage = 80.0 MB
 ! Current bound is 1 (gap is 99.32%)
 !          Best Branches  Non-fixed            Branch decision
 *           147     214k  109.27s             (gap is 99.32%)
 *           146     217k  110.83s             (gap is 99.32%)
 *           145     219k  111.73s             (gap is 99.31%)
             145     220k        474              0  = _int6689
             145     230k       3701              0  = _int12771
 *           144     231k  117.17s             (gap is 99.31%)
 *           143     234k  118.66s             (gap is 99.30%)
 *           142     237k  120.19s             (gap is 99.30%)
             142     240k        464              0  = _int11121
 *           141     240k  121.13s             (gap is 99.29%)
 *           140     243k  122.00s             (gap is 99.29%)
 *           139     245k  122.88s             (gap is 99.28%)
             139     250k        466              0  = _int3858
             139     260k       9055              0  = _int14063
             139     270k       8967              1  = _int4947
             139     280k       4024              0  = _int14076
 *           138     289k  151.50s             (gap is 99.28%)
             138     290k       9320              1  = _int3661
             138     300k       3977              0  = _int2377
             138     310k       9473              0  = _int10546
 ! Time = 163.99s, Average fail depth = 1288, Memory usage = 81.1 MB
 ! Current bound is 1 (gap is 99.28%)
 !          Best Branches  Non-fixed            Branch decision
             138     320k       5075              1  = _int5762
             138     330k       3999              1  = _int9781
             138     340k       9499              0  = _int13464
             138     350k       9472              0  = _int5612
             138     360k       9347              1  = _int225
             138     370k       8969              0  = _int5490
             138     380k       6250              1  = _int10
             138     390k       4074              0  = _int11949
             138     400k       8765              1  = _int7643
             138     410k       4091              0  = _int7308
             138     420k       9603              0  = _int11202
             138     430k       9587              0  = _int6837
             138     440k       9400              0  = _int4680
             138     450k       9512              0  = _int4187
             138     460k       9510              0  = _int3727
             138     470k       9467              0  = _int12289
             138     480k       9394        F     1  = _int13976
             138     490k       9382              0  = _int11049
             138     500k       4152              0  = _int10327
             138     510k       9552              0  = _int3846
 ! Time = 299.22s, Average fail depth = 1402, Memory usage = 81.1 MB
 ! Current bound is 1 (gap is 99.28%)
 !          Best Branches  Non-fixed            Branch decision
             138     520k       9552        F     0  = _int10728
             138     530k       9552              0  = _int13944
             138     540k       9552              0  = _int13977
             138     550k       9552              0  = _int9344
             138     560k       9552              0  = _int7201
             138     570k       9297              0  = _int2269
             138     580k       9552              0  = _int2497
             138     590k       9552              0  = _int3755
             138     600k       9552              0  = _int7252
             138     610k       4167              0  = _int8113
             138     620k       9533              0  = _int9506
             138     630k       9533              1  = _int10025
             138     640k       4170              1  = _int32
             138     650k       4191              0  = _int7246
             138     660k       9541              0  = _int12371
             138     670k       9230              0  = _int1748
             138     680k       9544        F     0  = _int6372
             138     690k       9544              0  = _int13871
             138     700k       6152              1  = _int10642
             138     710k       4253              0  = _int7383
 ! Time = 442.50s, Average fail depth = 1393, Memory usage = 81.1 MB
 ! Current bound is 1 (gap is 99.28%)
 !          Best Branches  Non-fixed            Branch decision
             138     720k       9566              0  = _int4515
             138     730k       9566              0  = _int9616
             138     740k       9566              0  = _int4870
             138     750k       9566              0  = _int13833
             138     760k       9566              0  = _int127
             138     770k       7491              1  = _int4922
             138     780k       4125              0  = _int3528
             138     790k       9544              0  = _int8755
             138     800k       9544              1  = _int10995
             138     810k       4231              1  = _int2906
             138     820k       4257              0  = _int1728
             138     830k       4093        F     0  = _int13822
             138     840k       9834              0  = _int3050
             138     850k       9834              1  = _int11516
             138     860k       9544              0  = _int4525
             138     870k       9544              0  = _int3386
             138     880k       9544              0  = _int6175
             138     890k       9544              1  = _int1140
             138     900k       9137              0  = _int4422
             138     910k       9544              0  = _int5131
 ! Time = 582.46s, Average fail depth = 1386, Memory usage = 81.1 MB
 ! Current bound is 1 (gap is 99.28%)
 !          Best Branches  Non-fixed            Branch decision
             138     920k       9544              0  = _int2212
             138     930k       9544              0  = _int1304
             138     940k       9544              0  = _int10880
             138     950k       4206              0  = _int5634
             138     960k       9544              1  = _int10436
             138     970k       9544              0  = _int1302
             138     980k       9544              0  = _int3476
             138     990k       9544              1  = _int6099
             138    1000k       9544              1  = _int3418
             138    1010k       9544              0  = _int5416
             138    1020k       9544              0  = _int4094
             138    1030k       9544              0  = _int4556
             138    1040k       9544              1  = _int13830
             138    1050k       9544              0  = _int3686
             138    1060k       9544        F     0  = _int11315
             138    1070k       9544              0  = _int3942
             138    1080k       9555              1  = _int14075
             138    1090k       9135              1  = _int3317
             138    1100k       4504              1  = _int8182
             138    1110k       4531              1  = _int1988
 ! Time = 722.43s, Average fail depth = 1357, Memory usage = 81.1 MB
 ! Current bound is 1 (gap is 99.28%)
 !          Best Branches  Non-fixed            Branch decision
             138    1120k       4601              0  = _int8355
             138    1130k       9537              0  = _int8799
             138    1140k       4231              0  = _int4218
             138    1150k       9537              0  = _int11394
             138    1160k       9537              1  = _int3188
             138    1170k       9537              0  = _int3755
             138    1180k       9537              0  = _int350
             138    1190k       4472              1  = _int4352
             138    1200k       4220              0  = _int890
             138    1210k       9847              0  = _int6439
             138    1220k       9714        F     0  = _int8748
             138    1230k       9758              0  = _int5321
             138    1240k       9742              0  = _int3320
             138    1250k       9768              0  = _int1700
             138    1260k       4477        F     0  = _int12710
             138    1270k       9852              0  = _int5964
             138    1280k       9836              0  = _int12095
             138    1290k       4443              0  = _int5936
             138    1300k       4422              1  = _int11937
             138    1310k       9844        F     0  = _int10024
 ! Time = 860.61s, Average fail depth = 1367, Memory usage = 81.1 MB
 ! Current bound is 1 (gap is 99.28%)
 !          Best Branches  Non-fixed            Branch decision
             138    1320k       9844        F     0  = _int10468
             138    1330k       9845              0  = _int14336
             138    1340k       9844              0  = _int6019
             138    1350k       9844              0  = _int11876
             138    1360k       4490              0  = _int10463
 ! ----------------------------------------------------------------------------
 ! Search terminated by limit, 27 solutions found.
 ! Best objective         : 138 (gap is 99.28%)
 ! Best bound             : 1
 ! Number of branches     : 1363274
 ! Number of fails        : 67001
 ! Total memory usage     : 93.9 MB (81.1 MB CP Optimizer + 12.8 MB Concert)
 ! Time spent in solve    : 900.00s (899.99s engine + 0.01s extraction)
 ! Search speed (br. / s) : 1514.8
 ! ----------------------------------------------------------------------------
solve:1
Flips: 138
Log Likelihood: -1131.48
