reading  from file input/AML-71-001_input.csv
rows: 3736
cols: 7
input zeros:5124
input ones:20423
input missing:605
total fp flips allowed:0
adding objective
 ! ----------------------------------------------------------------------------
 ! Minimization problem - 26160 variables, 201459 constraints, 1 phase
 ! Presolve      : 2 extractables eliminated
 ! TimeLimit            = 900
 ! Workers              = 1
 ! LogPeriod            = 10000
 ! Initial process time : 2.62s (2.60s extraction + 0.01s propagation)
 !  . Log search space  : 5143.7 (before), 5143.7 (after)
 !  . Memory usage      : 61.5 MB (before), 61.5 MB (after)
 ! Using sequential search.
 ! ----------------------------------------------------------------------------
 !          Best Branches  Non-fixed            Branch decision
 ! ----------------------------------------------------------------------------
 ! Minimization problem - 26160 variables, 201459 constraints, 1 phase
 ! Presolve      : 2 extractables eliminated
 ! TimeLimit            = 900
 ! Workers              = 1
 ! LogPeriod            = 10000
 ! Initial process time : 0.14s (0.11s extraction + 0.02s propagation)
 !  . Log search space  : 5143.7 (before), 5143.7 (after)
 !  . Memory usage      : 61.5 MB (before), 61.5 MB (after)
 ! Using sequential search.
 ! ----------------------------------------------------------------------------
 !          Best Branches  Non-fixed            Branch decision
                        0      26160                 -
 + New bound is 0
                       12          7        F     6  = _int26153
 + New bound is 1
 *          4288      544  0.44s               (gap is 99.98%)
 *          3054     4780  0.69s               (gap is 99.97%)
 *          1478     8889  1.08s               (gap is 99.93%)
            1478    10000          1              0  = _int3218
 *          1294    12943  11.83s              (gap is 99.92%)
            1294    20000          1              0  = _int15483
 *          1270    22596  36.83s              (gap is 99.92%)
            1270    30000          1              2  = _int26155
 *          1269    30020  64.51s              (gap is 99.92%)
 *          1268    30301  65.75s              (gap is 99.92%)
 *          1267    30302  65.82s              (gap is 99.92%)
 *          1266    30302  65.89s              (gap is 99.92%)
 *          1265    30416  66.20s              (gap is 99.92%)
 *          1264    32778  68.03s              (gap is 99.92%)
 *          1263    32787  68.16s              (gap is 99.92%)
            1263    40000          2              0  = _int26156
            1263    50000          2        F     6  = _int26152
            1263    60000          2              4  = _int26156
 ! Time = 158.92s, Average fail depth = 8, Memory usage = 254.0 MB
 ! Current bound is 1 (gap is 99.92%)
 !          Best Branches  Non-fixed            Branch decision
            1263    70000          2        F     0  = _int26156
            1263    80000          2        F     6  = _int26153
            1263    90000          2        F     4  = _int26157
            1263     100k          2              4 != _int26154
            1263     110k          2              1  = _int26154
            1263     120k          2              2 != _int26158
            1263     130k          2        F     6  = _int26158
            1263     140k          2        F     1 != _int26152
            1263     150k          2              3  = _int26154
            1263     160k          2              5  = _int26156
            1263     165k          2        F     5  = _int26155
 + New bound is 1263 (gap is 0%)
 ! ----------------------------------------------------------------------------
 ! Search completed, 12 solutions found.
 ! Best objective         : 1263 (optimal - effective tol. is 0)
 ! Best bound             : 1263
 ! Number of branches     : 165167
 ! Number of fails        : 74448
 ! Total memory usage     : 311.2 MB (254.3 MB CP Optimizer + 56.9 MB Concert)
 ! Time spent in solve    : 549.64s (549.52s engine + 0.11s extraction)
 ! Search speed (br. / s) : 300.6
 ! ----------------------------------------------------------------------------
solve:1
Flips: 1263
Log Likelihood: -nan
