reading  from file input/AML-81-001_input.csv
rows: 2778
cols: 7
input zeros:17385
input ones:1992
input missing:69
total fp flips allowed:18
adding objective
 ! ----------------------------------------------------------------------------
 ! Minimization problem - 19454 variables, 154805 constraints, 1 phase
 ! Presolve      : 2 extractables eliminated
 ! TimeLimit            = 900
 ! Workers              = 1
 ! LogPeriod            = 10000
 ! Initial process time : 1.58s (1.58s extraction + 0.00s propagation)
 !  . Log search space  : 19400.9 (before), 19400.9 (after)
 !  . Memory usage      : 92.9 MB (before), 92.9 MB (after)
 ! Using sequential search.
 ! ----------------------------------------------------------------------------
 !          Best Branches  Non-fixed            Branch decision
 ! ----------------------------------------------------------------------------
 ! Minimization problem - 19454 variables, 154805 constraints, 1 phase
 ! Presolve      : 2 extractables eliminated
 ! TimeLimit            = 900
 ! Workers              = 1
 ! LogPeriod            = 10000
 ! Initial process time : 0.08s (0.07s extraction + 0.00s propagation)
 !  . Log search space  : 19400.9 (before), 19400.9 (after)
 !  . Memory usage      : 92.9 MB (before), 92.9 MB (after)
 ! Using sequential search.
 ! ----------------------------------------------------------------------------
 !          Best Branches  Non-fixed            Branch decision
                        0      19454                 -
 + New bound is 0
                       30       1999        F     6  = _int19446
 + New bound is 1
 *          6510     5115  1.73s               (gap is 99.98%)
            6510    10000          1              0  = _int12968
            6510    20000          1              0  = _int16482
 *          6268    21084  5.40s               (gap is 99.98%)
 *          5502    26378  5.94s               (gap is 99.98%)
            5502    30000          1              1  = _int16798
            5502    40000          1              1  = _int9228
            5502    50000          1              0  = _int14114
 *          4717    54261  11.81s              (gap is 99.98%)
            4717    60000          1              1  = _int7778
 *          4570    68736  41.08s              (gap is 99.98%)
            4570    70000      12362              0  = _int8463
 *          3318    78808  52.57s              (gap is 99.97%)
            3318    80000          1              0  = _int13882
            3318    90000      15013              1  = _int9255
 *          3267    99790  88.28s              (gap is 99.97%)
            3267     100k      12884              1  = _int873
            3267     110k      12314              0  = _int16026
 ! Time = 105.89s, Average fail depth = 343, Memory usage = 294.4 MB
 ! Current bound is 1 (gap is 99.97%)
 !          Best Branches  Non-fixed            Branch decision
            3267     120k      12070        F     1  = _int10717
            3267     130k      13881              1  = _int7531
 *          3015     139k  140.82s             (gap is 99.97%)
            3015     140k          1              1  = _int19013
            3015     150k          4              0  = _int1902
 *          2812     150k  148.44s             (gap is 99.96%)
            2812     160k          1              0  = _int5555
 *          2811     160k  155.23s             (gap is 99.96%)
            2811     170k        154              0  = _int2277
 *          2773     174k  165.33s             (gap is 99.96%)
 *          2772     176k  167.41s             (gap is 99.96%)
            2772     180k          1              0  = _int4110
 *          2694     185k  173.06s             (gap is 99.96%)
            2694     190k          1              0  = _int14167
 *          2693     191k  174.73s             (gap is 99.96%)
 *          2692     197k  176.39s             (gap is 99.96%)
            2692     200k        143              1  = _int1643
 *          2691     209k  190.30s             (gap is 99.96%)
            2691     210k         64              1  = _int16412
 *          2663     217k  194.63s             (gap is 99.96%)
 ! Time = 194.63s, Average fail depth = 454, Memory usage = 295.9 MB
 ! Current bound is 1 (gap is 99.96%)
 !          Best Branches  Non-fixed            Branch decision
            2663     220k          1              0  = _int18165
 *          2631     225k  198.34s             (gap is 99.96%)
            2631     230k          1              0  = _int14304
 *          2630     232k  201.68s             (gap is 99.96%)
 *          2625     239k  206.13s             (gap is 99.96%)
            2625     240k          1              0  = _int15692
 *          2612     245k  208.58s             (gap is 99.96%)
            2612     250k          1              1  = _int5567
 *          2611     253k  215.61s             (gap is 99.96%)
 *          2610     254k  216.48s             (gap is 99.96%)
            2610     260k      10350              0  = _int3211
            2610     270k      12077              0  = _int10275
 *          2609     276k  235.39s             (gap is 99.96%)
            2609     280k          4              0  = _int7102
 *          2600     285k  242.02s             (gap is 99.96%)
            2600     290k          1              0  = _int11520
            2600     300k       7312              0  = _int16401
 *          2588     303k  259.33s             (gap is 99.96%)
            2588     310k          1              0  = _int6000
            2588     320k      12265              0  = _int10132
 ! Time = 278.50s, Average fail depth = 550, Memory usage = 297.3 MB
 ! Current bound is 1 (gap is 99.96%)
 !          Best Branches  Non-fixed            Branch decision
 *          2587     325k  279.83s             (gap is 99.96%)
            2587     330k         10              0  = _int16006
 *          2586     333k  284.08s             (gap is 99.96%)
            2586     340k          5              0  = _int14321
 *          2585     349k  298.91s             (gap is 99.96%)
            2585     350k          6              0  = _int15796
            2585     360k      12110              0  = _int9076
            2585     370k      11942              0  = _int1633
            2585     380k       9831              0  = _int702
 *          2576     384k  338.06s             (gap is 99.96%)
            2576     390k          1              0  = _int7215
 *          2574     391k  339.85s             (gap is 99.96%)
            2574     400k          1              1  = _int15978
            2574     410k      13162              0  = _int11968
            2574     420k      12067              0  = _int10897
            2574     430k       1988              0  = _int19206
 *          2572     431k  383.61s             (gap is 99.96%)
 *          2571     434k  386.34s             (gap is 99.96%)
            2571     440k          1              0  = _int2770
            2571     450k      11958              0  = _int7924
 ! Time = 405.08s, Average fail depth = 635, Memory usage = 298.4 MB
 ! Current bound is 1 (gap is 99.96%)
 !          Best Branches  Non-fixed            Branch decision
            2571     460k      11953              0  = _int10403
            2571     470k      11982              0  = _int4641
            2571     480k      12008              0  = _int9746
            2571     490k      12195              0  = _int16154
            2571     500k      12153              0  = _int15088
            2571     510k      11949              1  = _int8881
            2571     520k      11467              0  = _int11786
            2571     530k      12486              0  = _int17445
            2571     540k      12519        F     0  = _int15393
            2571     550k      12516              0  = _int13471
            2571     560k      12519              0  = _int3114
            2571     570k      13173              0  = _int752
            2571     580k      12634        F     1  = _int3383
            2571     590k      13407              0  = _int8489
            2571     600k      12323              0  = _int13822
            2571     610k      13147              0  = _int11928
            2571     620k      13647              0  = _int19170
            2571     630k      13659              1  = _int14732
            2571     640k      13543              0  = _int2235
            2571     650k      13328              0  = _int7696
 ! Time = 640.83s, Average fail depth = 742, Memory usage = 298.4 MB
 ! Current bound is 1 (gap is 99.96%)
 !          Best Branches  Non-fixed            Branch decision
            2571     660k      13620              0  = _int10279
            2571     670k      13411              0  = _int17228
            2571     680k      13476              0  = _int18612
            2571     690k      11513              0  = _int16120
            2571     700k      11562              0  = _int12538
            2571     710k      13659        F     0  = _int14554
            2571     720k      12117              0  = _int11903
            2571     730k      14078              0  = _int15016
            2571     740k      14045              0  = _int14449
            2571     750k      11622              0  = _int14295
            2571     760k      13699              0  = _int18268
            2571     770k      13457              0  = _int4768
            2571     780k      13873              0  = _int389
            2571     790k      13551              1  = _int12915
            2571     800k      12284              0  = _int16784
            2571     810k      12970              0  = _int8658
            2571     820k      13787              0  = _int2292
            2571     830k      12648              0  = _int14687
            2571     840k      12090              0  = _int182
            2571     850k      12959              0  = _int8094
 ! Time = 884.10s, Average fail depth = 786, Memory usage = 298.4 MB
 ! Current bound is 1 (gap is 99.96%)
 !          Best Branches  Non-fixed            Branch decision
            2571     860k      13404              0  = _int19035
 ! ----------------------------------------------------------------------------
 ! Search terminated by limit, 33 solutions found.
 ! Best objective         : 2571 (gap is 99.96%)
 ! Best bound             : 1
 ! Number of branches     : 862369
 ! Number of fails        : 55659
 ! Total memory usage     : 337.1 MB (298.4 MB CP Optimizer + 38.7 MB Concert)
 ! Time spent in solve    : 900.02s (899.95s engine + 0.07s extraction)
 ! Search speed (br. / s) : 958.2
 ! ----------------------------------------------------------------------------
solve:1
Flips: 2571
Log Likelihood: -7494.58
