reading  from file input/AML-70-001_input.csv
rows: 8268
cols: 4
input zeros:15316
input ones:14918
input missing:2838
total fp flips allowed:0
adding objective
 ! ----------------------------------------------------------------------------
 ! Minimization problem - 33077 variables, 145584 constraints, 1 phase
 ! Presolve      : 2 extractables eliminated
 ! TimeLimit            = 900
 ! Workers              = 1
 ! LogPeriod            = 10000
 ! Initial process time : 1.81s (1.78s extraction + 0.02s propagation)
 !  . Log search space  : 15324.0 (before), 15324.0 (after)
 !  . Memory usage      : 53.0 MB (before), 53.0 MB (after)
 ! Using sequential search.
 ! ----------------------------------------------------------------------------
 !          Best Branches  Non-fixed            Branch decision
 ! ----------------------------------------------------------------------------
 ! Minimization problem - 33077 variables, 145584 constraints, 1 phase
 ! Presolve      : 2 extractables eliminated
 ! TimeLimit            = 900
 ! Workers              = 1
 ! LogPeriod            = 10000
 ! Initial process time : 0.12s (0.11s extraction + 0.00s propagation)
 !  . Log search space  : 15324.0 (before), 15324.0 (after)
 !  . Memory usage      : 53.0 MB (before), 53.0 MB (after)
 ! Using sequential search.
 ! ----------------------------------------------------------------------------
 !          Best Branches  Non-fixed            Branch decision
                        0      33077                 -
 + New bound is 0
                        6          4        F     3  = _int33072
 + New bound is 1
 *         11571     2294  0.65s               (gap is 99.99%)
           11571    10000          1              0  = _int16040
 *          9948    13128  1.75s               (gap is 99.99%)
            9948    20000          1              0  = _int19659
 *          1422    23420  3.30s               (gap is 99.93%)
            1422    30000          1              0  = _int11219
            1422    40000          1              1  = _int480
            1422    50000          1              0  = _int16504
            1422    60000          1              0  = _int30512
 *          1163    64109  14.08s              (gap is 99.91%)
            1163    64131          1        F     1  = _int33074
 + New bound is 583 (gap is 49.87%)
            1163    70000          1              0  = _int5892
 *           589    75216  21.09s              (gap is 1.02%)
             589    75232          1        F     3  = _int33075
 + New bound is 587 (gap is 0.34%)
             589    75254          1        F     1  = _int33074
 + New bound is 589 (gap is 0%)
 ! ----------------------------------------------------------------------------
 ! Search completed, 5 solutions found.
 ! Best objective         : 589 (optimal - effective tol. is 0)
 ! Best bound             : 589
 ! Number of branches     : 75254
 ! Number of fails        : 49
 ! Total memory usage     : 276.2 MB (234.5 MB CP Optimizer + 41.7 MB Concert)
 ! Time spent in solve    : 21.57s (21.45s engine + 0.11s extraction)
 ! Search speed (br. / s) : 3508.3
 ! ----------------------------------------------------------------------------
solve:1
Flips: 589
Log Likelihood: -nan
