reading  from file input/AML-08-001_input.csv
rows: 4675
cols: 3
input zeros:4386
input ones:8738
input missing:901
total fp flips allowed:0
adding objective
 ! ----------------------------------------------------------------------------
 ! Minimization problem - 14029 variables, 51617 constraints, 1 phase
 ! Presolve      : 2 extractables eliminated
 ! TimeLimit            = 900
 ! Workers              = 1
 ! LogPeriod            = 10000
 ! Initial process time : 0.52s (0.52s extraction + 0.00s propagation)
 !  . Log search space  : 4390.8 (before), 4390.8 (after)
 !  . Memory usage      : 15.9 MB (before), 15.9 MB (after)
 ! Using sequential search.
 ! ----------------------------------------------------------------------------
 !          Best Branches  Non-fixed            Branch decision
 ! ----------------------------------------------------------------------------
 ! Minimization problem - 14029 variables, 51617 constraints, 1 phase
 ! Presolve      : 2 extractables eliminated
 ! TimeLimit            = 900
 ! Workers              = 1
 ! LogPeriod            = 10000
 ! Initial process time : 0.02s (0.03s extraction + 0.00s propagation)
 !  . Log search space  : 4390.8 (before), 4390.8 (after)
 !  . Memory usage      : 15.9 MB (before), 15.9 MB (after)
 ! Using sequential search.
 ! ----------------------------------------------------------------------------
 !          Best Branches  Non-fixed            Branch decision
                        0      14029                 -
 + New bound is 0
                        4          3        F     2  = _int14025
 + New bound is 1
 *          2922      963  0.12s               (gap is 99.97%)
 *          2777     4369  0.37s               (gap is 99.96%)
            2777    10000          1              0  = _int4375
 *          1248    15407  0.76s               (gap is 99.92%)
 *           347    18826  1.00s               (gap is 99.71%)
             347    18832          1        F     2  = _int14025
 + New bound is 175 (gap is 49.57%)
             347    18838          1        F     2  = _int14025
 + New bound is 262 (gap is 24.50%)
             347    18844          1        F     2  = _int14025
 + New bound is 306 (gap is 11.82%)
             347    18852          1        F     1  = _int14025
 + New bound is 328 (gap is 5.48%)
             347    18858          1        F     2  = _int14025
 + New bound is 339 (gap is 2.31%)
             347    18864          1        F     2  = _int14025
 + New bound is 344 (gap is 0.86%)
             347    18870          1        F     2  = _int14025
 + New bound is 347 (gap is 0%)
 ! ----------------------------------------------------------------------------
 ! Search completed, 4 solutions found.
 ! Best objective         : 347 (optimal - effective tol. is 0)
 ! Best bound             : 347
 ! Number of branches     : 18870
 ! Number of fails        : 41
 ! Total memory usage     : 95.6 MB (79.0 MB CP Optimizer + 16.6 MB Concert)
 ! Time spent in solve    : 1.18s (1.15s engine + 0.03s extraction)
 ! Search speed (br. / s) : 16408.7
 ! ----------------------------------------------------------------------------
solve:1
Flips: 347
Log Likelihood: -nan
