reading  from file input/AML-101-001_input.csv
rows: 4127
cols: 3
input zeros:8671
input ones:2580
input missing:1130
total fp flips allowed:0
adding objective
 ! ----------------------------------------------------------------------------
 ! Minimization problem - 12385 variables, 44194 constraints, 1 phase
 ! Presolve      : 2 extractables eliminated
 ! TimeLimit            = 900
 ! Workers              = 1
 ! LogPeriod            = 10000
 ! Initial process time : 0.46s (0.45s extraction + 0.00s propagation)
 !  . Log search space  : 8675.8 (before), 8675.8 (after)
 !  . Memory usage      : 18.2 MB (before), 18.2 MB (after)
 ! Using sequential search.
 ! ----------------------------------------------------------------------------
 !          Best Branches  Non-fixed            Branch decision
 ! ----------------------------------------------------------------------------
 ! Minimization problem - 12385 variables, 44194 constraints, 1 phase
 ! Presolve      : 2 extractables eliminated
 ! TimeLimit            = 900
 ! Workers              = 1
 ! LogPeriod            = 10000
 ! Initial process time : 0.01s (0.01s extraction + 0.00s propagation)
 !  . Log search space  : 8675.8 (before), 8675.8 (after)
 !  . Memory usage      : 18.2 MB (before), 18.2 MB (after)
 ! Using sequential search.
 ! ----------------------------------------------------------------------------
 !          Best Branches  Non-fixed            Branch decision
                        0      12385                 -
 + New bound is 0
                        4          3        F     2  = _int12381
 + New bound is 1
 *          2936     4094  0.53s               (gap is 99.97%)
            2936    10000          1              1  = _int12165
            2936    20000          1              0  = _int12192
            2936    30000          1              0  = _int2056
            2936    40000          1              1  = _int11973
 *           981    48343  5.54s               (gap is 99.90%)
             981    48351          1        F     1  = _int12382
 + New bound is 492 (gap is 49.85%)
             981    48357          1        F     2  = _int12382
 + New bound is 738 (gap is 24.77%)
             981    50000          1              0  = _int4077
 *           849    54156  6.54s               (gap is 13.07%)
             849    54162          1        F     2  = _int12382
 + New bound is 794 (gap is 6.48%)
             849    54168          1        F     2  = _int12382
 + New bound is 823 (gap is 3.06%)
             849    54174          1        F     2  = _int12382
 + New bound is 837 (gap is 1.41%)
             849    54182          1        F     1  = _int12382
 + New bound is 844 (gap is 0.59%)
             849    54188          1        F     2  = _int12382
 + New bound is 848 (gap is 0.12%)
             849    60000          1        F     0  = _int12382
             849    60289       7861        F     2  = _int12382
 + New bound is 849 (gap is 0%)
 ! ----------------------------------------------------------------------------
 ! Search completed, 3 solutions found.
 ! Best objective         : 849 (optimal - effective tol. is 0)
 ! Best bound             : 849
 ! Number of branches     : 60289
 ! Number of fails        : 4092
 ! Total memory usage     : 94.2 MB (80.6 MB CP Optimizer + 13.6 MB Concert)
 ! Time spent in solve    : 34.12s (34.10s engine + 0.01s extraction)
 ! Search speed (br. / s) : 1767.5
 ! ----------------------------------------------------------------------------
solve:1
Flips: 849
Log Likelihood: -nan
