reading  from file input/AML-92-001_input.csv
rows: 6621
cols: 5
input zeros:17994
input ones:14829
input missing:282
total fp flips allowed:0
adding objective
 ! ----------------------------------------------------------------------------
 ! Minimization problem - 33111 variables, 196126 constraints, 1 phase
 ! Presolve      : 2 extractables eliminated
 ! TimeLimit            = 900
 ! Workers              = 1
 ! LogPeriod            = 10000
 ! Initial process time : 2.50s (2.48s extraction + 0.01s propagation)
 !  . Log search space  : 18005.6 (before), 18005.6 (after)
 !  . Memory usage      : 80.2 MB (before), 80.2 MB (after)
 ! Using sequential search.
 ! ----------------------------------------------------------------------------
 !          Best Branches  Non-fixed            Branch decision
 ! ----------------------------------------------------------------------------
 ! Minimization problem - 33111 variables, 196126 constraints, 1 phase
 ! Presolve      : 2 extractables eliminated
 ! TimeLimit            = 900
 ! Workers              = 1
 ! LogPeriod            = 10000
 ! Initial process time : 0.13s (0.12s extraction + 0.00s propagation)
 !  . Log search space  : 18005.6 (before), 18005.6 (after)
 !  . Memory usage      : 80.2 MB (before), 80.2 MB (after)
 ! Using sequential search.
 ! ----------------------------------------------------------------------------
 !          Best Branches  Non-fixed            Branch decision
                        0      33111                 -
 + New bound is 0
                        8          5        F     4  = _int33106
 + New bound is 1
 *          5181     8821  3.34s               (gap is 99.98%)
            5181    10000          1              1  = _int13181
            5181    20000          1              0  = _int30670
            5181    30000          1              0  = _int20826
            5181    40000          1              1  = _int27236
            5181    50000          1              0  = _int3633
            5181    50717          1        F     4  = _int33106
 + New bound is 2592 (gap is 49.97%)
            5181    50801          1        F     4  = _int33108
 + New bound is 3888 (gap is 24.96%)
            5181    50895          1        F     4  = _int33106
 + New bound is 4536 (gap is 12.45%)
            5181    50987          1        F     3  = _int33106
 + New bound is 4860 (gap is 6.20%)
 *          4923    59896  20.30s              (gap is 1.28%)
            4923    59994          1        F     4  = _int33109
 + New bound is 4892 (gap is 0.63%)
            4923    60000          1              2  = _int33108
            4923    60098      13280        F     3  = _int33106
 + New bound is 4909 (gap is 0.28%)
            4923    60204      13280        F     4  = _int33108
 + New bound is 4917 (gap is 0.12%)
            4923    60312      13280        F     4  = _int33106
 + New bound is 4921 (gap is 0.041%)
            4923    60406      13280        F     3  = _int33109
 + New bound is 4923 (gap is 0%)
 ! ----------------------------------------------------------------------------
 ! Search completed, 2 solutions found.
 ! Best objective         : 4923 (optimal - effective tol. is 0)
 ! Best bound             : 4923
 ! Number of branches     : 60406
 ! Number of fails        : 468
 ! Total memory usage     : 378.1 MB (321.9 MB CP Optimizer + 56.2 MB Concert)
 ! Time spent in solve    : 30.22s (30.09s engine + 0.12s extraction)
 ! Search speed (br. / s) : 2006.8
 ! ----------------------------------------------------------------------------
solve:1
Flips: 4923
Log Likelihood: -nan
