reading  from file input/AML-53-001_input.csv
rows: 8013
cols: 3
input zeros:22415
input ones:1437
input missing:187
total fp flips allowed:0
adding objective
 ! ----------------------------------------------------------------------------
 ! Minimization problem - 24043 variables, 95327 constraints, 1 phase
 ! Presolve      : 2 extractables eliminated
 ! TimeLimit            = 900
 ! Workers              = 1
 ! LogPeriod            = 10000
 ! Initial process time : 1.20s (1.18s extraction + 0.01s propagation)
 !  . Log search space  : 22419.8 (before), 22419.8 (after)
 !  . Memory usage      : 45.4 MB (before), 45.4 MB (after)
 ! Using sequential search.
 ! ----------------------------------------------------------------------------
 !          Best Branches  Non-fixed            Branch decision
 ! ----------------------------------------------------------------------------
 ! Minimization problem - 24043 variables, 95327 constraints, 1 phase
 ! Presolve      : 2 extractables eliminated
 ! TimeLimit            = 900
 ! Workers              = 1
 ! LogPeriod            = 10000
 ! Initial process time : 0.08s (0.07s extraction + 0.00s propagation)
 !  . Log search space  : 22419.8 (before), 22419.8 (after)
 !  . Memory usage      : 45.4 MB (before), 45.4 MB (after)
 ! Using sequential search.
 ! ----------------------------------------------------------------------------
 !          Best Branches  Non-fixed            Branch decision
                        0      24043                 -
 + New bound is 0
                        4          3        F     2  = _int24039
 + New bound is 1
                    10000          3              0  = _int7631
 *          2214    12570  8.25s               (gap is 99.95%)
            2214    20000          1              1  = _int3347
            2214    30000          1              0  = _int14989
            2214    40000          1              0  = _int11940
            2214    50000          1              0  = _int13054
            2214    60000       2675              0  = _int19596
            2214    70000          1              1  = _int1006
            2214    80000          1              0  = _int23849
 *          1687    88145  42.99s              (gap is 99.94%)
            1687    90000          1              0  = _int3132
            1687     100k       1989              1  = _int14176
            1687     110k          1              0  = _int5901
            1687     120k          1              0  = _int3207
            1687     130k          1              0  = _int18186
 *           593     139k  76.23s              (gap is 99.83%)
             593     139k          1        F     2  = _int24041
 + New bound is 298 (gap is 49.75%)
             593     139k          1        F     2  = _int24041
 + New bound is 447 (gap is 24.62%)
 ! Time = 76.42s, Average fail depth = 1459, Memory usage = 188.4 MB
 ! Current bound is 447 (gap is 24.62%)
 !          Best Branches  Non-fixed            Branch decision
             593     139k          1        F     1  = _int24041
 + New bound is 521 (gap is 12.14%)
             593     139k          1        F     2  = _int24041
 + New bound is 558 (gap is 5.90%)
             593     139k          1        F     2  = _int24041
 + New bound is 577 (gap is 2.70%)
             593     139k          1        F     2  = _int24041
 + New bound is 586 (gap is 1.18%)
             593     139k          1        F     2  = _int24041
 + New bound is 591 (gap is 0.34%)
             593     139k          1        F     2  = _int24041
 + New bound is 593 (gap is 0%)
 ! ----------------------------------------------------------------------------
 ! Search completed, 3 solutions found.
 ! Best objective         : 593 (optimal - effective tol. is 0)
 ! Best bound             : 593
 ! Number of branches     : 139125
 ! Number of fails        : 46
 ! Total memory usage     : 216.1 MB (188.4 MB CP Optimizer + 27.8 MB Concert)
 ! Time spent in solve    : 76.94s (76.87s engine + 0.07s extraction)
 ! Search speed (br. / s) : 1809.9
 ! ----------------------------------------------------------------------------
solve:1
Flips: 593
Log Likelihood: -nan
