reading  from file input/AML-73-001_input.csv
rows: 10042
cols: 4
input zeros:25862
input ones:14206
input missing:100
total fp flips allowed:0
adding objective
 ! ----------------------------------------------------------------------------
 ! Minimization problem - 40173 variables, 200230 constraints, 1 phase
 ! Presolve      : 2 extractables eliminated
 ! TimeLimit            = 900
 ! Workers              = 1
 ! LogPeriod            = 10000
 ! Initial process time : 2.65s (2.63s extraction + 0.01s propagation)
 !  . Log search space  : 25870.0 (before), 25870.0 (after)
 !  . Memory usage      : 84.3 MB (before), 84.3 MB (after)
 ! Using sequential search.
 ! ----------------------------------------------------------------------------
 !          Best Branches  Non-fixed            Branch decision
 ! ----------------------------------------------------------------------------
 ! Minimization problem - 40173 variables, 200230 constraints, 1 phase
 ! Presolve      : 2 extractables eliminated
 ! TimeLimit            = 900
 ! Workers              = 1
 ! LogPeriod            = 10000
 ! Initial process time : 0.12s (0.09s extraction + 0.02s propagation)
 !  . Log search space  : 25870.0 (before), 25870.0 (after)
 !  . Memory usage      : 84.3 MB (before), 84.3 MB (after)
 ! Using sequential search.
 ! ----------------------------------------------------------------------------
 !          Best Branches  Non-fixed            Branch decision
                        0      40173                 -
 + New bound is 0
                        6          4        F     3  = _int40168
 + New bound is 1
                    10000          4              0  = _int8394
 *           366    16678  12.29s              (gap is 99.73%)
             366    20000          1              1  = _int20633
             366    30000          1              0  = _int35813
             366    40000         57              1  = _int7382
             366    50000          1              0  = _int31742
             366    60000          1              1  = _int36282
             366    70000       2082              1  = _int8545
             366    80000          1              0  = _int21386
             366    90000          1              0  = _int27236
             366     100k          1              0  = _int273
             366     110k       1969              0  = _int23762
             366     111k          1        F     3  = _int40168
 + New bound is 184 (gap is 49.73%)
             366     112k          1        F     3  = _int40171
 + New bound is 276 (gap is 24.59%)
             366     120k          1              0  = _int21443
 *           286     128k  61.78s              (gap is 3.50%)
             286     128k          1        F     3  = _int40171
 + New bound is 282 (gap is 1.40%)
             286     128k          1        F     2  = _int40171
 + New bound is 285 (gap is 0.35%)
 ! Time = 62.61s, Average fail depth = 519, Memory usage = 345.5 MB
 ! Current bound is 285 (gap is 0.35%)
 !          Best Branches  Non-fixed            Branch decision
             286     130k          1        F     0  = _int40168
             286     140k      25628              1  = _int40171
             286     147k      25628        F     3  = _int40171
 + New bound is 286 (gap is 0%)
 ! ----------------------------------------------------------------------------
 ! Search completed, 2 solutions found.
 ! Best objective         : 286 (optimal - effective tol. is 0)
 ! Best bound             : 286
 ! Number of branches     : 147831
 ! Number of fails        : 10553
 ! Total memory usage     : 405.9 MB (348.0 MB CP Optimizer + 57.9 MB Concert)
 ! Time spent in solve    : 348.50s (348.40s engine + 0.09s extraction)
 ! Search speed (br. / s) : 424.3
 ! ----------------------------------------------------------------------------
solve:1
Flips: 286
Log Likelihood: -nan
