reading  from file input/AML-90-001_input.csv
rows: 5682
cols: 7
input zeros:17684
input ones:21353
input missing:737
total fp flips allowed:0
adding objective
 ! ----------------------------------------------------------------------------
 ! Minimization problem - 39782 variables, 308715 constraints, 1 phase
 ! Presolve      : 2 extractables eliminated
 ! TimeLimit            = 900
 ! Workers              = 1
 ! LogPeriod            = 10000
 ! Initial process time : 4.45s (4.42s extraction + 0.02s propagation)
 !  . Log search space  : 17703.7 (before), 17703.7 (after)
 !  . Memory usage      : 123.9 MB (before), 123.9 MB (after)
 ! Using sequential search.
 ! ----------------------------------------------------------------------------
 !          Best Branches  Non-fixed            Branch decision
 ! ----------------------------------------------------------------------------
 ! Minimization problem - 39782 variables, 308715 constraints, 1 phase
 ! Presolve      : 2 extractables eliminated
 ! TimeLimit            = 900
 ! Workers              = 1
 ! LogPeriod            = 10000
 ! Initial process time : 0.21s (0.17s extraction + 0.03s propagation)
 !  . Log search space  : 17703.7 (before), 17703.7 (after)
 !  . Memory usage      : 123.9 MB (before), 123.9 MB (after)
 ! Using sequential search.
 ! ----------------------------------------------------------------------------
 !          Best Branches  Non-fixed            Branch decision
                        0      39782                 -
 + New bound is 0
                       12          7        F     6  = _int39775
 + New bound is 1
 *         10706     4022  1.65s               (gap is 99.99%)
           10706    10000          1              0  = _int32251
           10706    20000          1              1  = _int18316
 *          8088    29846  5.87s               (gap is 99.99%)
            8088    30000          1              1  = _int7949
 *          6066    39027  30.45s              (gap is 99.98%)
            6066    40000          1              2 != _int39776
 *          5308    42024  73.55s              (gap is 99.98%)
 *          4977    46775  142.79s             (gap is 99.98%)
            4977    50000      12230        F     1  = _int39780
 *          4900    58541  243.33s             (gap is 99.98%)
            4900    60000          3              1 != _int39776
 *          4824    65843  346.85s             (gap is 99.98%)
            4824    70000      12859        F     2  = _int39778
 *          4823    73173  452.61s             (gap is 99.98%)
            4823    80000       1127              0  = _int31660
 *          4789    81034  455.83s             (gap is 99.98%)
            4789    90000          1              5  = _int39780
 ! Time = 592.33s, Average fail depth = 9, Memory usage = 459.5 MB
 ! Current bound is 1 (gap is 99.98%)
 !          Best Branches  Non-fixed            Branch decision
            4789     100k      12899              4 != _int39780
            4789     110k      12899        F     6  = _int39778
 ! ----------------------------------------------------------------------------
 ! Search terminated by limit, 9 solutions found.
 ! Best objective         : 4789 (gap is 99.98%)
 ! Best bound             : 1
 ! Number of branches     : 112611
 ! Number of fails        : 31002
 ! Total memory usage     : 540.3 MB (459.5 MB CP Optimizer + 80.7 MB Concert)
 ! Time spent in solve    : 900.10s (899.92s engine + 0.17s extraction)
 ! Search speed (br. / s) : 125.1
 ! ----------------------------------------------------------------------------
solve:1
Flips: 4789
Log Likelihood: -nan
