reading  from file input/AML-33-001_input.csv
rows: 8120
cols: 3
input zeros:13288
input ones:8019
input missing:3053
total fp flips allowed:0
adding objective
 ! ----------------------------------------------------------------------------
 ! Minimization problem - 24364 variables, 82849 constraints, 1 phase
 ! Presolve      : 2 extractables eliminated
 ! TimeLimit            = 900
 ! Workers              = 1
 ! LogPeriod            = 10000
 ! Initial process time : 0.80s (0.79s extraction + 0.00s propagation)
 !  . Log search space  : 13292.8 (before), 13292.8 (after)
 !  . Memory usage      : 30.1 MB (before), 30.1 MB (after)
 ! Using sequential search.
 ! ----------------------------------------------------------------------------
 !          Best Branches  Non-fixed            Branch decision
 ! ----------------------------------------------------------------------------
 ! Minimization problem - 24364 variables, 82849 constraints, 1 phase
 ! Presolve      : 2 extractables eliminated
 ! TimeLimit            = 900
 ! Workers              = 1
 ! LogPeriod            = 10000
 ! Initial process time : 0.05s (0.04s extraction + 0.00s propagation)
 !  . Log search space  : 13292.8 (before), 13292.8 (after)
 !  . Memory usage      : 30.1 MB (before), 30.1 MB (after)
 ! Using sequential search.
 ! ----------------------------------------------------------------------------
 !          Best Branches  Non-fixed            Branch decision
                        0      24364                 -
 + New bound is 0
                        4          3        F     2  = _int24360
 + New bound is 1
 *          1314     8508  2.19s               (gap is 99.92%)
            1314    10000          1              1  = _int10920
            1314    20000          1              0  = _int11232
            1314    30000          1              0  = _int12154
 *           771    36114  6.38s               (gap is 99.87%)
             771    40000          1              1  = _int23245
             771    50000          1              0  = _int16609
             771    60000          1              1  = _int1317
             771    70000          1              0  = _int5448
             771    77545          1        F     2  = _int24360
 + New bound is 387 (gap is 49.81%)
             771    77551          1        F     2  = _int24362
 + New bound is 580 (gap is 24.77%)
             771    77559          1        F     1  = _int24360
 + New bound is 677 (gap is 12.19%)
             771    77567          1        F     2  = _int24360
 + New bound is 725 (gap is 5.97%)
             771    77575          1        F     1  = _int24360
 + New bound is 749 (gap is 2.85%)
             771    77583          1        F     2  = _int24360
 + New bound is 761 (gap is 1.30%)
             771    77591          1        F     1  = _int24360
 + New bound is 767 (gap is 0.52%)
             771    77599          1        F     2  = _int24360
 + New bound is 770 (gap is 0.13%)
             771    80000          1              2  = _int24362
 ! Time = 25.70s, Average fail depth = 12, Memory usage = 140.9 MB
 ! Current bound is 770 (gap is 0.13%)
 !          Best Branches  Non-fixed            Branch decision
             771    84062      12623        F     2  = _int24361
 + New bound is 771 (gap is 0%)
 ! ----------------------------------------------------------------------------
 ! Search completed, 2 solutions found.
 ! Best objective         : 771 (optimal - effective tol. is 0)
 ! Best bound             : 771
 ! Number of branches     : 84062
 ! Number of fails        : 4276
 ! Total memory usage     : 167.7 MB (141.2 MB CP Optimizer + 26.5 MB Concert)
 ! Time spent in solve    : 42.50s (42.45s engine + 0.04s extraction)
 ! Search speed (br. / s) : 1979.8
 ! ----------------------------------------------------------------------------
solve:1
Flips: 771
Log Likelihood: -nan
