reading  from file input/AML-02-001_input.csv
rows: 7931
cols: 5
input zeros:14017
input ones:24711
input missing:927
total fp flips allowed:0
adding objective
 ! ----------------------------------------------------------------------------
 ! Minimization problem - 39661 variables, 229695 constraints, 1 phase
 ! Presolve      : 2 extractables eliminated
 ! TimeLimit            = 900
 ! Workers              = 1
 ! LogPeriod            = 10000
 ! Initial process time : 3.31s (3.28s extraction + 0.02s propagation)
 !  . Log search space  : 14028.6 (before), 14028.6 (after)
 !  . Memory usage      : 78.6 MB (before), 78.6 MB (after)
 ! Using sequential search.
 ! ----------------------------------------------------------------------------
 !          Best Branches  Non-fixed            Branch decision
 ! ----------------------------------------------------------------------------
 ! Minimization problem - 39661 variables, 229695 constraints, 1 phase
 ! Presolve      : 2 extractables eliminated
 ! TimeLimit            = 900
 ! Workers              = 1
 ! LogPeriod            = 10000
 ! Initial process time : 0.16s (0.15s extraction + 0.01s propagation)
 !  . Log search space  : 14028.6 (before), 14028.6 (after)
 !  . Memory usage      : 78.6 MB (before), 78.6 MB (after)
 ! Using sequential search.
 ! ----------------------------------------------------------------------------
 !          Best Branches  Non-fixed            Branch decision
                        0      39661                 -
 + New bound is 0
                        8          5        F     4  = _int39656
 + New bound is 1
 *         11128     1899  0.77s               (gap is 99.99%)
           11128    10000          1              0  = _int2452
 *          8978    13689  2.29s               (gap is 99.99%)
 *          8541    17926  2.60s               (gap is 99.99%)
            8541    20000          1              1  = _int24173
            8541    30000          1              1  = _int24029
            8541    40000          1              1  = _int4392
            8541    50000          1              0  = _int14594
 *          2828    51483  10.89s              (gap is 99.96%)
            2828    51551          1        F     4  = _int39656
 + New bound is 1415 (gap is 49.96%)
            2828    51641          1        F     4  = _int39655
 + New bound is 2123 (gap is 24.93%)
            2828    51717          1        F     3  = _int39655
 + New bound is 2477 (gap is 12.41%)
            2828    60000          1              0  = _int10207
 *          2608    60906  18.11s              (gap is 5.02%)
            2608    70000          1              0  = _int18624
 *          2534    70098  22.29s              (gap is 2.25%)
            2534    70190          1        F     4  = _int39658
 + New bound is 2506 (gap is 1.10%)
            2534    70266          1        F     3  = _int39658
 + New bound is 2521 (gap is 0.51%)
 ! Time = 24.70s, Average fail depth = 146, Memory usage = 343.7 MB
 ! Current bound is 2521 (gap is 0.51%)
 !          Best Branches  Non-fixed            Branch decision
            2534    70370          1        F     4  = _int39656
 + New bound is 2529 (gap is 0.2%)
            2534    70448          1        F     3  = _int39656
 + New bound is 2533 (gap is 0.039%)
            2534    80000          1              1  = _int39655
            2534    90000          2        F     2  = _int39659
            2534     100k          2        F     1  = _int39657
            2534     110k          2              1 != _int39656
            2534     120k          2              3  = _int39659
            2534     130k          2              2  = _int39658
            2534     133k          2        F     2  = _int39655
 + New bound is 2534 (gap is 0%)
 ! ----------------------------------------------------------------------------
 ! Search completed, 6 solutions found.
 ! Best objective         : 2534 (optimal - effective tol. is 0)
 ! Best bound             : 2534
 ! Number of branches     : 133055
 ! Number of fails        : 32596
 ! Total memory usage     : 412.1 MB (346.1 MB CP Optimizer + 66.0 MB Concert)
 ! Time spent in solve    : 686.52s (686.37s engine + 0.15s extraction)
 ! Search speed (br. / s) : 193.9
 ! ----------------------------------------------------------------------------
solve:1
Flips: 2534
Log Likelihood: -nan
