reading  from file input/AML-80-001_input.csv
rows: 2807
cols: 3
input zeros:3498
input ones:4666
input missing:257
total fp flips allowed:0
adding objective
 ! ----------------------------------------------------------------------------
 ! Minimization problem - 8425 variables, 32409 constraints, 1 phase
 ! Presolve      : 2 extractables eliminated
 ! TimeLimit            = 900
 ! Workers              = 1
 ! LogPeriod            = 10000
 ! Initial process time : 0.25s (0.25s extraction + 0.00s propagation)
 !  . Log search space  : 3502.8 (before), 3502.8 (after)
 !  . Memory usage      : 10.8 MB (before), 10.8 MB (after)
 ! Using sequential search.
 ! ----------------------------------------------------------------------------
 !          Best Branches  Non-fixed            Branch decision
 ! ----------------------------------------------------------------------------
 ! Minimization problem - 8425 variables, 32409 constraints, 1 phase
 ! Presolve      : 2 extractables eliminated
 ! TimeLimit            = 900
 ! Workers              = 1
 ! LogPeriod            = 10000
 ! Initial process time : 0.00s (0.00s extraction + 0.00s propagation)
 !  . Log search space  : 3502.8 (before), 3502.8 (after)
 !  . Memory usage      : 10.8 MB (before), 10.8 MB (after)
 ! Using sequential search.
 ! ----------------------------------------------------------------------------
 !          Best Branches  Non-fixed            Branch decision
                        0       8425                 -
 + New bound is 0
                        4          3        F     2  = _int8421
 + New bound is 1
 *           132     2331  0.16s               (gap is 99.24%)
             132    10000          1              0  = _int1273
             132    20000          1              0  = _int6493
             132    20694          1        F     2  = _int8421
 + New bound is 67 (gap is 49.24%)
             132    20702          1        F     1  = _int8421
 + New bound is 101 (gap is 23.48%)
             132    20710          1        F     2  = _int8421
 + New bound is 118 (gap is 10.61%)
             132    20718          1        F     1  = _int8421
 + New bound is 126 (gap is 4.55%)
             132    20726          1        F     2  = _int8421
 + New bound is 130 (gap is 1.52%)
             132    20734          1        F     1  = _int8421
 + New bound is 132 (gap is 0%)
 ! ----------------------------------------------------------------------------
 ! Search completed, 1 solution found.
 ! Best objective         : 132 (optimal - effective tol. is 0)
 ! Best bound             : 132
 ! Number of branches     : 20734
 ! Number of fails        : 36
 ! Total memory usage     : 61.1 MB (51.2 MB CP Optimizer + 9.9 MB Concert)
 ! Time spent in solve    : 0.90s (0.89s engine + 0.00s extraction)
 ! Search speed (br. / s) : 23296.6
 ! ----------------------------------------------------------------------------
solve:1
Flips: 132
Log Likelihood: -nan
