reading  from file input/AML-14-001_input.csv
rows: 7053
cols: 7
input zeros:39919
input ones:9194
input missing:258
total fp flips allowed:0
adding objective
 ! ----------------------------------------------------------------------------
 ! Minimization problem - 49379 variables, 391778 constraints, 1 phase
 ! Presolve      : 2 extractables eliminated
 ! TimeLimit            = 900
 ! Workers              = 1
 ! LogPeriod            = 10000
 ! Initial process time : 5.58s (5.54s extraction + 0.03s propagation)
 !  . Log search space  : 39938.7 (before), 39938.7 (after)
 !  . Memory usage      : 206.3 MB (before), 206.3 MB (after)
 ! Using sequential search.
 ! ----------------------------------------------------------------------------
 !          Best Branches  Non-fixed            Branch decision
 ! ----------------------------------------------------------------------------
 ! Minimization problem - 49379 variables, 391778 constraints, 1 phase
 ! Presolve      : 2 extractables eliminated
 ! TimeLimit            = 900
 ! Workers              = 1
 ! LogPeriod            = 10000
 ! Initial process time : 0.28s (0.25s extraction + 0.03s propagation)
 !  . Log search space  : 39938.7 (before), 39938.7 (after)
 !  . Memory usage      : 206.3 MB (before), 206.3 MB (after)
 ! Using sequential search.
 ! ----------------------------------------------------------------------------
 !          Best Branches  Non-fixed            Branch decision
                        0      49379                 -
 + New bound is 0
                       12          7        F     6  = _int49372
 + New bound is 1
 *         29343     4355  3.22s               (gap is 100.00%)
           29343    10000          1              1  = _int4880
           29343    20000          1              0  = _int46007
           29343    30000       1323              0  = _int20390
 *         22211    31206  21.62s              (gap is 100.00%)
           22211    40000          1              0  = _int19092
 *          9089    44920  26.54s              (gap is 99.99%)
            9089    50000          1              1  = _int8023
            9089    60000          1              0  = _int19812
            9089    70000          1              0  = _int34917
            9089    80000          1              1  = _int19954
            9089    90000          1              0  = _int10018
            9089     100k          1              0  = _int17938
            9089     110k       2123              0  = _int39841
 *          6252     111k  123.27s             (gap is 99.98%)
            6252     120k          1              0  = _int5629
 *          5440     129k  226.58s             (gap is 99.98%)
            5440     130k          1              0 != _int49376
 ! Time = 231.98s, Average fail depth = 36, Memory usage = 689.3 MB
 ! Current bound is 1 (gap is 99.98%)
 !          Best Branches  Non-fixed            Branch decision
            5440     140k      34490        F     6  = _int49375
 ! ----------------------------------------------------------------------------
 ! Search terminated by limit, 5 solutions found.
 ! Best objective         : 5440 (gap is 99.98%)
 ! Best bound             : 1
 ! Number of branches     : 149048
 ! Number of fails        : 11595
 ! Total memory usage     : 794.2 MB (689.3 MB CP Optimizer + 104.9 MB Concert)
 ! Time spent in solve    : 900.15s (899.90s engine + 0.25s extraction)
 ! Search speed (br. / s) : 165.6
 ! ----------------------------------------------------------------------------
solve:1
Flips: 5440
Log Likelihood: -nan
