reading  from file input/AML-95-001_input.csv
rows: 9030
cols: 3
input zeros:21345
input ones:4685
input missing:1060
total fp flips allowed:216
adding objective
 ! ----------------------------------------------------------------------------
 ! Minimization problem - 27094 variables, 103074 constraints, 1 phase
 ! Presolve      : 2 extractables eliminated
 ! TimeLimit            = 900
 ! Workers              = 1
 ! LogPeriod            = 10000
 ! Initial process time : 1.19s (1.17s extraction + 0.01s propagation)
 !  . Log search space  : 26042.5 (before), 26042.5 (after)
 !  . Memory usage      : 49.5 MB (before), 49.5 MB (after)
 ! Using sequential search.
 ! ----------------------------------------------------------------------------
 !          Best Branches  Non-fixed            Branch decision
 ! ----------------------------------------------------------------------------
 ! Minimization problem - 27094 variables, 103074 constraints, 1 phase
 ! Presolve      : 2 extractables eliminated
 ! TimeLimit            = 900
 ! Workers              = 1
 ! LogPeriod            = 10000
 ! Initial process time : 0.06s (0.05s extraction + 0.00s propagation)
 !  . Log search space  : 26042.5 (before), 26042.5 (after)
 !  . Memory usage      : 49.5 MB (before), 49.5 MB (after)
 ! Using sequential search.
 ! ----------------------------------------------------------------------------
 !          Best Branches  Non-fixed            Branch decision
                        0      27094                 -
 + New bound is 0
 *             0      142  0.45s               (gap is 0%)
 ! ----------------------------------------------------------------------------
 ! Search completed, 1 solution found.
 ! Best objective         : 0 (optimal - effective tol. is 0)
 ! Best bound             : 0
 ! Number of branches     : 142
 ! Number of fails        : 6
 ! Total memory usage     : 212.4 MB (182.0 MB CP Optimizer + 30.5 MB Concert)
 ! Time spent in solve    : 0.48s (0.42s engine + 0.05s extraction)
 ! Search speed (br. / s) : 330.2
 ! ----------------------------------------------------------------------------
solve:1
Flips: 0
Log Likelihood: -1485.76
