reading  from file input/AML-35-001_input.csv
rows: 7584
cols: 3
input zeros:19245
input ones:3430
input missing:77
total fp flips allowed:195
adding objective
 ! ----------------------------------------------------------------------------
 ! Minimization problem - 22756 variables, 90629 constraints, 1 phase
 ! Presolve      : 2 extractables eliminated
 ! TimeLimit            = 900
 ! Workers              = 1
 ! LogPeriod            = 10000
 ! Initial process time : 0.89s (0.88s extraction + 0.00s propagation)
 !  . Log search space  : 22687.4 (before), 22687.4 (after)
 !  . Memory usage      : 44.5 MB (before), 44.5 MB (after)
 ! Using sequential search.
 ! ----------------------------------------------------------------------------
 !          Best Branches  Non-fixed            Branch decision
 ! ----------------------------------------------------------------------------
 ! Minimization problem - 22756 variables, 90629 constraints, 1 phase
 ! Presolve      : 2 extractables eliminated
 ! TimeLimit            = 900
 ! Workers              = 1
 ! LogPeriod            = 10000
 ! Initial process time : 0.04s (0.03s extraction + 0.00s propagation)
 !  . Log search space  : 22687.4 (before), 22687.4 (after)
 !  . Memory usage      : 44.5 MB (before), 44.5 MB (after)
 ! Using sequential search.
 ! ----------------------------------------------------------------------------
 !          Best Branches  Non-fixed            Branch decision
                        0      22756                 -
 + New bound is 0
 *             0       62  0.34s               (gap is 0%)
 ! ----------------------------------------------------------------------------
 ! Search completed, 1 solution found.
 ! Best objective         : 0 (optimal - effective tol. is 0)
 ! Best bound             : 0
 ! Number of branches     : 62
 ! Number of fails        : 4
 ! Total memory usage     : 184.4 MB (157.3 MB CP Optimizer + 27.0 MB Concert)
 ! Time spent in solve    : 0.37s (0.33s engine + 0.03s extraction)
 ! Search speed (br. / s) : 182.4
 ! ----------------------------------------------------------------------------
solve:1
Flips: 0
Log Likelihood: -1291.59
