reading  from file input/AML-25-001_input.csv
rows: 6366
cols: 4
input zeros:9819
input ones:11474
input missing:4171
total fp flips allowed:0
adding objective
 ! ----------------------------------------------------------------------------
 ! Minimization problem - 25469 variables, 98143 constraints, 1 phase
 ! Presolve      : 2 extractables eliminated
 ! TimeLimit            = 900
 ! Workers              = 1
 ! LogPeriod            = 10000
 ! Initial process time : 1.16s (1.15s extraction + 0.00s propagation)
 !  . Log search space  : 9827.0 (before), 9827.0 (after)
 !  . Memory usage      : 34.0 MB (before), 34.0 MB (after)
 ! Using sequential search.
 ! ----------------------------------------------------------------------------
 !          Best Branches  Non-fixed            Branch decision
 ! ----------------------------------------------------------------------------
 ! Minimization problem - 25469 variables, 98143 constraints, 1 phase
 ! Presolve      : 2 extractables eliminated
 ! TimeLimit            = 900
 ! Workers              = 1
 ! LogPeriod            = 10000
 ! Initial process time : 0.07s (0.06s extraction + 0.00s propagation)
 !  . Log search space  : 9827.0 (before), 9827.0 (after)
 !  . Memory usage      : 34.0 MB (before), 34.0 MB (after)
 ! Using sequential search.
 ! ----------------------------------------------------------------------------
 !          Best Branches  Non-fixed            Branch decision
                        0      25469                 -
 + New bound is 0
                        6          4        F     3  = _int25464
 + New bound is 1
 *          1044     7267  1.61s               (gap is 99.90%)
            1044    10000          1              0  = _int1281
            1044    20000          1              1  = _int15849
            1044    30000          1              0  = _int21335
            1044    40000          1              0  = _int24513
            1044    40197          1        F     3  = _int25464
 + New bound is 523 (gap is 49.90%)
 *           654    47678  6.86s               (gap is 20.03%)
             654    47700          1        F     3  = _int25466
 + New bound is 589 (gap is 9.94%)
             654    47722          1        F     3  = _int25464
 + New bound is 623 (gap is 4.74%)
             654    47746          1        F     2  = _int25466
 + New bound is 640 (gap is 2.14%)
             654    47768          1        F     3  = _int25464
 + New bound is 648 (gap is 0.92%)
             654    47792          1        F     2  = _int25464
 + New bound is 652 (gap is 0.31%)
             654    47820          1        F     3  = _int25466
 + New bound is 654 (gap is 0%)
 ! ----------------------------------------------------------------------------
 ! Search completed, 2 solutions found.
 ! Best objective         : 654 (optimal - effective tol. is 0)
 ! Best bound             : 654
 ! Number of branches     : 47820
 ! Number of fails        : 94
 ! Total memory usage     : 187.7 MB (157.6 MB CP Optimizer + 30.2 MB Concert)
 ! Time spent in solve    : 7.54s (7.48s engine + 0.06s extraction)
 ! Search speed (br. / s) : 6393.0
 ! ----------------------------------------------------------------------------
solve:1
Flips: 654
Log Likelihood: -nan
