reading  from file input/AML-10-001_input.csv
rows: 2734
cols: 4
input zeros:2479
input ones:3906
input missing:4551
total fp flips allowed:26
adding objective
 ! ----------------------------------------------------------------------------
 ! Minimization problem - 10941 variables, 27581 constraints, 1 phase
 ! Presolve      : 2 extractables eliminated
 ! TimeLimit            = 900
 ! Workers              = 1
 ! LogPeriod            = 10000
 ! Initial process time : 0.25s (0.25s extraction + 0.00s propagation)
 !  . Log search space  : 6397.8 (before), 6397.8 (after)
 !  . Memory usage      : 11.2 MB (before), 11.2 MB (after)
 ! Using sequential search.
 ! ----------------------------------------------------------------------------
 !          Best Branches  Non-fixed            Branch decision
 ! ----------------------------------------------------------------------------
 ! Minimization problem - 10941 variables, 27581 constraints, 1 phase
 ! Presolve      : 2 extractables eliminated
 ! TimeLimit            = 900
 ! Workers              = 1
 ! LogPeriod            = 10000
 ! Initial process time : 0.00s (0.00s extraction + 0.00s propagation)
 !  . Log search space  : 6397.8 (before), 6397.8 (after)
 !  . Memory usage      : 11.2 MB (before), 11.2 MB (after)
 ! Using sequential search.
 ! ----------------------------------------------------------------------------
 !          Best Branches  Non-fixed            Branch decision
                        0      10941                 -
 + New bound is 0
                       12       3910        F     3  = _int10939
 + New bound is 1
 *           962     1284  0.13s               (gap is 99.90%)
             962    10000          1              1  = _int9364
 *           855    15547  0.78s               (gap is 99.88%)
             855    20000          1              1  = _int10510
 *           829    27431  10.10s              (gap is 99.88%)
             829    30000       1510              1  = _int4397
 *           778    38437  16.77s              (gap is 99.87%)
             778    40000       1620              1  = _int1488
             778    50000       3697              1  = _int6070
 *           730    51871  23.97s              (gap is 99.86%)
             730    60000         15              0  = _int8982
 *           685    65223  31.05s              (gap is 99.85%)
             685    70000         20              0  = _int2525
             685    80000       3830              1  = _int6382
             685    90000       2396              1  = _int5838
 *           684    91886  44.78s              (gap is 99.85%)
             684     100k         17              1  = _int290
             684     110k       1897              1  = _int2797
 ! Time = 50.18s, Average fail depth = 404, Memory usage = 55.2 MB
 ! Current bound is 1 (gap is 99.85%)
 !          Best Branches  Non-fixed            Branch decision
 *           614     119k  52.02s              (gap is 99.84%)
             614     120k          1              1  = _int1145
 *           608     124k  53.43s              (gap is 99.84%)
 *           606     127k  54.54s              (gap is 99.83%)
 *           605     128k  54.99s              (gap is 99.83%)
             605     130k          1              0  = _int9970
             605     140k       2364              1  = _int5038
 *           599     149k  62.87s              (gap is 99.83%)
             599     150k          1              1  = _int6425
             599     160k       1986              0  = _int10284
             599     170k       4506              1  = _int2905
 *           598     170k  75.35s              (gap is 99.83%)
 *           597     171k  76.41s              (gap is 99.83%)
 *           592     173k  76.50s              (gap is 99.83%)
             592     180k          1              0  = _int642
             592     190k       2046              0  = _int10369
             592     200k       3223              1  = _int2208
             592     210k       2653              0  = _int3345
             592     220k       2035              0  = _int7434
             592     230k       4519              0  = _int6430
 ! Time = 106.82s, Average fail depth = 459, Memory usage = 55.9 MB
 ! Current bound is 1 (gap is 99.83%)
 !          Best Branches  Non-fixed            Branch decision
             592     240k       2043              0  = _int10350
             592     250k       3022              1  = _int9878
             592     260k       2027        F     0  = _int3940
             592     270k       2486        F     0  = _int1329
             592     280k       2454              1  = _int4944
             592     290k       2132              1  = _int251
             592     300k       2051              1  = _int170
             592     310k       2047        F     1  = _int2200
             592     320k       2644        F     0  = _int9505
             592     330k       3166        F     0  = _int7820
             592     340k       2074              1  = _int3761
             592     350k       3715              1  = _int5061
             592     360k       2888              1  = _int7101
             592     370k       3169        F     1  = _int6390
             592     380k       4499              1  = _int1586
             592     390k       4903              1  = _int2534
             592     400k       2116              1  = _int5338
             592     410k       2100              0  = _int7843
             592     420k       5303              0  = _int3565
             592     430k       2076              1  = _int3062
 ! Time = 223.16s, Average fail depth = 438, Memory usage = 55.9 MB
 ! Current bound is 1 (gap is 99.83%)
 !          Best Branches  Non-fixed            Branch decision
             592     440k       2123              0  = _int10369
             592     450k       3368              1  = _int2716
             592     460k       2230              0  = _int898
             592     470k       2105              1  = _int1530
             592     480k       2146        F     0  = _int4517
             592     490k       2105              1  = _int4415
             592     500k       2067              0  = _int10411
             592     510k       3635              1  = _int1153
             592     520k       2122              1  = _int8372
             592     530k       3280              0  = _int1566
             592     540k       2112              0  = _int7021
             592     550k       5294        F     0  = _int251
             592     560k       2238              0  = _int3333
             592     570k       3352              0  = _int10568
             592     580k       2232              0  = _int6219
             592     590k       4669              1  = _int7160
             592     600k       3618              1  = _int10522
             592     610k       3615              0  = _int4899
             592     620k       4821              0  = _int9382
             592     630k       2161              0  = _int4731
 ! Time = 340.42s, Average fail depth = 430, Memory usage = 55.9 MB
 ! Current bound is 1 (gap is 99.83%)
 !          Best Branches  Non-fixed            Branch decision
             592     640k       4470              0  = _int8982
             592     650k       2567        F     1  = _int2947
             592     660k       3496              1  = _int1161
             592     670k       4394              1  = _int4234
             592     680k       2310              1  = _int2386
             592     690k       2161              1  = _int4691
             592     700k       4561              1  = _int1853
             592     710k       2162              1  = _int9458
             592     720k       2569              1  = _int828
             592     730k       2130              1  = _int3033
             592     740k       2716              0  = _int3692
             592     750k       2142              1  = _int4757
             592     760k       2597              1  = _int2237
             592     770k       2185        F     0  = _int3940
             592     780k       4610              0  = _int4759
             592     790k       2207              0  = _int1045
             592     800k       2907        F     0  = _int7262
 *           591     808k  449.16s             (gap is 99.83%)
             591     810k       5323              1  = _int9402
             591     820k       3190              0  = _int6424
 ! Time = 458.61s, Average fail depth = 421, Memory usage = 56.0 MB
 ! Current bound is 1 (gap is 99.83%)
 !          Best Branches  Non-fixed            Branch decision
             591     830k       4492              0  = _int7226
             591     840k       2254              0  = _int5036
             591     850k       2239              1  = _int6705
             591     860k       3041              0  = _int8016
             591     870k       2227              0  = _int10315
             591     880k       2173              0  = _int22
             591     890k       2258              0  = _int10081
             591     900k       4838              1  = _int7886
             591     910k       2955              1  = _int10162
             591     920k       2154              1  = _int4917
             591     930k       2623              1  = _int5287
             591     940k       2210              0  = _int8372
             591     950k       2124        F     0  = _int2243
             591     960k       2694              0  = _int10631
             591     970k       3534              1  = _int5433
             591     980k       4618              0  = _int7619
             591     990k       3625              1  = _int985
             591    1000k       2877              1  = _int1522
             591    1010k       2220        F     0  = _int5194
             591    1020k       3508              0  = _int7021
 ! Time = 575.29s, Average fail depth = 424, Memory usage = 56.0 MB
 ! Current bound is 1 (gap is 99.83%)
 !          Best Branches  Non-fixed            Branch decision
             591    1030k       3392        F     0  = _int58
             591    1040k       3412              1  = _int4769
             591    1050k       2256              1  = _int4420
             591    1060k       4494              0  = _int10456
             591    1070k       2675              1  = _int10032
             591    1080k       2235              0  = _int4697
             591    1090k       3895              1  = _int10782
             591    1100k       2218              1  = _int858
             591    1110k       2253        F     0  = _int10727
             591    1120k       2196        F     0  = _int6098
             591    1130k       4454              1  = _int1974
             591    1140k       3487        F     0  = _int4528
             591    1150k       2168              1  = _int5537
             591    1160k       2257              0  = _int9871
             591    1170k       4527              1  = _int7749
             591    1180k       3522              0  = _int10031
             591    1190k       2170              1  = _int8855
             591    1200k       2158              0  = _int2683
             591    1210k       4676              1  = _int9016
             591    1220k       3260              1  = _int5733
 ! Time = 693.40s, Average fail depth = 423, Memory usage = 56.0 MB
 ! Current bound is 1 (gap is 99.83%)
 !          Best Branches  Non-fixed            Branch decision
             591    1230k       2138              0  = _int4510
             591    1240k       3540              0  = _int4909
             591    1250k       2170              0  = _int4568
             591    1260k       2583              1  = _int3947
             591    1270k       2461              0  = _int3666
             591    1280k       5227              1  = _int184
             591    1290k       3020              0  = _int4570
             591    1300k       2560              0  = _int1981
             591    1310k       2202        F     0  = _int606
             591    1320k       2449              0  = _int5481
             591    1330k       5221              0  = _int6093
             591    1340k       4492              0  = _int2356
             591    1350k       2494              1  = _int2838
             591    1360k       2439              1  = _int325
             591    1370k       5222              0  = _int2360
             591    1380k       2394              0  = _int5784
             591    1390k       2442              0  = _int8697
             591    1400k       4544        F     0  = _int7720
             591    1410k       4431              0  = _int3941
             591    1420k       5254              0  = _int7325
 ! Time = 813.38s, Average fail depth = 417, Memory usage = 56.0 MB
 ! Current bound is 1 (gap is 99.83%)
 !          Best Branches  Non-fixed            Branch decision
             591    1430k       5218              0  = _int2735
             591    1440k       3069              1  = _int8205
             591    1450k       2251              1  = _int5912
             591    1460k       3369              0  = _int2973
             591    1470k       2285              1  = _int8867
             591    1480k       2257              0  = _int980
             591    1490k       2201              0  = _int1685
             591    1500k       3514        F     0  = _int7160
             591    1510k       4523              0  = _int13
             591    1520k       5217              0  = _int2808
             591    1530k       5254              0  = _int3531
             591    1540k       2276              0  = _int8726
             591    1550k       2954              1  = _int3785
             591    1560k       2248        F     0  = _int5814
             591    1570k       2901              1  = _int8941
 ! ----------------------------------------------------------------------------
 ! Search terminated by limit, 16 solutions found.
 ! Best objective         : 591 (gap is 99.83%)
 ! Best bound             : 1
 ! Number of branches     : 1576986
 ! Number of fails        : 212690
 ! Total memory usage     : 65.1 MB (56.1 MB CP Optimizer + 9.0 MB Concert)
 ! Time spent in solve    : 900.00s (899.99s engine + 0.00s extraction)
 ! Search speed (br. / s) : 1752.2
 ! ----------------------------------------------------------------------------
solve:1
Flips: 591
Log Likelihood: -2041.51
