reading  from file input/AML-48-001_input.csv
rows: 2756
cols: 2
input zeros:4315
input ones:1185
input missing:12
total fp flips allowed:0
adding objective
 ! ----------------------------------------------------------------------------
 ! Minimization problem - 5515 variables, 16504 constraints, 1 phase
 ! Presolve      : 2 extractables eliminated
 ! TimeLimit            = 900
 ! Workers              = 1
 ! LogPeriod            = 10000
 ! Initial process time : 0.14s (0.14s extraction + 0.00s propagation)
 !  . Log search space  : 4317.0 (before), 4317.0 (after)
 !  . Memory usage      : 6.4 MB (before), 6.4 MB (after)
 ! Using sequential search.
 ! ----------------------------------------------------------------------------
 !          Best Branches  Non-fixed            Branch decision
 ! ----------------------------------------------------------------------------
 ! Minimization problem - 5515 variables, 16504 constraints, 1 phase
 ! Presolve      : 2 extractables eliminated
 ! TimeLimit            = 900
 ! Workers              = 1
 ! LogPeriod            = 10000
 ! Initial process time : 0.00s (0.00s extraction + 0.00s propagation)
 !  . Log search space  : 4317.0 (before), 4317.0 (after)
 !  . Memory usage      : 6.4 MB (before), 6.4 MB (after)
 ! Using sequential search.
 ! ----------------------------------------------------------------------------
 !          Best Branches  Non-fixed            Branch decision
                        0       5515                 -
 + New bound is 0
                        2          2        F     1  = _int5512
 + New bound is 1
 *           888     2642  0.16s               (gap is 99.89%)
             888    10000          1              0  = _int62
             888    20000          1              1  = _int1630
 *           258    28830  1.46s               (gap is 99.61%)
             258    28832          1        F     1  = _int5512
 + New bound is 130 (gap is 49.61%)
             258    28834          1        F     1  = _int5512
 + New bound is 195 (gap is 24.42%)
             258    28836          1        F     1  = _int5512
 + New bound is 228 (gap is 11.63%)
             258    28838          1        F     1  = _int5512
 + New bound is 244 (gap is 5.43%)
             258    28840          1        F     1  = _int5512
 + New bound is 252 (gap is 2.33%)
             258    28842          1        F     1  = _int5512
 + New bound is 256 (gap is 0.78%)
             258    28844          1        F     1  = _int5512
 + New bound is 258 (gap is 0%)
 ! ----------------------------------------------------------------------------
 ! Search completed, 2 solutions found.
 ! Best objective         : 258 (optimal - effective tol. is 0)
 ! Best bound             : 258
 ! Number of branches     : 28844
 ! Number of fails        : 21
 ! Total memory usage     : 37.9 MB (32.8 MB CP Optimizer + 5.1 MB Concert)
 ! Time spent in solve    : 1.50s (1.50s engine + 0.00s extraction)
 ! Search speed (br. / s) : 19102.0
 ! ----------------------------------------------------------------------------
solve:1
Flips: 258
Log Likelihood: -nan
