reading  from file input/AML-77-001_input.csv
rows: 5907
cols: 8
input zeros:11627
input ones:32322
input missing:3307
total fp flips allowed:118
adding objective
 ! ----------------------------------------------------------------------------
 ! Minimization problem - 47265 variables, 376677 constraints, 1 phase
 ! Presolve      : 2 extractables eliminated
 ! TimeLimit            = 900
 ! Workers              = 1
 ! LogPeriod            = 10000
 ! Initial process time : 5.51s (5.48s extraction + 0.03s propagation)
 !  . Log search space  : 43979.9 (before), 43979.9 (after)
 !  . Memory usage      : 220.7 MB (before), 220.7 MB (after)
 ! Using sequential search.
 ! ----------------------------------------------------------------------------
 !          Best Branches  Non-fixed            Branch decision
 ! ----------------------------------------------------------------------------
 ! Minimization problem - 47265 variables, 376677 constraints, 1 phase
 ! Presolve      : 2 extractables eliminated
 ! TimeLimit            = 900
 ! Workers              = 1
 ! LogPeriod            = 10000
 ! Initial process time : 0.24s (0.20s extraction + 0.03s propagation)
 !  . Log search space  : 43979.9 (before), 43979.9 (after)
 !  . Memory usage      : 220.7 MB (before), 220.7 MB (after)
 ! Using sequential search.
 ! ----------------------------------------------------------------------------
 !          Best Branches  Non-fixed            Branch decision
                        0      47265                 -
 + New bound is 0
                      122      32215        F     7  = _int47257
 + New bound is 1
 *         10352     1138  3.66s               (gap is 99.99%)
 *          8116     7478  5.58s               (gap is 99.99%)
            8116    10000          1              0  = _int26312
            8116    20000          1              1  = _int43125
            8116    30000          1              1  = _int15390
            8116    40000          1              1  = _int44496
            8116    50000      19723        F     0  = _int17233
            8116    60000      19477              1  = _int40455
            8116    70000      13728              1  = _int39910
            8116    80000      16290              1  = _int46216
            8116    90000          1              1  = _int17288
            8116     100k        843              0  = _int17049
 *          4030     107k  160.45s             (gap is 99.98%)
 *          4029     108k  174.13s             (gap is 99.98%)
            4029     110k          1              1  = _int30762
            4029     120k       4916              0  = _int28888
 *          3819     124k  209.23s             (gap is 99.97%)
            3819     130k          1              1  = _int41787
 ! Time = 239.58s, Average fail depth = 893, Memory usage = 708.3 MB
 ! Current bound is 1 (gap is 99.97%)
 !          Best Branches  Non-fixed            Branch decision
            3819     140k      21864        F     0  = _int12826
            3819     150k      23109              1  = _int27368
            3819     160k      20564              1  = _int30165
            3819     170k       4039              0  = _int20032
 *          3815     173k  376.52s             (gap is 99.97%)
            3815     180k          1              0  = _int13720
 *          2883     184k  387.73s             (gap is 99.97%)
            2883     190k          1              0  = _int42448
 *          2881     191k  395.31s             (gap is 99.97%)
 *          2880     195k  412.11s             (gap is 99.97%)
 *          2879     195k  414.18s             (gap is 99.97%)
            2879     200k          1              0  = _int37424
 *          2865     206k  447.06s             (gap is 99.97%)
            2865     210k          1        F     0  = _int9002
            2865     220k       2056              0  = _int44616
 *          2864     221k  502.75s             (gap is 99.97%)
            2864     230k         32              0  = _int7053
            2864     240k       8066              0  = _int15761
 *          2658     247k  574.28s             (gap is 99.96%)
            2658     250k          1              1  = _int38542
 ! Time = 590.56s, Average fail depth = 709, Memory usage = 711.4 MB
 ! Current bound is 1 (gap is 99.96%)
 !          Best Branches  Non-fixed            Branch decision
            2658     260k      30556              1  = _int7028
            2658     270k       1666              0  = _int18345
 *          2534     271k  667.81s             (gap is 99.96%)
            2534     280k          1              1  = _int6183
            2534     290k      24886              1  = _int5365
            2534     300k       6786              0  = _int36056
 *          2524     306k  811.29s             (gap is 99.96%)
            2524     310k          1              1  = _int4022
            2524     320k      22327              0  = _int8459
 ! ----------------------------------------------------------------------------
 ! Search terminated by limit, 15 solutions found.
 ! Best objective         : 2524 (gap is 99.96%)
 ! Best bound             : 1
 ! Number of branches     : 324233
 ! Number of fails        : 21537
 ! Total memory usage     : 818.0 MB (712.1 MB CP Optimizer + 105.8 MB Concert)
 ! Time spent in solve    : 900.10s (899.90s engine + 0.20s extraction)
 ! Search speed (br. / s) : 360.3
 ! ----------------------------------------------------------------------------
solve:1
Flips: 2524
Log Likelihood: -9728.58
