reading  from file input/AML-97-001_input.csv
rows: 6013
cols: 3
input zeros:3659
input ones:14159
input missing:221
total fp flips allowed:4
adding objective
 ! ----------------------------------------------------------------------------
 ! Minimization problem - 18043 variables, 71069 constraints, 1 phase
 ! Presolve      : 2 extractables eliminated
 ! TimeLimit            = 900
 ! Workers              = 1
 ! LogPeriod            = 10000
 ! Initial process time : 0.91s (0.90s extraction + 0.00s propagation)
 !  . Log search space  : 17825.1 (before), 17825.1 (after)
 !  . Memory usage      : 32.6 MB (before), 32.6 MB (after)
 ! Using sequential search.
 ! ----------------------------------------------------------------------------
 !          Best Branches  Non-fixed            Branch decision
 ! ----------------------------------------------------------------------------
 ! Minimization problem - 18043 variables, 71069 constraints, 1 phase
 ! Presolve      : 2 extractables eliminated
 ! TimeLimit            = 900
 ! Workers              = 1
 ! LogPeriod            = 10000
 ! Initial process time : 0.05s (0.03s extraction + 0.01s propagation)
 !  . Log search space  : 17825.1 (before), 17825.1 (after)
 !  . Memory usage      : 32.6 MB (before), 32.6 MB (after)
 ! Using sequential search.
 ! ----------------------------------------------------------------------------
 !          Best Branches  Non-fixed            Branch decision
                        0      18043                 -
 + New bound is 0
                        6      14162        F     2  = _int18039
 + New bound is 1
 *          2058     1144  0.39s               (gap is 99.95%)
 *          1774     6153  0.89s               (gap is 99.94%)
 *          1721     7523  0.96s               (gap is 99.94%)
            1721    10000          1              1  = _int7181
            1721    20000          1              1  = _int10900
 *           861    23917  4.40s               (gap is 99.88%)
             861    30000          1              1  = _int2802
             861    40000      14317              1  = _int1982
 *           860    46256  37.47s              (gap is 99.88%)
 *           859    46938  39.22s              (gap is 99.88%)
             859    50000      13016              1  = _int15330
 *           858    54933  52.52s              (gap is 99.88%)
 *           857    55451  52.64s              (gap is 99.88%)
 *           856    55969  52.74s              (gap is 99.88%)
 *           855    57344  54.58s              (gap is 99.88%)
 *           760    59976  55.78s              (gap is 99.87%)
             760    60000          1        F     0  = _int9786
 *           759    64134  66.00s              (gap is 99.87%)
 ! Time = 66.00s, Average fail depth = 322, Memory usage = 143.5 MB
 ! Current bound is 1 (gap is 99.87%)
 !          Best Branches  Non-fixed            Branch decision
 *           758    66775  68.00s              (gap is 99.87%)
 *           757    69459  69.71s              (gap is 99.87%)
             757    70000       2774              1  = _int12623
 *           756    75954  75.72s              (gap is 99.87%)
 *           744    78542  76.46s              (gap is 99.87%)
             744    80000          1        F     0  = _int11092
             744    90000      16076              1  = _int7459
             744     100k      13785              1  = _int10896
             744     110k       3250              1  = _int2003
 *           743     116k  122.83s             (gap is 99.87%)
 *           742     118k  123.41s             (gap is 99.87%)
             742     120k          4              1  = _int10133
             742     130k       2784              0  = _int11912
 *           741     136k  141.51s             (gap is 99.87%)
             741     140k      12705              1  = _int12876
             741     150k       2768              1  = _int15317
             741     160k       3727              1  = _int12592
             741     170k       3790              1  = _int12625
             741     180k      10417              1  = _int17217
             741     190k       2533              1  = _int2723
 ! Time = 196.77s, Average fail depth = 516, Memory usage = 145.0 MB
 ! Current bound is 1 (gap is 99.87%)
 !          Best Branches  Non-fixed            Branch decision
             741     200k       3776              1  = _int4013
             741     210k       4463              0  = _int801
             741     220k       8501              1  = _int593
             741     230k       2482              1  = _int16265
             741     240k      13374              0  = _int6494
             741     250k       9975              1  = _int764
             741     260k       2583              0  = _int13344
             741     270k       3725              1  = _int9233
             741     280k       3033              0  = _int4609
             741     290k      16237        F     0  = _int15897
             741     300k      10379              1  = _int7442
             741     310k       8630              1  = _int17028
             741     320k       4467              0  = _int13621
             741     330k       4172              1  = _int10145
             741     340k       2630              1  = _int16742
             741     350k       2582              1  = _int16325
             741     360k       9350              1  = _int16290
             741     370k       2558              0  = _int5183
             741     380k       4886              1  = _int203
             741     390k       2602              1  = _int7180
 ! Time = 399.83s, Average fail depth = 718, Memory usage = 145.0 MB
 ! Current bound is 1 (gap is 99.87%)
 !          Best Branches  Non-fixed            Branch decision
             741     400k       2228              1  = _int5741
             741     410k       9277              1  = _int12537
             741     420k       2526              1  = _int16519
             741     430k       2613              1  = _int9347
             741     440k       3934              1  = _int1103
             741     450k       2478              0  = _int12968
             741     460k      13631              1  = _int644
             741     470k      13441              0  = _int6675
             741     480k       4171              1  = _int7544
             741     490k       3915              0  = _int10899
             741     500k       2806              1  = _int11367
             741     510k       2316              1  = _int12782
             741     520k       2472              1  = _int1392
             741     530k       2501              1  = _int17841
             741     540k       4287              1  = _int6683
             741     550k       9687              1  = _int1718
             741     560k       2697              1  = _int13003
             741     570k       3952              1  = _int6581
             741     580k       2696              1  = _int15515
             741     590k       2583        F     0  = _int11995
 ! Time = 591.24s, Average fail depth = 857, Memory usage = 145.0 MB
 ! Current bound is 1 (gap is 99.87%)
 !          Best Branches  Non-fixed            Branch decision
             741     600k      15653              1  = _int3803
             741     610k       2639              0  = _int7928
             741     620k       2624              1  = _int13538
             741     630k       9563              1  = _int210
             741     640k       2761              1  = _int3180
             741     650k       3846              1  = _int15767
             741     660k       2724              1  = _int10774
             741     670k       4090              1  = _int12375
             741     680k       4608              1  = _int14041
             741     690k      13043              1  = _int15674
             741     700k       2539              1  = _int3528
             741     710k       3181              1  = _int13118
             741     720k       3769              1  = _int4557
             741     730k       3741              1  = _int12000
             741     740k       2638              1  = _int17307
             741     750k      16215              0  = _int2366
             741     760k       8830              1  = _int16890
             741     770k       3572              1  = _int9894
             741     780k       2819              1  = _int8047
             741     790k       2636              1  = _int4578
 ! Time = 786.43s, Average fail depth = 902, Memory usage = 145.0 MB
 ! Current bound is 1 (gap is 99.87%)
 !          Best Branches  Non-fixed            Branch decision
             741     800k      13612        F     0  = _int8803
             741     810k      13509              1  = _int3099
             741     820k      10601              1  = _int800
             741     830k       2904              1  = _int5803
             741     840k      10925              1  = _int5070
             741     850k       2879              1  = _int17454
             741     860k       2656        F     0  = _int730
             741     870k       8839              1  = _int16701
             741     880k       2673              1  = _int15587
             741     890k       3508              1  = _int4916
 ! ----------------------------------------------------------------------------
 ! Search terminated by limit, 19 solutions found.
 ! Best objective         : 741 (gap is 99.87%)
 ! Best bound             : 1
 ! Number of branches     : 892912
 ! Number of fails        : 72420
 ! Total memory usage     : 167.3 MB (145.0 MB CP Optimizer + 22.3 MB Concert)
 ! Time spent in solve    : 900.01s (899.98s engine + 0.03s extraction)
 ! Search speed (br. / s) : 992.1
 ! ----------------------------------------------------------------------------
solve:1
Flips: 741
Log Likelihood: -2991.13
