reading  from file input/AML-03-001_input.csv
rows: 8951
cols: 2
input zeros:3140
input ones:14443
input missing:319
total fp flips allowed:0
adding objective
 ! ----------------------------------------------------------------------------
 ! Minimization problem - 17905 variables, 52751 constraints, 1 phase
 ! Presolve      : 2 extractables eliminated
 ! TimeLimit            = 900
 ! Workers              = 1
 ! LogPeriod            = 10000
 ! Initial process time : 0.48s (0.48s extraction + 0.00s propagation)
 !  . Log search space  : 3142.0 (before), 3142.0 (after)
 !  . Memory usage      : 12.0 MB (before), 12.0 MB (after)
 ! Using sequential search.
 ! ----------------------------------------------------------------------------
 !          Best Branches  Non-fixed            Branch decision
 ! ----------------------------------------------------------------------------
 ! Minimization problem - 17905 variables, 52751 constraints, 1 phase
 ! Presolve      : 2 extractables eliminated
 ! TimeLimit            = 900
 ! Workers              = 1
 ! LogPeriod            = 10000
 ! Initial process time : 0.01s (0.01s extraction + 0.00s propagation)
 !  . Log search space  : 3142.0 (before), 3142.0 (after)
 !  . Memory usage      : 12.0 MB (before), 12.0 MB (after)
 ! Using sequential search.
 ! ----------------------------------------------------------------------------
 !          Best Branches  Non-fixed            Branch decision
                        0      17905                 -
 + New bound is 0
                        2          2        F     1  = _int17902
 + New bound is 1
 *          1832     1058  0.08s               (gap is 99.95%)
 *          1512     6160  0.33s               (gap is 99.93%)
 *           904     8918  0.43s               (gap is 99.89%)
             904    10000          1              1  = _int2454
             904    20000          1              0  = _int14735
 *           288    20063  0.77s               (gap is 99.65%)
             288    20065          1        F     1  = _int17902
 + New bound is 145 (gap is 49.65%)
             288    20067          1        F     1  = _int17902
 + New bound is 218 (gap is 24.31%)
             288    20069          1        F     1  = _int17902
 + New bound is 254 (gap is 11.81%)
             288    20071          1        F     1  = _int17902
 + New bound is 272 (gap is 5.56%)
             288    20073          1        F     1  = _int17902
 + New bound is 281 (gap is 2.43%)
 *           282    22699  0.91s               (gap is 0.35%)
             282    22701          1        F     1  = _int17902
 + New bound is 282 (gap is 0%)
 ! ----------------------------------------------------------------------------
 ! Search completed, 5 solutions found.
 ! Best objective         : 282 (optimal - effective tol. is 0)
 ! Best bound             : 282
 ! Number of branches     : 22701
 ! Number of fails        : 23
 ! Total memory usage     : 95.1 MB (76.2 MB CP Optimizer + 18.9 MB Concert)
 ! Time spent in solve    : 0.93s (0.91s engine + 0.01s extraction)
 ! Search speed (br. / s) : 24675.0
 ! ----------------------------------------------------------------------------
solve:1
Flips: 282
Log Likelihood: -nan
