reading  from file input/AML-20-001_input.csv
rows: 10050
cols: 3
input zeros:13857
input ones:15887
input missing:406
total fp flips allowed:0
adding objective
 ! ----------------------------------------------------------------------------
 ! Minimization problem - 30154 variables, 118592 constraints, 1 phase
 ! Presolve      : 2 extractables eliminated
 ! TimeLimit            = 900
 ! Workers              = 1
 ! LogPeriod            = 10000
 ! Initial process time : 2.30s (2.26s extraction + 0.03s propagation)
 !  . Log search space  : 13861.8 (before), 13861.8 (after)
 !  . Memory usage      : 40.0 MB (before), 40.0 MB (after)
 ! Using sequential search.
 ! ----------------------------------------------------------------------------
 !          Best Branches  Non-fixed            Branch decision
 ! ----------------------------------------------------------------------------
 ! Minimization problem - 30154 variables, 118592 constraints, 1 phase
 ! Presolve      : 2 extractables eliminated
 ! TimeLimit            = 900
 ! Workers              = 1
 ! LogPeriod            = 10000
 ! Initial process time : 0.09s (0.07s extraction + 0.02s propagation)
 !  . Log search space  : 13861.8 (before), 13861.8 (after)
 !  . Memory usage      : 40.0 MB (before), 40.0 MB (after)
 ! Using sequential search.
 ! ----------------------------------------------------------------------------
 !          Best Branches  Non-fixed            Branch decision
                        0      30154                 -
 + New bound is 0
                        4          3        F     2  = _int30150
 + New bound is 1
 *          7094     4412  1.01s               (gap is 99.99%)
            7094    10000          1              1  = _int10439
            7094    20000          1              0  = _int21485
 *          4035    29409  8.72s               (gap is 99.98%)
            4035    30000          1              0  = _int22689
 *          1868    37896  9.75s               (gap is 99.95%)
            1868    40000          1              1  = _int1099
            1868    50000          1              0  = _int9513
            1868    60000          1              1  = _int7802
 *          1836    69999  17.56s              (gap is 99.95%)
            1836    70000          1        F     0  = _int30150
            1836    70005      13859        F     2  = _int30150
 + New bound is 919 (gap is 49.95%)
            1836    70011      13859        F     2  = _int30150
 + New bound is 1379 (gap is 24.89%)
            1836    70017      13859        F     2  = _int30150
 + New bound is 1609 (gap is 12.36%)
 *          1713    78646  20.80s              (gap is 6.07%)
            1713    78652          1        F     2  = _int30150
 + New bound is 1662 (gap is 2.98%)
            1713    78658          1        F     2  = _int30150
 + New bound is 1689 (gap is 1.40%)
            1713    78666          1        F     1  = _int30150
 + New bound is 1702 (gap is 0.64%)
 ! Time = 21.03s, Average fail depth = 719, Memory usage = 187.4 MB
 ! Current bound is 1702 (gap is 0.64%)
 !          Best Branches  Non-fixed            Branch decision
            1713    78672          1        F     2  = _int30150
 + New bound is 1709 (gap is 0.23%)
            1713    78678          1        F     2  = _int30150
 + New bound is 1712 (gap is 0.058%)
            1713    80000          1              1  = _int30150
            1713    84911      12373        F     2  = _int30150
 + New bound is 1713 (gap is 0%)
 ! ----------------------------------------------------------------------------
 ! Search completed, 5 solutions found.
 ! Best objective         : 1713 (optimal - effective tol. is 0)
 ! Best bound             : 1713
 ! Number of branches     : 84911
 ! Number of fails        : 4161
 ! Total memory usage     : 225.5 MB (189.1 MB CP Optimizer + 36.4 MB Concert)
 ! Time spent in solve    : 76.76s (76.69s engine + 0.07s extraction)
 ! Search speed (br. / s) : 1107.2
 ! ----------------------------------------------------------------------------
solve:1
Flips: 1713
Log Likelihood: -nan
