reading  from file input/AML-100-001_input.csv
rows: 5696
cols: 7
input zeros:17901
input ones:19510
input missing:2461
total fp flips allowed:0
adding objective
 ! ----------------------------------------------------------------------------
 ! Minimization problem - 39880 variables, 287481 constraints, 1 phase
 ! Presolve      : 2 extractables eliminated
 ! TimeLimit            = 900
 ! Workers              = 1
 ! LogPeriod            = 10000
 ! Initial process time : 3.83s (3.80s extraction + 0.02s propagation)
 !  . Log search space  : 17920.7 (before), 17920.7 (after)
 !  . Memory usage      : 117.6 MB (before), 117.6 MB (after)
 ! Using sequential search.
 ! ----------------------------------------------------------------------------
 !          Best Branches  Non-fixed            Branch decision
 ! ----------------------------------------------------------------------------
 ! Minimization problem - 39880 variables, 287481 constraints, 1 phase
 ! Presolve      : 2 extractables eliminated
 ! TimeLimit            = 900
 ! Workers              = 1
 ! LogPeriod            = 10000
 ! Initial process time : 0.18s (0.16s extraction + 0.02s propagation)
 !  . Log search space  : 17920.7 (before), 17920.7 (after)
 !  . Memory usage      : 117.6 MB (before), 117.6 MB (after)
 ! Using sequential search.
 ! ----------------------------------------------------------------------------
 !          Best Branches  Non-fixed            Branch decision
                        0      39880                 -
 + New bound is 0
                       12          7        F     6  = _int39873
 + New bound is 1
 *         14491     2543  1.12s               (gap is 99.99%)
           14491    10000          1              1  = _int35805
 *         14119    11019  2.55s               (gap is 99.99%)
           14119    20000          1              0  = _int20475
 *          9954    21965  4.32s               (gap is 99.99%)
            9954    30000          1              0  = _int10400
            9954    40000          1              0  = _int13387
 *          4620    43330  10.21s              (gap is 99.98%)
            4620    50000          1              5 != _int39877
 *          4619    50826  111.84s             (gap is 99.98%)
 *          4618    50843  112.01s             (gap is 99.98%)
 *          4617    50883  112.30s             (gap is 99.98%)
 *          4596    59651  116.84s             (gap is 99.98%)
 *          4595    59679  117.14s             (gap is 99.98%)
            4595    60000          1              1  = _int39873
            4595    70000      13317              2 != _int39876
            4595    80000      13313        F     4  = _int39873
            4595    90000      13313              4  = _int39876
 ! Time = 617.13s, Average fail depth = 9, Memory usage = 441.8 MB
 ! Current bound is 1 (gap is 99.98%)
 !          Best Branches  Non-fixed            Branch decision
            4595     100k      13316              5 != _int39873
 ! ----------------------------------------------------------------------------
 ! Search terminated by limit, 9 solutions found.
 ! Best objective         : 4595 (gap is 99.98%)
 ! Best bound             : 1
 ! Number of branches     : 107580
 ! Number of fails        : 27702
 ! Total memory usage     : 517.9 MB (441.8 MB CP Optimizer + 76.1 MB Concert)
 ! Time spent in solve    : 900.09s (899.93s engine + 0.16s extraction)
 ! Search speed (br. / s) : 119.5
 ! ----------------------------------------------------------------------------
solve:1
Flips: 4595
Log Likelihood: -nan
