reading  from file input/AML-65-001_input.csv
rows: 7243
cols: 2
input zeros:4126
input ones:8280
input missing:2080
total fp flips allowed:5
adding objective
 ! ----------------------------------------------------------------------------
 ! Minimization problem - 14489 variables, 37234 constraints, 1 phase
 ! Presolve      : 2 extractables eliminated
 ! TimeLimit            = 900
 ! Workers              = 1
 ! LogPeriod            = 10000
 ! Initial process time : 0.41s (0.41s extraction + 0.00s propagation)
 !  . Log search space  : 12410.6 (before), 12410.6 (after)
 !  . Memory usage      : 13.4 MB (before), 13.4 MB (after)
 ! Using sequential search.
 ! ----------------------------------------------------------------------------
 !          Best Branches  Non-fixed            Branch decision
 ! ----------------------------------------------------------------------------
 ! Minimization problem - 14489 variables, 37234 constraints, 1 phase
 ! Presolve      : 2 extractables eliminated
 ! TimeLimit            = 900
 ! Workers              = 1
 ! LogPeriod            = 10000
 ! Initial process time : 0.02s (0.02s extraction + 0.00s propagation)
 !  . Log search space  : 12410.6 (before), 12410.6 (after)
 !  . Memory usage      : 13.4 MB (before), 13.4 MB (after)
 ! Using sequential search.
 ! ----------------------------------------------------------------------------
 !          Best Branches  Non-fixed            Branch decision
                        0      14489                 -
 + New bound is 0
                        2       8283        F     1  = _int14486
 + New bound is 1
 *           180     3466  0.37s               (gap is 99.44%)
             180    10000          1              0  = _int10681
             180    20000          1              1  = _int12106
             180    30000          1              0  = _int11900
             180    40000          1              1  = _int7668
             180    50000       8570              1  = _int1952
 *           177    57746  26.23s              (gap is 99.44%)
             177    60000          1              0  = _int1532
             177    70000       8843              1  = _int9797
             177    80000       5608              1  = _int8686
             177    90000       3390              1  = _int10412
             177     100k       3373              1  = _int9002
             177     110k       2938              1  = _int3897
             177     120k       3121        F     1  = _int4709
             177     130k       2983              1  = _int7384
             177     140k       2826              0  = _int6599
             177     150k       2831              0  = _int386
             177     160k       9083              0  = _int9366
 ! Time = 91.31s, Average fail depth = 999, Memory usage = 78.3 MB
 ! Current bound is 1 (gap is 99.44%)
 !          Best Branches  Non-fixed            Branch decision
             177     170k       9069              1  = _int9169
             177     180k       3293              0  = _int12065
             177     190k       3086              1  = _int873
             177     200k       3093              1  = _int9289
             177     210k       2956              1  = _int6528
             177     220k       2932              0  = _int12410
 *           176     220k  123.98s             (gap is 99.43%)
 *           175     220k  124.01s             (gap is 99.43%)
             175     230k       3070              0  = _int6347
             175     240k       2971              0  = _int7680
             175     250k       3010              0  = _int3727
             175     260k       2937              1  = _int4003
             175     270k       3062              0  = _int10151
             175     280k       9335              0  = _int11405
             175     290k       9330              1  = _int5086
             175     300k       3029              1  = _int12574
             175     310k       2962              1  = _int3368
             175     320k       2963              1  = _int148
             175     330k       2970              1  = _int5863
             175     340k       2986              1  = _int13880
 ! Time = 197.71s, Average fail depth = 1281, Memory usage = 78.5 MB
 ! Current bound is 1 (gap is 99.43%)
 !          Best Branches  Non-fixed            Branch decision
             175     350k       2915              1  = _int5839
             175     360k       3097              0  = _int1873
             175     370k       4866              1  = _int4270
             175     380k       3108              1  = _int11965
             175     390k       2667              1  = _int7900
             175     400k       2785              0  = _int8008
             175     410k       8934              0  = _int6457
             175     420k       3008              1  = _int8056
             175     430k       9727        F     0  = _int7940
             175     440k       2749              1  = _int13145
             175     450k       2879              0  = _int9618
             175     460k       2749              1  = _int5031
             175     470k       2544        F     0  = _int4903
             175     480k       3676              0  = _int12364
             175     490k       2664              1  = _int9943
             175     500k       2876              1  = _int13388
             175     510k       2485              0  = _int6633
             175     520k       2372              0  = _int5901
             175     530k       2755        F     1  = _int12872
             175     540k       2274              1  = _int6781
 ! Time = 317.12s, Average fail depth = 1370, Memory usage = 78.5 MB
 ! Current bound is 1 (gap is 99.43%)
 !          Best Branches  Non-fixed            Branch decision
             175     550k       6185              1  = _int12561
             175     560k       2248              0  = _int8343
             175     570k       2834              1  = _int13005
             175     580k       2539              1  = _int10829
             175     590k       2648              1  = _int4174
             175     600k       2777              0  = _int5622
             175     610k       2784              1  = _int11980
             175     620k       2602              0  = _int10370
             175     630k       2756              0  = _int2560
             175     640k       2653              0  = _int1530
             175     650k       2782              0  = _int14123
             175     660k       2678              1  = _int1876
             175     670k      10305              0  = _int4535
             175     680k      10301              0  = _int73
             175     690k       2724              1  = _int14101
             175     700k       2645              0  = _int3399
             175     710k       2416              1  = _int12167
             175     720k       2339              0  = _int3858
             175     730k       2579              1  = _int1627
             175     740k       2631              1  = _int2514
 ! Time = 433.35s, Average fail depth = 1425, Memory usage = 78.5 MB
 ! Current bound is 1 (gap is 99.43%)
 !          Best Branches  Non-fixed            Branch decision
             175     750k       2302              0  = _int2425
             175     760k       5139              1  = _int8010
             175     770k       2295              1  = _int13710
             175     780k       2504              0  = _int9624
             175     790k       2624              0  = _int2270
             175     800k       4129              1  = _int8024
             175     810k       2277              0  = _int13091
             175     820k       2723              1  = _int2806
             175     830k       2732              1  = _int5998
             175     840k       2400        F     0  = _int8034
             175     850k       3728              0  = _int3746
             175     860k       2710              1  = _int9092
             175     870k       2631              1  = _int8618
             175     880k       2645              1  = _int9168
             175     890k       6192              1  = _int1586
             175     900k       2829              1  = _int3126
             175     910k       2868              1  = _int4063
             175     920k       2687              1  = _int12704
             175     930k       8432              0  = _int11657
             175     940k       3063              1  = _int3904
 ! Time = 554.52s, Average fail depth = 1411, Memory usage = 78.5 MB
 ! Current bound is 1 (gap is 99.43%)
 !          Best Branches  Non-fixed            Branch decision
             175     950k       2894              1  = _int2414
             175     960k       2869              1  = _int2660
             175     970k       2723              1  = _int6158
             175     980k       2889              0  = _int10811
             175     990k       7049              1  = _int658
             175    1000k       2912              1  = _int11566
             175    1010k       2867        F     0  = _int14180
             175    1020k       2778              1  = _int6315
             175    1030k       2877              1  = _int6941
             175    1040k       2795              0  = _int5648
             175    1050k      10501              1  = _int5100
             175    1060k       2922              0  = _int7047
             175    1070k       2924              1  = _int9379
             175    1080k       2836              1  = _int10248
             175    1090k       2864              0  = _int2564
             175    1100k       2892              1  = _int10696
             175    1110k       2915              1  = _int12593
             175    1120k       2757              0  = _int67
             175    1130k       8298        F     0  = _int8528
             175    1140k       2899              1  = _int10142
 ! Time = 668.34s, Average fail depth = 1427, Memory usage = 78.5 MB
 ! Current bound is 1 (gap is 99.43%)
 !          Best Branches  Non-fixed            Branch decision
             175    1150k       8323              0  = _int8738
             175    1160k       7862              1  = _int11193
             175    1170k       2988              1  = _int11514
             175    1180k       2779              0  = _int4870
             175    1190k       2967              1  = _int7042
             175    1200k      10616              1  = _int13435
             175    1210k       2793              1  = _int14370
             175    1220k       3060              1  = _int6281
             175    1230k       2829              1  = _int194
             175    1240k       3033              1  = _int3479
             175    1250k       2873              1  = _int4655
             175    1260k       2974              1  = _int6658
             175    1270k       2783              1  = _int6276
             175    1280k       2379              1  = _int2086
             175    1290k       2929              1  = _int1398
             175    1300k       2603              1  = _int8850
             175    1310k       2991              1  = _int1160
             175    1320k       2728              1  = _int8862
             175    1330k       2830              1  = _int4360
             175    1340k       6841              1  = _int13550
 ! Time = 793.37s, Average fail depth = 1392, Memory usage = 78.5 MB
 ! Current bound is 1 (gap is 99.43%)
 !          Best Branches  Non-fixed            Branch decision
             175    1350k       3023              1  = _int5313
             175    1360k       2919              1  = _int6124
             175    1370k       2923              0  = _int3651
             175    1380k       9270              1  = _int2815
             175    1390k       3035              1  = _int3360
             175    1400k       2968              0  = _int275
             175    1410k       7857              1  = _int1368
             175    1420k       2974              1  = _int13681
             175    1430k       2965              0  = _int10851
             175    1440k       8231        F     0  = _int14261
             175    1450k       4524              1  = _int8660
             175    1460k       3033        F     0  = _int3284
             175    1470k       8207              1  = _int2516
             175    1480k       3062              0  = _int3320
 ! ----------------------------------------------------------------------------
 ! Search terminated by limit, 4 solutions found.
 ! Best objective         : 175 (gap is 99.43%)
 ! Best bound             : 1
 ! Number of branches     : 1480281
 ! Number of fails        : 91912
 ! Total memory usage     : 91.3 MB (78.5 MB CP Optimizer + 12.8 MB Concert)
 ! Time spent in solve    : 900.00s (899.98s engine + 0.02s extraction)
 ! Search speed (br. / s) : 1644.8
 ! ----------------------------------------------------------------------------
solve:1
Flips: 175
Log Likelihood: -1042.86
