reading  from file input/AML-76-001_input.csv
rows: 8033
cols: 8
input zeros:43363
input ones:20730
input missing:171
total fp flips allowed:439
adding objective
 ! ----------------------------------------------------------------------------
 ! Minimization problem - 64273 variables, 575939 constraints, 1 phase
 ! Presolve      : 2 extractables eliminated
 ! TimeLimit            = 900
 ! Workers              = 1
 ! LogPeriod            = 10000
 ! Initial process time : 7.75s (7.68s extraction + 0.06s propagation)
 !  . Log search space  : 64125.8 (before), 64125.8 (after)
 !  . Memory usage      : 350.2 MB (before), 350.2 MB (after)
 ! Using sequential search.
 ! ----------------------------------------------------------------------------
 !          Best Branches  Non-fixed            Branch decision
 ! ----------------------------------------------------------------------------
 ! Minimization problem - 64273 variables, 575939 constraints, 1 phase
 ! Presolve      : 2 extractables eliminated
 ! TimeLimit            = 900
 ! Workers              = 1
 ! LogPeriod            = 10000
 ! Initial process time : 0.38s (0.33s extraction + 0.04s propagation)
 !  . Log search space  : 64125.8 (before), 64125.8 (after)
 !  . Memory usage      : 350.2 MB (before), 350.2 MB (after)
 ! Using sequential search.
 ! ----------------------------------------------------------------------------
 !          Best Branches  Non-fixed            Branch decision
                        0      64273                 -
 + New bound is 0
                       86      20302        F     7  = _int64271
 + New bound is 1
 *         34030     4072  7.16s               (gap is 100.00%)
           34030    10000          1              0  = _int44504
           34030    20000        104              0  = _int5546
 *         32203    20099  24.29s              (gap is 100.00%)
           32203    30000          1              0  = _int58770
           32203    40000          1              1  = _int57298
           32203    50000       3510              1  = _int61773
           32203    60000          1              0  = _int28829
 *         18579    66423  66.86s              (gap is 99.99%)
           18579    70000          1              1  = _int57868
           18579    80000          1              0  = _int15316
           18579    90000          1              0  = _int17777
           18579     100k       2021              0  = _int18994
 *         18366     101k  100.52s             (gap is 99.99%)
           18366     110k          1              1  = _int4337
           18366     120k      26458              0  = _int44598
 *         16071     122k  248.65s             (gap is 99.99%)
           16071     130k      20692              0  = _int51822
 ! Time = 306.17s, Average fail depth = 934, Memory usage = 1.1 GB
 ! Current bound is 1 (gap is 99.99%)
 !          Best Branches  Non-fixed            Branch decision
           16071     140k       6216              0  = _int59666
 *         11767     144k  330.56s             (gap is 99.99%)
           11767     150k          1              0  = _int213
           11767     160k      51934              1  = _int47219
           11767     170k      45826              0  = _int22439
           11767     180k      45818              0  = _int1802
           11767     190k      46501              1  = _int6811
 *         11766     192k  730.33s             (gap is 99.99%)
 *         11765     192k  736.57s             (gap is 99.99%)
           11765     200k      18196              0  = _int28517
           11765     210k        819              0  = _int6250
 *         11635     210k  798.97s             (gap is 99.99%)
 *         11634     213k  828.75s             (gap is 99.99%)
 *         11633     214k  840.47s             (gap is 99.99%)
           11633     220k          1              0  = _int38034
 ! ----------------------------------------------------------------------------
 ! Search terminated by limit, 11 solutions found.
 ! Best objective         : 11633 (gap is 99.99%)
 ! Best bound             : 1
 ! Number of branches     : 225493
 ! Number of fails        : 8094
 ! Total memory usage     : 1.2 GB (1.1 GB CP Optimizer + 0.1 GB Concert)
 ! Time spent in solve    : 900.21s (899.87s engine + 0.33s extraction)
 ! Search speed (br. / s) : 250.6
 ! ----------------------------------------------------------------------------
solve:1
Flips: 11633
Log Likelihood: -36324.5
