reading  from file input/AML-86-001_input.csv
rows: 7036
cols: 3
input zeros:11297
input ones:8939
input missing:872
total fp flips allowed:0
adding objective
 ! ----------------------------------------------------------------------------
 ! Minimization problem - 21112 variables, 80202 constraints, 1 phase
 ! Presolve      : 2 extractables eliminated
 ! TimeLimit            = 900
 ! Workers              = 1
 ! LogPeriod            = 10000
 ! Initial process time : 0.91s (0.91s extraction + 0.00s propagation)
 !  . Log search space  : 11301.8 (before), 11301.8 (after)
 !  . Memory usage      : 28.7 MB (before), 28.7 MB (after)
 ! Using sequential search.
 ! ----------------------------------------------------------------------------
 !          Best Branches  Non-fixed            Branch decision
 ! ----------------------------------------------------------------------------
 ! Minimization problem - 21112 variables, 80202 constraints, 1 phase
 ! Presolve      : 2 extractables eliminated
 ! TimeLimit            = 900
 ! Workers              = 1
 ! LogPeriod            = 10000
 ! Initial process time : 0.05s (0.05s extraction + 0.00s propagation)
 !  . Log search space  : 11301.8 (before), 11301.8 (after)
 !  . Memory usage      : 28.7 MB (before), 28.7 MB (after)
 ! Using sequential search.
 ! ----------------------------------------------------------------------------
 !          Best Branches  Non-fixed            Branch decision
                        0      21112                 -
 + New bound is 0
                        4          3        F     2  = _int21108
 + New bound is 1
 *          4898     4414  0.76s               (gap is 99.98%)
            4898    10000          1              1  = _int1394
            4898    20000          1              0  = _int11148
            4898    30000          1              0  = _int11531
 *          2038    34170  4.80s               (gap is 99.95%)
            2038    40000          1              1  = _int1637
            2038    49793          1        F     2  = _int21108
 + New bound is 1020 (gap is 49.95%)
            2038    49801          1        F     2  = _int21108
 + New bound is 1530 (gap is 24.93%)
            2038    50000          1              0  = _int9689
 *          1595    57317  8.77s               (gap is 4.08%)
            1595    57325          1        F     2  = _int21109
 + New bound is 1563 (gap is 2.01%)
            1595    57333          1        F     2  = _int21108
 + New bound is 1580 (gap is 0.94%)
            1595    57341          1        F     2  = _int21109
 + New bound is 1589 (gap is 0.38%)
            1595    57349          1        F     2  = _int21108
 + New bound is 1593 (gap is 0.13%)
            1595    57357          1        F     2  = _int21109
 + New bound is 1595 (gap is 0%)
 ! ----------------------------------------------------------------------------
 ! Search completed, 3 solutions found.
 ! Best objective         : 1595 (optimal - effective tol. is 0)
 ! Best bound             : 1595
 ! Number of branches     : 57357
 ! Number of fails        : 43
 ! Total memory usage     : 155.6 MB (132.0 MB CP Optimizer + 23.6 MB Concert)
 ! Time spent in solve    : 9.14s (9.08s engine + 0.05s extraction)
 ! Search speed (br. / s) : 6309.9
 ! ----------------------------------------------------------------------------
solve:1
Flips: 1595
Log Likelihood: -nan
