reading  from file input/AML-116-001_input.csv
rows: 1669
cols: 3
input zeros:3378
input ones:1421
input missing:208
total fp flips allowed:4
adding objective
 ! ----------------------------------------------------------------------------
 ! Minimization problem - 5011 variables, 19000 constraints, 1 phase
 ! Presolve      : 2 extractables eliminated
 ! TimeLimit            = 900
 ! Workers              = 1
 ! LogPeriod            = 10000
 ! Initial process time : 0.16s (0.16s extraction + 0.00s propagation)
 !  . Log search space  : 4806.1 (before), 4806.1 (after)
 !  . Memory usage      : 9.2 MB (before), 9.2 MB (after)
 ! Using sequential search.
 ! ----------------------------------------------------------------------------
 !          Best Branches  Non-fixed            Branch decision
 ! ----------------------------------------------------------------------------
 ! Minimization problem - 5011 variables, 19000 constraints, 1 phase
 ! Presolve      : 2 extractables eliminated
 ! TimeLimit            = 900
 ! Workers              = 1
 ! LogPeriod            = 10000
 ! Initial process time : 0.00s (0.00s extraction + 0.00s propagation)
 !  . Log search space  : 4806.1 (before), 4806.1 (after)
 !  . Memory usage      : 9.2 MB (before), 9.2 MB (after)
 ! Using sequential search.
 ! ----------------------------------------------------------------------------
 !          Best Branches  Non-fixed            Branch decision
                        0       5011                 -
 + New bound is 0
                        6       1424        F     2  = _int5007
 + New bound is 1
 *           341     1959  0.16s               (gap is 99.71%)
             341    10000          1              0  = _int1896
 *           299    10079  0.55s               (gap is 99.67%)
             299    20000          1              0  = _int1820
 *           150    28863  2.52s               (gap is 99.33%)
             150    30000          1              0  = _int839
 *            80    36548  4.10s               (gap is 98.75%)
              80    40000          1              0  = _int87
              80    50000       1486              0  = _int4027
 *            78    53649  7.50s               (gap is 98.72%)
              78    60000       1437              1  = _int1081
 *            74    63827  9.69s               (gap is 98.65%)
              74    70000       1966              0  = _int97
 *            70    74208  11.96s              (gap is 98.57%)
              70    80000       1869              0  = _int4876
 *            62    81190  13.82s              (gap is 98.39%)
              62    90000       1922              1  = _int101
              62     100k       1439              1  = _int3182
 ! Time = 18.22s, Average fail depth = 345, Memory usage = 39.0 MB
 ! Current bound is 1 (gap is 98.39%)
 !          Best Branches  Non-fixed            Branch decision
              62     110k       1435              0  = _int2160
              62     120k       1419              1  = _int2843
              62     130k       1487              1  = _int942
              62     140k       1486              1  = _int3460
 *            61     144k  27.08s              (gap is 98.36%)
              61     150k       1529              0  = _int3583
              61     160k       1580              1  = _int1048
              61     170k       1587              1  = _int223
              61     180k       1682              0  = _int611
              61     190k       1696              0  = _int3078
 *            60     195k  36.06s              (gap is 98.33%)
              60     200k       1712        F     1  = _int3592
              60     210k       2455        F     0  = _int2463
              60     220k       1793              1  = _int2265
              60     230k       2920              0  = _int4247
              60     240k       1823        F     0  = _int912
              60     250k       1877              0  = _int4045
              60     260k       1872        F     0  = _int35
              60     270k       1937        F     0  = _int4969
              60     280k       2013              0  = _int2644
 ! Time = 51.48s, Average fail depth = 319, Memory usage = 39.0 MB
 ! Current bound is 1 (gap is 98.33%)
 !          Best Branches  Non-fixed            Branch decision
              60     290k       3107              1  = _int2288
              60     300k       2033              1  = _int1008
              60     310k       2048              0  = _int1511
              60     320k       2063              0  = _int604
              60     330k       2072              0  = _int4405
              60     340k       2020              1  = _int1188
              60     350k       2225              0  = _int1020
              60     360k       2079        F     0  = _int1740
              60     370k       2078              1  = _int1579
              60     380k       2089              0  = _int2250
              60     390k       3606              0  = _int4670
              60     400k       2107              1  = _int4087
              60     410k       2159              1  = _int2976
              60     420k       2200              1  = _int2088
              60     430k       2144        F     0  = _int912
              60     440k       2033              0  = _int4550
              60     450k       2182        F     0  = _int1057
              60     460k       2238              0  = _int2349
              60     470k       2247              1  = _int4207
              60     480k       2235              0  = _int2698
 ! Time = 85.10s, Average fail depth = 292, Memory usage = 39.0 MB
 ! Current bound is 1 (gap is 98.33%)
 !          Best Branches  Non-fixed            Branch decision
              60     490k       2238              0  = _int3160
              60     500k       3106              0  = _int180
              60     510k       2236        F     0  = _int4897
              60     520k       2238              0  = _int633
              60     530k       2247              0  = _int3549
              60     540k       2244        F     0  = _int2170
              60     550k       2243        F     0  = _int2814
              60     560k       2199              0  = _int347
              60     570k       2135              0  = _int1945
              60     580k       2245        F     1  = _int2539
              60     590k       2214        F     0  = _int1464
              60     600k       2046              1  = _int3636
              60     610k       2140              1  = _int1675
              60     620k       2277              1  = _int4051
              60     630k       2275        F     0  = _int1750
              60     640k       2252              1  = _int4452
              60     650k       2162              0  = _int1131
              60     660k       2264              0  = _int4514
              60     670k       2300              0  = _int1589
              60     680k       2327        F     0  = _int1081
 ! Time = 120.46s, Average fail depth = 293, Memory usage = 39.0 MB
 ! Current bound is 1 (gap is 98.33%)
 !          Best Branches  Non-fixed            Branch decision
              60     690k       2194              0  = _int3279
              60     700k       2352        F     0  = _int3613
              60     710k       2352        F     0  = _int3472
              60     720k       2257              0  = _int4486
              60     730k       2316        F     0  = _int4611
              60     740k       2223              1  = _int823
              60     750k       2781              0  = _int1688
              60     760k       2340        F     0  = _int4005
              60     770k       2330              1  = _int2814
              60     780k       2938        F     1  = _int943
              60     790k       2447              1  = _int4450
              60     800k       2998              0  = _int3541
              60     810k       2195                 -
              60     820k          3              1  = _int74
              60     830k       2515              0  = _int4983
              60     840k          1              0  = _int4360
              60     850k          1              1  = _int4594
              60     860k       2297              0  = _int839
              60     870k       2603              0  = _int3545
              60     880k       2626        F     0  = _int2814
 ! Time = 170.60s, Average fail depth = 350, Memory usage = 41.0 MB
 ! Current bound is 1 (gap is 98.33%)
 !          Best Branches  Non-fixed            Branch decision
              60     890k       2357        F     0  = _int3054
              60     900k       2565              1  = _int3200
              60     910k       2372              0  = _int4568
              60     920k       2683        F     0  = _int4068
              60     930k       2702              0  = _int3764
              60     940k       2701              1  = _int19
              60     950k       2708              0  = _int3366
              60     960k       2790              0  = _int4059
              60     970k       2417              1  = _int1371
              60     980k       2337              0  = _int2127
              60     990k       2610              0  = _int4255
              60    1000k       2611        F     0  = _int1644
              60    1010k       2795              1  = _int1848
              60    1020k       2481              1  = _int3802
              60    1030k       2778              0  = _int1179
              60    1040k       2442              0  = _int864
              60    1050k       2884              0  = _int2375
              60    1060k       2910        F     1  = _int4401
              60    1070k       2988              0  = _int3598
              60    1080k       2538              1  = _int4235
 ! Time = 209.81s, Average fail depth = 331, Memory usage = 41.0 MB
 ! Current bound is 1 (gap is 98.33%)
 !          Best Branches  Non-fixed            Branch decision
              60    1090k       2958              0  = _int3173
              60    1100k       2547        F     1  = _int4504
              60    1110k       2559              0  = _int4663
              60    1120k       2590              1  = _int3198
              60    1130k       2946              0  = _int3160
              60    1140k       2623        F     0  = _int513
              60    1150k       2639              0  = _int3453
              60    1160k       2936              0  = _int4849
              60    1170k       2559              0  = _int3765
              60    1180k       2555              1  = _int4690
              60    1190k       2551              1  = _int4896
              60    1200k       2917              0  = _int4049
              60    1210k       2676              1  = _int1008
              60    1220k       3000        F     0  = _int1916
              60    1230k       2713        F     0  = _int2329
              60    1240k       2531              0  = _int4892
              60    1250k       2711              0  = _int573
              60    1260k       2665              1  = _int2276
              60    1270k       2810              1  = _int4816
              60    1280k       2931              0  = _int699
 ! Time = 248.17s, Average fail depth = 319, Memory usage = 41.0 MB
 ! Current bound is 1 (gap is 98.33%)
 !          Best Branches  Non-fixed            Branch decision
              60    1290k       2564              0  = _int3383
              60    1300k       2574              1  = _int473
              60    1310k       2565        F     0  = _int257
              60    1320k       2744              1  = _int1910
              60    1330k       2755              0  = _int465
              60    1340k       2634              1  = _int765
              60    1350k       2844        F     1  = _int2947
              60    1360k       2889        F     0  = _int4317
              60    1370k       4056              0  = _int699
              60    1380k       2775              1  = _int4941
              60    1390k       4625        F     0  = _int4998
              60    1400k       2721              0  = _int1965
              60    1410k       2799              1  = _int2106
              60    1420k       4281              1  = _int1731
              60    1430k       2755              1  = _int1973
              60    1440k       2823              1  = _int922
              60    1450k       2054              0  = _int3279
              60    1460k          1              0  = _int1549
              60    1470k          1              0  = _int379
              60    1480k          1              0  = _int3100
 ! Time = 311.81s, Average fail depth = 333, Memory usage = 41.4 MB
 ! Current bound is 1 (gap is 98.33%)
 !          Best Branches  Non-fixed            Branch decision
              60    1490k          1              1  = _int3380
              60    1500k       2779              0  = _int4522
              60    1510k       2936              1  = _int4132
              60    1520k       2803              0  = _int3402
              60    1530k       2791              0  = _int1297
              60    1540k       2792              0  = _int481
              60    1550k       2788              1  = _int3217
              60    1560k       2807              1  = _int4998
              60    1570k       2818              0  = _int3405
              60    1580k       2828              0  = _int1434
              60    1590k       2855        F     0  = _int2814
              60    1600k       2877              0  = _int2256
              60    1610k       2780              1  = _int178
              60    1620k       2781              0  = _int4632
              60    1630k       2783              0  = _int3830
              60    1640k       3035        F     0  = _int2205
              60    1650k       3353              1  = _int1380
              60    1660k       2927              0  = _int4377
              60    1670k       2784              0  = _int4026
              60    1680k       2932              1  = _int1765
 ! Time = 355.31s, Average fail depth = 320, Memory usage = 41.4 MB
 ! Current bound is 1 (gap is 98.33%)
 !          Best Branches  Non-fixed            Branch decision
              60    1690k       2786              1  = _int4607
              60    1700k       2905              0  = _int3552
              60    1710k       2885              1  = _int1910
              60    1720k       2877              0  = _int3531
              60    1730k       2530              1  = _int1008
              60    1740k       2532        F     0  = _int329
              60    1750k       2544              1  = _int1087
              60    1760k       2545              0  = _int3046
              60    1770k       2577        F     0  = _int4872
              60    1780k       2609              0  = _int2721
              60    1790k       2630              1  = _int4435
              60    1800k       2642              0  = _int1994
              60    1810k       2618        F     0  = _int3049
              60    1820k       2639        F     0  = _int1237
              60    1830k       2650              1  = _int3385
              60    1840k       2646              1  = _int1413
              60    1850k       2647        F     0  = _int2638
              60    1860k       2646              0  = _int707
              60    1870k       2631              1  = _int576
              60    1880k       2643        F     0  = _int201
 ! Time = 396.82s, Average fail depth = 312, Memory usage = 41.4 MB
 ! Current bound is 1 (gap is 98.33%)
 !          Best Branches  Non-fixed            Branch decision
              60    1890k       2651              1  = _int256
              60    1900k       2651              1  = _int2487
              60    1910k       2642              1  = _int2834
              60    1920k       2646        F     0  = _int317
              60    1930k       2754              0  = _int210
              60    1940k       2641        F     0  = _int4611
              60    1950k       4586              0  = _int1644
              60    1960k       3804        F     1  = _int1765
              60    1970k       3386        F     0  = _int4964
              60    1980k       3432              1  = _int2205
              60    1990k       4586        F     0  = _int3432
              60    2000k       3851              1  = _int3094
              60    2010k       3508        F     1  = _int3558
              60    2020k       2084                 -
              60    2030k         59              0  = _int2421
              60    2040k          1              1  = _int758
              60    2050k       2606        F     0  = _int422
              60    2060k       2617              0  = _int4351
              60    2070k       2776              1  = _int4050
              60    2080k       2624              1  = _int922
 ! Time = 468.14s, Average fail depth = 303, Memory usage = 41.6 MB
 ! Current bound is 1 (gap is 98.33%)
 !          Best Branches  Non-fixed            Branch decision
              60    2090k       2766              0  = _int739
              60    2100k       2606        F     0  = _int2205
              60    2110k       2643              1  = _int2354
              60    2120k       2647              0  = _int4969
              60    2130k       2649              1  = _int2163
              60    2140k       2651              0  = _int2917
              60    2150k       2652              0  = _int1072
              60    2160k       2653              1  = _int4600
              60    2170k       2653              0  = _int1393
              60    2180k       2654              0  = _int2083
              60    2190k       2655              1  = _int1326
              60    2200k       3105              1  = _int178
              60    2210k       2655              1  = _int3433
              60    2220k       2656              1  = _int1848
              60    2230k       2656        F     0  = _int4711
              60    2240k       2655        F     0  = _int4068
              60    2250k       2656        F     1  = _int1965
              60    2260k       2656              1  = _int1849
              60    2270k       2656        F     0  = _int2619
              60    2280k       2656              0  = _int372
 ! Time = 510.25s, Average fail depth = 294, Memory usage = 41.6 MB
 ! Current bound is 1 (gap is 98.33%)
 !          Best Branches  Non-fixed            Branch decision
              60    2290k       2656              1  = _int4286
              60    2300k       2656              1  = _int2638
              60    2310k       3458              1  = _int67
              60    2320k       2656              0  = _int323
              60    2330k       2656              1  = _int1236
              60    2340k       2657              0  = _int3538
              60    2350k       2655              1  = _int2691
              60    2360k       2656        F     0  = _int4308
              60    2370k       2654        F     0  = _int1086
              60    2380k       2653              1  = _int1972
              60    2390k       2653              1  = _int1848
              60    2400k       3465              1  = _int4772
              60    2410k       2652              0  = _int935
              60    2420k       2653              1  = _int541
              60    2430k       2653              0  = _int423
              60    2440k       2653              1  = _int1320
              60    2450k       2653              1  = _int1111
              60    2460k       2653        F     0  = _int4123
              60    2470k       4242              1  = _int1986
              60    2480k       3351              1  = _int3037
 ! Time = 557.97s, Average fail depth = 281, Memory usage = 41.6 MB
 ! Current bound is 1 (gap is 98.33%)
 !          Best Branches  Non-fixed            Branch decision
              60    2490k       2721              1  = _int4272
              60    2500k       2768        F     1  = _int1644
              60    2510k       3558              1  = _int2835
              60    2520k       4235        F     0  = _int922
              60    2530k       4661        F     0  = _int912
              60    2540k       3883        F     0  = _int937
              60    2550k       3558              0  = _int1293
              60    2560k       3559              1  = _int1771
              60    2570k       3001              1  = _int1177
              60    2580k          1              0  = _int3718
              60    2590k          1              0  = _int557
              60    2600k       2585        F     0  = _int912
              60    2610k       2658        F     0  = _int1959
              60    2620k       2611        F     0  = _int4611
              60    2630k       2638        F     0  = _int3054
              60    2640k       2640              0  = _int1992
              60    2650k       2644        F     0  = _int1320
              60    2660k       2656              1  = _int3124
              60    2670k       2657        F     0  = _int255
              60    2680k       2778        F     1  = _int4229
 ! Time = 622.87s, Average fail depth = 285, Memory usage = 42.0 MB
 ! Current bound is 1 (gap is 98.33%)
 !          Best Branches  Non-fixed            Branch decision
              60    2690k       2779              1  = _int1468
              60    2700k       2781              1  = _int2691
              60    2710k       2808        F     0  = _int849
              60    2720k       2814        F     0  = _int765
              60    2730k       2794              0  = _int1162
              60    2740k       2771              1  = _int775
              60    2750k       2768              1  = _int4565
              60    2760k       2764              0  = _int1892
              60    2770k       2767        F     0  = _int3033
              60    2780k       2755              0  = _int3297
              60    2790k       3562        F     1  = _int1739
              60    2800k       2707              1  = _int912
              60    2810k       2644        F     0  = _int1806
              60    2820k       2661              0  = _int1083
              60    2830k       2622              0  = _int1506
              60    2840k       2616        F     0  = _int1947
              60    2850k       2637              0  = _int3256
              60    2860k       2641        F     0  = _int3432
              60    2870k       2639        F     0  = _int1816
              60    2880k       2644        F     1  = _int2539
 ! Time = 666.39s, Average fail depth = 278, Memory usage = 42.0 MB
 ! Current bound is 1 (gap is 98.33%)
 !          Best Branches  Non-fixed            Branch decision
              60    2890k       2643              1  = _int539
              60    2900k       2646              0  = _int1072
              60    2910k       2645              1  = _int4189
              60    2920k       2647              1  = _int262
              60    2930k       2610              0  = _int2473
              60    2940k       3492              1  = _int1140
              60    2950k       2633              0  = _int682
              60    2960k       2645              0  = _int3172
              60    2970k       2598              0  = _int557
              60    2980k       2647        F     0  = _int1188
              60    2990k       2603              0  = _int1876
              60    3000k       2652              0  = _int185
              60    3010k       2651              1  = _int3036
              60    3020k       2650        F     1  = _int1480
              60    3030k       2739        F     0  = _int1326
              60    3040k       2650              1  = _int1326
              60    3050k       2652              1  = _int244
              60    3060k       2651              1  = _int4780
              60    3070k       2658              0  = _int2852
              60    3080k       2657        F     0  = _int1294
 ! Time = 708.78s, Average fail depth = 271, Memory usage = 42.0 MB
 ! Current bound is 1 (gap is 98.33%)
 !          Best Branches  Non-fixed            Branch decision
              60    3090k       4674              1  = _int3570
              60    3100k       3901              1  = _int3585
              60    3110k       2715              1  = _int3541
              60    3120k       2774        F     0  = _int1480
              60    3130k       2806        F     0  = _int3261
              60    3140k       3983              0  = _int4184
              60    3150k       4017              1  = _int111
              60    3160k       4166              1  = _int4509
              60    3170k       3895        F     0  = _int4069
              60    3180k       2599        F     0  = _int4851
              60    3190k       2606              1  = _int1437
              60    3200k       2660        F     1  = _int2154
              60    3210k       3910        F     0  = _int2914
              60    3220k       1733                 -
              60    3230k          1              0  = _int2426
              60    3240k       2660              1  = _int4591
              60    3250k       2660        F     0  = _int4701
              60    3260k       2662              1  = _int2757
              60    3270k       2606              0  = _int4848
              60    3280k       2662              0  = _int1010
 ! Time = 791.44s, Average fail depth = 272, Memory usage = 42.1 MB
 ! Current bound is 1 (gap is 98.33%)
 !          Best Branches  Non-fixed            Branch decision
              60    3290k       3858        F     0  = _int3682
              60    3300k       2653        F     0  = _int4779
              60    3310k       2660              0  = _int312
              60    3320k       2665              0  = _int4232
              60    3330k       2662        F     0  = _int421
              60    3340k       2603              0  = _int3466
              60    3350k       2660              0  = _int1060
              60    3360k       2659        F     1  = _int3270
              60    3370k       2667              0  = _int1908
              60    3380k       2607        F     0  = _int3432
              60    3390k       2548        F     0  = _int1836
              60    3400k       2649              1  = _int201
              60    3410k       2672              1  = _int493
              60    3420k       2586              0  = _int1923
              60    3430k       2549              1  = _int4689
              60    3440k       2551              1  = _int316
              60    3450k       2559              1  = _int3460
              60    3460k       2638        F     0  = _int2106
              60    3470k       2620              1  = _int3198
              60    3480k       2564        F     0  = _int1828
 ! Time = 833.90s, Average fail depth = 266, Memory usage = 42.1 MB
 ! Current bound is 1 (gap is 98.33%)
 !          Best Branches  Non-fixed            Branch decision
              60    3490k       2631        F     0  = _int4611
              60    3500k       2649              1  = _int1006
              60    3510k       2573              0  = _int1456
              60    3520k       2673              0  = _int2592
              60    3530k       2745              0  = _int1296
              60    3540k       2665        F     0  = _int3738
              60    3550k       2584              1  = _int3227
              60    3560k       2660        F     0  = _int4711
              60    3570k       3652              0  = _int4719
              60    3580k       2674              1  = _int4872
              60    3590k       2584              0  = _int4418
              60    3600k       2655              1  = _int4599
              60    3610k       2676              0  = _int4456
              60    3620k       2654              1  = _int3432
              60    3630k       4674              1  = _int3642
              60    3640k       4651              1  = _int4737
              60    3650k       4657        F     0  = _int4068
              60    3660k       2619        F     1  = _int4396
              60    3670k       2626        F     1  = _int4971
              60    3680k       2657        F     1  = _int4506
 ! Time = 895.99s, Average fail depth = 265, Memory usage = 42.2 MB
 ! Current bound is 1 (gap is 98.33%)
 !          Best Branches  Non-fixed            Branch decision
 ! ----------------------------------------------------------------------------
 ! Search terminated by limit, 10 solutions found.
 ! Best objective         : 60 (gap is 98.33%)
 ! Best bound             : 1
 ! Number of branches     : 3687440
 ! Number of fails        : 963565
 ! Total memory usage     : 47.6 MB (42.2 MB CP Optimizer + 5.5 MB Concert)
 ! Time spent in solve    : 900.00s (899.99s engine + 0.00s extraction)
 ! Search speed (br. / s) : 4097.2
 ! ----------------------------------------------------------------------------
solve:1
Flips: 60
Log Likelihood: -287.433
