reading  from file input/AML-21-001_input.csv
rows: 8361
cols: 3
input zeros:5246
input ones:19414
input missing:423
total fp flips allowed:6
adding objective
 ! ----------------------------------------------------------------------------
 ! Minimization problem - 25087 variables, 98221 constraints, 1 phase
 ! Presolve      : 2 extractables eliminated
 ! TimeLimit            = 900
 ! Workers              = 1
 ! LogPeriod            = 10000
 ! Initial process time : 1.49s (1.48s extraction + 0.00s propagation)
 !  . Log search space  : 24667.6 (before), 24667.6 (after)
 !  . Memory usage      : 45.6 MB (before), 45.6 MB (after)
 ! Using sequential search.
 ! ----------------------------------------------------------------------------
 !          Best Branches  Non-fixed            Branch decision
 ! ----------------------------------------------------------------------------
 ! Minimization problem - 25087 variables, 98221 constraints, 1 phase
 ! Presolve      : 2 extractables eliminated
 ! TimeLimit            = 900
 ! Workers              = 1
 ! LogPeriod            = 10000
 ! Initial process time : 0.07s (0.06s extraction + 0.00s propagation)
 !  . Log search space  : 24667.6 (before), 24667.6 (after)
 !  . Memory usage      : 45.6 MB (before), 45.6 MB (after)
 ! Using sequential search.
 ! ----------------------------------------------------------------------------
 !          Best Branches  Non-fixed            Branch decision
                        0      25087                 -
 + New bound is 0
                        6      19417        F     2  = _int25083
 + New bound is 1
 *          1237     3378  0.81s               (gap is 99.92%)
            1237    10000          1              1  = _int8940
            1237    20000       4158              1  = _int24327
            1237    30000          1              0  = _int8206
            1237    40000          1              1  = _int16671
            1237    50000      18407              0  = _int4410
            1237    60000      17719              1  = _int13797
            1237    70000          1              0  = _int4464
            1237    80000        419              1  = _int2161
 *          1236    86086  87.00s              (gap is 99.92%)
 *          1235    86108  87.20s              (gap is 99.92%)
 *          1234    89343  97.67s              (gap is 99.92%)
            1234    90000          1              1  = _int4597
 *          1233    94257  105.59s             (gap is 99.92%)
            1233     100k      17413              0  = _int12168
            1233     110k      17433        F     0  = _int24871
            1233     120k       8906              1  = _int7129
 *          1232     125k  169.69s             (gap is 99.92%)
 ! Time = 169.69s, Average fail depth = 540, Memory usage = 200.1 MB
 ! Current bound is 1 (gap is 99.92%)
 !          Best Branches  Non-fixed            Branch decision
            1232     130k        106              1  = _int11920
            1232     140k        702              0  = _int3016
 *          1231     140k  182.59s             (gap is 99.92%)
            1231     150k        105              1  = _int11019
 *          1230     155k  195.80s             (gap is 99.92%)
            1230     160k         97              1  = _int20772
            1230     170k       2679              0  = _int20488
 *          1229     172k  213.45s             (gap is 99.92%)
 *          1228     176k  216.19s             (gap is 99.92%)
            1228     180k         93              1  = _int23691
 *          1227     187k  229.94s             (gap is 99.92%)
            1227     190k         89              0  = _int14629
 *          1226     190k  230.81s             (gap is 99.92%)
 *          1225     190k  231.50s             (gap is 99.92%)
            1225     200k         93              1  = _int1953
            1225     210k       7823              1  = _int12790
            1225     220k       8277              1  = _int23691
            1225     230k      11986              1  = _int16062
            1225     240k       8817              1  = _int852
            1225     250k      18400              1  = _int14877
 ! Time = 324.10s, Average fail depth = 928, Memory usage = 202.0 MB
 ! Current bound is 1 (gap is 99.92%)
 !          Best Branches  Non-fixed            Branch decision
            1225     260k      19790              0  = _int1138
            1225     270k      17511        F     0  = _int8731
            1225     280k      13054              1  = _int2186
            1225     290k       4775        F     0  = _int5810
            1225     300k      22766              0  = _int14670
            1225     310k      14747              1  = _int9064
            1225     320k       4613              1  = _int2201
            1225     330k       6731              0  = _int15688
            1225     340k       4474              1  = _int20660
            1225     350k       4599        F     0  = _int16226
            1225     360k      17408              0  = _int15034
            1225     370k      15023              1  = _int3583
            1225     380k       4544              0  = _int22206
            1225     390k      22666              0  = _int13814
            1225     400k      17744              0  = _int23940
            1225     410k      22659              0  = _int10487
            1225     420k      20037              1  = _int8698
            1225     430k      18403              1  = _int23941
            1225     440k      18355              0  = _int13609
            1225     450k      22674              0  = _int10488
 ! Time = 727.01s, Average fail depth = 890, Memory usage = 202.0 MB
 ! Current bound is 1 (gap is 99.92%)
 !          Best Branches  Non-fixed            Branch decision
            1225     460k      11642              1  = _int8912
            1225     470k      11399              1  = _int10706
            1225     480k       6415              1  = _int18850
            1225     490k       4818              1  = _int12489
            1225     500k      10119              0  = _int377
            1225     510k      10707              1  = _int7470
            1225     520k       4697        F     0  = _int20614
            1225     530k       9110              1  = _int2559
            1225     540k       4478              0  = _int20035
 ! ----------------------------------------------------------------------------
 ! Search terminated by limit, 13 solutions found.
 ! Best objective         : 1225 (gap is 99.92%)
 ! Best bound             : 1
 ! Number of branches     : 547594
 ! Number of fails        : 37987
 ! Total memory usage     : 234.2 MB (202.0 MB CP Optimizer + 32.1 MB Concert)
 ! Time spent in solve    : 900.02s (899.96s engine + 0.06s extraction)
 ! Search speed (br. / s) : 608.5
 ! ----------------------------------------------------------------------------
solve:1
Flips: 1225
Log Likelihood: -4692.78
