reading  from file input/AML-24-001_input.csv
rows: 4529
cols: 4
input zeros:17620
input ones:289
input missing:207
total fp flips allowed:0
adding objective
 ! ----------------------------------------------------------------------------
 ! Minimization problem - 18121 variables, 89141 constraints, 1 phase
 ! Presolve      : 2 extractables eliminated
 ! TimeLimit            = 900
 ! Workers              = 1
 ! LogPeriod            = 10000
 ! Initial process time : 1.04s (1.03s extraction + 0.00s propagation)
 !  . Log search space  : 17628.0 (before), 17628.0 (after)
 !  . Memory usage      : 47.4 MB (before), 47.4 MB (after)
 ! Using sequential search.
 ! ----------------------------------------------------------------------------
 !          Best Branches  Non-fixed            Branch decision
 ! ----------------------------------------------------------------------------
 ! Minimization problem - 18121 variables, 89141 constraints, 1 phase
 ! Presolve      : 2 extractables eliminated
 ! TimeLimit            = 900
 ! Workers              = 1
 ! LogPeriod            = 10000
 ! Initial process time : 0.06s (0.05s extraction + 0.00s propagation)
 !  . Log search space  : 17628.0 (before), 17628.0 (after)
 !  . Memory usage      : 47.4 MB (before), 47.4 MB (after)
 ! Using sequential search.
 ! ----------------------------------------------------------------------------
 !          Best Branches  Non-fixed            Branch decision
                        0      18121                 -
 + New bound is 0
                        6          4        F     3  = _int18116
 + New bound is 1
 *           140     9241  5.62s               (gap is 99.29%)
             140    10000          1              1  = _int11245
             140    20000          1              1  = _int6130
             140    30000          1              0  = _int16139
             140    40000          1              0  = _int13033
 *           114    45904  19.46s              (gap is 99.12%)
             114    50000          1              1  = _int17565
             114    60000          1              0  = _int202
             114    70000          1              1  = _int7448
             114    80000          1              1  = _int356
             114    89662          1        F     3  = _int18116
 + New bound is 58 (gap is 49.12%)
             114    89684          1        F     2  = _int18116
 + New bound is 87 (gap is 23.68%)
             114    89708          1        F     3  = _int18116
 + New bound is 102 (gap is 10.53%)
             114    89736          1        F     2  = _int18117
 + New bound is 109 (gap is 4.39%)
             114    89764          1        F     2  = _int18117
 + New bound is 113 (gap is 0.88%)
             114    90000          1        F     3  = _int18117
             114     100k      17510        F     2  = _int18116
             114     110k      17510              1  = _int18119
 ! Time = 211.33s, Average fail depth = 8, Memory usage = 179.6 MB
 ! Current bound is 113 (gap is 0.88%)
 !          Best Branches  Non-fixed            Branch decision
             114     112k      17510        F     2  = _int18117
 + New bound is 114 (gap is 0%)
 ! ----------------------------------------------------------------------------
 ! Search completed, 2 solutions found.
 ! Best objective         : 114 (optimal - effective tol. is 0)
 ! Best bound             : 114
 ! Number of branches     : 112741
 ! Number of fails        : 12557
 ! Total memory usage     : 204.9 MB (179.8 MB CP Optimizer + 25.1 MB Concert)
 ! Time spent in solve    : 234.91s (234.85s engine + 0.05s extraction)
 ! Search speed (br. / s) : 480.1
 ! ----------------------------------------------------------------------------
solve:1
Flips: 114
Log Likelihood: -nan
