reading  from file input/AML-06-001_input.csv
rows: 11398
cols: 5
input zeros:49795
input ones:7092
input missing:103
total fp flips allowed:50
adding objective
 ! ----------------------------------------------------------------------------
 ! Minimization problem - 56996 variables, 341189 constraints, 1 phase
 ! Presolve      : 2 extractables eliminated
 ! TimeLimit            = 900
 ! Workers              = 1
 ! LogPeriod            = 10000
 ! Initial process time : 4.51s (4.48s extraction + 0.03s propagation)
 !  . Log search space  : 56904.3 (before), 56904.3 (after)
 !  . Memory usage      : 191.1 MB (before), 191.1 MB (after)
 ! Using sequential search.
 ! ----------------------------------------------------------------------------
 !          Best Branches  Non-fixed            Branch decision
 ! ----------------------------------------------------------------------------
 ! Minimization problem - 56996 variables, 341189 constraints, 1 phase
 ! Presolve      : 2 extractables eliminated
 ! TimeLimit            = 900
 ! Workers              = 1
 ! LogPeriod            = 10000
 ! Initial process time : 0.25s (0.22s extraction + 0.02s propagation)
 !  . Log search space  : 56904.3 (before), 56904.3 (after)
 !  . Memory usage      : 191.1 MB (before), 191.1 MB (after)
 ! Using sequential search.
 ! ----------------------------------------------------------------------------
 !          Best Branches  Non-fixed            Branch decision
                        0      56996                 -
 + New bound is 0
                       26       7051        F     4  = _int56993
 + New bound is 1
                    10000       7051              0  = _int31347
                    20000       1696              0  = _int43188
 *          5912    21557  60.98s              (gap is 99.98%)
            5912    30000          1              1  = _int14287
            5912    40000       3618              1  = _int17550
            5912    50000          1              0  = _int1940
            5912    60000       1353              1  = _int25079
            5912    70000          1              0  = _int51989
            5912    80000          1              0  = _int3500
            5912    90000       9707              0  = _int53915
            5912     100k          1              1  = _int13821
            5912     110k      23578              1  = _int4716
            5912     120k       4446              1  = _int12408
            5912     130k          1              0  = _int30432
            5912     140k       6873              0  = _int45738
            5912     150k          1              0  = _int54391
            5912     160k      10855              1  = _int31474
            5912     170k          1              0  = _int45491
 ! Time = 329.26s, Average fail depth = 1201, Memory usage = 658.7 MB
 ! Current bound is 1 (gap is 99.98%)
 !          Best Branches  Non-fixed            Branch decision
            5912     180k      11666              0  = _int53791
            5912     190k          1              0  = _int31005
            5912     200k       9223              0  = _int25334
            5912     210k          1              0  = _int18987
            5912     220k      43229              0  = _int33074
            5912     230k      18957              0  = _int8753
            5912     240k       2338              0  = _int43758
 *          4628     242k  555.11s             (gap is 99.98%)
            4628     250k          1              0  = _int41787
            4628     260k       9205              0  = _int26198
 *          2314     264k  636.89s             (gap is 99.96%)
            2314     270k       2378              1  = _int41653
            2314     280k      48565              0  = _int53972
            2314     290k      49561        F     0  = _int41475
 ! ----------------------------------------------------------------------------
 ! Search terminated by limit, 3 solutions found.
 ! Best objective         : 2314 (gap is 99.96%)
 ! Best bound             : 1
 ! Number of branches     : 293667
 ! Number of fails        : 4870
 ! Total memory usage     : 748.6 MB (660.9 MB CP Optimizer + 87.7 MB Concert)
 ! Time spent in solve    : 900.14s (899.91s engine + 0.22s extraction)
 ! Search speed (br. / s) : 326.3
 ! ----------------------------------------------------------------------------
solve:1
Flips: 2314
Log Likelihood: -7338.85
