reading  from file input/AML-81-001_input.csv
rows: 2778
cols: 7
input zeros:17385
input ones:1992
input missing:69
total fp flips allowed:0
adding objective
 ! ----------------------------------------------------------------------------
 ! Minimization problem - 19454 variables, 154805 constraints, 1 phase
 ! Presolve      : 2 extractables eliminated
 ! TimeLimit            = 900
 ! Workers              = 1
 ! LogPeriod            = 10000
 ! Initial process time : 1.69s (1.66s extraction + 0.02s propagation)
 !  . Log search space  : 17404.7 (before), 17404.7 (after)
 !  . Memory usage      : 87.4 MB (before), 87.4 MB (after)
 ! Using sequential search.
 ! ----------------------------------------------------------------------------
 !          Best Branches  Non-fixed            Branch decision
 ! ----------------------------------------------------------------------------
 ! Minimization problem - 19454 variables, 154805 constraints, 1 phase
 ! Presolve      : 2 extractables eliminated
 ! TimeLimit            = 900
 ! Workers              = 1
 ! LogPeriod            = 10000
 ! Initial process time : 0.08s (0.08s extraction + 0.00s propagation)
 !  . Log search space  : 17404.7 (before), 17404.7 (after)
 !  . Memory usage      : 87.4 MB (before), 87.4 MB (after)
 ! Using sequential search.
 ! ----------------------------------------------------------------------------
 !          Best Branches  Non-fixed            Branch decision
                        0      19454                 -
 + New bound is 0
                       12          7        F     6  = _int19447
 + New bound is 1
 *          6583     5005  1.62s               (gap is 99.98%)
            6583    10000          1              0  = _int15338
            6583    20000          1              1  = _int7402
            6583    30000          1              1  = _int17469
 *          5695    35850  7.21s               (gap is 99.98%)
            5695    40000          1              0  = _int6448
            5695    50000          1              0  = _int10608
 *          3701    51380  10.69s              (gap is 99.97%)
 *          2776    53160  28.01s              (gap is 99.96%)
 *          2733    59695  90.66s              (gap is 99.96%)
            2733    60000          1        F     4  = _int19449
 *          2691    66212  148.70s             (gap is 99.96%)
            2691    70000          3        F     3  = _int19450
 *          2644    78482  205.54s             (gap is 99.96%)
            2644    80000          1              2  = _int19448
            2644    90000      14747        F     5  = _int19451
            2644     100k      14747        F     3  = _int19446
            2644     110k      14745        F     1  = _int19448
 ! Time = 531.66s, Average fail depth = 9, Memory usage = 281.0 MB
 ! Current bound is 1 (gap is 99.96%)
 !          Best Branches  Non-fixed            Branch decision
            2644     120k      14745              3  = _int19452
            2644     130k          2        F     6  = _int19452
            2644     140k      14745              3 != _int19446
 ! ----------------------------------------------------------------------------
 ! Search terminated by limit, 7 solutions found.
 ! Best objective         : 2644 (gap is 99.96%)
 ! Best bound             : 1
 ! Number of branches     : 141895
 ! Number of fails        : 41906
 ! Total memory usage     : 319.7 MB (281.0 MB CP Optimizer + 38.7 MB Concert)
 ! Time spent in solve    : 900.03s (899.95s engine + 0.08s extraction)
 ! Search speed (br. / s) : 157.7
 ! ----------------------------------------------------------------------------
solve:1
Flips: 2644
Log Likelihood: -nan
