reading  from file input/AML-26-001_input.csv
rows: 9601
cols: 6
input zeros:47841
input ones:9546
input missing:219
total fp flips allowed:48
adding objective
 ! ----------------------------------------------------------------------------
 ! Minimization problem - 57613 variables, 400853 constraints, 1 phase
 ! Presolve      : 2 extractables eliminated
 ! TimeLimit            = 900
 ! Workers              = 1
 ! LogPeriod            = 10000
 ! Initial process time : 5.31s (5.26s extraction + 0.04s propagation)
 !  . Log search space  : 57408.1 (before), 57408.1 (after)
 !  . Memory usage      : 230.5 MB (before), 230.5 MB (after)
 ! Using sequential search.
 ! ----------------------------------------------------------------------------
 !          Best Branches  Non-fixed            Branch decision
 ! ----------------------------------------------------------------------------
 ! Minimization problem - 57613 variables, 400853 constraints, 1 phase
 ! Presolve      : 2 extractables eliminated
 ! TimeLimit            = 900
 ! Workers              = 1
 ! LogPeriod            = 10000
 ! Initial process time : 0.25s (0.22s extraction + 0.03s propagation)
 !  . Log search space  : 57408.1 (before), 57408.1 (after)
 !  . Memory usage      : 230.5 MB (before), 230.5 MB (after)
 ! Using sequential search.
 ! ----------------------------------------------------------------------------
 !          Best Branches  Non-fixed            Branch decision
                        0      57613                 -
 + New bound is 0
                       28       9526        F     5  = _int57610
 + New bound is 1
                    10000       9526              0  = _int1343
 *          5207    19550  45.51s              (gap is 99.98%)
            5207    20000          1              1  = _int21974
            5207    30000       9029              1  = _int16764
            5207    40000          1              0  = _int9556
            5207    50000       8021              0  = _int25701
            5207    60000          1              0  = _int34524
            5207    70000          1              0  = _int31586
            5207    80000        441              0  = _int23830
            5207    90000          1              1  = _int37161
            5207     100k       4726              1  = _int9952
            5207     110k          1              0  = _int44944
            5207     120k       4257              0  = _int2620
            5207     130k          1              0  = _int10131
            5207     140k        748              1  = _int9531
            5207     150k          1              1  = _int24999
            5207     160k          1              0  = _int37125
            5207     170k      10050              0  = _int3298
 ! Time = 276.23s, Average fail depth = 1099, Memory usage = 774.8 MB
 ! Current bound is 1 (gap is 99.98%)
 !          Best Branches  Non-fixed            Branch decision
            5207     180k          1              0  = _int15796
            5207     190k      49941              0  = _int8554
            5207     200k      48510              1  = _int2245
            5207     210k      28362              0  = _int11419
            5207     220k       5726              0  = _int21715
 *          4882     224k  514.24s             (gap is 99.98%)
            4882     230k        312              0  = _int37305
            4882     240k      49050              0  = _int20984
            4882     250k      50269        F     0  = _int42624
            4882     260k      16645              0  = _int51650
 *          4806     269k  794.95s             (gap is 99.98%)
            4806     270k       2387              0  = _int12494
            4806     280k      44803              1  = _int11689
 ! ----------------------------------------------------------------------------
 ! Search terminated by limit, 3 solutions found.
 ! Best objective         : 4806 (gap is 99.98%)
 ! Best bound             : 1
 ! Number of branches     : 281694
 ! Number of fails        : 7430
 ! Total memory usage     : 884.5 MB (776.2 MB CP Optimizer + 108.3 MB Concert)
 ! Time spent in solve    : 900.10s (899.88s engine + 0.22s extraction)
 ! Search speed (br. / s) : 313.0
 ! ----------------------------------------------------------------------------
solve:1
Flips: 4806
Log Likelihood: -14483.6
