reading  from file input/AML-69-001_input.csv
rows: 7462
cols: 4
input zeros:23303
input ones:5444
input missing:1101
total fp flips allowed:0
adding objective
 ! ----------------------------------------------------------------------------
 ! Minimization problem - 29853 variables, 141565 constraints, 1 phase
 ! Presolve      : 2 extractables eliminated
 ! TimeLimit            = 900
 ! Workers              = 1
 ! LogPeriod            = 10000
 ! Initial process time : 1.46s (1.44s extraction + 0.01s propagation)
 !  . Log search space  : 23311.0 (before), 23311.0 (after)
 !  . Memory usage      : 65.5 MB (before), 65.5 MB (after)
 ! Using sequential search.
 ! ----------------------------------------------------------------------------
 !          Best Branches  Non-fixed            Branch decision
 ! ----------------------------------------------------------------------------
 ! Minimization problem - 29853 variables, 141565 constraints, 1 phase
 ! Presolve      : 2 extractables eliminated
 ! TimeLimit            = 900
 ! Workers              = 1
 ! LogPeriod            = 10000
 ! Initial process time : 0.08s (0.07s extraction + 0.00s propagation)
 !  . Log search space  : 23311.0 (before), 23311.0 (after)
 !  . Memory usage      : 65.5 MB (before), 65.5 MB (after)
 ! Using sequential search.
 ! ----------------------------------------------------------------------------
 !          Best Branches  Non-fixed            Branch decision
                        0      29853                 -
 + New bound is 0
                        6          4        F     3  = _int29848
 + New bound is 1
                    10000          4              0  = _int4135
 *           917    13441  7.58s               (gap is 99.89%)
             917    20000          1              0  = _int24939
             917    30000          1              1  = _int15514
             917    40000          1              0  = _int27145
 *           750    49040  16.53s              (gap is 99.87%)
             750    50000          1              1  = _int27093
             750    60000          1              0  = _int4874
             750    70000       1284              0  = _int23677
             750    80000          1              1  = _int23405
             750    90000          1              1  = _int10434
             750     100k          1              0  = _int28883
             750     102k          1        F     3  = _int29848
 + New bound is 376 (gap is 49.87%)
             750     103k          1        F     2  = _int29848
 + New bound is 564 (gap is 24.80%)
             750     103k          1        F     3  = _int29848
 + New bound is 658 (gap is 12.27%)
             750     103k          1        F     2  = _int29851
 + New bound is 705 (gap is 6.00%)
             750     103k          1        F     3  = _int29848
 + New bound is 729 (gap is 2.80%)
             750     103k          1        F     3  = _int29851
 + New bound is 741 (gap is 1.20%)
 ! Time = 39.46s, Average fail depth = 296, Memory usage = 255.0 MB
 ! Current bound is 741 (gap is 1.20%)
 !          Best Branches  Non-fixed            Branch decision
             750     103k          1        F     3  = _int29851
 + New bound is 747 (gap is 0.4%)
             750     103k          1        F     2  = _int29848
 + New bound is 750 (gap is 0%)
 ! ----------------------------------------------------------------------------
 ! Search completed, 2 solutions found.
 ! Best objective         : 750 (optimal - effective tol. is 0)
 ! Best bound             : 750
 ! Number of branches     : 103153
 ! Number of fails        : 105
 ! Total memory usage     : 293.5 MB (255.0 MB CP Optimizer + 38.5 MB Concert)
 ! Time spent in solve    : 40.28s (40.21s engine + 0.07s extraction)
 ! Search speed (br. / s) : 2565.4
 ! ----------------------------------------------------------------------------
solve:1
Flips: 750
Log Likelihood: -nan
