reading  from file input/AML-31-001_input.csv
rows: 10223
cols: 5
input zeros:44005
input ones:6679
input missing:431
total fp flips allowed:0
adding objective
 ! ----------------------------------------------------------------------------
 ! Minimization problem - 51121 variables, 302839 constraints, 1 phase
 ! Presolve      : 2 extractables eliminated
 ! TimeLimit            = 900
 ! Workers              = 1
 ! LogPeriod            = 10000
 ! Initial process time : 3.71s (3.66s extraction + 0.04s propagation)
 !  . Log search space  : 44016.6 (before), 44016.6 (after)
 !  . Memory usage      : 157.8 MB (before), 157.8 MB (after)
 ! Using sequential search.
 ! ----------------------------------------------------------------------------
 !          Best Branches  Non-fixed            Branch decision
 ! ----------------------------------------------------------------------------
 ! Minimization problem - 51121 variables, 302839 constraints, 1 phase
 ! Presolve      : 2 extractables eliminated
 ! TimeLimit            = 900
 ! Workers              = 1
 ! LogPeriod            = 10000
 ! Initial process time : 0.25s (0.21s extraction + 0.03s propagation)
 !  . Log search space  : 44016.6 (before), 44016.6 (after)
 !  . Memory usage      : 157.8 MB (before), 157.8 MB (after)
 ! Using sequential search.
 ! ----------------------------------------------------------------------------
 !          Best Branches  Non-fixed            Branch decision
                        0      51121                 -
 + New bound is 0
                        8          5        F     4  = _int51116
 + New bound is 1
                    10000          5              0  = _int37455
 *          7033    18100  21.99s              (gap is 99.99%)
            7033    20000          1              1  = _int45861
            7033    30000       1103              1  = _int46553
            7033    40000          1              0  = _int6008
            7033    50000          1              0  = _int7248
            7033    60000       8459              1  = _int25714
            7033    70000          1              0  = _int20614
            7033    80000       8119              0  = _int33102
            7033    90000          1              1  = _int14967
            7033     100k        190              1  = _int50421
            7033     110k          1              0  = _int23714
 *          6585     118k  89.03s              (gap is 99.98%)
            6585     120k          1              0  = _int1637
            6585     130k      11474              0  = _int48593
            6585     140k          1              0  = _int23942
            6585     150k       6333              1  = _int37371
            6585     160k          1              0  = _int17966
 ! Time = 133.83s, Average fail depth = 3313, Memory usage = 554.2 MB
 ! Current bound is 1 (gap is 99.98%)
 !          Best Branches  Non-fixed            Branch decision
            6585     170k       1471              0  = _int41622
            6585     180k          1              0  = _int39145
            6585     190k       2115              0  = _int19372
 *          3056     191k  164.28s             (gap is 99.97%)
            3056     191k          1        F     4  = _int51116
 + New bound is 1529 (gap is 49.97%)
            3056     192k          1        F     4  = _int51115
 + New bound is 2294 (gap is 24.93%)
            3056     192k          1        F     3  = _int51119
 + New bound is 2676 (gap is 12.43%)
            3056     192k          1        F     4  = _int51115
 + New bound is 2867 (gap is 6.18%)
            3056     192k          1        F     3  = _int51119
 + New bound is 2963 (gap is 3.04%)
            3056     192k          1        F     4  = _int51115
 + New bound is 3011 (gap is 1.47%)
            3056     192k          1        F     3  = _int51119
 + New bound is 3035 (gap is 0.69%)
            3056     192k          1        F     4  = _int51115
 + New bound is 3047 (gap is 0.29%)
            3056     192k          1        F     2  = _int51116
 + New bound is 3053 (gap is 0.098%)
            3056     192k          1        F     4  = _int51115
 + New bound is 3056 (gap is 0%)
 ! ----------------------------------------------------------------------------
 ! Search completed, 3 solutions found.
 ! Best objective         : 3056 (optimal - effective tol. is 0)
 ! Best bound             : 3056
 ! Number of branches     : 192639
 ! Number of fails        : 371
 ! Total memory usage     : 635.1 MB (556.1 MB CP Optimizer + 79.0 MB Concert)
 ! Time spent in solve    : 185.12s (184.91s engine + 0.21s extraction)
 ! Search speed (br. / s) : 1041.8
 ! ----------------------------------------------------------------------------
solve:1
Flips: 3056
Log Likelihood: -nan
