reading  from file input/AML-23-001_input.csv
rows: 2065
cols: 2
input zeros:2045
input ones:2033
input missing:52
total fp flips allowed:21
adding objective
 ! ----------------------------------------------------------------------------
 ! Minimization problem - 4133 variables, 12240 constraints, 1 phase
 ! Presolve      : 2 extractables eliminated
 ! TimeLimit            = 900
 ! Workers              = 1
 ! LogPeriod            = 10000
 ! Initial process time : 0.08s (0.08s extraction + 0.00s propagation)
 !  . Log search space  : 4084.5 (before), 4084.5 (after)
 !  . Memory usage      : 5.0 MB (before), 5.0 MB (after)
 ! Using sequential search.
 ! ----------------------------------------------------------------------------
 !          Best Branches  Non-fixed            Branch decision
 ! ----------------------------------------------------------------------------
 ! Minimization problem - 4133 variables, 12240 constraints, 1 phase
 ! Presolve      : 2 extractables eliminated
 ! TimeLimit            = 900
 ! Workers              = 1
 ! LogPeriod            = 10000
 ! Initial process time : 0.00s (0.00s extraction + 0.00s propagation)
 !  . Log search space  : 4084.5 (before), 4084.5 (after)
 !  . Memory usage      : 5.0 MB (before), 5.0 MB (after)
 ! Using sequential search.
 ! ----------------------------------------------------------------------------
 !          Best Branches  Non-fixed            Branch decision
                        0       4133                 -
 + New bound is 0
                        2       2036        F     1  = _int4130
 + New bound is 1
 *           780     1012  0.05s               (gap is 99.87%)
             780    10000          1              0  = _int3262
 *           775    14423  0.51s               (gap is 99.87%)
 *           388    15285  0.64s               (gap is 99.74%)
 *           194    15802  0.75s               (gap is 99.48%)
 *            97    16163  0.83s               (gap is 98.97%)
 *            49    16454  0.92s               (gap is 97.96%)
 *            25    19343  1.25s               (gap is 96.00%)
              25    20000          1              1  = _int1785
 *            22    28210  2.61s               (gap is 95.45%)
              22    30000          4        F     0  = _int2364
 *            20    37375  4.58s               (gap is 95.00%)
              20    40000          1        F     1  = _int2583
              20    50000       2589              0  = _int962
 *            19    53001  7.83s               (gap is 94.74%)
 *            18    54983  7.97s               (gap is 94.44%)
              18    60000          8              0  = _int3752
 *            17    60706  9.00s               (gap is 94.12%)
 ! Time = 9.00s, Average fail depth = 179, Memory usage = 27.4 MB
 ! Current bound is 1 (gap is 94.12%)
 !          Best Branches  Non-fixed            Branch decision
              17    70000       1987        F     0  = _int3305
              17    80000       2014              0  = _int2912
              17    90000       1990              0  = _int3261
              17     100k       2041              0  = _int2958
              17     110k       2049              0  = _int666
              17     120k       2047              1  = _int771
              17     130k       2064              0  = _int2010
              17     140k       2057              1  = _int327
              17     150k       2073              0  = _int2920
              17     160k       2068              0  = _int3335
              17     170k       2065              1  = _int3437
              17     180k       2086              0  = _int4026
              17     190k       2087              1  = _int2571
              17     200k       2098              0  = _int3100
 *            16     203k  26.72s              (gap is 93.75%)
              16     210k       1059        F     1  = _int2953
 *            15     219k  28.61s              (gap is 93.33%)
              15     220k       2134              0  = _int3235
              15     230k       2335              0  = _int1740
              15     240k       2307              0  = _int3782
 ! Time = 31.15s, Average fail depth = 503, Memory usage = 27.4 MB
 ! Current bound is 1 (gap is 93.33%)
 !          Best Branches  Non-fixed            Branch decision
              15     250k       2296              0  = _int66
              15     260k       2237              0  = _int2544
              15     270k       2420              1  = _int149
              15     280k       2551              0  = _int2194
              15     290k       2362              1  = _int3031
              15     300k       2691        F     1  = _int3887
              15     310k       2332              1  = _int2985
              15     320k       2335              0  = _int88
              15     330k       2359        F     1  = _int1393
              15     340k       2401              1  = _int531
              15     350k       2403              0  = _int2430
              15     360k       2827              1  = _int1197
              15     370k       2753              1  = _int712
              15     380k       2892        F     0  = _int3043
              15     390k       2946              0  = _int2888
              15     400k       2350              0  = _int2450
              15     410k       2360              1  = _int2446
              15     420k       2377              0  = _int603
              15     430k       2799              1  = _int2262
              15     440k       2799              0  = _int1506
 ! Time = 59.14s, Average fail depth = 502, Memory usage = 27.4 MB
 ! Current bound is 1 (gap is 93.33%)
 !          Best Branches  Non-fixed            Branch decision
              15     450k       2846              0  = _int1162
              15     460k       2907              0  = _int3198
              15     470k       2953        F     0  = _int933
              15     480k       3050              0  = _int3261
              15     490k       2977              1  = _int2288
              15     500k       2991        F     1  = _int4080
              15     510k       2988              0  = _int913
              15     520k       2964              1  = _int2686
              15     530k       3000              0  = _int3838
              15     540k       2997              0  = _int613
              15     550k       2999              1  = _int723
              15     560k       3002              0  = _int3142
              15     570k       3010        F     1  = _int1246
              15     580k       3010              0  = _int2678
              15     590k       3011              0  = _int1678
              15     600k       3005              0  = _int3138
              15     610k       3142              1  = _int2310
              15     620k       3153              0  = _int2876
              15     630k       2993              1  = _int969
              15     640k       3005              0  = _int2276
 ! Time = 90.68s, Average fail depth = 466, Memory usage = 27.4 MB
 ! Current bound is 1 (gap is 93.33%)
 !          Best Branches  Non-fixed            Branch decision
              15     650k       3005              1  = _int2798
              15     660k       3004              1  = _int3751
              15     670k       2991              0  = _int2198
              15     680k       2999              1  = _int4131
              15     690k       3009              0  = _int837
              15     700k       3007              1  = _int4122
              15     710k       3001              0  = _int1769
              15     720k       2993              0  = _int2045
              15     730k       2999              1  = _int954
              15     740k       3016              0  = _int575
              15     750k       3008        F     0  = _int1219
              15     760k       3006              1  = _int74
              15     770k       3002        F     0  = _int1982
              15     780k       3002        F     1  = _int588
              15     790k       3002              0  = _int2537
              15     800k       3002              1  = _int894
              15     810k       3005              1  = _int2478
              15     820k       3005              0  = _int1512
              15     830k       3007        F     1  = _int3073
              15     840k       3004              1  = _int3804
 ! Time = 124.82s, Average fail depth = 428, Memory usage = 27.4 MB
 ! Current bound is 1 (gap is 93.33%)
 !          Best Branches  Non-fixed            Branch decision
              15     850k       3001              0  = _int2696
              15     860k       3002              0  = _int3531
              15     870k       3304              0  = _int3851
              15     880k       2978        F     0  = _int531
              15     890k       2990              1  = _int2749
              15     900k       3471              0  = _int45
              15     910k       3291        F     1  = _int1031
              15     920k       3438        F     1  = _int2304
              15     930k       3450              1  = _int2678
              15     940k       3030        F     1  = _int3493
              15     950k        679              1  = _int2537
              15     960k          1              0  = _int3034
              15     970k          1              1  = _int1767
              15     980k        146              1  = _int2579
              15     990k        164              0  = _int3073
              15    1000k       1690              1  = _int2600
              15    1010k       3130        F     1  = _int2646
              15    1020k       3135              0  = _int3164
              15    1030k       3137              1  = _int626
              15    1040k       3140              0  = _int3038
 ! Time = 172.70s, Average fail depth = 377, Memory usage = 28.3 MB
 ! Current bound is 1 (gap is 93.33%)
 !          Best Branches  Non-fixed            Branch decision
              15    1050k       3140              0  = _int2596
              15    1060k       3141              1  = _int782
              15    1070k       3139              0  = _int6
              15    1080k       3140              1  = _int2858
              15    1090k       3140              1  = _int1090
              15    1100k       3140              1  = _int1818
              15    1110k       3138              1  = _int827
              15    1120k       3138        F     1  = _int1368
              15    1130k       3138              0  = _int1493
              15    1140k       3140              0  = _int1022
              15    1150k       3138        F     1  = _int3050
              15    1160k       3140              0  = _int1392
              15    1170k       3146              1  = _int1330
              15    1180k       3142              0  = _int233
              15    1190k       3141        F     0  = _int3505
              15    1200k       3143              0  = _int1090
              15    1210k       3141              0  = _int4078
              15    1220k       3142              1  = _int4030
              15    1230k       3140              0  = _int2699
              15    1240k       3141              0  = _int123
 ! Time = 209.37s, Average fail depth = 369, Memory usage = 28.3 MB
 ! Current bound is 1 (gap is 93.33%)
 !          Best Branches  Non-fixed            Branch decision
              15    1250k       3138              0  = _int1915
              15    1260k       3139              0  = _int2578
              15    1270k       3140              1  = _int3957
              15    1280k       3142        F     0  = _int588
              15    1290k       3141              0  = _int2574
              15    1300k       3142              1  = _int2520
              15    1310k       3136              1  = _int1641
              15    1320k       3134              0  = _int1097
              15    1330k       3134              1  = _int444
              15    1340k       3130              0  = _int2807
              15    1350k       3127              1  = _int613
              15    1360k       3128              0  = _int267
              15    1370k       3129              0  = _int2556
              15    1380k       3130        F     0  = _int3957
              15    1390k       3129              1  = _int2696
              15    1400k       3128              0  = _int2621
              15    1410k       3125              1  = _int2832
              15    1420k       3128              0  = _int1031
              15    1430k       3127        F     0  = _int1146
              15    1440k       3126              1  = _int2048
 ! Time = 246.15s, Average fail depth = 363, Memory usage = 28.3 MB
 ! Current bound is 1 (gap is 93.33%)
 !          Best Branches  Non-fixed            Branch decision
              15    1450k       3127              1  = _int1320
              15    1460k       3125              1  = _int712
              15    1470k       3123        F     0  = _int1989
              15    1480k       3126              1  = _int3229
              15    1490k       3128              1  = _int458
              15    1500k       3124              1  = _int494
              15    1510k       3123              1  = _int1170
              15    1520k       3127              0  = _int525
              15    1530k       3125        F     0  = _int139
              15    1540k       3120        F     0  = _int2578
              15    1550k       3127        F     0  = _int1065
              15    1560k       3956        F     0  = _int2298
              15    1570k       3480              1  = _int1207
              15    1580k       3483        F     0  = _int3285
              15    1590k       3123        F     1  = _int444
              15    1600k       3125              1  = _int2145
              15    1610k       3481              1  = _int3437
              15    1620k       3121              0  = _int3414
              15    1630k       3123        F     1  = _int696
              15    1640k       1507              1  = _int1460
 ! Time = 303.16s, Average fail depth = 344, Memory usage = 28.3 MB
 ! Current bound is 1 (gap is 93.33%)
 !          Best Branches  Non-fixed            Branch decision
              15    1650k          1              1  = _int2777
              15    1660k          1              0  = _int2091
              15    1670k        123              0  = _int215
              15    1680k       3134        F     1  = _int1146
              15    1690k       3158        F     1  = _int1899
              15    1700k       3168              1  = _int3643
              15    1710k       3168              1  = _int154
              15    1720k       3168              1  = _int4122
              15    1730k       3175              0  = _int163
              15    1740k       3181              0  = _int2646
              15    1750k       3182              0  = _int1202
              15    1760k       3179        F     1  = _int3898
              15    1770k       3189              0  = _int1982
              15    1780k       3184              0  = _int1653
              15    1790k       3186              1  = _int2069
              15    1800k       3184              1  = _int2264
              15    1810k       3185        F     0  = _int2656
              15    1820k       3190              1  = _int3714
              15    1830k       3189              1  = _int2646
              15    1840k       3180              1  = _int1190
 ! Time = 339.18s, Average fail depth = 340, Memory usage = 28.6 MB
 ! Current bound is 1 (gap is 93.33%)
 !          Best Branches  Non-fixed            Branch decision
              15    1850k       3183              0  = _int3898
              15    1860k       3183              1  = _int2655
              15    1870k       3183              1  = _int657
              15    1880k       3185              0  = _int3398
              15    1890k       3191              1  = _int3431
              15    1900k       3188        F     1  = _int887
              15    1910k       3193              1  = _int464
              15    1920k       3185              1  = _int1269
              15    1930k       3183              1  = _int151
              15    1940k       3187              0  = _int3622
              15    1950k       3185              1  = _int2654
              15    1960k       3192              1  = _int3050
              15    1970k       3189              1  = _int2216
              15    1980k       3188              1  = _int334
              15    1990k       3189              1  = _int2788
              15    2000k       3180              0  = _int3044
              15    2010k       3186        F     1  = _int588
              15    2020k       3174              0  = _int3567
              15    2030k       3179              0  = _int1893
              15    2040k       3178              1  = _int3212
 ! Time = 377.17s, Average fail depth = 337, Memory usage = 28.6 MB
 ! Current bound is 1 (gap is 93.33%)
 !          Best Branches  Non-fixed            Branch decision
              15    2050k       3171        F     0  = _int3622
              15    2060k       3172              0  = _int1232
              15    2070k       3166              1  = _int2537
              15    2080k       3166              1  = _int2608
              15    2090k       3157              0  = _int2073
              15    2100k       3163              0  = _int1146
              15    2110k       3168              0  = _int2343
              15    2120k       3162              0  = _int3885
              15    2130k       3165              1  = _int938
              15    2140k       3163              1  = _int1994
              15    2150k       3150              1  = _int1466
              15    2160k       3144              1  = _int3238
              15    2170k       3150              1  = _int2248
              15    2180k       3139              1  = _int3804
              15    2190k       3137              1  = _int4083
              15    2200k       3957              1  = _int4101
              15    2210k       3610              0  = _int1425
              15    2220k       3618              0  = _int3493
              15    2230k       3756              0  = _int4015
              15    2240k       3973        F     0  = _int3008
 ! Time = 425.91s, Average fail depth = 323, Memory usage = 28.6 MB
 ! Current bound is 1 (gap is 93.33%)
 !          Best Branches  Non-fixed            Branch decision
              15    2250k       3102              0  = _int2656
              15    2260k       3136        F     1  = _int1945
              15    2270k       3171              0  = _int414
              15    2280k          1        F     0  = _int2195
              15    2290k        327              1  = _int1771
              15    2300k          1              0  = _int2517
              15    2310k       3076              0  = _int1393
              15    2320k       3157              0  = _int163
              15    2330k       3164              1  = _int2298
              15    2340k       3174              0  = _int45
              15    2350k       3174              1  = _int3828
              15    2360k       3176        F     0  = _int1946
              15    2370k       3177              0  = _int3050
              15    2380k       3172              1  = _int90
              15    2390k       3174              1  = _int1342
              15    2400k       3175        F     0  = _int1231
              15    2410k       3175              1  = _int2734
              15    2420k       3177        F     1  = _int3622
              15    2430k       3175              0  = _int1223
              15    2440k       3177              1  = _int1624
 ! Time = 464.50s, Average fail depth = 321, Memory usage = 28.9 MB
 ! Current bound is 1 (gap is 93.33%)
 !          Best Branches  Non-fixed            Branch decision
              15    2450k       3174              0  = _int1207
              15    2460k       3178              0  = _int3235
              15    2470k       3178              1  = _int1884
              15    2480k       3180              1  = _int2578
              15    2490k       3176              0  = _int163
              15    2500k       3172              0  = _int3230
              15    2510k       3179              0  = _int1151
              15    2520k       3174              1  = _int2826
              15    2530k       3170              1  = _int3402
              15    2540k       3176              1  = _int254
              15    2550k       3174        F     1  = _int2264
              15    2560k       3171              1  = _int3598
              15    2570k       3171              0  = _int3062
              15    2580k       3176              0  = _int1899
              15    2590k       3167        F     0  = _int3414
              15    2600k       3175              1  = _int3808
              15    2610k       3178              0  = _int1177
              15    2620k       3175              0  = _int1818
              15    2630k       3165        F     0  = _int23
              15    2640k       3167              1  = _int782
 ! Time = 502.26s, Average fail depth = 320, Memory usage = 28.9 MB
 ! Current bound is 1 (gap is 93.33%)
 !          Best Branches  Non-fixed            Branch decision
              15    2650k       3169        F     1  = _int3161
              15    2660k       3170              1  = _int3026
              15    2670k       3171              1  = _int3892
              15    2680k       3178              1  = _int494
              15    2690k       3167              1  = _int2460
              15    2700k       3156              1  = _int3594
              15    2710k       3158        F     0  = _int1065
              15    2720k       3163        F     1  = _int217
              15    2730k       3168              1  = _int1646
              15    2740k       3173              0  = _int2681
              15    2750k       3162        F     0  = _int1298
              15    2760k       3172              1  = _int2798
              15    2770k       3165              1  = _int1556
              15    2780k       3152              1  = _int2872
              15    2790k       3144              1  = _int1982
              15    2800k       3156        F     0  = _int2878
              15    2810k       3167              1  = _int983
              15    2820k       3969              1  = _int1368
              15    2830k       3152        F     0  = _int2646
              15    2840k       3154              0  = _int3926
 ! Time = 547.82s, Average fail depth = 315, Memory usage = 28.9 MB
 ! Current bound is 1 (gap is 93.33%)
 !          Best Branches  Non-fixed            Branch decision
              15    2850k       3821        F     1  = _int1435
              15    2860k       3928        F     0  = _int2167
              15    2870k       3943              1  = _int2696
              15    2880k       3943              1  = _int766
              15    2890k       3134              1  = _int3050
              15    2900k       3146              0  = _int317
              15    2910k       2914                 -
              15    2920k         94        F     1  = _int2079
              15    2930k          1              1  = _int3001
              15    2940k        182              1  = _int2518
              15    2950k          1              1  = _int1971
              15    2960k       3142              1  = _int3330
              15    2970k       3152              1  = _int2334
              15    2980k       3154              0  = _int3816
              15    2990k       3156              1  = _int2908
              15    3000k       3159              1  = _int1452
              15    3010k       3161              1  = _int894
              15    3020k       3162        F     1  = _int1989
              15    3030k       3158              0  = _int1368
              15    3040k       3164              1  = _int1962
 ! Time = 597.30s, Average fail depth = 307, Memory usage = 29.5 MB
 ! Current bound is 1 (gap is 93.33%)
 !          Best Branches  Non-fixed            Branch decision
              15    3050k       3167              0  = _int1827
              15    3060k       3167        F     0  = _int3008
              15    3070k       3167              0  = _int1396
              15    3080k       3167              1  = _int457
              15    3090k       3167              0  = _int2145
              15    3100k       3167              0  = _int523
              15    3110k       3168        F     0  = _int3622
              15    3120k       3168              1  = _int628
              15    3130k       3168        F     0  = _int2515
              15    3140k       3170              1  = _int3308
              15    3150k       3171              1  = _int2046
              15    3160k       3171              0  = _int3840
              15    3170k       3173              0  = _int103
              15    3180k       3174              1  = _int2919
              15    3190k       3174              1  = _int1564
              15    3200k       3177              1  = _int2515
              15    3210k       3172              1  = _int114
              15    3220k       3178              1  = _int1452
              15    3230k       3182              0  = _int444
              15    3240k       3185              0  = _int1056
 ! Time = 636.26s, Average fail depth = 305, Memory usage = 29.5 MB
 ! Current bound is 1 (gap is 93.33%)
 !          Best Branches  Non-fixed            Branch decision
              15    3250k       3186              0  = _int2547
              15    3260k       3182              0  = _int1977
              15    3270k       3177              1  = _int1818
              15    3280k       3173              0  = _int233
              15    3290k       3177              1  = _int2216
              15    3300k       3176              1  = _int3493
              15    3310k       3181              1  = _int2288
              15    3320k       3186              1  = _int2977
              15    3330k       3188              0  = _int3840
              15    3340k       3183              1  = _int3354
              15    3350k       3177              1  = _int2216
              15    3360k       3175              1  = _int1207
              15    3370k       3180              0  = _int215
              15    3380k       3175        F     0  = _int3531
              15    3390k       3173              0  = _int3779
              15    3400k       3170              0  = _int2696
              15    3410k       3170              1  = _int464
              15    3420k       3166              1  = _int3008
              15    3430k       3974              0  = _int151
              15    3440k       3982              1  = _int901
 ! Time = 680.32s, Average fail depth = 299, Memory usage = 29.5 MB
 ! Current bound is 1 (gap is 93.33%)
 !          Best Branches  Non-fixed            Branch decision
              15    3450k       3982        F     0  = _int3313
              15    3460k       3164        F     1  = _int2298
              15    3470k       2667              0  = _int3190
              15    3480k       3921              0  = _int2556
              15    3490k       3190              0  = _int3811
              15    3500k          1              1  = _int577
              15    3510k          1        F     0  = _int763
              15    3520k       3115              0  = _int4045
              15    3530k       3172        F     0  = _int3622
              15    3540k       3176              1  = _int3384
              15    3550k       3176              1  = _int3497
              15    3560k       3175              1  = _int567
              15    3570k       3174              1  = _int1870
              15    3580k       3176        F     1  = _int2578
              15    3590k       3177              1  = _int1482
              15    3600k       3174              1  = _int1748
              15    3610k       3174              0  = _int3712
              15    3620k       3175              0  = _int2621
              15    3630k       3175              0  = _int2656
              15    3640k       3177              1  = _int2466
 ! Time = 725.24s, Average fail depth = 297, Memory usage = 29.7 MB
 ! Current bound is 1 (gap is 93.33%)
 !          Best Branches  Non-fixed            Branch decision
              15    3650k       3181              0  = _int3559
              15    3660k       3181              1  = _int1618
              15    3670k       3183              1  = _int3331
              15    3680k       3176              1  = _int2168
              15    3690k       3179              1  = _int3598
              15    3700k       3178              1  = _int2196
              15    3710k       3176              0  = _int2575
              15    3720k       3177        F     0  = _int1090
              15    3730k       3183              0  = _int1297
              15    3740k       3185              0  = _int3073
              15    3750k       3183              1  = _int567
              15    3760k       3182              1  = _int3330
              15    3770k       3183              0  = _int106
              15    3780k       3185              0  = _int200
              15    3790k       3186        F     1  = _int278
              15    3800k       3180              1  = _int2079
              15    3810k       3180              1  = _int130
              15    3820k       3179              0  = _int3811
              15    3830k       3180              1  = _int2094
              15    3840k       3181              0  = _int2298
 ! Time = 765.14s, Average fail depth = 295, Memory usage = 29.7 MB
 ! Current bound is 1 (gap is 93.33%)
 !          Best Branches  Non-fixed            Branch decision
              15    3850k       3184              1  = _int766
              15    3860k       3180              0  = _int1302
              15    3870k       3181              0  = _int4101
              15    3880k       3179        F     0  = _int4101
              15    3890k       3180        F     0  = _int1368
              15    3900k       3183              1  = _int3584
              15    3910k       3182              1  = _int1708
              15    3920k       3180              1  = _int154
              15    3930k       3182              1  = _int3588
              15    3940k       3180              1  = _int1280
              15    3950k       3179              1  = _int2248
              15    3960k       3179              0  = _int444
              15    3970k       3176        F     0  = _int441
              15    3980k       3184        F     0  = _int1881
              15    3990k       3973        F     0  = _int2167
              15    4000k       3957              1  = _int1827
              15    4010k       3964              1  = _int1425
              15    4020k       3157              1  = _int3622
              15    4030k       3169              1  = _int3024
              15    4040k       3965        F     0  = _int1190
 ! Time = 819.55s, Average fail depth = 289, Memory usage = 29.7 MB
 ! Current bound is 1 (gap is 93.33%)
 !          Best Branches  Non-fixed            Branch decision
              15    4050k       3962              1  = _int151
              15    4060k       3998              1  = _int151
              15    4070k       4018        F     1  = _int2089
              15    4080k       3977              1  = _int1653
              15    4090k       3977              1  = _int3497
              15    4100k       3556        F     0  = _int3419
              15    4110k       3557        F     1  = _int1127
              15    4120k       3561        F     1  = _int3161
              15    4130k       3919        F     1  = _int1995
              15    4140k       1015              1  = _int74
              15    4150k          1              0  = _int1516
              15    4160k          1              0  = _int2949
              15    4170k       3155              1  = _int2489
              15    4180k       3167        F     0  = _int3305
              15    4190k       3167              0  = _int639
              15    4200k       3164              1  = _int840
              15    4210k       3164              1  = _int4030
              15    4220k       3162              1  = _int444
              15    4230k       3158        F     0  = _int1393
              15    4240k       3161        F     0  = _int561
 ! Time = 879.98s, Average fail depth = 276, Memory usage = 29.9 MB
 ! Current bound is 1 (gap is 93.33%)
 !          Best Branches  Non-fixed            Branch decision
              15    4250k       3165              1  = _int1610
              15    4260k       3166              0  = _int487
              15    4270k       3164              1  = _int2515
              15    4280k       3158        F     0  = _int1065
              15    4290k       3160              0  = _int2599
              15    4300k       3156              1  = _int2551
              15    4310k       3156              1  = _int2977
              15    4320k       3157              0  = _int999
              15    4330k       3158              0  = _int2919
              15    4340k       3157              1  = _int2166
 ! ----------------------------------------------------------------------------
 ! Search terminated by limit, 14 solutions found.
 ! Best objective         : 15 (gap is 93.33%)
 ! Best bound             : 1
 ! Number of branches     : 4341218
 ! Number of fails        : 996139
 ! Total memory usage     : 34.1 MB (30.0 MB CP Optimizer + 4.2 MB Concert)
 ! Time spent in solve    : 900.00s (900.00s engine + 0.00s extraction)
 ! Search speed (br. / s) : 4823.6
 ! ----------------------------------------------------------------------------
solve:1
Flips: 15
Log Likelihood: -283.805
