reading  from file input/AML-56-001_input.csv
rows: 6804
cols: 1
input zeros:361
input ones:6440
input missing:3
total fp flips allowed:1
adding objective
 ! ----------------------------------------------------------------------------
 ! Minimization problem - 6806 variables, 13607 constraints, 1 phase
 ! Presolve      : 2 extractables eliminated
 ! TimeLimit            = 900
 ! Workers              = 1
 ! LogPeriod            = 10000
 ! Initial process time : 0.14s (0.14s extraction + 0.00s propagation)
 !  . Log search space  : 6802.0 (before), 6802.0 (after)
 !  . Memory usage      : 3.0 MB (before), 3.0 MB (after)
 ! Using sequential search.
 ! ----------------------------------------------------------------------------
 !          Best Branches  Non-fixed            Branch decision
 ! ----------------------------------------------------------------------------
 ! Minimization problem - 6806 variables, 13607 constraints, 1 phase
 ! Presolve      : 2 extractables eliminated
 ! TimeLimit            = 900
 ! Workers              = 1
 ! LogPeriod            = 10000
 ! Initial process time : 0.00s (0.00s extraction + 0.00s propagation)
 !  . Log search space  : 6802.0 (before), 6802.0 (after)
 !  . Memory usage      : 3.0 MB (before), 3.0 MB (after)
 ! Using sequential search.
 ! ----------------------------------------------------------------------------
 !          Best Branches  Non-fixed            Branch decision
                        0       6806                 -
 + New bound is 0
 *             0        1  0.01s               (gap is 0%)
 ! ----------------------------------------------------------------------------
 ! Search completed, 1 solution found.
 ! Best objective         : 0 (optimal - effective tol. is 0)
 ! Best bound             : 0
 ! Number of branches     : 1
 ! Number of fails        : 4
 ! Total memory usage     : 31.7 MB (25.6 MB CP Optimizer + 6.1 MB Concert)
 ! Time spent in solve    : 0.02s (0.02s engine + 0.00s extraction)
 ! Search speed (br. / s) : 33.3
 ! ----------------------------------------------------------------------------
solve:1
Flips: 0
Log Likelihood: -405.685
