Building DAG of jobs...
Using shell: /usr/bin/bash
Provided cores: 5
Rules claiming more threads will be scaled down.
Job counts:
	count	jobs
	1	all
	99	discretize_counts
	100

[Fri Jan 29 23:10:14 2021]
rule discretize_counts:
    input: read_counts/AML-76-001_AD.csv, read_counts/AML-76-001_DP.csv
    output: input/AML-76-001_input.csv, input/AML-76-001.loci
    jobid: 76
    wildcards: patient=AML-76-001

[Fri Jan 29 23:10:14 2021]
rule discretize_counts:
    input: read_counts/AML-28-001_AD.csv, read_counts/AML-28-001_DP.csv
    output: input/AML-28-001_input.csv, input/AML-28-001.loci
    jobid: 30
    wildcards: patient=AML-28-001

[Fri Jan 29 23:10:14 2021]
rule discretize_counts:
    input: read_counts/AML-06-001_AD.csv, read_counts/AML-06-001_DP.csv
    output: input/AML-06-001_input.csv, input/AML-06-001.loci
    jobid: 5
    wildcards: patient=AML-06-001


[Fri Jan 29 23:10:14 2021]
rule discretize_counts:
    input: read_counts/AML-26-001_AD.csv, read_counts/AML-26-001_DP.csv
    output: input/AML-26-001_input.csv, input/AML-26-001.loci
    jobid: 28
    wildcards: patient=AML-26-001

[Fri Jan 29 23:10:14 2021]
[Fri Jan 29 23:10:14 2021]
[Fri Jan 29 23:10:14 2021]
Error in rule discretize_counts:
Error in rule discretize_counts:
Error in rule discretize_counts:
    jobid: 30

    jobid: 76
    jobid: 5
[Fri Jan 29 23:10:14 2021]
    output: input/AML-28-001_input.csv, input/AML-28-001.loci
[Fri Jan 29 23:10:14 2021]
    output: input/AML-76-001_input.csv, input/AML-76-001.loci
    output: input/AML-06-001_input.csv, input/AML-06-001.loci
Error in rule discretize_counts:

rule discretize_counts:
    input: read_counts/AML-01-001_AD.csv, read_counts/AML-01-001_DP.csv
    output: input/AML-01-001_input.csv, input/AML-01-001.loci
    jobid: 1
    wildcards: patient=AML-01-001


    jobid: 28

RuleException:
ValueError in line 26 of /scratch/data/leah/phyolin_private/aml_patients/Snakefile:
Unsupported script: Expecting either Python (.py), R (.R), RMarkdown (.Rmd) or Julia (.jl) script.
  File "/scratch/data/leah/phyolin_private/aml_patients/Snakefile", line 26, in __rule_discretize_counts
  File "/scratch/data/leah/anaconda3/lib/python3.7/concurrent/futures/thread.py", line 57, in run
    output: input/AML-26-001_input.csv, input/AML-26-001.loci
RuleException:
ValueError in line 26 of /scratch/data/leah/phyolin_private/aml_patients/Snakefile:
Unsupported script: Expecting either Python (.py), R (.R), RMarkdown (.Rmd) or Julia (.jl) script.
  File "/scratch/data/leah/phyolin_private/aml_patients/Snakefile", line 26, in __rule_discretize_counts
  File "/scratch/data/leah/anaconda3/lib/python3.7/concurrent/futures/thread.py", line 57, in run

Job failed, going on with independent jobs.
RuleException:
ValueError in line 26 of /scratch/data/leah/phyolin_private/aml_patients/Snakefile:
Unsupported script: Expecting either Python (.py), R (.R), RMarkdown (.Rmd) or Julia (.jl) script.
  File "/scratch/data/leah/phyolin_private/aml_patients/Snakefile", line 26, in __rule_discretize_counts
  File "/scratch/data/leah/anaconda3/lib/python3.7/concurrent/futures/thread.py", line 57, in run
RuleException:
ValueError in line 26 of /scratch/data/leah/phyolin_private/aml_patients/Snakefile:
Unsupported script: Expecting either Python (.py), R (.R), RMarkdown (.Rmd) or Julia (.jl) script.
  File "/scratch/data/leah/phyolin_private/aml_patients/Snakefile", line 26, in __rule_discretize_counts
  File "/scratch/data/leah/anaconda3/lib/python3.7/concurrent/futures/thread.py", line 57, in run
Job failed, going on with independent jobs.
[Fri Jan 29 23:10:14 2021]
Error in rule discretize_counts:
    jobid: 1
    output: input/AML-01-001_input.csv, input/AML-01-001.loci

RuleException:
ValueError in line 26 of /scratch/data/leah/phyolin_private/aml_patients/Snakefile:
Unsupported script: Expecting either Python (.py), R (.R), RMarkdown (.Rmd) or Julia (.jl) script.
  File "/scratch/data/leah/phyolin_private/aml_patients/Snakefile", line 26, in __rule_discretize_counts
  File "/scratch/data/leah/anaconda3/lib/python3.7/concurrent/futures/thread.py", line 57, in run
Job failed, going on with independent jobs.
Job failed, going on with independent jobs.
Job failed, going on with independent jobs.

[Fri Jan 29 23:10:14 2021]
rule discretize_counts:
    input: read_counts/AML-31-001_AD.csv, read_counts/AML-31-001_DP.csv
    output: input/AML-31-001_input.csv, input/AML-31-001.loci
    jobid: 33
    wildcards: patient=AML-31-001

[Fri Jan 29 23:10:14 2021]
rule discretize_counts:
    input: read_counts/AML-66-001_AD.csv, read_counts/AML-66-001_DP.csv
    output: input/AML-66-001_input.csv, input/AML-66-001.loci
    jobid: 66
    wildcards: patient=AML-66-001

[Fri Jan 29 23:10:14 2021]
Error in rule discretize_counts:
    jobid: 33
    output: input/AML-31-001_input.csv, input/AML-31-001.loci

[Fri Jan 29 23:10:14 2021]
rule discretize_counts:
    input: read_counts/AML-77-001_AD.csv, read_counts/AML-77-001_DP.csv
    output: input/AML-77-001_input.csv, input/AML-77-001.loci
    jobid: 77
    wildcards: patient=AML-77-001

RuleException:
ValueError in line 26 of /scratch/data/leah/phyolin_private/aml_patients/Snakefile:
Unsupported script: Expecting either Python (.py), R (.R), RMarkdown (.Rmd) or Julia (.jl) script.
  File "/scratch/data/leah/phyolin_private/aml_patients/Snakefile", line 26, in __rule_discretize_counts
  File "/scratch/data/leah/anaconda3/lib/python3.7/concurrent/futures/thread.py", line 57, in run
Job failed, going on with independent jobs.

[Fri Jan 29 23:10:14 2021]
rule discretize_counts:
    input: read_counts/AML-51-001_AD.csv, read_counts/AML-51-001_DP.csv
    output: input/AML-51-001_input.csv, input/AML-51-001.loci
    jobid: 51
    wildcards: patient=AML-51-001
[Fri Jan 29 23:10:14 2021]

Error in rule discretize_counts:
    jobid: 66
    output: input/AML-66-001_input.csv, input/AML-66-001.loci

[Fri Jan 29 23:10:14 2021]
Error in rule discretize_counts:
    jobid: 77
    output: input/AML-77-001_input.csv, input/AML-77-001.loci

RuleException:
ValueError in line 26 of /scratch/data/leah/phyolin_private/aml_patients/Snakefile:
Unsupported script: Expecting either Python (.py), R (.R), RMarkdown (.Rmd) or Julia (.jl) script.
  File "/scratch/data/leah/phyolin_private/aml_patients/Snakefile", line 26, in __rule_discretize_counts
  File "/scratch/data/leah/anaconda3/lib/python3.7/concurrent/futures/thread.py", line 57, in run
Job failed, going on with independent jobs.
RuleException:
ValueError in line 26 of /scratch/data/leah/phyolin_private/aml_patients/Snakefile:
Unsupported script: Expecting either Python (.py), R (.R), RMarkdown (.Rmd) or Julia (.jl) script.
  File "/scratch/data/leah/phyolin_private/aml_patients/Snakefile", line 26, in __rule_discretize_counts
  File "/scratch/data/leah/anaconda3/lib/python3.7/concurrent/futures/thread.py", line 57, in run
Job failed, going on with independent jobs.

[Fri Jan 29 23:10:14 2021]
rule discretize_counts:
    input: read_counts/AML-74-001_AD.csv, read_counts/AML-74-001_DP.csv
    output: input/AML-74-001_input.csv, input/AML-74-001.loci
    jobid: 74
    wildcards: patient=AML-74-001

[Fri Jan 29 23:10:14 2021]
Error in rule discretize_counts:
    jobid: 51
[Fri Jan 29 23:10:14 2021]
    output: input/AML-51-001_input.csv, input/AML-51-001.loci
Error in rule discretize_counts:

    jobid: 74
    output: input/AML-74-001_input.csv, input/AML-74-001.loci

RuleException:
ValueError in line 26 of /scratch/data/leah/phyolin_private/aml_patients/Snakefile:
Unsupported script: Expecting either Python (.py), R (.R), RMarkdown (.Rmd) or Julia (.jl) script.
  File "/scratch/data/leah/phyolin_private/aml_patients/Snakefile", line 26, in __rule_discretize_counts
  File "/scratch/data/leah/anaconda3/lib/python3.7/concurrent/futures/thread.py", line 57, in run
RuleException:
ValueError in line 26 of /scratch/data/leah/phyolin_private/aml_patients/Snakefile:
Unsupported script: Expecting either Python (.py), R (.R), RMarkdown (.Rmd) or Julia (.jl) script.
  File "/scratch/data/leah/phyolin_private/aml_patients/Snakefile", line 26, in __rule_discretize_counts
  File "/scratch/data/leah/anaconda3/lib/python3.7/concurrent/futures/thread.py", line 57, in run
Job failed, going on with independent jobs.
Job failed, going on with independent jobs.

[Fri Jan 29 23:10:15 2021]
rule discretize_counts:
    input: read_counts/AML-73-001_AD.csv, read_counts/AML-73-001_DP.csv
    output: input/AML-73-001_input.csv, input/AML-73-001.loci
    jobid: 73
    wildcards: patient=AML-73-001

[Fri Jan 29 23:10:15 2021]
rule discretize_counts:
    input: read_counts/AML-14-001_AD.csv, read_counts/AML-14-001_DP.csv
    output: input/AML-14-001_input.csv, input/AML-14-001.loci
    jobid: 16
    wildcards: patient=AML-14-001

[Fri Jan 29 23:10:15 2021]
Error in rule discretize_counts:
    jobid: 73
    output: input/AML-73-001_input.csv, input/AML-73-001.loci

RuleException:
ValueError in line 26 of /scratch/data/leah/phyolin_private/aml_patients/Snakefile:
Unsupported script: Expecting either Python (.py), R (.R), RMarkdown (.Rmd) or Julia (.jl) script.
  File "/scratch/data/leah/phyolin_private/aml_patients/Snakefile", line 26, in __rule_discretize_counts
  File "/scratch/data/leah/anaconda3/lib/python3.7/concurrent/futures/thread.py", line 57, in run
Job failed, going on with independent jobs.
[Fri Jan 29 23:10:15 2021]
Error in rule discretize_counts:
    jobid: 16
    output: input/AML-14-001_input.csv, input/AML-14-001.loci

RuleException:
ValueError in line 26 of /scratch/data/leah/phyolin_private/aml_patients/Snakefile:
Unsupported script: Expecting either Python (.py), R (.R), RMarkdown (.Rmd) or Julia (.jl) script.
  File "/scratch/data/leah/phyolin_private/aml_patients/Snakefile", line 26, in __rule_discretize_counts
  File "/scratch/data/leah/anaconda3/lib/python3.7/concurrent/futures/thread.py", line 57, in run
Job failed, going on with independent jobs.

[Fri Jan 29 23:10:15 2021]
rule discretize_counts:
    input: read_counts/AML-43-001_AD.csv, read_counts/AML-43-001_DP.csv
    output: input/AML-43-001_input.csv, input/AML-43-001.loci
    jobid: 44
    wildcards: patient=AML-43-001

[Fri Jan 29 23:10:15 2021]
Error in rule discretize_counts:
    jobid: 44
    output: input/AML-43-001_input.csv, input/AML-43-001.loci

RuleException:
ValueError in line 26 of /scratch/data/leah/phyolin_private/aml_patients/Snakefile:
Unsupported script: Expecting either Python (.py), R (.R), RMarkdown (.Rmd) or Julia (.jl) script.
  File "/scratch/data/leah/phyolin_private/aml_patients/Snakefile", line 26, in __rule_discretize_counts
  File "/scratch/data/leah/anaconda3/lib/python3.7/concurrent/futures/thread.py", line 57, in run
Job failed, going on with independent jobs.

[Fri Jan 29 23:10:15 2021]
rule discretize_counts:
    input: read_counts/AML-90-001_AD.csv, read_counts/AML-90-001_DP.csv
    output: input/AML-90-001_input.csv, input/AML-90-001.loci
    jobid: 90
    wildcards: patient=AML-90-001

[Fri Jan 29 23:10:15 2021]
Error in rule discretize_counts:
    jobid: 90
    output: input/AML-90-001_input.csv, input/AML-90-001.loci

RuleException:
ValueError in line 26 of /scratch/data/leah/phyolin_private/aml_patients/Snakefile:
Unsupported script: Expecting either Python (.py), R (.R), RMarkdown (.Rmd) or Julia (.jl) script.
  File "/scratch/data/leah/phyolin_private/aml_patients/Snakefile", line 26, in __rule_discretize_counts
  File "/scratch/data/leah/anaconda3/lib/python3.7/concurrent/futures/thread.py", line 57, in run
Job failed, going on with independent jobs.

[Fri Jan 29 23:10:15 2021]
rule discretize_counts:
    input: read_counts/AML-32-001_AD.csv, read_counts/AML-32-001_DP.csv
    output: input/AML-32-001_input.csv, input/AML-32-001.loci
    jobid: 34
    wildcards: patient=AML-32-001

[Fri Jan 29 23:10:15 2021]
Error in rule discretize_counts:
    jobid: 34
    output: input/AML-32-001_input.csv, input/AML-32-001.loci

RuleException:
ValueError in line 26 of /scratch/data/leah/phyolin_private/aml_patients/Snakefile:
Unsupported script: Expecting either Python (.py), R (.R), RMarkdown (.Rmd) or Julia (.jl) script.
  File "/scratch/data/leah/phyolin_private/aml_patients/Snakefile", line 26, in __rule_discretize_counts
  File "/scratch/data/leah/anaconda3/lib/python3.7/concurrent/futures/thread.py", line 57, in run
Job failed, going on with independent jobs.

[Fri Jan 29 23:10:15 2021]
rule discretize_counts:
    input: read_counts/AML-41-001_AD.csv, read_counts/AML-41-001_DP.csv
    output: input/AML-41-001_input.csv, input/AML-41-001.loci
    jobid: 42
    wildcards: patient=AML-41-001

[Fri Jan 29 23:10:15 2021]
rule discretize_counts:
    input: read_counts/AML-09-001_AD.csv, read_counts/AML-09-001_DP.csv
    output: input/AML-09-001_input.csv, input/AML-09-001.loci
    jobid: 8
    wildcards: patient=AML-09-001

[Fri Jan 29 23:10:15 2021]
Error in rule discretize_counts:
    jobid: 42
    output: input/AML-41-001_input.csv, input/AML-41-001.loci


[Fri Jan 29 23:10:15 2021]
rule discretize_counts:
    input: read_counts/AML-83-001_AD.csv, read_counts/AML-83-001_DP.csv
    output: input/AML-83-001_input.csv, input/AML-83-001.loci
    jobid: 83
    wildcards: patient=AML-83-001

RuleException:
ValueError in line 26 of /scratch/data/leah/phyolin_private/aml_patients/Snakefile:
Unsupported script: Expecting either Python (.py), R (.R), RMarkdown (.Rmd) or Julia (.jl) script.
  File "/scratch/data/leah/phyolin_private/aml_patients/Snakefile", line 26, in __rule_discretize_counts
  File "/scratch/data/leah/anaconda3/lib/python3.7/concurrent/futures/thread.py", line 57, in run
Job failed, going on with independent jobs.
[Fri Jan 29 23:10:15 2021]

Error in rule discretize_counts:
[Fri Jan 29 23:10:15 2021]
    jobid: 8
rule discretize_counts:
    input: read_counts/AML-67-001_AD.csv, read_counts/AML-67-001_DP.csv
    output: input/AML-67-001_input.csv, input/AML-67-001.loci
    jobid: 67
    wildcards: patient=AML-67-001
    output: input/AML-09-001_input.csv, input/AML-09-001.loci

[Fri Jan 29 23:10:15 2021]

Error in rule discretize_counts:
    jobid: 83
    output: input/AML-83-001_input.csv, input/AML-83-001.loci

RuleException:
ValueError in line 26 of /scratch/data/leah/phyolin_private/aml_patients/Snakefile:
Unsupported script: Expecting either Python (.py), R (.R), RMarkdown (.Rmd) or Julia (.jl) script.
  File "/scratch/data/leah/phyolin_private/aml_patients/Snakefile", line 26, in __rule_discretize_counts
  File "/scratch/data/leah/anaconda3/lib/python3.7/concurrent/futures/thread.py", line 57, in run
Job failed, going on with independent jobs.

[Fri Jan 29 23:10:15 2021]
RuleException:
ValueError in line 26 of /scratch/data/leah/phyolin_private/aml_patients/Snakefile:
Unsupported script: Expecting either Python (.py), R (.R), RMarkdown (.Rmd) or Julia (.jl) script.
  File "/scratch/data/leah/phyolin_private/aml_patients/Snakefile", line 26, in __rule_discretize_counts
  File "/scratch/data/leah/anaconda3/lib/python3.7/concurrent/futures/thread.py", line 57, in run
rule discretize_counts:
    input: read_counts/AML-02-001_AD.csv, read_counts/AML-02-001_DP.csv
    output: input/AML-02-001_input.csv, input/AML-02-001.loci
    jobid: 2
    wildcards: patient=AML-02-001
[Fri Jan 29 23:10:15 2021]

Job failed, going on with independent jobs.
Error in rule discretize_counts:
    jobid: 67
    output: input/AML-67-001_input.csv, input/AML-67-001.loci

RuleException:
ValueError in line 26 of /scratch/data/leah/phyolin_private/aml_patients/Snakefile:
Unsupported script: Expecting either Python (.py), R (.R), RMarkdown (.Rmd) or Julia (.jl) script.
  File "/scratch/data/leah/phyolin_private/aml_patients/Snakefile", line 26, in __rule_discretize_counts
  File "/scratch/data/leah/anaconda3/lib/python3.7/concurrent/futures/thread.py", line 57, in run
Job failed, going on with independent jobs.
[Fri Jan 29 23:10:15 2021]
Error in rule discretize_counts:
    jobid: 2
    output: input/AML-02-001_input.csv, input/AML-02-001.loci

RuleException:
ValueError in line 26 of /scratch/data/leah/phyolin_private/aml_patients/Snakefile:
Unsupported script: Expecting either Python (.py), R (.R), RMarkdown (.Rmd) or Julia (.jl) script.
  File "/scratch/data/leah/phyolin_private/aml_patients/Snakefile", line 26, in __rule_discretize_counts
  File "/scratch/data/leah/anaconda3/lib/python3.7/concurrent/futures/thread.py", line 57, in run
Job failed, going on with independent jobs.

[Fri Jan 29 23:10:16 2021]
rule discretize_counts:
    input: read_counts/AML-100-001_AD.csv, read_counts/AML-100-001_DP.csv
    output: input/AML-100-001_input.csv, input/AML-100-001.loci
    jobid: 9
    wildcards: patient=AML-100-001

[Fri Jan 29 23:10:16 2021]
rule discretize_counts:
    input: read_counts/AML-39-001_AD.csv, read_counts/AML-39-001_DP.csv
    output: input/AML-39-001_input.csv, input/AML-39-001.loci
    jobid: 40
    wildcards: patient=AML-39-001

[Fri Jan 29 23:10:16 2021]
Error in rule discretize_counts:
    jobid: 9
    output: input/AML-100-001_input.csv, input/AML-100-001.loci

RuleException:
ValueError in line 26 of /scratch/data/leah/phyolin_private/aml_patients/Snakefile:
Unsupported script: Expecting either Python (.py), R (.R), RMarkdown (.Rmd) or Julia (.jl) script.
  File "/scratch/data/leah/phyolin_private/aml_patients/Snakefile", line 26, in __rule_discretize_counts
  File "/scratch/data/leah/anaconda3/lib/python3.7/concurrent/futures/thread.py", line 57, in run
[Fri Jan 29 23:10:16 2021]
Error in rule discretize_counts:
Job failed, going on with independent jobs.
    jobid: 40
    output: input/AML-39-001_input.csv, input/AML-39-001.loci

RuleException:
ValueError in line 26 of /scratch/data/leah/phyolin_private/aml_patients/Snakefile:
Unsupported script: Expecting either Python (.py), R (.R), RMarkdown (.Rmd) or Julia (.jl) script.
  File "/scratch/data/leah/phyolin_private/aml_patients/Snakefile", line 26, in __rule_discretize_counts
  File "/scratch/data/leah/anaconda3/lib/python3.7/concurrent/futures/thread.py", line 57, in run

[Fri Jan 29 23:10:16 2021]
rule discretize_counts:
    input: read_counts/AML-40-001_AD.csv, read_counts/AML-40-001_DP.csv
    output: input/AML-40-001_input.csv, input/AML-40-001.loci
    jobid: 41
    wildcards: patient=AML-40-001
Job failed, going on with independent jobs.

[Fri Jan 29 23:10:16 2021]
Error in rule discretize_counts:
    jobid: 41
    output: input/AML-40-001_input.csv, input/AML-40-001.loci

RuleException:
ValueError in line 26 of /scratch/data/leah/phyolin_private/aml_patients/Snakefile:
Unsupported script: Expecting either Python (.py), R (.R), RMarkdown (.Rmd) or Julia (.jl) script.
  File "/scratch/data/leah/phyolin_private/aml_patients/Snakefile", line 26, in __rule_discretize_counts
  File "/scratch/data/leah/anaconda3/lib/python3.7/concurrent/futures/thread.py", line 57, in run
Job failed, going on with independent jobs.

[Fri Jan 29 23:10:16 2021]
rule discretize_counts:
    input: read_counts/AML-13-001_AD.csv, read_counts/AML-13-001_DP.csv
    output: input/AML-13-001_input.csv, input/AML-13-001.loci
    jobid: 15
    wildcards: patient=AML-13-001

[Fri Jan 29 23:10:16 2021]
Error in rule discretize_counts:
    jobid: 15
    output: input/AML-13-001_input.csv, input/AML-13-001.loci

RuleException:
ValueError in line 26 of /scratch/data/leah/phyolin_private/aml_patients/Snakefile:
Unsupported script: Expecting either Python (.py), R (.R), RMarkdown (.Rmd) or Julia (.jl) script.
  File "/scratch/data/leah/phyolin_private/aml_patients/Snakefile", line 26, in __rule_discretize_counts
  File "/scratch/data/leah/anaconda3/lib/python3.7/concurrent/futures/thread.py", line 57, in run
Job failed, going on with independent jobs.

[Fri Jan 29 23:10:16 2021]
rule discretize_counts:
    input: read_counts/AML-82-001_AD.csv, read_counts/AML-82-001_DP.csv
    output: input/AML-82-001_input.csv, input/AML-82-001.loci
    jobid: 82
    wildcards: patient=AML-82-001

[Fri Jan 29 23:10:16 2021]
Error in rule discretize_counts:
    jobid: 82
    output: input/AML-82-001_input.csv, input/AML-82-001.loci

RuleException:
ValueError in line 26 of /scratch/data/leah/phyolin_private/aml_patients/Snakefile:
Unsupported script: Expecting either Python (.py), R (.R), RMarkdown (.Rmd) or Julia (.jl) script.
  File "/scratch/data/leah/phyolin_private/aml_patients/Snakefile", line 26, in __rule_discretize_counts
  File "/scratch/data/leah/anaconda3/lib/python3.7/concurrent/futures/thread.py", line 57, in run
Job failed, going on with independent jobs.

[Fri Jan 29 23:10:16 2021]
rule discretize_counts:
    input: read_counts/AML-98-001_AD.csv, read_counts/AML-98-001_DP.csv
    output: input/AML-98-001_input.csv, input/AML-98-001.loci
    jobid: 98
    wildcards: patient=AML-98-001

[Fri Jan 29 23:10:16 2021]
Error in rule discretize_counts:
    jobid: 98
    output: input/AML-98-001_input.csv, input/AML-98-001.loci

RuleException:
ValueError in line 26 of /scratch/data/leah/phyolin_private/aml_patients/Snakefile:
Unsupported script: Expecting either Python (.py), R (.R), RMarkdown (.Rmd) or Julia (.jl) script.
  File "/scratch/data/leah/phyolin_private/aml_patients/Snakefile", line 26, in __rule_discretize_counts
  File "/scratch/data/leah/anaconda3/lib/python3.7/concurrent/futures/thread.py", line 57, in run

[Fri Jan 29 23:10:16 2021]
rule discretize_counts:
    input: read_counts/AML-63-001_AD.csv, read_counts/AML-63-001_DP.csv
    output: input/AML-63-001_input.csv, input/AML-63-001.loci
    jobid: 63
    wildcards: patient=AML-63-001
Job failed, going on with independent jobs.

[Fri Jan 29 23:10:16 2021]
Error in rule discretize_counts:
    jobid: 63
    output: input/AML-63-001_input.csv, input/AML-63-001.loci

RuleException:
ValueError in line 26 of /scratch/data/leah/phyolin_private/aml_patients/Snakefile:
Unsupported script: Expecting either Python (.py), R (.R), RMarkdown (.Rmd) or Julia (.jl) script.
  File "/scratch/data/leah/phyolin_private/aml_patients/Snakefile", line 26, in __rule_discretize_counts
  File "/scratch/data/leah/anaconda3/lib/python3.7/concurrent/futures/thread.py", line 57, in run
Job failed, going on with independent jobs.

[Fri Jan 29 23:10:16 2021]
rule discretize_counts:
    input: read_counts/AML-85-001_AD.csv, read_counts/AML-85-001_DP.csv
    output: input/AML-85-001_input.csv, input/AML-85-001.loci
    jobid: 85
    wildcards: patient=AML-85-001

[Fri Jan 29 23:10:16 2021]
Error in rule discretize_counts:
    jobid: 85
    output: input/AML-85-001_input.csv, input/AML-85-001.loci

RuleException:
ValueError in line 26 of /scratch/data/leah/phyolin_private/aml_patients/Snakefile:
Unsupported script: Expecting either Python (.py), R (.R), RMarkdown (.Rmd) or Julia (.jl) script.
  File "/scratch/data/leah/phyolin_private/aml_patients/Snakefile", line 26, in __rule_discretize_counts
  File "/scratch/data/leah/anaconda3/lib/python3.7/concurrent/futures/thread.py", line 57, in run
Job failed, going on with independent jobs.

[Fri Jan 29 23:10:16 2021]
rule discretize_counts:
    input: read_counts/AML-92-001_AD.csv, read_counts/AML-92-001_DP.csv
    output: input/AML-92-001_input.csv, input/AML-92-001.loci
    jobid: 92
    wildcards: patient=AML-92-001

[Fri Jan 29 23:10:16 2021]
Error in rule discretize_counts:
    jobid: 92

    output: input/AML-92-001_input.csv, input/AML-92-001.loci
[Fri Jan 29 23:10:16 2021]

rule discretize_counts:
    input: read_counts/AML-20-001_AD.csv, read_counts/AML-20-001_DP.csv
    output: input/AML-20-001_input.csv, input/AML-20-001.loci
    jobid: 22
    wildcards: patient=AML-20-001

RuleException:
ValueError in line 26 of /scratch/data/leah/phyolin_private/aml_patients/Snakefile:
Unsupported script: Expecting either Python (.py), R (.R), RMarkdown (.Rmd) or Julia (.jl) script.
  File "/scratch/data/leah/phyolin_private/aml_patients/Snakefile", line 26, in __rule_discretize_counts
  File "/scratch/data/leah/anaconda3/lib/python3.7/concurrent/futures/thread.py", line 57, in run
Job failed, going on with independent jobs.
[Fri Jan 29 23:10:16 2021]
Error in rule discretize_counts:
    jobid: 22
    output: input/AML-20-001_input.csv, input/AML-20-001.loci

RuleException:
ValueError in line 26 of /scratch/data/leah/phyolin_private/aml_patients/Snakefile:
Unsupported script: Expecting either Python (.py), R (.R), RMarkdown (.Rmd) or Julia (.jl) script.
  File "/scratch/data/leah/phyolin_private/aml_patients/Snakefile", line 26, in __rule_discretize_counts
  File "/scratch/data/leah/anaconda3/lib/python3.7/concurrent/futures/thread.py", line 57, in run
Job failed, going on with independent jobs.
Terminating processes on user request, this might take some time.
Complete log: /scratch/data/leah/phyolin_private/aml_patients/.snakemake/log/2021-01-29T231014.076088.snakemake.log
