Building DAG of jobs...
Using shell: /usr/bin/bash
Provided cores: 5
Rules claiming more threads will be scaled down.
Job counts:
	count	jobs
	1	all
	99	discretize_counts
	100

[Sat Jan 30 19:04:12 2021]
rule discretize_counts:
    input: read_counts/AML-15-001_AD.csv, read_counts/AML-15-001_DP.csv
    output: input/AML-15-001_input.csv, input/AML-15-001.loci
    jobid: 17
    wildcards: patient=AML-15-001

[Sat Jan 30 19:04:12 2021]
rule discretize_counts:
    input: read_counts/AML-02-001_AD.csv, read_counts/AML-02-001_DP.csv
    output: input/AML-02-001_input.csv, input/AML-02-001.loci
    jobid: 2
    wildcards: patient=AML-02-001

[Sat Jan 30 19:04:12 2021]
rule discretize_counts:
    input: read_counts/AML-73-001_AD.csv, read_counts/AML-73-001_DP.csv
    output: input/AML-73-001_input.csv, input/AML-73-001.loci
    jobid: 73
    wildcards: patient=AML-73-001

[Sat Jan 30 19:04:12 2021]
rule discretize_counts:
    input: read_counts/AML-01-001_AD.csv, read_counts/AML-01-001_DP.csv
    output: input/AML-01-001_input.csv, input/AML-01-001.loci
    jobid: 1
    wildcards: patient=AML-01-001

[Sat Jan 30 19:04:12 2021]
rule discretize_counts:
    input: read_counts/AML-03-001_AD.csv, read_counts/AML-03-001_DP.csv
    output: input/AML-03-001_input.csv, input/AML-03-001.loci
    jobid: 3
    wildcards: patient=AML-03-001

[Sat Jan 30 19:04:16 2021]
Finished job 17.
1 of 100 steps (1%) done
[Sat Jan 30 19:04:17 2021]
Finished job 3.
2 of 100 steps (2%) done
[Sat Jan 30 19:04:18 2021]
Finished job 73.
3 of 100 steps (3%) done
[Sat Jan 30 19:04:18 2021]
Finished job 2.
4 of 100 steps (4%) done
[Sat Jan 30 19:04:19 2021]
Finished job 1.
5 of 100 steps (5%) done

[Sat Jan 30 19:04:19 2021]
rule discretize_counts:
    input: read_counts/AML-17-001_AD.csv, read_counts/AML-17-001_DP.csv
    output: input/AML-17-001_input.csv, input/AML-17-001.loci
    jobid: 19
    wildcards: patient=AML-17-001

[Sat Jan 30 19:04:19 2021]
rule discretize_counts:
    input: read_counts/AML-42-001_AD.csv, read_counts/AML-42-001_DP.csv
    output: input/AML-42-001_input.csv, input/AML-42-001.loci
    jobid: 43
    wildcards: patient=AML-42-001


[Sat Jan 30 19:04:19 2021]
rule discretize_counts:
    input: read_counts/AML-61-001_AD.csv, read_counts/AML-61-001_DP.csv
    output: input/AML-61-001_input.csv, input/AML-61-001.loci
    jobid: 61
    wildcards: patient=AML-61-001


[Sat Jan 30 19:04:19 2021]
rule discretize_counts:
    input: read_counts/AML-14-001_AD.csv, read_counts/AML-14-001_DP.csv
    output: input/AML-14-001_input.csv, input/AML-14-001.loci
    jobid: 16
    wildcards: patient=AML-14-001


[Sat Jan 30 19:04:19 2021]
rule discretize_counts:
    input: read_counts/AML-16-001_AD.csv, read_counts/AML-16-001_DP.csv
    output: input/AML-16-001_input.csv, input/AML-16-001.loci
    jobid: 18
    wildcards: patient=AML-16-001

[Sat Jan 30 19:04:23 2021]
Finished job 19.
6 of 100 steps (6%) done
[Sat Jan 30 19:04:23 2021]
Finished job 43.
7 of 100 steps (7%) done
[Sat Jan 30 19:04:24 2021]
Finished job 61.
8 of 100 steps (8%) done
[Sat Jan 30 19:04:24 2021]
Finished job 18.
9 of 100 steps (9%) done
[Sat Jan 30 19:04:25 2021]
Finished job 16.
10 of 100 steps (10%) done

[Sat Jan 30 19:04:25 2021]
rule discretize_counts:
    input: read_counts/AML-89-001_AD.csv, read_counts/AML-89-001_DP.csv
    output: input/AML-89-001_input.csv, input/AML-89-001.loci
    jobid: 89
    wildcards: patient=AML-89-001

[Sat Jan 30 19:04:25 2021]
rule discretize_counts:
    input: read_counts/AML-72-001_AD.csv, read_counts/AML-72-001_DP.csv
    output: input/AML-72-001_input.csv, input/AML-72-001.loci
    jobid: 72
    wildcards: patient=AML-72-001


[Sat Jan 30 19:04:25 2021]
rule discretize_counts:
    input: read_counts/AML-13-001_AD.csv, read_counts/AML-13-001_DP.csv
    output: input/AML-13-001_input.csv, input/AML-13-001.loci
    jobid: 15
    wildcards: patient=AML-13-001

[Sat Jan 30 19:04:25 2021]
rule discretize_counts:
    input: read_counts/AML-05-001_AD.csv, read_counts/AML-05-001_DP.csv
    output: input/AML-05-001_input.csv, input/AML-05-001.loci
    jobid: 4
    wildcards: patient=AML-05-001


[Sat Jan 30 19:04:25 2021]
rule discretize_counts:
    input: read_counts/AML-06-001_AD.csv, read_counts/AML-06-001_DP.csv
    output: input/AML-06-001_input.csv, input/AML-06-001.loci
    jobid: 5
    wildcards: patient=AML-06-001

[Sat Jan 30 19:04:29 2021]
Finished job 89.
11 of 100 steps (11%) done
[Sat Jan 30 19:04:29 2021]
Finished job 4.
12 of 100 steps (12%) done
[Sat Jan 30 19:04:29 2021]
Finished job 72.
13 of 100 steps (13%) done
[Sat Jan 30 19:04:31 2021]
Finished job 15.
14 of 100 steps (14%) done
[Sat Jan 30 19:04:32 2021]
Finished job 5.
15 of 100 steps (15%) done

[Sat Jan 30 19:04:32 2021]
rule discretize_counts:
    input: read_counts/AML-59-001_AD.csv, read_counts/AML-59-001_DP.csv
    output: input/AML-59-001_input.csv, input/AML-59-001.loci
    jobid: 59
    wildcards: patient=AML-59-001

[Sat Jan 30 19:04:32 2021]
rule discretize_counts:
    input: read_counts/AML-74-001_AD.csv, read_counts/AML-74-001_DP.csv
    output: input/AML-74-001_input.csv, input/AML-74-001.loci
    jobid: 74
    wildcards: patient=AML-74-001


[Sat Jan 30 19:04:32 2021]
rule discretize_counts:
    input: read_counts/AML-43-001_AD.csv, read_counts/AML-43-001_DP.csv
    output: input/AML-43-001_input.csv, input/AML-43-001.loci
    jobid: 44
    wildcards: patient=AML-43-001

[Sat Jan 30 19:04:32 2021]
rule discretize_counts:
    input: read_counts/AML-86-001_AD.csv, read_counts/AML-86-001_DP.csv
    output: input/AML-86-001_input.csv, input/AML-86-001.loci
    jobid: 86
    wildcards: patient=AML-86-001

[Sat Jan 30 19:04:32 2021]
rule discretize_counts:
    input: read_counts/AML-18-001_AD.csv, read_counts/AML-18-001_DP.csv
    output: input/AML-18-001_input.csv, input/AML-18-001.loci
    jobid: 20
    wildcards: patient=AML-18-001

[Sat Jan 30 19:04:35 2021]
Finished job 59.
16 of 100 steps (16%) done
[Sat Jan 30 19:04:36 2021]
Finished job 86.
17 of 100 steps (17%) done
[Sat Jan 30 19:04:36 2021]
Finished job 20.
18 of 100 steps (18%) done
[Sat Jan 30 19:04:38 2021]
Finished job 44.
19 of 100 steps (19%) done
[Sat Jan 30 19:04:38 2021]
Finished job 74.
20 of 100 steps (20%) done

[Sat Jan 30 19:04:38 2021]
rule discretize_counts:
    input: read_counts/AML-07-001_AD.csv, read_counts/AML-07-001_DP.csv
    output: input/AML-07-001_input.csv, input/AML-07-001.loci
    jobid: 6
    wildcards: patient=AML-07-001

[Sat Jan 30 19:04:38 2021]
rule discretize_counts:
    input: read_counts/AML-40-001_AD.csv, read_counts/AML-40-001_DP.csv
    output: input/AML-40-001_input.csv, input/AML-40-001.loci
    jobid: 41
    wildcards: patient=AML-40-001


[Sat Jan 30 19:04:38 2021]
rule discretize_counts:
    input: read_counts/AML-58-001_AD.csv, read_counts/AML-58-001_DP.csv
    output: input/AML-58-001_input.csv, input/AML-58-001.loci
    jobid: 58
    wildcards: patient=AML-58-001


[Sat Jan 30 19:04:38 2021]
rule discretize_counts:
    input: read_counts/AML-46-001_AD.csv, read_counts/AML-46-001_DP.csv
    output: input/AML-46-001_input.csv, input/AML-46-001.loci
    jobid: 46
    wildcards: patient=AML-46-001

[Sat Jan 30 19:04:38 2021]
rule discretize_counts:
    input: read_counts/AML-88-001_AD.csv, read_counts/AML-88-001_DP.csv
    output: input/AML-88-001_input.csv, input/AML-88-001.loci
    jobid: 88
    wildcards: patient=AML-88-001

[Sat Jan 30 19:04:42 2021]
Finished job 6.
21 of 100 steps (21%) done
[Sat Jan 30 19:04:42 2021]
Finished job 46.
22 of 100 steps (22%) done
[Sat Jan 30 19:04:42 2021]
Finished job 58.
23 of 100 steps (23%) done
[Sat Jan 30 19:04:43 2021]
Finished job 88.
24 of 100 steps (24%) done
[Sat Jan 30 19:04:44 2021]
Finished job 41.
25 of 100 steps (25%) done

[Sat Jan 30 19:04:44 2021]
rule discretize_counts:
    input: read_counts/AML-34-001_AD.csv, read_counts/AML-34-001_DP.csv
    output: input/AML-34-001_input.csv, input/AML-34-001.loci
    jobid: 36
    wildcards: patient=AML-34-001

[Sat Jan 30 19:04:44 2021]
rule discretize_counts:
    input: read_counts/AML-21-001_AD.csv, read_counts/AML-21-001_DP.csv
    output: input/AML-21-001_input.csv, input/AML-21-001.loci
    jobid: 23
    wildcards: patient=AML-21-001


[Sat Jan 30 19:04:44 2021]
rule discretize_counts:
    input: read_counts/AML-25-001_AD.csv, read_counts/AML-25-001_DP.csv
    output: input/AML-25-001_input.csv, input/AML-25-001.loci
    jobid: 27
    wildcards: patient=AML-25-001

[Sat Jan 30 19:04:44 2021]
rule discretize_counts:
    input: read_counts/AML-116-001_AD.csv, read_counts/AML-116-001_DP.csv
    output: input/AML-116-001_input.csv, input/AML-116-001.loci
    jobid: 13
    wildcards: patient=AML-116-001


[Sat Jan 30 19:04:44 2021]
rule discretize_counts:
    input: read_counts/AML-26-001_AD.csv, read_counts/AML-26-001_DP.csv
    output: input/AML-26-001_input.csv, input/AML-26-001.loci
    jobid: 28
    wildcards: patient=AML-26-001

[Sat Jan 30 19:04:46 2021]
Finished job 13.
26 of 100 steps (26%) done
[Sat Jan 30 19:04:48 2021]
Finished job 36.
27 of 100 steps (27%) done
[Sat Jan 30 19:04:48 2021]
Finished job 27.
28 of 100 steps (28%) done
[Sat Jan 30 19:04:48 2021]
Finished job 23.
29 of 100 steps (29%) done
[Sat Jan 30 19:04:51 2021]
Finished job 28.
30 of 100 steps (30%) done

[Sat Jan 30 19:04:51 2021]
rule discretize_counts:
    input: read_counts/AML-51-001_AD.csv, read_counts/AML-51-001_DP.csv
    output: input/AML-51-001_input.csv, input/AML-51-001.loci
    jobid: 51
    wildcards: patient=AML-51-001

[Sat Jan 30 19:04:51 2021]
rule discretize_counts:
    input: read_counts/AML-87-001_AD.csv, read_counts/AML-87-001_DP.csv
    output: input/AML-87-001_input.csv, input/AML-87-001.loci
    jobid: 87
    wildcards: patient=AML-87-001


[Sat Jan 30 19:04:51 2021]
rule discretize_counts:
    input: read_counts/AML-80-001_AD.csv, read_counts/AML-80-001_DP.csv
    output: input/AML-80-001_input.csv, input/AML-80-001.loci
    jobid: 80
    wildcards: patient=AML-80-001

[Sat Jan 30 19:04:51 2021]
rule discretize_counts:
    input: read_counts/AML-95-001_AD.csv, read_counts/AML-95-001_DP.csv
    output: input/AML-95-001_input.csv, input/AML-95-001.loci
    jobid: 95
    wildcards: patient=AML-95-001


[Sat Jan 30 19:04:51 2021]
rule discretize_counts:
    input: read_counts/AML-65-001_AD.csv, read_counts/AML-65-001_DP.csv
    output: input/AML-65-001_input.csv, input/AML-65-001.loci
    jobid: 65
    wildcards: patient=AML-65-001

[Sat Jan 30 19:04:53 2021]
Finished job 80.
31 of 100 steps (31%) done
[Sat Jan 30 19:04:54 2021]
Finished job 87.
32 of 100 steps (32%) done
[Sat Jan 30 19:04:54 2021]
Finished job 65.
33 of 100 steps (33%) done
[Sat Jan 30 19:04:55 2021]
Finished job 95.
34 of 100 steps (34%) done
[Sat Jan 30 19:04:57 2021]
Finished job 51.
35 of 100 steps (35%) done

[Sat Jan 30 19:04:57 2021]
rule discretize_counts:
    input: read_counts/AML-81-001_AD.csv, read_counts/AML-81-001_DP.csv
    output: input/AML-81-001_input.csv, input/AML-81-001.loci
    jobid: 81
    wildcards: patient=AML-81-001

[Sat Jan 30 19:04:57 2021]
rule discretize_counts:
    input: read_counts/AML-60-001_AD.csv, read_counts/AML-60-001_DP.csv
    output: input/AML-60-001_input.csv, input/AML-60-001.loci
    jobid: 60
    wildcards: patient=AML-60-001


[Sat Jan 30 19:04:57 2021]
rule discretize_counts:
    input: read_counts/AML-32-001_AD.csv, read_counts/AML-32-001_DP.csv
    output: input/AML-32-001_input.csv, input/AML-32-001.loci
    jobid: 34
    wildcards: patient=AML-32-001


[Sat Jan 30 19:04:57 2021]
rule discretize_counts:
    input: read_counts/AML-24-001_AD.csv, read_counts/AML-24-001_DP.csv
    output: input/AML-24-001_input.csv, input/AML-24-001.loci
    jobid: 26
    wildcards: patient=AML-24-001


[Sat Jan 30 19:04:57 2021]
rule discretize_counts:
    input: read_counts/AML-101-001_AD.csv, read_counts/AML-101-001_DP.csv
    output: input/AML-101-001_input.csv, input/AML-101-001.loci
    jobid: 11
    wildcards: patient=AML-101-001

[Sat Jan 30 19:05:00 2021]
Finished job 11.
36 of 100 steps (36%) done
[Sat Jan 30 19:05:01 2021]
Finished job 26.
37 of 100 steps (37%) done
[Sat Jan 30 19:05:01 2021]
Finished job 81.
38 of 100 steps (38%) done
[Sat Jan 30 19:05:02 2021]
Finished job 60.
39 of 100 steps (39%) done
[Sat Jan 30 19:05:03 2021]
Finished job 34.
40 of 100 steps (40%) done

[Sat Jan 30 19:05:03 2021]
rule discretize_counts:
    input: read_counts/AML-19-001_AD.csv, read_counts/AML-19-001_DP.csv
    output: input/AML-19-001_input.csv, input/AML-19-001.loci
    jobid: 21
    wildcards: patient=AML-19-001

[Sat Jan 30 19:05:03 2021]
rule discretize_counts:
    input: read_counts/AML-64-001_AD.csv, read_counts/AML-64-001_DP.csv
    output: input/AML-64-001_input.csv, input/AML-64-001.loci
    jobid: 64
    wildcards: patient=AML-64-001


[Sat Jan 30 19:05:03 2021]
rule discretize_counts:
    input: read_counts/AML-49-001_AD.csv, read_counts/AML-49-001_DP.csv
    output: input/AML-49-001_input.csv, input/AML-49-001.loci
    jobid: 49
    wildcards: patient=AML-49-001


[Sat Jan 30 19:05:03 2021]
rule discretize_counts:
    input: read_counts/AML-71-001_AD.csv, read_counts/AML-71-001_DP.csv
    output: input/AML-71-001_input.csv, input/AML-71-001.loci
    jobid: 71
    wildcards: patient=AML-71-001


[Sat Jan 30 19:05:03 2021]
rule discretize_counts:
    input: read_counts/AML-56-001_AD.csv, read_counts/AML-56-001_DP.csv
    output: input/AML-56-001_input.csv, input/AML-56-001.loci
    jobid: 56
    wildcards: patient=AML-56-001

[Sat Jan 30 19:05:06 2021]
Finished job 56.
41 of 100 steps (41%) done
[Sat Jan 30 19:05:07 2021]
Finished job 21.
42 of 100 steps (42%) done
[Sat Jan 30 19:05:07 2021]
Finished job 49.
43 of 100 steps (43%) done
[Sat Jan 30 19:05:08 2021]
Finished job 64.
44 of 100 steps (44%) done
[Sat Jan 30 19:05:08 2021]
Finished job 71.
45 of 100 steps (45%) done

[Sat Jan 30 19:05:08 2021]
rule discretize_counts:
    input: read_counts/AML-27-001_AD.csv, read_counts/AML-27-001_DP.csv
    output: input/AML-27-001_input.csv, input/AML-27-001.loci
    jobid: 29
    wildcards: patient=AML-27-001

[Sat Jan 30 19:05:08 2021]
rule discretize_counts:
    input: read_counts/AML-94-001_AD.csv, read_counts/AML-94-001_DP.csv
    output: input/AML-94-001_input.csv, input/AML-94-001.loci
    jobid: 94
    wildcards: patient=AML-94-001


[Sat Jan 30 19:05:08 2021]
rule discretize_counts:
    input: read_counts/AML-79-001_AD.csv, read_counts/AML-79-001_DP.csv
    output: input/AML-79-001_input.csv, input/AML-79-001.loci
    jobid: 79
    wildcards: patient=AML-79-001


[Sat Jan 30 19:05:08 2021]
rule discretize_counts:
    input: read_counts/AML-78-001_AD.csv, read_counts/AML-78-001_DP.csv
    output: input/AML-78-001_input.csv, input/AML-78-001.loci
    jobid: 78
    wildcards: patient=AML-78-001

[Sat Jan 30 19:05:08 2021]
rule discretize_counts:
    input: read_counts/AML-93-001_AD.csv, read_counts/AML-93-001_DP.csv
    output: input/AML-93-001_input.csv, input/AML-93-001.loci
    jobid: 93
    wildcards: patient=AML-93-001

[Sat Jan 30 19:05:11 2021]
Finished job 79.
46 of 100 steps (46%) done
[Sat Jan 30 19:05:11 2021]
Finished job 78.
47 of 100 steps (47%) done
[Sat Jan 30 19:05:11 2021]
Finished job 29.
48 of 100 steps (48%) done
[Sat Jan 30 19:05:12 2021]
Finished job 93.
49 of 100 steps (49%) done
[Sat Jan 30 19:05:12 2021]
Finished job 94.
50 of 100 steps (50%) done

[Sat Jan 30 19:05:12 2021]
rule discretize_counts:
    input: read_counts/AML-41-001_AD.csv, read_counts/AML-41-001_DP.csv
    output: input/AML-41-001_input.csv, input/AML-41-001.loci
    jobid: 42
    wildcards: patient=AML-41-001

[Sat Jan 30 19:05:12 2021]
rule discretize_counts:
    input: read_counts/AML-35-001_AD.csv, read_counts/AML-35-001_DP.csv
    output: input/AML-35-001_input.csv, input/AML-35-001.loci
    jobid: 37
    wildcards: patient=AML-35-001


[Sat Jan 30 19:05:12 2021]
rule discretize_counts:
    input: read_counts/AML-63-001_AD.csv, read_counts/AML-63-001_DP.csv
    output: input/AML-63-001_input.csv, input/AML-63-001.loci
    jobid: 63
    wildcards: patient=AML-63-001

[Sat Jan 30 19:05:12 2021]
rule discretize_counts:
    input: read_counts/AML-31-001_AD.csv, read_counts/AML-31-001_DP.csv
    output: input/AML-31-001_input.csv, input/AML-31-001.loci
    jobid: 33
    wildcards: patient=AML-31-001


[Sat Jan 30 19:05:12 2021]
rule discretize_counts:
    input: read_counts/AML-48-001_AD.csv, read_counts/AML-48-001_DP.csv
    output: input/AML-48-001_input.csv, input/AML-48-001.loci
    jobid: 48
    wildcards: patient=AML-48-001

[Sat Jan 30 19:05:15 2021]
Finished job 48.
51 of 100 steps (51%) done
[Sat Jan 30 19:05:16 2021]
Finished job 37.
52 of 100 steps (52%) done
[Sat Jan 30 19:05:17 2021]
Finished job 63.
53 of 100 steps (53%) done
[Sat Jan 30 19:05:19 2021]
Finished job 42.
54 of 100 steps (54%) done
[Sat Jan 30 19:05:19 2021]
Finished job 33.
55 of 100 steps (55%) done

[Sat Jan 30 19:05:19 2021]
rule discretize_counts:
    input: read_counts/AML-11-001_AD.csv, read_counts/AML-11-001_DP.csv
    output: input/AML-11-001_input.csv, input/AML-11-001.loci
    jobid: 12
    wildcards: patient=AML-11-001

[Sat Jan 30 19:05:19 2021]
rule discretize_counts:
    input: read_counts/AML-10-001_AD.csv, read_counts/AML-10-001_DP.csv
    output: input/AML-10-001_input.csv, input/AML-10-001.loci
    jobid: 10
    wildcards: patient=AML-10-001


[Sat Jan 30 19:05:19 2021]
rule discretize_counts:
    input: read_counts/AML-57-001_AD.csv, read_counts/AML-57-001_DP.csv
    output: input/AML-57-001_input.csv, input/AML-57-001.loci
    jobid: 57
    wildcards: patient=AML-57-001


[Sat Jan 30 19:05:19 2021]
rule discretize_counts:
    input: read_counts/AML-28-001_AD.csv, read_counts/AML-28-001_DP.csv
    output: input/AML-28-001_input.csv, input/AML-28-001.loci
    jobid: 30
    wildcards: patient=AML-28-001


[Sat Jan 30 19:05:19 2021]
rule discretize_counts:
    input: read_counts/AML-67-001_AD.csv, read_counts/AML-67-001_DP.csv
    output: input/AML-67-001_input.csv, input/AML-67-001.loci
    jobid: 67
    wildcards: patient=AML-67-001

[Sat Jan 30 19:05:22 2021]
Finished job 10.
56 of 100 steps (56%) done
[Sat Jan 30 19:05:22 2021]
Finished job 12.
57 of 100 steps (57%) done
[Sat Jan 30 19:05:23 2021]
Finished job 57.
58 of 100 steps (58%) done
[Sat Jan 30 19:05:25 2021]
Finished job 67.
59 of 100 steps (59%) done
[Sat Jan 30 19:05:26 2021]
Finished job 30.
60 of 100 steps (60%) done

[Sat Jan 30 19:05:26 2021]
rule discretize_counts:
    input: read_counts/AML-23-001_AD.csv, read_counts/AML-23-001_DP.csv
    output: input/AML-23-001_input.csv, input/AML-23-001.loci
    jobid: 25
    wildcards: patient=AML-23-001

[Sat Jan 30 19:05:26 2021]
rule discretize_counts:
    input: read_counts/AML-85-001_AD.csv, read_counts/AML-85-001_DP.csv
    output: input/AML-85-001_input.csv, input/AML-85-001.loci
    jobid: 85
    wildcards: patient=AML-85-001


[Sat Jan 30 19:05:26 2021]
rule discretize_counts:
    input: read_counts/AML-36-001_AD.csv, read_counts/AML-36-001_DP.csv
    output: input/AML-36-001_input.csv, input/AML-36-001.loci
    jobid: 38
    wildcards: patient=AML-36-001

[Sat Jan 30 19:05:26 2021]
rule discretize_counts:
    input: read_counts/AML-82-001_AD.csv, read_counts/AML-82-001_DP.csv
    output: input/AML-82-001_input.csv, input/AML-82-001.loci
    jobid: 82
    wildcards: patient=AML-82-001

[Sat Jan 30 19:05:26 2021]
rule discretize_counts:
    input: read_counts/AML-33-001_AD.csv, read_counts/AML-33-001_DP.csv
    output: input/AML-33-001_input.csv, input/AML-33-001.loci
    jobid: 35
    wildcards: patient=AML-33-001

[Sat Jan 30 19:05:28 2021]
Finished job 25.
61 of 100 steps (61%) done
[Sat Jan 30 19:05:30 2021]
Finished job 35.
62 of 100 steps (62%) done
[Sat Jan 30 19:05:30 2021]
Finished job 38.
63 of 100 steps (63%) done
[Sat Jan 30 19:05:30 2021]
Finished job 85.
64 of 100 steps (64%) done
[Sat Jan 30 19:05:31 2021]
Finished job 82.
65 of 100 steps (65%) done

[Sat Jan 30 19:05:31 2021]
rule discretize_counts:
    input: read_counts/AML-66-001_AD.csv, read_counts/AML-66-001_DP.csv
    output: input/AML-66-001_input.csv, input/AML-66-001.loci
    jobid: 66
    wildcards: patient=AML-66-001

[Sat Jan 30 19:05:31 2021]
rule discretize_counts:
    input: read_counts/AML-96-001_AD.csv, read_counts/AML-96-001_DP.csv
    output: input/AML-96-001_input.csv, input/AML-96-001.loci
    jobid: 96
    wildcards: patient=AML-96-001


[Sat Jan 30 19:05:31 2021]
rule discretize_counts:
    input: read_counts/AML-70-001_AD.csv, read_counts/AML-70-001_DP.csv
    output: input/AML-70-001_input.csv, input/AML-70-001.loci
    jobid: 70
    wildcards: patient=AML-70-001

[Sat Jan 30 19:05:31 2021]
rule discretize_counts:
    input: read_counts/AML-08-001_AD.csv, read_counts/AML-08-001_DP.csv
    output: input/AML-08-001_input.csv, input/AML-08-001.loci
    jobid: 7
    wildcards: patient=AML-08-001


[Sat Jan 30 19:05:31 2021]
rule discretize_counts:
    input: read_counts/AML-50-001_AD.csv, read_counts/AML-50-001_DP.csv
    output: input/AML-50-001_input.csv, input/AML-50-001.loci
    jobid: 50
    wildcards: patient=AML-50-001

[Sat Jan 30 19:05:34 2021]
Finished job 7.
66 of 100 steps (66%) done
[Sat Jan 30 19:05:35 2021]
Finished job 70.
67 of 100 steps (67%) done
[Sat Jan 30 19:05:36 2021]
Finished job 50.
68 of 100 steps (68%) done
[Sat Jan 30 19:05:36 2021]
Finished job 96.
69 of 100 steps (69%) done
[Sat Jan 30 19:05:37 2021]
Finished job 66.
70 of 100 steps (70%) done

[Sat Jan 30 19:05:38 2021]
rule discretize_counts:
    input: read_counts/AML-09-001_AD.csv, read_counts/AML-09-001_DP.csv
    output: input/AML-09-001_input.csv, input/AML-09-001.loci
    jobid: 8
    wildcards: patient=AML-09-001

[Sat Jan 30 19:05:38 2021]
rule discretize_counts:
    input: read_counts/AML-98-001_AD.csv, read_counts/AML-98-001_DP.csv
    output: input/AML-98-001_input.csv, input/AML-98-001.loci
    jobid: 98
    wildcards: patient=AML-98-001


[Sat Jan 30 19:05:38 2021]
rule discretize_counts:
    input: read_counts/AML-77-001_AD.csv, read_counts/AML-77-001_DP.csv
    output: input/AML-77-001_input.csv, input/AML-77-001.loci
    jobid: 77
    wildcards: patient=AML-77-001


[Sat Jan 30 19:05:38 2021]
rule discretize_counts:
    input: read_counts/AML-29-001_AD.csv, read_counts/AML-29-001_DP.csv
    output: input/AML-29-001_input.csv, input/AML-29-001.loci
    jobid: 31
    wildcards: patient=AML-29-001

[Sat Jan 30 19:05:38 2021]
rule discretize_counts:
    input: read_counts/AML-76-001_AD.csv, read_counts/AML-76-001_DP.csv
    output: input/AML-76-001_input.csv, input/AML-76-001.loci
    jobid: 76
    wildcards: patient=AML-76-001

[Sat Jan 30 19:05:42 2021]
Finished job 31.
71 of 100 steps (71%) done
[Sat Jan 30 19:05:43 2021]
Finished job 98.
72 of 100 steps (72%) done
[Sat Jan 30 19:05:43 2021]
Finished job 8.
73 of 100 steps (73%) done
[Sat Jan 30 19:05:44 2021]
Finished job 77.
74 of 100 steps (74%) done
[Sat Jan 30 19:05:45 2021]
Finished job 76.
75 of 100 steps (75%) done

[Sat Jan 30 19:05:45 2021]
rule discretize_counts:
    input: read_counts/AML-75-001_AD.csv, read_counts/AML-75-001_DP.csv
    output: input/AML-75-001_input.csv, input/AML-75-001.loci
    jobid: 75
    wildcards: patient=AML-75-001

[Sat Jan 30 19:05:45 2021]
rule discretize_counts:
    input: read_counts/AML-37-001_AD.csv, read_counts/AML-37-001_DP.csv
    output: input/AML-37-001_input.csv, input/AML-37-001.loci
    jobid: 39
    wildcards: patient=AML-37-001


[Sat Jan 30 19:05:45 2021]
rule discretize_counts:
    input: read_counts/AML-91-001_AD.csv, read_counts/AML-91-001_DP.csv
    output: input/AML-91-001_input.csv, input/AML-91-001.loci
    jobid: 91
    wildcards: patient=AML-91-001


[Sat Jan 30 19:05:45 2021]
rule discretize_counts:
    input: read_counts/AML-69-001_AD.csv, read_counts/AML-69-001_DP.csv
    output: input/AML-69-001_input.csv, input/AML-69-001.loci
    jobid: 69
    wildcards: patient=AML-69-001


[Sat Jan 30 19:05:45 2021]
rule discretize_counts:
    input: read_counts/AML-54-001_AD.csv, read_counts/AML-54-001_DP.csv
    output: input/AML-54-001_input.csv, input/AML-54-001.loci
    jobid: 54
    wildcards: patient=AML-54-001

[Sat Jan 30 19:05:48 2021]
Finished job 39.
76 of 100 steps (76%) done
[Sat Jan 30 19:05:49 2021]
Finished job 91.
77 of 100 steps (77%) done
[Sat Jan 30 19:05:49 2021]
Finished job 75.
78 of 100 steps (78%) done
[Sat Jan 30 19:05:49 2021]
Finished job 54.
79 of 100 steps (79%) done
[Sat Jan 30 19:05:49 2021]
Finished job 69.
80 of 100 steps (80%) done

[Sat Jan 30 19:05:49 2021]
rule discretize_counts:
    input: read_counts/AML-47-001_AD.csv, read_counts/AML-47-001_DP.csv
    output: input/AML-47-001_input.csv, input/AML-47-001.loci
    jobid: 47
    wildcards: patient=AML-47-001

[Sat Jan 30 19:05:49 2021]
rule discretize_counts:
    input: read_counts/AML-97-001_AD.csv, read_counts/AML-97-001_DP.csv
    output: input/AML-97-001_input.csv, input/AML-97-001.loci
    jobid: 97
    wildcards: patient=AML-97-001


[Sat Jan 30 19:05:49 2021]
rule discretize_counts:
    input: read_counts/AML-100-001_AD.csv, read_counts/AML-100-001_DP.csv
    output: input/AML-100-001_input.csv, input/AML-100-001.loci
    jobid: 9
    wildcards: patient=AML-100-001


[Sat Jan 30 19:05:49 2021]
rule discretize_counts:
    input: read_counts/AML-99-001_AD.csv, read_counts/AML-99-001_DP.csv
    output: input/AML-99-001_input.csv, input/AML-99-001.loci
    jobid: 99
    wildcards: patient=AML-99-001


[Sat Jan 30 19:05:49 2021]
rule discretize_counts:
    input: read_counts/AML-22-001_AD.csv, read_counts/AML-22-001_DP.csv
    output: input/AML-22-001_input.csv, input/AML-22-001.loci
    jobid: 24
    wildcards: patient=AML-22-001

[Sat Jan 30 19:05:53 2021]
Finished job 97.
81 of 100 steps (81%) done
[Sat Jan 30 19:05:53 2021]
Finished job 47.
82 of 100 steps (82%) done
[Sat Jan 30 19:05:54 2021]
Finished job 24.
83 of 100 steps (83%) done
[Sat Jan 30 19:05:54 2021]
Finished job 99.
84 of 100 steps (84%) done
[Sat Jan 30 19:05:55 2021]
Finished job 9.
85 of 100 steps (85%) done

[Sat Jan 30 19:05:55 2021]
rule discretize_counts:
    input: read_counts/AML-62-001_AD.csv, read_counts/AML-62-001_DP.csv
    output: input/AML-62-001_input.csv, input/AML-62-001.loci
    jobid: 62
    wildcards: patient=AML-62-001

[Sat Jan 30 19:05:55 2021]
rule discretize_counts:
    input: read_counts/AML-90-001_AD.csv, read_counts/AML-90-001_DP.csv
    output: input/AML-90-001_input.csv, input/AML-90-001.loci
    jobid: 90
    wildcards: patient=AML-90-001


[Sat Jan 30 19:05:55 2021]
rule discretize_counts:
    input: read_counts/AML-52-001_AD.csv, read_counts/AML-52-001_DP.csv
    output: input/AML-52-001_input.csv, input/AML-52-001.loci
    jobid: 52
    wildcards: patient=AML-52-001


[Sat Jan 30 19:05:55 2021]
rule discretize_counts:
    input: read_counts/AML-84-001_AD.csv, read_counts/AML-84-001_DP.csv
    output: input/AML-84-001_input.csv, input/AML-84-001.loci
    jobid: 84
    wildcards: patient=AML-84-001


[Sat Jan 30 19:05:55 2021]
rule discretize_counts:
    input: read_counts/AML-20-001_AD.csv, read_counts/AML-20-001_DP.csv
    output: input/AML-20-001_input.csv, input/AML-20-001.loci
    jobid: 22
    wildcards: patient=AML-20-001

[Sat Jan 30 19:05:58 2021]
Finished job 84.
86 of 100 steps (86%) done
[Sat Jan 30 19:05:59 2021]
Finished job 52.
87 of 100 steps (87%) done
[Sat Jan 30 19:05:59 2021]
Finished job 62.
88 of 100 steps (88%) done
[Sat Jan 30 19:06:00 2021]
Finished job 22.
89 of 100 steps (89%) done
[Sat Jan 30 19:06:01 2021]
Finished job 90.
90 of 100 steps (90%) done

[Sat Jan 30 19:06:01 2021]
rule discretize_counts:
    input: read_counts/AML-68-001_AD.csv, read_counts/AML-68-001_DP.csv
    output: input/AML-68-001_input.csv, input/AML-68-001.loci
    jobid: 68
    wildcards: patient=AML-68-001

[Sat Jan 30 19:06:01 2021]
rule discretize_counts:
    input: read_counts/AML-53-001_AD.csv, read_counts/AML-53-001_DP.csv
    output: input/AML-53-001_input.csv, input/AML-53-001.loci
    jobid: 53
    wildcards: patient=AML-53-001


[Sat Jan 30 19:06:01 2021]
rule discretize_counts:
    input: read_counts/AML-45-001_AD.csv, read_counts/AML-45-001_DP.csv
    output: input/AML-45-001_input.csv, input/AML-45-001.loci
    jobid: 45
    wildcards: patient=AML-45-001


[Sat Jan 30 19:06:01 2021]
rule discretize_counts:
    input: read_counts/AML-30-001_AD.csv, read_counts/AML-30-001_DP.csv
    output: input/AML-30-001_input.csv, input/AML-30-001.loci
    jobid: 32
    wildcards: patient=AML-30-001


[Sat Jan 30 19:06:01 2021]
rule discretize_counts:
    input: read_counts/AML-92-001_AD.csv, read_counts/AML-92-001_DP.csv
    output: input/AML-92-001_input.csv, input/AML-92-001.loci
    jobid: 92
    wildcards: patient=AML-92-001

[Sat Jan 30 19:06:05 2021]
Finished job 68.
91 of 100 steps (91%) done
[Sat Jan 30 19:06:05 2021]
Finished job 53.
92 of 100 steps (92%) done
[Sat Jan 30 19:06:05 2021]
Finished job 32.
93 of 100 steps (93%) done
[Sat Jan 30 19:06:06 2021]
Finished job 45.
94 of 100 steps (94%) done
[Sat Jan 30 19:06:06 2021]
Finished job 92.
95 of 100 steps (95%) done

[Sat Jan 30 19:06:06 2021]
rule discretize_counts:
    input: read_counts/AML-83-001_AD.csv, read_counts/AML-83-001_DP.csv
    output: input/AML-83-001_input.csv, input/AML-83-001.loci
    jobid: 83
    wildcards: patient=AML-83-001

[Sat Jan 30 19:06:06 2021]
rule discretize_counts:
    input: read_counts/AML-55-001_AD.csv, read_counts/AML-55-001_DP.csv
    output: input/AML-55-001_input.csv, input/AML-55-001.loci
    jobid: 55
    wildcards: patient=AML-55-001


[Sat Jan 30 19:06:06 2021]
rule discretize_counts:
    input: read_counts/AML-39-001_AD.csv, read_counts/AML-39-001_DP.csv
    output: input/AML-39-001_input.csv, input/AML-39-001.loci
    jobid: 40
    wildcards: patient=AML-39-001


[Sat Jan 30 19:06:06 2021]
rule discretize_counts:
    input: read_counts/AML-12-001_AD.csv, read_counts/AML-12-001_DP.csv
    output: input/AML-12-001_input.csv, input/AML-12-001.loci
    jobid: 14
    wildcards: patient=AML-12-001

[Sat Jan 30 19:06:10 2021]
Finished job 14.
96 of 100 steps (96%) done
[Sat Jan 30 19:06:10 2021]
Finished job 55.
97 of 100 steps (97%) done
[Sat Jan 30 19:06:11 2021]
Finished job 83.
98 of 100 steps (98%) done
[Sat Jan 30 19:06:12 2021]
Finished job 40.
99 of 100 steps (99%) done

[Sat Jan 30 19:06:12 2021]
localrule all:
    input: input/AML-01-001_input.csv, input/AML-02-001_input.csv, input/AML-03-001_input.csv, input/AML-05-001_input.csv, input/AML-06-001_input.csv, input/AML-07-001_input.csv, input/AML-08-001_input.csv, input/AML-09-001_input.csv, input/AML-100-001_input.csv, input/AML-10-001_input.csv, input/AML-101-001_input.csv, input/AML-11-001_input.csv, input/AML-116-001_input.csv, input/AML-12-001_input.csv, input/AML-13-001_input.csv, input/AML-14-001_input.csv, input/AML-15-001_input.csv, input/AML-16-001_input.csv, input/AML-17-001_input.csv, input/AML-18-001_input.csv, input/AML-19-001_input.csv, input/AML-20-001_input.csv, input/AML-21-001_input.csv, input/AML-22-001_input.csv, input/AML-23-001_input.csv, input/AML-24-001_input.csv, input/AML-25-001_input.csv, input/AML-26-001_input.csv, input/AML-27-001_input.csv, input/AML-28-001_input.csv, input/AML-29-001_input.csv, input/AML-30-001_input.csv, input/AML-31-001_input.csv, input/AML-32-001_input.csv, input/AML-33-001_input.csv, input/AML-34-001_input.csv, input/AML-35-001_input.csv, input/AML-36-001_input.csv, input/AML-37-001_input.csv, input/AML-39-001_input.csv, input/AML-40-001_input.csv, input/AML-41-001_input.csv, input/AML-42-001_input.csv, input/AML-43-001_input.csv, input/AML-45-001_input.csv, input/AML-46-001_input.csv, input/AML-47-001_input.csv, input/AML-48-001_input.csv, input/AML-49-001_input.csv, input/AML-50-001_input.csv, input/AML-51-001_input.csv, input/AML-52-001_input.csv, input/AML-53-001_input.csv, input/AML-54-001_input.csv, input/AML-55-001_input.csv, input/AML-56-001_input.csv, input/AML-57-001_input.csv, input/AML-58-001_input.csv, input/AML-59-001_input.csv, input/AML-60-001_input.csv, input/AML-61-001_input.csv, input/AML-62-001_input.csv, input/AML-63-001_input.csv, input/AML-64-001_input.csv, input/AML-65-001_input.csv, input/AML-66-001_input.csv, input/AML-67-001_input.csv, input/AML-68-001_input.csv, input/AML-69-001_input.csv, input/AML-70-001_input.csv, input/AML-71-001_input.csv, input/AML-72-001_input.csv, input/AML-73-001_input.csv, input/AML-74-001_input.csv, input/AML-75-001_input.csv, input/AML-76-001_input.csv, input/AML-77-001_input.csv, input/AML-78-001_input.csv, input/AML-79-001_input.csv, input/AML-80-001_input.csv, input/AML-81-001_input.csv, input/AML-82-001_input.csv, input/AML-83-001_input.csv, input/AML-84-001_input.csv, input/AML-85-001_input.csv, input/AML-86-001_input.csv, input/AML-87-001_input.csv, input/AML-88-001_input.csv, input/AML-89-001_input.csv, input/AML-90-001_input.csv, input/AML-91-001_input.csv, input/AML-92-001_input.csv, input/AML-93-001_input.csv, input/AML-94-001_input.csv, input/AML-95-001_input.csv, input/AML-96-001_input.csv, input/AML-97-001_input.csv, input/AML-98-001_input.csv, input/AML-99-001_input.csv
    jobid: 0

[Sat Jan 30 19:06:12 2021]
Finished job 0.
100 of 100 steps (100%) done
Complete log: /scratch/data/leah/phyolin_private/aml_patients/.snakemake/log/2021-01-30T190412.688271.snakemake.log
