Building DAG of jobs...
Using shell: /usr/bin/bash
Provided cores: 8
Rules claiming more threads will be scaled down.
Job counts:
	count	jobs
	1	all
	295	phyolin
	296

[Sat Jan 30 19:34:58 2021]
rule phyolin:
    input: input/AML-60-001_input.csv
    output: phyolin_matrix_output/AML-60-001_fp0.01_matrix.csv, phyolin_estimate/AML-60-001_fp0.01_predict.out
    log: log/AML-60-001_0.01_phyolin.log, log/AML-60-001_0.01_phyolin.err.log
    jobid: 278
    benchmark: benchmark/AML-60-001_0.01_phyolin.out
    wildcards: patient=AML-60-001, fp=0.01


[Sat Jan 30 19:34:58 2021]
rule phyolin:
    input: input/AML-77-001_input.csv
    output: phyolin_matrix_output/AML-77-001_fp0.0_matrix.csv, phyolin_estimate/AML-77-001_fp0.0_predict.out
    log: log/AML-77-001_0.0_phyolin.log, log/AML-77-001_0.0_phyolin.err.log
    jobid: 328
    benchmark: benchmark/AML-77-001_0.0_phyolin.out
    wildcards: patient=AML-77-001, fp=0.0


[Sat Jan 30 19:34:58 2021]
rule phyolin:
    input: input/AML-29-001_input.csv
    output: phyolin_matrix_output/AML-29-001_fp0.001_matrix.csv, phyolin_estimate/AML-29-001_fp0.001_predict.out
    log: log/AML-29-001_0.001_phyolin.log, log/AML-29-001_0.001_phyolin.err.log
    jobid: 192
    benchmark: benchmark/AML-29-001_0.001_phyolin.out
    wildcards: patient=AML-29-001, fp=0.001


[Sat Jan 30 19:34:58 2021]
rule phyolin:
    input: input/AML-99-001_input.csv
    output: phyolin_matrix_output/AML-99-001_fp0.001_matrix.csv, phyolin_estimate/AML-99-001_fp0.001_predict.out
    log: log/AML-99-001_0.001_phyolin.log, log/AML-99-001_0.001_phyolin.err.log
    jobid: 396
    benchmark: benchmark/AML-99-001_0.001_phyolin.out
    wildcards: patient=AML-99-001, fp=0.001


[Sat Jan 30 19:34:58 2021]
rule phyolin:
    input: input/AML-02-001_input.csv
    output: phyolin_matrix_output/AML-02-001_fp0.0_matrix.csv, phyolin_estimate/AML-02-001_fp0.0_predict.out
    log: log/AML-02-001_0.0_phyolin.log, log/AML-02-001_0.0_phyolin.err.log
    jobid: 103
    benchmark: benchmark/AML-02-001_0.0_phyolin.out
    wildcards: patient=AML-02-001, fp=0.0


[Sat Jan 30 19:34:58 2021]
rule phyolin:
    input: input/AML-34-001_input.csv
    output: phyolin_matrix_output/AML-34-001_fp0.001_matrix.csv, phyolin_estimate/AML-34-001_fp0.001_predict.out
    log: log/AML-34-001_0.001_phyolin.log, log/AML-34-001_0.001_phyolin.err.log
    jobid: 207
    benchmark: benchmark/AML-34-001_0.001_phyolin.out
    wildcards: patient=AML-34-001, fp=0.001


[Sat Jan 30 19:34:58 2021]
rule phyolin:
    input: input/AML-55-001_input.csv
    output: phyolin_matrix_output/AML-55-001_fp0.001_matrix.csv, phyolin_estimate/AML-55-001_fp0.001_predict.out
    log: log/AML-55-001_0.001_phyolin.log, log/AML-55-001_0.001_phyolin.err.log
    jobid: 264
    benchmark: benchmark/AML-55-001_0.001_phyolin.out
    wildcards: patient=AML-55-001, fp=0.001


[Sat Jan 30 19:34:58 2021]
rule phyolin:
    input: input/AML-60-001_input.csv
    output: phyolin_matrix_output/AML-60-001_fp0.001_matrix.csv, phyolin_estimate/AML-60-001_fp0.001_predict.out
    log: log/AML-60-001_0.001_phyolin.log, log/AML-60-001_0.001_phyolin.err.log
    jobid: 279
    benchmark: benchmark/AML-60-001_0.001_phyolin.out
    wildcards: patient=AML-60-001, fp=0.001

Terminating processes on user request, this might take some time.
[Sat Jan 30 19:35:12 2021]
Error in rule phyolin:
    jobid: 328
    output: phyolin_matrix_output/AML-77-001_fp0.0_matrix.csv, phyolin_estimate/AML-77-001_fp0.0_predict.out
    log: log/AML-77-001_0.0_phyolin.log, log/AML-77-001_0.0_phyolin.err.log (check log file(s) for error message)
    shell:
        ../build/phyolin -input input/AML-77-001_input.csv -output phyolin_matrix_output/AML-77-001_fp0.0_matrix.csv -counts phyolin_estimate/AML-77-001_fp0.0_predict.out  -fp 0.0 -time 900 -fn 0.06  > log/AML-77-001_0.0_phyolin.log 2> log/AML-77-001_0.0_phyolin.err.log
        (one of the commands exited with non-zero exit code; note that snakemake uses bash strict mode!)

[Sat Jan 30 19:35:12 2021]
Error in rule phyolin:
    jobid: 207
    output: phyolin_matrix_output/AML-34-001_fp0.001_matrix.csv, phyolin_estimate/AML-34-001_fp0.001_predict.out
    log: log/AML-34-001_0.001_phyolin.log, log/AML-34-001_0.001_phyolin.err.log (check log file(s) for error message)
    shell:
        ../build/phyolin -input input/AML-34-001_input.csv -output phyolin_matrix_output/AML-34-001_fp0.001_matrix.csv -counts phyolin_estimate/AML-34-001_fp0.001_predict.out  -fp 0.001 -time 900 -fn 0.06  > log/AML-34-001_0.001_phyolin.log 2> log/AML-34-001_0.001_phyolin.err.log
        (one of the commands exited with non-zero exit code; note that snakemake uses bash strict mode!)

[Sat Jan 30 19:35:12 2021]
Error in rule phyolin:
    jobid: 264
    output: phyolin_matrix_output/AML-55-001_fp0.001_matrix.csv, phyolin_estimate/AML-55-001_fp0.001_predict.out
    log: log/AML-55-001_0.001_phyolin.log, log/AML-55-001_0.001_phyolin.err.log (check log file(s) for error message)
    shell:
        ../build/phyolin -input input/AML-55-001_input.csv -output phyolin_matrix_output/AML-55-001_fp0.001_matrix.csv -counts phyolin_estimate/AML-55-001_fp0.001_predict.out  -fp 0.001 -time 900 -fn 0.06  > log/AML-55-001_0.001_phyolin.log 2> log/AML-55-001_0.001_phyolin.err.log
        (one of the commands exited with non-zero exit code; note that snakemake uses bash strict mode!)

[Sat Jan 30 19:35:12 2021]
Error in rule phyolin:
    jobid: 279
    output: phyolin_matrix_output/AML-60-001_fp0.001_matrix.csv, phyolin_estimate/AML-60-001_fp0.001_predict.out
[Sat Jan 30 19:35:12 2021]
    log: log/AML-60-001_0.001_phyolin.log, log/AML-60-001_0.001_phyolin.err.log (check log file(s) for error message)
Error in rule phyolin:
    jobid: 192
    shell:
        ../build/phyolin -input input/AML-60-001_input.csv -output phyolin_matrix_output/AML-60-001_fp0.001_matrix.csv -counts phyolin_estimate/AML-60-001_fp0.001_predict.out  -fp 0.001 -time 900 -fn 0.06  > log/AML-60-001_0.001_phyolin.log 2> log/AML-60-001_0.001_phyolin.err.log
        (one of the commands exited with non-zero exit code; note that snakemake uses bash strict mode!)

    output: phyolin_matrix_output/AML-29-001_fp0.001_matrix.csv, phyolin_estimate/AML-29-001_fp0.001_predict.out
    log: log/AML-29-001_0.001_phyolin.log, log/AML-29-001_0.001_phyolin.err.log (check log file(s) for error message)
[Sat Jan 30 19:35:12 2021]
    shell:
        ../build/phyolin -input input/AML-29-001_input.csv -output phyolin_matrix_output/AML-29-001_fp0.001_matrix.csv -counts phyolin_estimate/AML-29-001_fp0.001_predict.out  -fp 0.001 -time 900 -fn 0.06  > log/AML-29-001_0.001_phyolin.log 2> log/AML-29-001_0.001_phyolin.err.log
        (one of the commands exited with non-zero exit code; note that snakemake uses bash strict mode!)

Error in rule phyolin:
    jobid: 278
    output: phyolin_matrix_output/AML-60-001_fp0.01_matrix.csv, phyolin_estimate/AML-60-001_fp0.01_predict.out
    log: log/AML-60-001_0.01_phyolin.log, log/AML-60-001_0.01_phyolin.err.log (check log file(s) for error message)
    shell:
        ../build/phyolin -input input/AML-60-001_input.csv -output phyolin_matrix_output/AML-60-001_fp0.01_matrix.csv -counts phyolin_estimate/AML-60-001_fp0.01_predict.out  -fp 0.01 -time 900 -fn 0.06  > log/AML-60-001_0.01_phyolin.log 2> log/AML-60-001_0.01_phyolin.err.log
        (one of the commands exited with non-zero exit code; note that snakemake uses bash strict mode!)

[Sat Jan 30 19:35:12 2021]
Error in rule phyolin:
    jobid: 396
    output: phyolin_matrix_output/AML-99-001_fp0.001_matrix.csv, phyolin_estimate/AML-99-001_fp0.001_predict.out
    log: log/AML-99-001_0.001_phyolin.log, log/AML-99-001_0.001_phyolin.err.log (check log file(s) for error message)
    shell:
        ../build/phyolin -input input/AML-99-001_input.csv -output phyolin_matrix_output/AML-99-001_fp0.001_matrix.csv -counts phyolin_estimate/AML-99-001_fp0.001_predict.out  -fp 0.001 -time 900 -fn 0.06  > log/AML-99-001_0.001_phyolin.log 2> log/AML-99-001_0.001_phyolin.err.log
        (one of the commands exited with non-zero exit code; note that snakemake uses bash strict mode!)

[Sat Jan 30 19:35:12 2021]
Error in rule phyolin:
    jobid: 103
    output: phyolin_matrix_output/AML-02-001_fp0.0_matrix.csv, phyolin_estimate/AML-02-001_fp0.0_predict.out
    log: log/AML-02-001_0.0_phyolin.log, log/AML-02-001_0.0_phyolin.err.log (check log file(s) for error message)
    shell:
        ../build/phyolin -input input/AML-02-001_input.csv -output phyolin_matrix_output/AML-02-001_fp0.0_matrix.csv -counts phyolin_estimate/AML-02-001_fp0.0_predict.out  -fp 0.0 -time 900 -fn 0.06  > log/AML-02-001_0.0_phyolin.log 2> log/AML-02-001_0.0_phyolin.err.log
        (one of the commands exited with non-zero exit code; note that snakemake uses bash strict mode!)

Complete log: /scratch/data/leah/phyolin_private/aml_patients/.snakemake/log/2021-01-30T193458.001968.snakemake.log
